[2022-07-06 14:10:35,218] {taskinstance.py:1159} INFO - Dependencies all met for <TaskInstance: twitter_dag.process_twitter_data manual__2022-07-06T17:10:26.172854+00:00 [queued]>
[2022-07-06 14:10:35,231] {taskinstance.py:1159} INFO - Dependencies all met for <TaskInstance: twitter_dag.process_twitter_data manual__2022-07-06T17:10:26.172854+00:00 [queued]>
[2022-07-06 14:10:35,231] {taskinstance.py:1356} INFO - 
--------------------------------------------------------------------------------
[2022-07-06 14:10:35,231] {taskinstance.py:1357} INFO - Starting attempt 1 of 4
[2022-07-06 14:10:35,231] {taskinstance.py:1358} INFO - 
--------------------------------------------------------------------------------
[2022-07-06 14:10:35,257] {taskinstance.py:1377} INFO - Executing <Task(DatabricksRunNowOperator): process_twitter_data> on 2022-07-06 17:10:26.172854+00:00
[2022-07-06 14:10:35,261] {standard_task_runner.py:52} INFO - Started process 31064 to run task
[2022-07-06 14:10:35,271] {standard_task_runner.py:79} INFO - Running: ['airflow', 'tasks', 'run', 'twitter_dag', 'process_twitter_data', 'manual__2022-07-06T17:10:26.172854+00:00', '--job-id', '56', '--raw', '--subdir', 'DAGS_FOLDER/twitter_dag.py', '--cfg-path', '/tmp/tmp_hwc4c5a', '--error-file', '/tmp/tmpxxvuacq9']
[2022-07-06 14:10:35,283] {standard_task_runner.py:80} INFO - Job 56: Subtask process_twitter_data
[2022-07-06 14:10:35,356] {task_command.py:370} INFO - Running <TaskInstance: twitter_dag.process_twitter_data manual__2022-07-06T17:10:26.172854+00:00 [running]> on host nicholas-VirtualBox
[2022-07-06 14:10:35,517] {taskinstance.py:1569} INFO - Exporting the following env vars:
AIRFLOW_CTX_DAG_EMAIL=nicholas.comuni@outlook.com
AIRFLOW_CTX_DAG_OWNER=Nicholas
AIRFLOW_CTX_DAG_ID=twitter_dag
AIRFLOW_CTX_TASK_ID=process_twitter_data
AIRFLOW_CTX_EXECUTION_DATE=2022-07-06T17:10:26.172854+00:00
AIRFLOW_CTX_TRY_NUMBER=1
AIRFLOW_CTX_DAG_RUN_ID=manual__2022-07-06T17:10:26.172854+00:00
[2022-07-06 14:10:35,524] {base.py:68} INFO - Using connection ID 'databricks_conn' for task execution.
[2022-07-06 14:10:35,525] {databricks_base.py:406} INFO - Using token auth. For security reasons, please set token in Password field instead of extra
[2022-07-06 14:10:36,464] {databricks.py:49} INFO - Run submitted with run_id: 7963
[2022-07-06 14:10:36,465] {databricks_base.py:406} INFO - Using token auth. For security reasons, please set token in Password field instead of extra
[2022-07-06 14:10:37,211] {databricks_base.py:406} INFO - Using token auth. For security reasons, please set token in Password field instead of extra
[2022-07-06 14:10:37,791] {databricks.py:71} INFO - process_twitter_data in run state: {'life_cycle_state': 'RUNNING', 'result_state': '', 'state_message': ''}
[2022-07-06 14:10:37,791] {databricks.py:72} INFO - View run status, Spark UI, and logs at https://adb-770153189229877.17.azuredatabricks.net/?o=770153189229877#job/711735064242409/run/7963
[2022-07-06 14:10:37,791] {databricks.py:73} INFO - Sleeping for 30 seconds.
[2022-07-06 14:11:07,796] {databricks_base.py:406} INFO - Using token auth. For security reasons, please set token in Password field instead of extra
[2022-07-06 14:11:08,387] {databricks.py:71} INFO - process_twitter_data in run state: {'life_cycle_state': 'RUNNING', 'result_state': '', 'state_message': ''}
[2022-07-06 14:11:08,387] {databricks.py:72} INFO - View run status, Spark UI, and logs at https://adb-770153189229877.17.azuredatabricks.net/?o=770153189229877#job/711735064242409/run/7963
[2022-07-06 14:11:08,387] {databricks.py:73} INFO - Sleeping for 30 seconds.
[2022-07-06 14:11:38,415] {databricks_base.py:406} INFO - Using token auth. For security reasons, please set token in Password field instead of extra
[2022-07-06 14:11:38,996] {databricks.py:71} INFO - process_twitter_data in run state: {'life_cycle_state': 'RUNNING', 'result_state': '', 'state_message': ''}
[2022-07-06 14:11:38,997] {databricks.py:72} INFO - View run status, Spark UI, and logs at https://adb-770153189229877.17.azuredatabricks.net/?o=770153189229877#job/711735064242409/run/7963
[2022-07-06 14:11:38,997] {databricks.py:73} INFO - Sleeping for 30 seconds.
[2022-07-06 14:12:09,013] {databricks_base.py:406} INFO - Using token auth. For security reasons, please set token in Password field instead of extra
[2022-07-06 14:12:09,754] {databricks.py:71} INFO - process_twitter_data in run state: {'life_cycle_state': 'RUNNING', 'result_state': '', 'state_message': ''}
[2022-07-06 14:12:09,754] {databricks.py:72} INFO - View run status, Spark UI, and logs at https://adb-770153189229877.17.azuredatabricks.net/?o=770153189229877#job/711735064242409/run/7963
[2022-07-06 14:12:09,754] {databricks.py:73} INFO - Sleeping for 30 seconds.
[2022-07-06 14:12:39,775] {databricks_base.py:406} INFO - Using token auth. For security reasons, please set token in Password field instead of extra
[2022-07-06 14:12:40,486] {databricks.py:71} INFO - process_twitter_data in run state: {'life_cycle_state': 'RUNNING', 'result_state': '', 'state_message': ''}
[2022-07-06 14:12:40,486] {databricks.py:72} INFO - View run status, Spark UI, and logs at https://adb-770153189229877.17.azuredatabricks.net/?o=770153189229877#job/711735064242409/run/7963
[2022-07-06 14:12:40,486] {databricks.py:73} INFO - Sleeping for 30 seconds.
[2022-07-06 14:13:10,514] {databricks_base.py:406} INFO - Using token auth. For security reasons, please set token in Password field instead of extra
[2022-07-06 14:13:11,249] {databricks.py:71} INFO - process_twitter_data in run state: {'life_cycle_state': 'RUNNING', 'result_state': '', 'state_message': ''}
[2022-07-06 14:13:11,250] {databricks.py:72} INFO - View run status, Spark UI, and logs at https://adb-770153189229877.17.azuredatabricks.net/?o=770153189229877#job/711735064242409/run/7963
[2022-07-06 14:13:11,250] {databricks.py:73} INFO - Sleeping for 30 seconds.
[2022-07-06 14:13:41,321] {databricks_base.py:406} INFO - Using token auth. For security reasons, please set token in Password field instead of extra
[2022-07-06 14:13:41,971] {databricks.py:71} INFO - process_twitter_data in run state: {'life_cycle_state': 'RUNNING', 'result_state': '', 'state_message': ''}
[2022-07-06 14:13:41,972] {databricks.py:72} INFO - View run status, Spark UI, and logs at https://adb-770153189229877.17.azuredatabricks.net/?o=770153189229877#job/711735064242409/run/7963
[2022-07-06 14:13:41,972] {databricks.py:73} INFO - Sleeping for 30 seconds.
[2022-07-06 14:14:11,976] {databricks_base.py:406} INFO - Using token auth. For security reasons, please set token in Password field instead of extra
[2022-07-06 14:14:12,702] {databricks.py:59} INFO - process_twitter_data completed successfully.
[2022-07-06 14:14:12,703] {databricks.py:60} INFO - View run status, Spark UI, and logs at https://adb-770153189229877.17.azuredatabricks.net/?o=770153189229877#job/711735064242409/run/7963
[2022-07-06 14:14:12,733] {taskinstance.py:1395} INFO - Marking task as SUCCESS. dag_id=twitter_dag, task_id=process_twitter_data, execution_date=20220706T171026, start_date=20220706T171035, end_date=20220706T171412
[2022-07-06 14:14:12,841] {local_task_job.py:156} INFO - Task exited with return code 0
[2022-07-06 14:14:12,859] {local_task_job.py:273} INFO - 0 downstream tasks scheduled from follow-on schedule check
