[2022-07-07 10:01:38,028] {taskinstance.py:1159} INFO - Dependencies all met for <TaskInstance: twitter_dag.json_to_parquet_task scheduled__2022-07-06T00:00:00+00:00 [queued]>
[2022-07-07 10:01:38,038] {taskinstance.py:1159} INFO - Dependencies all met for <TaskInstance: twitter_dag.json_to_parquet_task scheduled__2022-07-06T00:00:00+00:00 [queued]>
[2022-07-07 10:01:38,038] {taskinstance.py:1356} INFO - 
--------------------------------------------------------------------------------
[2022-07-07 10:01:38,038] {taskinstance.py:1357} INFO - Starting attempt 2 of 4
[2022-07-07 10:01:38,038] {taskinstance.py:1358} INFO - 
--------------------------------------------------------------------------------
[2022-07-07 10:01:38,070] {taskinstance.py:1377} INFO - Executing <Task(DatabricksRunNowOperator): json_to_parquet_task> on 2022-07-06 00:00:00+00:00
[2022-07-07 10:01:38,072] {standard_task_runner.py:52} INFO - Started process 2572 to run task
[2022-07-07 10:01:38,079] {standard_task_runner.py:79} INFO - Running: ['airflow', 'tasks', 'run', 'twitter_dag', 'json_to_parquet_task', 'scheduled__2022-07-06T00:00:00+00:00', '--job-id', '87', '--raw', '--subdir', 'DAGS_FOLDER/twitter_dag.py', '--cfg-path', '/tmp/tmpjm66ct0o', '--error-file', '/tmp/tmpgvhl64t0']
[2022-07-07 10:01:38,080] {standard_task_runner.py:80} INFO - Job 87: Subtask json_to_parquet_task
[2022-07-07 10:01:38,145] {task_command.py:370} INFO - Running <TaskInstance: twitter_dag.json_to_parquet_task scheduled__2022-07-06T00:00:00+00:00 [running]> on host nicholas-VirtualBox
[2022-07-07 10:01:38,237] {taskinstance.py:1569} INFO - Exporting the following env vars:
AIRFLOW_CTX_DAG_EMAIL=nicholas.comuni@outlook.com
AIRFLOW_CTX_DAG_OWNER=Nicholas
AIRFLOW_CTX_DAG_ID=twitter_dag
AIRFLOW_CTX_TASK_ID=json_to_parquet_task
AIRFLOW_CTX_EXECUTION_DATE=2022-07-06T00:00:00+00:00
AIRFLOW_CTX_TRY_NUMBER=2
AIRFLOW_CTX_DAG_RUN_ID=scheduled__2022-07-06T00:00:00+00:00
[2022-07-07 10:01:38,243] {base.py:68} INFO - Using connection ID 'databricks_conn' for task execution.
[2022-07-07 10:01:38,244] {databricks_base.py:406} INFO - Using token auth. For security reasons, please set token in Password field instead of extra
[2022-07-07 10:01:39,668] {databricks.py:49} INFO - Run submitted with run_id: 29555
[2022-07-07 10:01:39,670] {databricks_base.py:406} INFO - Using token auth. For security reasons, please set token in Password field instead of extra
[2022-07-07 10:01:40,618] {databricks_base.py:406} INFO - Using token auth. For security reasons, please set token in Password field instead of extra
[2022-07-07 10:01:41,781] {databricks.py:71} INFO - json_to_parquet_task in run state: {'life_cycle_state': 'RUNNING', 'result_state': '', 'state_message': ''}
[2022-07-07 10:01:41,782] {databricks.py:72} INFO - View run status, Spark UI, and logs at https://adb-770153189229877.17.azuredatabricks.net/?o=770153189229877#job/711735064242409/run/29555
[2022-07-07 10:01:41,782] {databricks.py:73} INFO - Sleeping for 30 seconds.
[2022-07-07 10:02:11,811] {databricks_base.py:406} INFO - Using token auth. For security reasons, please set token in Password field instead of extra
[2022-07-07 10:02:12,526] {databricks.py:71} INFO - json_to_parquet_task in run state: {'life_cycle_state': 'RUNNING', 'result_state': '', 'state_message': ''}
[2022-07-07 10:02:12,526] {databricks.py:72} INFO - View run status, Spark UI, and logs at https://adb-770153189229877.17.azuredatabricks.net/?o=770153189229877#job/711735064242409/run/29555
[2022-07-07 10:02:12,526] {databricks.py:73} INFO - Sleeping for 30 seconds.
[2022-07-07 10:02:42,547] {databricks_base.py:406} INFO - Using token auth. For security reasons, please set token in Password field instead of extra
[2022-07-07 10:02:43,339] {databricks.py:71} INFO - json_to_parquet_task in run state: {'life_cycle_state': 'RUNNING', 'result_state': '', 'state_message': ''}
[2022-07-07 10:02:43,339] {databricks.py:72} INFO - View run status, Spark UI, and logs at https://adb-770153189229877.17.azuredatabricks.net/?o=770153189229877#job/711735064242409/run/29555
[2022-07-07 10:02:43,339] {databricks.py:73} INFO - Sleeping for 30 seconds.
[2022-07-07 10:03:13,367] {databricks_base.py:406} INFO - Using token auth. For security reasons, please set token in Password field instead of extra
[2022-07-07 10:03:13,930] {databricks.py:71} INFO - json_to_parquet_task in run state: {'life_cycle_state': 'RUNNING', 'result_state': '', 'state_message': ''}
[2022-07-07 10:03:13,931] {databricks.py:72} INFO - View run status, Spark UI, and logs at https://adb-770153189229877.17.azuredatabricks.net/?o=770153189229877#job/711735064242409/run/29555
[2022-07-07 10:03:13,931] {databricks.py:73} INFO - Sleeping for 30 seconds.
[2022-07-07 10:03:43,959] {databricks_base.py:406} INFO - Using token auth. For security reasons, please set token in Password field instead of extra
[2022-07-07 10:03:44,595] {databricks.py:71} INFO - json_to_parquet_task in run state: {'life_cycle_state': 'RUNNING', 'result_state': '', 'state_message': ''}
[2022-07-07 10:03:44,595] {databricks.py:72} INFO - View run status, Spark UI, and logs at https://adb-770153189229877.17.azuredatabricks.net/?o=770153189229877#job/711735064242409/run/29555
[2022-07-07 10:03:44,595] {databricks.py:73} INFO - Sleeping for 30 seconds.
[2022-07-07 10:04:14,625] {databricks_base.py:406} INFO - Using token auth. For security reasons, please set token in Password field instead of extra
[2022-07-07 10:04:15,191] {databricks.py:71} INFO - json_to_parquet_task in run state: {'life_cycle_state': 'RUNNING', 'result_state': '', 'state_message': ''}
[2022-07-07 10:04:15,191] {databricks.py:72} INFO - View run status, Spark UI, and logs at https://adb-770153189229877.17.azuredatabricks.net/?o=770153189229877#job/711735064242409/run/29555
[2022-07-07 10:04:15,191] {databricks.py:73} INFO - Sleeping for 30 seconds.
[2022-07-07 10:04:45,219] {databricks_base.py:406} INFO - Using token auth. For security reasons, please set token in Password field instead of extra
[2022-07-07 10:04:46,090] {databricks.py:71} INFO - json_to_parquet_task in run state: {'life_cycle_state': 'RUNNING', 'result_state': '', 'state_message': ''}
[2022-07-07 10:04:46,090] {databricks.py:72} INFO - View run status, Spark UI, and logs at https://adb-770153189229877.17.azuredatabricks.net/?o=770153189229877#job/711735064242409/run/29555
[2022-07-07 10:04:46,090] {databricks.py:73} INFO - Sleeping for 30 seconds.
[2022-07-07 10:05:16,119] {databricks_base.py:406} INFO - Using token auth. For security reasons, please set token in Password field instead of extra
[2022-07-07 10:05:16,701] {databricks.py:71} INFO - json_to_parquet_task in run state: {'life_cycle_state': 'RUNNING', 'result_state': '', 'state_message': ''}
[2022-07-07 10:05:16,702] {databricks.py:72} INFO - View run status, Spark UI, and logs at https://adb-770153189229877.17.azuredatabricks.net/?o=770153189229877#job/711735064242409/run/29555
[2022-07-07 10:05:16,702] {databricks.py:73} INFO - Sleeping for 30 seconds.
[2022-07-07 10:05:46,731] {databricks_base.py:406} INFO - Using token auth. For security reasons, please set token in Password field instead of extra
[2022-07-07 10:05:47,303] {databricks.py:59} INFO - json_to_parquet_task completed successfully.
[2022-07-07 10:05:47,303] {databricks.py:60} INFO - View run status, Spark UI, and logs at https://adb-770153189229877.17.azuredatabricks.net/?o=770153189229877#job/711735064242409/run/29555
[2022-07-07 10:05:47,309] {taskinstance.py:1395} INFO - Marking task as SUCCESS. dag_id=twitter_dag, task_id=json_to_parquet_task, execution_date=20220706T000000, start_date=20220707T130138, end_date=20220707T130547
