[2022-07-06 21:25:43,689] {taskinstance.py:1159} INFO - Dependencies all met for <TaskInstance: twitter_dag.json_to_parquet_task scheduled__2022-07-06T00:00:00+00:00 [queued]>
[2022-07-06 21:25:43,695] {taskinstance.py:1159} INFO - Dependencies all met for <TaskInstance: twitter_dag.json_to_parquet_task scheduled__2022-07-06T00:00:00+00:00 [queued]>
[2022-07-06 21:25:43,695] {taskinstance.py:1356} INFO - 
--------------------------------------------------------------------------------
[2022-07-06 21:25:43,695] {taskinstance.py:1357} INFO - Starting attempt 1 of 4
[2022-07-06 21:25:43,696] {taskinstance.py:1358} INFO - 
--------------------------------------------------------------------------------
[2022-07-06 21:25:43,724] {taskinstance.py:1377} INFO - Executing <Task(DatabricksRunNowOperator): json_to_parquet_task> on 2022-07-06 00:00:00+00:00
[2022-07-06 21:25:43,726] {standard_task_runner.py:52} INFO - Started process 158215 to run task
[2022-07-06 21:25:43,733] {standard_task_runner.py:79} INFO - Running: ['airflow', 'tasks', 'run', 'twitter_dag', 'json_to_parquet_task', 'scheduled__2022-07-06T00:00:00+00:00', '--job-id', '85', '--raw', '--subdir', 'DAGS_FOLDER/twitter_dag.py', '--cfg-path', '/tmp/tmppew6608h', '--error-file', '/tmp/tmp9plnvh2y']
[2022-07-06 21:25:43,734] {standard_task_runner.py:80} INFO - Job 85: Subtask json_to_parquet_task
[2022-07-06 21:25:43,780] {task_command.py:370} INFO - Running <TaskInstance: twitter_dag.json_to_parquet_task scheduled__2022-07-06T00:00:00+00:00 [running]> on host nicholas-VirtualBox
[2022-07-06 21:25:43,856] {taskinstance.py:1569} INFO - Exporting the following env vars:
AIRFLOW_CTX_DAG_EMAIL=nicholas.comuni@outlook.com
AIRFLOW_CTX_DAG_OWNER=Nicholas
AIRFLOW_CTX_DAG_ID=twitter_dag
AIRFLOW_CTX_TASK_ID=json_to_parquet_task
AIRFLOW_CTX_EXECUTION_DATE=2022-07-06T00:00:00+00:00
AIRFLOW_CTX_TRY_NUMBER=1
AIRFLOW_CTX_DAG_RUN_ID=scheduled__2022-07-06T00:00:00+00:00
[2022-07-06 21:25:43,862] {base.py:68} INFO - Using connection ID 'databricks_conn' for task execution.
[2022-07-06 21:25:43,864] {databricks_base.py:406} INFO - Using token auth. For security reasons, please set token in Password field instead of extra
[2022-07-06 21:25:44,595] {databricks.py:49} INFO - Run submitted with run_id: 28640
[2022-07-06 21:25:44,596] {databricks_base.py:406} INFO - Using token auth. For security reasons, please set token in Password field instead of extra
[2022-07-06 21:25:45,160] {databricks_base.py:406} INFO - Using token auth. For security reasons, please set token in Password field instead of extra
[2022-07-06 21:25:45,724] {databricks.py:71} INFO - json_to_parquet_task in run state: {'life_cycle_state': 'RUNNING', 'result_state': '', 'state_message': ''}
[2022-07-06 21:25:45,724] {databricks.py:72} INFO - View run status, Spark UI, and logs at https://adb-770153189229877.17.azuredatabricks.net/?o=770153189229877#job/711735064242409/run/28640
[2022-07-06 21:25:45,724] {databricks.py:73} INFO - Sleeping for 30 seconds.
[2022-07-06 21:26:15,754] {databricks_base.py:406} INFO - Using token auth. For security reasons, please set token in Password field instead of extra
[2022-07-06 21:26:16,316] {databricks.py:71} INFO - json_to_parquet_task in run state: {'life_cycle_state': 'RUNNING', 'result_state': '', 'state_message': ''}
[2022-07-06 21:26:16,316] {databricks.py:72} INFO - View run status, Spark UI, and logs at https://adb-770153189229877.17.azuredatabricks.net/?o=770153189229877#job/711735064242409/run/28640
[2022-07-06 21:26:16,316] {databricks.py:73} INFO - Sleeping for 30 seconds.
[2022-07-06 21:26:46,337] {databricks_base.py:406} INFO - Using token auth. For security reasons, please set token in Password field instead of extra
[2022-07-06 21:26:46,909] {databricks.py:71} INFO - json_to_parquet_task in run state: {'life_cycle_state': 'RUNNING', 'result_state': '', 'state_message': ''}
[2022-07-06 21:26:46,909] {databricks.py:72} INFO - View run status, Spark UI, and logs at https://adb-770153189229877.17.azuredatabricks.net/?o=770153189229877#job/711735064242409/run/28640
[2022-07-06 21:26:46,909] {databricks.py:73} INFO - Sleeping for 30 seconds.
[2022-07-06 21:27:16,972] {databricks_base.py:406} INFO - Using token auth. For security reasons, please set token in Password field instead of extra
[2022-07-06 21:27:17,583] {databricks.py:71} INFO - json_to_parquet_task in run state: {'life_cycle_state': 'RUNNING', 'result_state': '', 'state_message': ''}
[2022-07-06 21:27:17,583] {databricks.py:72} INFO - View run status, Spark UI, and logs at https://adb-770153189229877.17.azuredatabricks.net/?o=770153189229877#job/711735064242409/run/28640
[2022-07-06 21:27:17,583] {databricks.py:73} INFO - Sleeping for 30 seconds.
[2022-07-06 21:27:47,610] {databricks_base.py:406} INFO - Using token auth. For security reasons, please set token in Password field instead of extra
[2022-07-06 21:27:48,315] {databricks.py:71} INFO - json_to_parquet_task in run state: {'life_cycle_state': 'RUNNING', 'result_state': '', 'state_message': ''}
[2022-07-06 21:27:48,315] {databricks.py:72} INFO - View run status, Spark UI, and logs at https://adb-770153189229877.17.azuredatabricks.net/?o=770153189229877#job/711735064242409/run/28640
[2022-07-06 21:27:48,315] {databricks.py:73} INFO - Sleeping for 30 seconds.
[2022-07-06 21:28:18,340] {databricks_base.py:406} INFO - Using token auth. For security reasons, please set token in Password field instead of extra
[2022-07-06 21:28:18,943] {databricks.py:71} INFO - json_to_parquet_task in run state: {'life_cycle_state': 'RUNNING', 'result_state': '', 'state_message': ''}
[2022-07-06 21:28:18,943] {databricks.py:72} INFO - View run status, Spark UI, and logs at https://adb-770153189229877.17.azuredatabricks.net/?o=770153189229877#job/711735064242409/run/28640
[2022-07-06 21:28:18,943] {databricks.py:73} INFO - Sleeping for 30 seconds.
[2022-07-06 21:28:48,979] {databricks_base.py:406} INFO - Using token auth. For security reasons, please set token in Password field instead of extra
[2022-07-06 21:28:49,546] {databricks.py:71} INFO - json_to_parquet_task in run state: {'life_cycle_state': 'RUNNING', 'result_state': '', 'state_message': ''}
[2022-07-06 21:28:49,546] {databricks.py:72} INFO - View run status, Spark UI, and logs at https://adb-770153189229877.17.azuredatabricks.net/?o=770153189229877#job/711735064242409/run/28640
[2022-07-06 21:28:49,546] {databricks.py:73} INFO - Sleeping for 30 seconds.
[2022-07-06 21:29:19,576] {databricks_base.py:406} INFO - Using token auth. For security reasons, please set token in Password field instead of extra
[2022-07-06 21:29:20,296] {databricks.py:71} INFO - json_to_parquet_task in run state: {'life_cycle_state': 'RUNNING', 'result_state': '', 'state_message': ''}
[2022-07-06 21:29:20,297] {databricks.py:72} INFO - View run status, Spark UI, and logs at https://adb-770153189229877.17.azuredatabricks.net/?o=770153189229877#job/711735064242409/run/28640
[2022-07-06 21:29:20,297] {databricks.py:73} INFO - Sleeping for 30 seconds.
[2022-07-06 21:29:50,324] {databricks_base.py:406} INFO - Using token auth. For security reasons, please set token in Password field instead of extra
[2022-07-06 21:29:50,946] {databricks.py:71} INFO - json_to_parquet_task in run state: {'life_cycle_state': 'RUNNING', 'result_state': '', 'state_message': ''}
[2022-07-06 21:29:50,947] {databricks.py:72} INFO - View run status, Spark UI, and logs at https://adb-770153189229877.17.azuredatabricks.net/?o=770153189229877#job/711735064242409/run/28640
[2022-07-06 21:29:50,947] {databricks.py:73} INFO - Sleeping for 30 seconds.
[2022-07-06 21:30:20,972] {databricks_base.py:406} INFO - Using token auth. For security reasons, please set token in Password field instead of extra
[2022-07-06 21:30:21,699] {databricks.py:71} INFO - json_to_parquet_task in run state: {'life_cycle_state': 'RUNNING', 'result_state': '', 'state_message': ''}
[2022-07-06 21:30:21,699] {databricks.py:72} INFO - View run status, Spark UI, and logs at https://adb-770153189229877.17.azuredatabricks.net/?o=770153189229877#job/711735064242409/run/28640
[2022-07-06 21:30:21,699] {databricks.py:73} INFO - Sleeping for 30 seconds.
[2022-07-06 21:30:51,717] {databricks_base.py:406} INFO - Using token auth. For security reasons, please set token in Password field instead of extra
[2022-07-06 21:30:52,287] {databricks.py:71} INFO - json_to_parquet_task in run state: {'life_cycle_state': 'RUNNING', 'result_state': '', 'state_message': ''}
[2022-07-06 21:30:52,287] {databricks.py:72} INFO - View run status, Spark UI, and logs at https://adb-770153189229877.17.azuredatabricks.net/?o=770153189229877#job/711735064242409/run/28640
[2022-07-06 21:30:52,287] {databricks.py:73} INFO - Sleeping for 30 seconds.
[2022-07-06 21:31:22,300] {databricks_base.py:406} INFO - Using token auth. For security reasons, please set token in Password field instead of extra
[2022-07-06 21:31:23,076] {databricks.py:71} INFO - json_to_parquet_task in run state: {'life_cycle_state': 'RUNNING', 'result_state': '', 'state_message': ''}
[2022-07-06 21:31:23,076] {databricks.py:72} INFO - View run status, Spark UI, and logs at https://adb-770153189229877.17.azuredatabricks.net/?o=770153189229877#job/711735064242409/run/28640
[2022-07-06 21:31:23,076] {databricks.py:73} INFO - Sleeping for 30 seconds.
[2022-07-06 21:31:53,100] {databricks_base.py:406} INFO - Using token auth. For security reasons, please set token in Password field instead of extra
[2022-07-06 21:31:53,784] {databricks.py:71} INFO - json_to_parquet_task in run state: {'life_cycle_state': 'RUNNING', 'result_state': '', 'state_message': ''}
[2022-07-06 21:31:53,785] {databricks.py:72} INFO - View run status, Spark UI, and logs at https://adb-770153189229877.17.azuredatabricks.net/?o=770153189229877#job/711735064242409/run/28640
[2022-07-06 21:31:53,785] {databricks.py:73} INFO - Sleeping for 30 seconds.
[2022-07-06 21:32:23,805] {databricks_base.py:406} INFO - Using token auth. For security reasons, please set token in Password field instead of extra
[2022-07-06 21:32:24,516] {databricks.py:71} INFO - json_to_parquet_task in run state: {'life_cycle_state': 'RUNNING', 'result_state': '', 'state_message': ''}
[2022-07-06 21:32:24,516] {databricks.py:72} INFO - View run status, Spark UI, and logs at https://adb-770153189229877.17.azuredatabricks.net/?o=770153189229877#job/711735064242409/run/28640
[2022-07-06 21:32:24,516] {databricks.py:73} INFO - Sleeping for 30 seconds.
[2022-07-06 21:32:54,543] {databricks_base.py:406} INFO - Using token auth. For security reasons, please set token in Password field instead of extra
[2022-07-06 21:32:55,233] {databricks.py:71} INFO - json_to_parquet_task in run state: {'life_cycle_state': 'RUNNING', 'result_state': '', 'state_message': ''}
[2022-07-06 21:32:55,233] {databricks.py:72} INFO - View run status, Spark UI, and logs at https://adb-770153189229877.17.azuredatabricks.net/?o=770153189229877#job/711735064242409/run/28640
[2022-07-06 21:32:55,233] {databricks.py:73} INFO - Sleeping for 30 seconds.
[2022-07-06 21:33:25,262] {databricks_base.py:406} INFO - Using token auth. For security reasons, please set token in Password field instead of extra
[2022-07-06 21:33:25,892] {databricks.py:71} INFO - json_to_parquet_task in run state: {'life_cycle_state': 'RUNNING', 'result_state': '', 'state_message': ''}
[2022-07-06 21:33:25,892] {databricks.py:72} INFO - View run status, Spark UI, and logs at https://adb-770153189229877.17.azuredatabricks.net/?o=770153189229877#job/711735064242409/run/28640
[2022-07-06 21:33:25,892] {databricks.py:73} INFO - Sleeping for 30 seconds.
[2022-07-06 21:33:55,918] {databricks_base.py:406} INFO - Using token auth. For security reasons, please set token in Password field instead of extra
[2022-07-06 21:33:56,474] {databricks.py:71} INFO - json_to_parquet_task in run state: {'life_cycle_state': 'RUNNING', 'result_state': '', 'state_message': ''}
[2022-07-06 21:33:56,474] {databricks.py:72} INFO - View run status, Spark UI, and logs at https://adb-770153189229877.17.azuredatabricks.net/?o=770153189229877#job/711735064242409/run/28640
[2022-07-06 21:33:56,474] {databricks.py:73} INFO - Sleeping for 30 seconds.
[2022-07-06 21:34:26,504] {databricks_base.py:406} INFO - Using token auth. For security reasons, please set token in Password field instead of extra
[2022-07-06 21:34:27,152] {databricks.py:71} INFO - json_to_parquet_task in run state: {'life_cycle_state': 'RUNNING', 'result_state': '', 'state_message': ''}
[2022-07-06 21:34:27,152] {databricks.py:72} INFO - View run status, Spark UI, and logs at https://adb-770153189229877.17.azuredatabricks.net/?o=770153189229877#job/711735064242409/run/28640
[2022-07-06 21:34:27,152] {databricks.py:73} INFO - Sleeping for 30 seconds.
[2022-07-06 21:34:57,238] {databricks_base.py:406} INFO - Using token auth. For security reasons, please set token in Password field instead of extra
[2022-07-06 21:34:57,930] {databricks.py:71} INFO - json_to_parquet_task in run state: {'life_cycle_state': 'RUNNING', 'result_state': '', 'state_message': ''}
[2022-07-06 21:34:57,930] {databricks.py:72} INFO - View run status, Spark UI, and logs at https://adb-770153189229877.17.azuredatabricks.net/?o=770153189229877#job/711735064242409/run/28640
[2022-07-06 21:34:57,930] {databricks.py:73} INFO - Sleeping for 30 seconds.
[2022-07-06 21:35:27,961] {databricks_base.py:406} INFO - Using token auth. For security reasons, please set token in Password field instead of extra
[2022-07-06 21:35:28,586] {databricks.py:71} INFO - json_to_parquet_task in run state: {'life_cycle_state': 'RUNNING', 'result_state': '', 'state_message': ''}
[2022-07-06 21:35:28,586] {databricks.py:72} INFO - View run status, Spark UI, and logs at https://adb-770153189229877.17.azuredatabricks.net/?o=770153189229877#job/711735064242409/run/28640
[2022-07-06 21:35:28,586] {databricks.py:73} INFO - Sleeping for 30 seconds.
[2022-07-06 21:35:58,615] {databricks_base.py:406} INFO - Using token auth. For security reasons, please set token in Password field instead of extra
[2022-07-06 21:35:59,179] {databricks.py:71} INFO - json_to_parquet_task in run state: {'life_cycle_state': 'RUNNING', 'result_state': '', 'state_message': ''}
[2022-07-06 21:35:59,179] {databricks.py:72} INFO - View run status, Spark UI, and logs at https://adb-770153189229877.17.azuredatabricks.net/?o=770153189229877#job/711735064242409/run/28640
[2022-07-06 21:35:59,179] {databricks.py:73} INFO - Sleeping for 30 seconds.
[2022-07-06 21:36:29,210] {databricks_base.py:406} INFO - Using token auth. For security reasons, please set token in Password field instead of extra
[2022-07-06 21:36:29,967] {databricks.py:71} INFO - json_to_parquet_task in run state: {'life_cycle_state': 'RUNNING', 'result_state': '', 'state_message': ''}
[2022-07-06 21:36:29,967] {databricks.py:72} INFO - View run status, Spark UI, and logs at https://adb-770153189229877.17.azuredatabricks.net/?o=770153189229877#job/711735064242409/run/28640
[2022-07-06 21:36:29,967] {databricks.py:73} INFO - Sleeping for 30 seconds.
[2022-07-06 21:36:59,988] {databricks_base.py:406} INFO - Using token auth. For security reasons, please set token in Password field instead of extra
[2022-07-06 21:37:00,676] {databricks.py:71} INFO - json_to_parquet_task in run state: {'life_cycle_state': 'RUNNING', 'result_state': '', 'state_message': ''}
[2022-07-06 21:37:00,676] {databricks.py:72} INFO - View run status, Spark UI, and logs at https://adb-770153189229877.17.azuredatabricks.net/?o=770153189229877#job/711735064242409/run/28640
[2022-07-06 21:37:00,676] {databricks.py:73} INFO - Sleeping for 30 seconds.
[2022-07-06 21:37:30,682] {databricks_base.py:406} INFO - Using token auth. For security reasons, please set token in Password field instead of extra
[2022-07-06 21:37:31,334] {databricks.py:71} INFO - json_to_parquet_task in run state: {'life_cycle_state': 'RUNNING', 'result_state': '', 'state_message': ''}
[2022-07-06 21:37:31,334] {databricks.py:72} INFO - View run status, Spark UI, and logs at https://adb-770153189229877.17.azuredatabricks.net/?o=770153189229877#job/711735064242409/run/28640
[2022-07-06 21:37:31,334] {databricks.py:73} INFO - Sleeping for 30 seconds.
[2022-07-06 21:38:01,364] {databricks_base.py:406} INFO - Using token auth. For security reasons, please set token in Password field instead of extra
[2022-07-06 21:38:01,949] {databricks.py:71} INFO - json_to_parquet_task in run state: {'life_cycle_state': 'RUNNING', 'result_state': '', 'state_message': ''}
[2022-07-06 21:38:01,949] {databricks.py:72} INFO - View run status, Spark UI, and logs at https://adb-770153189229877.17.azuredatabricks.net/?o=770153189229877#job/711735064242409/run/28640
[2022-07-06 21:38:01,949] {databricks.py:73} INFO - Sleeping for 30 seconds.
[2022-07-06 21:38:31,979] {databricks_base.py:406} INFO - Using token auth. For security reasons, please set token in Password field instead of extra
[2022-07-06 21:38:32,615] {databricks.py:71} INFO - json_to_parquet_task in run state: {'life_cycle_state': 'RUNNING', 'result_state': '', 'state_message': ''}
[2022-07-06 21:38:32,615] {databricks.py:72} INFO - View run status, Spark UI, and logs at https://adb-770153189229877.17.azuredatabricks.net/?o=770153189229877#job/711735064242409/run/28640
[2022-07-06 21:38:32,615] {databricks.py:73} INFO - Sleeping for 30 seconds.
[2022-07-06 21:39:02,640] {databricks_base.py:406} INFO - Using token auth. For security reasons, please set token in Password field instead of extra
[2022-07-06 21:39:03,380] {databricks.py:71} INFO - json_to_parquet_task in run state: {'life_cycle_state': 'RUNNING', 'result_state': '', 'state_message': ''}
[2022-07-06 21:39:03,380] {databricks.py:72} INFO - View run status, Spark UI, and logs at https://adb-770153189229877.17.azuredatabricks.net/?o=770153189229877#job/711735064242409/run/28640
[2022-07-06 21:39:03,380] {databricks.py:73} INFO - Sleeping for 30 seconds.
[2022-07-06 21:39:33,382] {databricks_base.py:406} INFO - Using token auth. For security reasons, please set token in Password field instead of extra
[2022-07-06 21:39:34,015] {databricks.py:71} INFO - json_to_parquet_task in run state: {'life_cycle_state': 'RUNNING', 'result_state': '', 'state_message': ''}
[2022-07-06 21:39:34,015] {databricks.py:72} INFO - View run status, Spark UI, and logs at https://adb-770153189229877.17.azuredatabricks.net/?o=770153189229877#job/711735064242409/run/28640
[2022-07-06 21:39:34,015] {databricks.py:73} INFO - Sleeping for 30 seconds.
[2022-07-06 21:40:04,039] {databricks_base.py:406} INFO - Using token auth. For security reasons, please set token in Password field instead of extra
[2022-07-06 21:40:04,615] {databricks.py:71} INFO - json_to_parquet_task in run state: {'life_cycle_state': 'RUNNING', 'result_state': '', 'state_message': ''}
[2022-07-06 21:40:04,615] {databricks.py:72} INFO - View run status, Spark UI, and logs at https://adb-770153189229877.17.azuredatabricks.net/?o=770153189229877#job/711735064242409/run/28640
[2022-07-06 21:40:04,616] {databricks.py:73} INFO - Sleeping for 30 seconds.
[2022-07-06 21:40:34,628] {databricks_base.py:406} INFO - Using token auth. For security reasons, please set token in Password field instead of extra
[2022-07-06 21:40:35,250] {databricks.py:71} INFO - json_to_parquet_task in run state: {'life_cycle_state': 'RUNNING', 'result_state': '', 'state_message': ''}
[2022-07-06 21:40:35,250] {databricks.py:72} INFO - View run status, Spark UI, and logs at https://adb-770153189229877.17.azuredatabricks.net/?o=770153189229877#job/711735064242409/run/28640
[2022-07-06 21:40:35,250] {databricks.py:73} INFO - Sleeping for 30 seconds.
[2022-07-06 21:41:05,289] {databricks_base.py:406} INFO - Using token auth. For security reasons, please set token in Password field instead of extra
[2022-07-06 21:41:05,855] {databricks.py:71} INFO - json_to_parquet_task in run state: {'life_cycle_state': 'RUNNING', 'result_state': '', 'state_message': ''}
[2022-07-06 21:41:05,855] {databricks.py:72} INFO - View run status, Spark UI, and logs at https://adb-770153189229877.17.azuredatabricks.net/?o=770153189229877#job/711735064242409/run/28640
[2022-07-06 21:41:05,855] {databricks.py:73} INFO - Sleeping for 30 seconds.
[2022-07-06 21:41:35,866] {databricks_base.py:406} INFO - Using token auth. For security reasons, please set token in Password field instead of extra
[2022-07-06 21:41:36,575] {databricks.py:71} INFO - json_to_parquet_task in run state: {'life_cycle_state': 'RUNNING', 'result_state': '', 'state_message': ''}
[2022-07-06 21:41:36,575] {databricks.py:72} INFO - View run status, Spark UI, and logs at https://adb-770153189229877.17.azuredatabricks.net/?o=770153189229877#job/711735064242409/run/28640
[2022-07-06 21:41:36,576] {databricks.py:73} INFO - Sleeping for 30 seconds.
[2022-07-06 21:42:06,604] {databricks_base.py:406} INFO - Using token auth. For security reasons, please set token in Password field instead of extra
[2022-07-06 21:42:07,364] {databricks.py:71} INFO - json_to_parquet_task in run state: {'life_cycle_state': 'RUNNING', 'result_state': '', 'state_message': ''}
[2022-07-06 21:42:07,364] {databricks.py:72} INFO - View run status, Spark UI, and logs at https://adb-770153189229877.17.azuredatabricks.net/?o=770153189229877#job/711735064242409/run/28640
[2022-07-06 21:42:07,364] {databricks.py:73} INFO - Sleeping for 30 seconds.
[2022-07-06 21:42:37,395] {databricks_base.py:406} INFO - Using token auth. For security reasons, please set token in Password field instead of extra
[2022-07-06 21:42:37,989] {databricks.py:71} INFO - json_to_parquet_task in run state: {'life_cycle_state': 'RUNNING', 'result_state': '', 'state_message': ''}
[2022-07-06 21:42:37,989] {databricks.py:72} INFO - View run status, Spark UI, and logs at https://adb-770153189229877.17.azuredatabricks.net/?o=770153189229877#job/711735064242409/run/28640
[2022-07-06 21:42:37,989] {databricks.py:73} INFO - Sleeping for 30 seconds.
[2022-07-06 21:43:08,019] {databricks_base.py:406} INFO - Using token auth. For security reasons, please set token in Password field instead of extra
[2022-07-06 21:43:08,580] {databricks.py:71} INFO - json_to_parquet_task in run state: {'life_cycle_state': 'RUNNING', 'result_state': '', 'state_message': ''}
[2022-07-06 21:43:08,580] {databricks.py:72} INFO - View run status, Spark UI, and logs at https://adb-770153189229877.17.azuredatabricks.net/?o=770153189229877#job/711735064242409/run/28640
[2022-07-06 21:43:08,580] {databricks.py:73} INFO - Sleeping for 30 seconds.
[2022-07-06 21:43:38,616] {databricks_base.py:406} INFO - Using token auth. For security reasons, please set token in Password field instead of extra
[2022-07-06 21:43:39,236] {databricks.py:71} INFO - json_to_parquet_task in run state: {'life_cycle_state': 'RUNNING', 'result_state': '', 'state_message': ''}
[2022-07-06 21:43:39,237] {databricks.py:72} INFO - View run status, Spark UI, and logs at https://adb-770153189229877.17.azuredatabricks.net/?o=770153189229877#job/711735064242409/run/28640
[2022-07-06 21:43:39,237] {databricks.py:73} INFO - Sleeping for 30 seconds.
[2022-07-06 21:44:09,269] {databricks_base.py:406} INFO - Using token auth. For security reasons, please set token in Password field instead of extra
[2022-07-06 21:44:09,823] {databricks_base.py:406} INFO - Using token auth. For security reasons, please set token in Password field instead of extra
[2022-07-06 21:44:10,387] {taskinstance.py:1889} ERROR - Task failed with exception
Traceback (most recent call last):
  File "/home/nicholas/.local/lib/python3.10/site-packages/airflow/providers/databricks/hooks/databricks_base.py", line 498, in _do_api_call
    for attempt in self._get_retry_object():
  File "/home/nicholas/.local/lib/python3.10/site-packages/tenacity/__init__.py", line 382, in __iter__
    do = self.iter(retry_state=retry_state)
  File "/home/nicholas/.local/lib/python3.10/site-packages/tenacity/__init__.py", line 349, in iter
    return fut.result()
  File "/usr/lib/python3.10/concurrent/futures/_base.py", line 439, in result
    return self.__get_result()
  File "/usr/lib/python3.10/concurrent/futures/_base.py", line 391, in __get_result
    raise self._exception
  File "/home/nicholas/.local/lib/python3.10/site-packages/airflow/providers/databricks/hooks/databricks_base.py", line 508, in _do_api_call
    response.raise_for_status()
  File "/home/nicholas/.local/lib/python3.10/site-packages/requests/models.py", line 1021, in raise_for_status
    raise HTTPError(http_error_msg, response=self)
requests.exceptions.HTTPError: 400 Client Error: Bad Request for url: https://adb-770153189229877.17.azuredatabricks.net/api/2.1/jobs/runs/get-output?run_id=28640

During handling of the above exception, another exception occurred:

Traceback (most recent call last):
  File "/home/nicholas/.local/lib/python3.10/site-packages/airflow/providers/databricks/operators/databricks.py", line 655, in execute
    _handle_databricks_operator_execution(self, hook, self.log, context)
  File "/home/nicholas/.local/lib/python3.10/site-packages/airflow/providers/databricks/operators/databricks.py", line 63, in _handle_databricks_operator_execution
    run_output = hook.get_run_output(operator.run_id)
  File "/home/nicholas/.local/lib/python3.10/site-packages/airflow/providers/databricks/hooks/databricks.py", line 309, in get_run_output
    run_output = self._do_api_call(OUTPUT_RUNS_JOB_ENDPOINT, json)
  File "/home/nicholas/.local/lib/python3.10/site-packages/airflow/providers/databricks/hooks/databricks_base.py", line 514, in _do_api_call
    raise AirflowException(
airflow.exceptions.AirflowException: Response: b'{"error_code":"INVALID_PARAMETER_VALUE","message":"Retrieving the output of runs with multiple tasks is not supported. Please retrieve the output of each individual task run instead."}', Status Code: 400
[2022-07-06 21:44:10,390] {taskinstance.py:1395} INFO - Marking task as UP_FOR_RETRY. dag_id=twitter_dag, task_id=json_to_parquet_task, execution_date=20220706T000000, start_date=20220707T002543, end_date=20220707T004410
[2022-07-06 21:44:10,403] {standard_task_runner.py:92} ERROR - Failed to execute job 85 for task json_to_parquet_task (Response: b'{"error_code":"INVALID_PARAMETER_VALUE","message":"Retrieving the output of runs with multiple tasks is not supported. Please retrieve the output of each individual task run instead."}', Status Code: 400; 158215)
[2022-07-06 21:44:10,415] {local_task_job.py:156} INFO - Task exited with return code 1
[2022-07-06 21:44:10,434] {local_task_job.py:273} INFO - 0 downstream tasks scheduled from follow-on schedule check
