[2022-07-08 14:17:51,726] {taskinstance.py:1159} INFO - Dependencies all met for <TaskInstance: twitter_dag.wait_twitter_data scheduled__2022-07-07T00:00:00+00:00 [queued]>
[2022-07-08 14:17:51,733] {taskinstance.py:1159} INFO - Dependencies all met for <TaskInstance: twitter_dag.wait_twitter_data scheduled__2022-07-07T00:00:00+00:00 [queued]>
[2022-07-08 14:17:51,733] {taskinstance.py:1356} INFO - 
--------------------------------------------------------------------------------
[2022-07-08 14:17:51,733] {taskinstance.py:1357} INFO - Starting attempt 1 of 4
[2022-07-08 14:17:51,733] {taskinstance.py:1358} INFO - 
--------------------------------------------------------------------------------
[2022-07-08 14:17:51,753] {taskinstance.py:1377} INFO - Executing <Task(WasbPrefixSensor): wait_twitter_data> on 2022-07-07 00:00:00+00:00
[2022-07-08 14:17:51,755] {standard_task_runner.py:52} INFO - Started process 6391 to run task
[2022-07-08 14:17:51,758] {standard_task_runner.py:79} INFO - Running: ['airflow', 'tasks', 'run', 'twitter_dag', 'wait_twitter_data', 'scheduled__2022-07-07T00:00:00+00:00', '--job-id', '92', '--raw', '--subdir', 'DAGS_FOLDER/twitter_dag.py', '--cfg-path', '/tmp/tmpcobysggo', '--error-file', '/tmp/tmpvpsbnpl6']
[2022-07-08 14:17:51,759] {standard_task_runner.py:80} INFO - Job 92: Subtask wait_twitter_data
[2022-07-08 14:17:51,819] {task_command.py:370} INFO - Running <TaskInstance: twitter_dag.wait_twitter_data scheduled__2022-07-07T00:00:00+00:00 [running]> on host nicholas-VirtualBox
[2022-07-08 14:17:51,908] {taskinstance.py:1569} INFO - Exporting the following env vars:
AIRFLOW_CTX_DAG_EMAIL=nicholas.comuni@outlook.com
AIRFLOW_CTX_DAG_OWNER=Nicholas
AIRFLOW_CTX_DAG_ID=twitter_dag
AIRFLOW_CTX_TASK_ID=wait_twitter_data
AIRFLOW_CTX_EXECUTION_DATE=2022-07-07T00:00:00+00:00
AIRFLOW_CTX_TRY_NUMBER=1
AIRFLOW_CTX_DAG_RUN_ID=scheduled__2022-07-07T00:00:00+00:00
[2022-07-08 14:17:51,909] {wasb.py:95} INFO - Poking for prefix: /hashtags in wasb://landingzone
[2022-07-08 14:17:51,913] {base.py:68} INFO - Using connection ID 'wasbconn' for task execution.
[2022-07-08 14:17:51,917] {_universal.py:476} INFO - Request URL: 'https://serasadatalake.blob.core.windows.net/landingzone?restype=REDACTED&comp=REDACTED&prefix=REDACTED&delimiter=REDACTED'
Request method: 'GET'
Request headers:
    'x-ms-version': 'REDACTED'
    'Accept': 'application/xml'
    'User-Agent': 'azsdk-python-storage-blob/12.8.1 Python/3.10.4 (Linux-5.15.0-39-generic-x86_64-with-glibc2.35)'
    'x-ms-date': 'REDACTED'
    'x-ms-client-request-id': 'e5dc6acc-fee1-11ec-b1e8-57c8dad01665'
    'Authorization': 'REDACTED'
No body was attached to the request
[2022-07-08 14:17:52,716] {_universal.py:504} INFO - Response status: 200
Response headers:
    'Transfer-Encoding': 'chunked'
    'Content-Type': 'application/xml'
    'Server': 'Windows-Azure-Blob/1.0 Microsoft-HTTPAPI/2.0'
    'x-ms-request-id': 'dcebc913-801e-0059-18ee-92cc84000000'
    'x-ms-client-request-id': 'e5dc6acc-fee1-11ec-b1e8-57c8dad01665'
    'x-ms-version': 'REDACTED'
    'Date': 'Fri, 08 Jul 2022 17:17:53 GMT'
[2022-07-08 14:17:52,719] {base.py:301} INFO - Success criteria met. Exiting.
[2022-07-08 14:17:52,727] {taskinstance.py:1395} INFO - Marking task as SUCCESS. dag_id=twitter_dag, task_id=wait_twitter_data, execution_date=20220707T000000, start_date=20220708T171751, end_date=20220708T171752
[2022-07-08 14:17:52,789] {local_task_job.py:156} INFO - Task exited with return code 0
[2022-07-08 14:17:52,825] {local_task_job.py:273} INFO - 1 downstream tasks scheduled from follow-on schedule check
