[2022-07-06 18:56:00,484] {taskinstance.py:1159} INFO - Dependencies all met for <TaskInstance: twitter_dag.wait_twitter_data manual__2022-07-06T21:55:52.853208+00:00 [queued]>
[2022-07-06 18:56:00,497] {taskinstance.py:1159} INFO - Dependencies all met for <TaskInstance: twitter_dag.wait_twitter_data manual__2022-07-06T21:55:52.853208+00:00 [queued]>
[2022-07-06 18:56:00,497] {taskinstance.py:1356} INFO - 
--------------------------------------------------------------------------------
[2022-07-06 18:56:00,497] {taskinstance.py:1357} INFO - Starting attempt 1 of 4
[2022-07-06 18:56:00,497] {taskinstance.py:1358} INFO - 
--------------------------------------------------------------------------------
[2022-07-06 18:56:00,528] {taskinstance.py:1377} INFO - Executing <Task(WasbPrefixSensor): wait_twitter_data> on 2022-07-06 21:55:52.853208+00:00
[2022-07-06 18:56:00,538] {standard_task_runner.py:52} INFO - Started process 86719 to run task
[2022-07-06 18:56:00,541] {standard_task_runner.py:79} INFO - Running: ['airflow', 'tasks', 'run', 'twitter_dag', 'wait_twitter_data', 'manual__2022-07-06T21:55:52.853208+00:00', '--job-id', '65', '--raw', '--subdir', 'DAGS_FOLDER/twitter_dag.py', '--cfg-path', '/tmp/tmp5szhq9ae', '--error-file', '/tmp/tmpgg2v0_o8']
[2022-07-06 18:56:00,542] {standard_task_runner.py:80} INFO - Job 65: Subtask wait_twitter_data
[2022-07-06 18:56:00,605] {task_command.py:370} INFO - Running <TaskInstance: twitter_dag.wait_twitter_data manual__2022-07-06T21:55:52.853208+00:00 [running]> on host nicholas-VirtualBox
[2022-07-06 18:56:00,707] {taskinstance.py:1569} INFO - Exporting the following env vars:
AIRFLOW_CTX_DAG_EMAIL=nicholas.comuni@outlook.com
AIRFLOW_CTX_DAG_OWNER=Nicholas
AIRFLOW_CTX_DAG_ID=twitter_dag
AIRFLOW_CTX_TASK_ID=wait_twitter_data
AIRFLOW_CTX_EXECUTION_DATE=2022-07-06T21:55:52.853208+00:00
AIRFLOW_CTX_TRY_NUMBER=1
AIRFLOW_CTX_DAG_RUN_ID=manual__2022-07-06T21:55:52.853208+00:00
[2022-07-06 18:56:00,708] {wasb.py:95} INFO - Poking for prefix: /hashtags in wasb://landingzone
[2022-07-06 18:56:00,725] {base.py:68} INFO - Using connection ID 'wasbconn' for task execution.
[2022-07-06 18:56:00,730] {_universal.py:476} INFO - Request URL: 'https://serasadatalake.blob.core.windows.net/landingzone?restype=REDACTED&comp=REDACTED&prefix=REDACTED&delimiter=REDACTED'
Request method: 'GET'
Request headers:
    'x-ms-version': 'REDACTED'
    'Accept': 'application/xml'
    'User-Agent': 'azsdk-python-storage-blob/12.8.1 Python/3.10.4 (Linux-5.15.0-39-generic-x86_64-with-glibc2.35)'
    'x-ms-date': 'REDACTED'
    'x-ms-client-request-id': '6c57848c-fd76-11ec-bec2-bb469e0cbda2'
    'Authorization': 'REDACTED'
No body was attached to the request
[2022-07-06 18:56:01,390] {_universal.py:504} INFO - Response status: 200
Response headers:
    'Transfer-Encoding': 'chunked'
    'Content-Type': 'application/xml'
    'Server': 'Windows-Azure-Blob/1.0 Microsoft-HTTPAPI/2.0'
    'x-ms-request-id': '00e7d54d-f01e-000e-6383-9162b7000000'
    'x-ms-client-request-id': '6c57848c-fd76-11ec-bec2-bb469e0cbda2'
    'x-ms-version': 'REDACTED'
    'Date': 'Wed, 06 Jul 2022 21:56:01 GMT'
[2022-07-06 18:56:01,392] {base.py:301} INFO - Success criteria met. Exiting.
[2022-07-06 18:56:01,399] {taskinstance.py:1395} INFO - Marking task as SUCCESS. dag_id=twitter_dag, task_id=wait_twitter_data, execution_date=20220706T215552, start_date=20220706T215600, end_date=20220706T215601
[2022-07-06 18:56:01,452] {local_task_job.py:156} INFO - Task exited with return code 0
[2022-07-06 18:56:01,487] {local_task_job.py:273} INFO - 1 downstream tasks scheduled from follow-on schedule check
