[2022-07-06 16:19:20,804] {taskinstance.py:1159} INFO - Dependencies all met for <TaskInstance: twitter_dag.request_twitter_data manual__2022-07-06T19:19:17.415401+00:00 [queued]>
[2022-07-06 16:19:20,817] {taskinstance.py:1159} INFO - Dependencies all met for <TaskInstance: twitter_dag.request_twitter_data manual__2022-07-06T19:19:17.415401+00:00 [queued]>
[2022-07-06 16:19:20,818] {taskinstance.py:1356} INFO - 
--------------------------------------------------------------------------------
[2022-07-06 16:19:20,818] {taskinstance.py:1357} INFO - Starting attempt 1 of 4
[2022-07-06 16:19:20,818] {taskinstance.py:1358} INFO - 
--------------------------------------------------------------------------------
[2022-07-06 16:19:20,847] {taskinstance.py:1377} INFO - Executing <Task(PythonOperator): request_twitter_data> on 2022-07-06 19:19:17.415401+00:00
[2022-07-06 16:19:20,849] {standard_task_runner.py:52} INFO - Started process 48709 to run task
[2022-07-06 16:19:20,876] {standard_task_runner.py:79} INFO - Running: ['airflow', 'tasks', 'run', 'twitter_dag', 'request_twitter_data', 'manual__2022-07-06T19:19:17.415401+00:00', '--job-id', '57', '--raw', '--subdir', 'DAGS_FOLDER/twitter_dag.py', '--cfg-path', '/tmp/tmpf08ah5xb', '--error-file', '/tmp/tmpnm3mbala']
[2022-07-06 16:19:20,878] {standard_task_runner.py:80} INFO - Job 57: Subtask request_twitter_data
[2022-07-06 16:19:20,980] {task_command.py:370} INFO - Running <TaskInstance: twitter_dag.request_twitter_data manual__2022-07-06T19:19:17.415401+00:00 [running]> on host nicholas-VirtualBox
[2022-07-06 16:19:21,057] {taskinstance.py:1569} INFO - Exporting the following env vars:
AIRFLOW_CTX_DAG_EMAIL=nicholas.comuni@outlook.com
AIRFLOW_CTX_DAG_OWNER=Nicholas
AIRFLOW_CTX_DAG_ID=twitter_dag
AIRFLOW_CTX_TASK_ID=request_twitter_data
AIRFLOW_CTX_EXECUTION_DATE=2022-07-06T19:19:17.415401+00:00
AIRFLOW_CTX_TRY_NUMBER=1
AIRFLOW_CTX_DAG_RUN_ID=manual__2022-07-06T19:19:17.415401+00:00
[2022-07-06 16:19:21,806] {logging_mixin.py:115} INFO - /tmp/tmp_9nhldlm/colombia.json
[2022-07-06 16:19:21,820] {base.py:68} INFO - Using connection ID 'wasbconn' for task execution.
[2022-07-06 16:19:21,823] {_universal.py:473} INFO - Request URL: 'https://serasadatalake.blob.core.windows.net/landingzone/hashtags/colombia/2022/7/colombia_2022-07-06%2016_19_21.806570.json'
Request method: 'PUT'
Request headers:
    'x-ms-blob-type': 'REDACTED'
    'Content-Length': '2992'
    'If-None-Match': '*'
    'x-ms-version': 'REDACTED'
    'Content-Type': 'application/octet-stream'
    'Accept': 'application/xml'
    'User-Agent': 'azsdk-python-storage-blob/12.8.1 Python/3.10.4 (Linux-5.15.0-39-generic-x86_64-with-glibc2.35)'
    'x-ms-date': 'REDACTED'
    'x-ms-client-request-id': '8a286aa0-fd60-11ec-bec2-bb469e0cbda2'
    'Authorization': 'REDACTED'
A body is sent with the request
[2022-07-06 16:19:22,763] {_universal.py:504} INFO - Response status: 201
Response headers:
    'Content-Length': '0'
    'Content-MD5': 'REDACTED'
    'Last-Modified': 'Wed, 06 Jul 2022 19:19:23 GMT'
    'ETag': '"0x8DA5F846F97E9E8"'
    'Server': 'Windows-Azure-Blob/1.0 Microsoft-HTTPAPI/2.0'
    'x-ms-request-id': '5ed7769b-901e-0018-576d-919460000000'
    'x-ms-client-request-id': '8a286aa0-fd60-11ec-bec2-bb469e0cbda2'
    'x-ms-version': 'REDACTED'
    'x-ms-content-crc64': 'REDACTED'
    'x-ms-request-server-encrypted': 'REDACTED'
    'Date': 'Wed, 06 Jul 2022 19:19:23 GMT'
[2022-07-06 16:19:22,766] {python.py:173} INFO - Done. Returned value was: None
[2022-07-06 16:19:22,773] {taskinstance.py:1395} INFO - Marking task as SUCCESS. dag_id=twitter_dag, task_id=request_twitter_data, execution_date=20220706T191917, start_date=20220706T191920, end_date=20220706T191922
[2022-07-06 16:19:22,810] {local_task_job.py:156} INFO - Task exited with return code 0
[2022-07-06 16:19:22,856] {local_task_job.py:273} INFO - 1 downstream tasks scheduled from follow-on schedule check
