[2022-07-06 12:03:25,750] {taskinstance.py:1159} INFO - Dependencies all met for <TaskInstance: twitter_dag.process_twitter_data manual__2022-07-06T15:03:17.721398+00:00 [queued]>
[2022-07-06 12:03:25,763] {taskinstance.py:1159} INFO - Dependencies all met for <TaskInstance: twitter_dag.process_twitter_data manual__2022-07-06T15:03:17.721398+00:00 [queued]>
[2022-07-06 12:03:25,763] {taskinstance.py:1356} INFO - 
--------------------------------------------------------------------------------
[2022-07-06 12:03:25,763] {taskinstance.py:1357} INFO - Starting attempt 1 of 4
[2022-07-06 12:03:25,763] {taskinstance.py:1358} INFO - 
--------------------------------------------------------------------------------
[2022-07-06 12:03:25,780] {taskinstance.py:1377} INFO - Executing <Task(DatabricksRunNowOperator): process_twitter_data> on 2022-07-06 15:03:17.721398+00:00
[2022-07-06 12:03:25,782] {standard_task_runner.py:52} INFO - Started process 9217 to run task
[2022-07-06 12:03:25,784] {standard_task_runner.py:79} INFO - Running: ['airflow', 'tasks', 'run', 'twitter_dag', 'process_twitter_data', 'manual__2022-07-06T15:03:17.721398+00:00', '--job-id', '49', '--raw', '--subdir', 'DAGS_FOLDER/twitter_dag.py', '--cfg-path', '/tmp/tmp3f986fz8', '--error-file', '/tmp/tmp81k2jslp']
[2022-07-06 12:03:25,785] {standard_task_runner.py:80} INFO - Job 49: Subtask process_twitter_data
[2022-07-06 12:03:25,820] {task_command.py:370} INFO - Running <TaskInstance: twitter_dag.process_twitter_data manual__2022-07-06T15:03:17.721398+00:00 [running]> on host nicholas-VirtualBox
[2022-07-06 12:03:25,879] {taskinstance.py:1569} INFO - Exporting the following env vars:
AIRFLOW_CTX_DAG_EMAIL=nicholas.comuni@outlook.com
AIRFLOW_CTX_DAG_OWNER=Nicholas
AIRFLOW_CTX_DAG_ID=twitter_dag
AIRFLOW_CTX_TASK_ID=process_twitter_data
AIRFLOW_CTX_EXECUTION_DATE=2022-07-06T15:03:17.721398+00:00
AIRFLOW_CTX_TRY_NUMBER=1
AIRFLOW_CTX_DAG_RUN_ID=manual__2022-07-06T15:03:17.721398+00:00
[2022-07-06 12:03:25,885] {base.py:68} INFO - Using connection ID 'databricks_conn' for task execution.
[2022-07-06 12:03:25,886] {databricks_base.py:406} INFO - Using token auth. For security reasons, please set token in Password field instead of extra
[2022-07-06 12:03:26,788] {databricks.py:49} INFO - Run submitted with run_id: 4608
[2022-07-06 12:03:26,789] {databricks_base.py:406} INFO - Using token auth. For security reasons, please set token in Password field instead of extra
[2022-07-06 12:03:27,350] {databricks_base.py:406} INFO - Using token auth. For security reasons, please set token in Password field instead of extra
[2022-07-06 12:03:27,984] {databricks.py:71} INFO - process_twitter_data in run state: {'life_cycle_state': 'RUNNING', 'result_state': '', 'state_message': ''}
[2022-07-06 12:03:27,984] {databricks.py:72} INFO - View run status, Spark UI, and logs at https://adb-770153189229877.17.azuredatabricks.net/?o=770153189229877#job/711735064242409/run/4608
[2022-07-06 12:03:27,984] {databricks.py:73} INFO - Sleeping for 30 seconds.
[2022-07-06 12:03:58,013] {databricks_base.py:406} INFO - Using token auth. For security reasons, please set token in Password field instead of extra
[2022-07-06 12:03:58,929] {databricks.py:71} INFO - process_twitter_data in run state: {'life_cycle_state': 'RUNNING', 'result_state': '', 'state_message': ''}
[2022-07-06 12:03:58,929] {databricks.py:72} INFO - View run status, Spark UI, and logs at https://adb-770153189229877.17.azuredatabricks.net/?o=770153189229877#job/711735064242409/run/4608
[2022-07-06 12:03:58,929] {databricks.py:73} INFO - Sleeping for 30 seconds.
[2022-07-06 12:04:28,956] {databricks_base.py:406} INFO - Using token auth. For security reasons, please set token in Password field instead of extra
[2022-07-06 12:04:29,621] {databricks.py:71} INFO - process_twitter_data in run state: {'life_cycle_state': 'RUNNING', 'result_state': '', 'state_message': ''}
[2022-07-06 12:04:29,621] {databricks.py:72} INFO - View run status, Spark UI, and logs at https://adb-770153189229877.17.azuredatabricks.net/?o=770153189229877#job/711735064242409/run/4608
[2022-07-06 12:04:29,621] {databricks.py:73} INFO - Sleeping for 30 seconds.
[2022-07-06 12:04:59,652] {databricks_base.py:406} INFO - Using token auth. For security reasons, please set token in Password field instead of extra
[2022-07-06 12:05:00,209] {databricks.py:71} INFO - process_twitter_data in run state: {'life_cycle_state': 'RUNNING', 'result_state': '', 'state_message': ''}
[2022-07-06 12:05:00,209] {databricks.py:72} INFO - View run status, Spark UI, and logs at https://adb-770153189229877.17.azuredatabricks.net/?o=770153189229877#job/711735064242409/run/4608
[2022-07-06 12:05:00,209] {databricks.py:73} INFO - Sleeping for 30 seconds.
[2022-07-06 12:05:30,239] {databricks_base.py:406} INFO - Using token auth. For security reasons, please set token in Password field instead of extra
[2022-07-06 12:05:30,989] {databricks.py:71} INFO - process_twitter_data in run state: {'life_cycle_state': 'RUNNING', 'result_state': '', 'state_message': ''}
[2022-07-06 12:05:30,989] {databricks.py:72} INFO - View run status, Spark UI, and logs at https://adb-770153189229877.17.azuredatabricks.net/?o=770153189229877#job/711735064242409/run/4608
[2022-07-06 12:05:30,989] {databricks.py:73} INFO - Sleeping for 30 seconds.
[2022-07-06 12:06:01,001] {databricks_base.py:406} INFO - Using token auth. For security reasons, please set token in Password field instead of extra
[2022-07-06 12:06:01,577] {databricks.py:71} INFO - process_twitter_data in run state: {'life_cycle_state': 'RUNNING', 'result_state': '', 'state_message': ''}
[2022-07-06 12:06:01,577] {databricks.py:72} INFO - View run status, Spark UI, and logs at https://adb-770153189229877.17.azuredatabricks.net/?o=770153189229877#job/711735064242409/run/4608
[2022-07-06 12:06:01,577] {databricks.py:73} INFO - Sleeping for 30 seconds.
[2022-07-06 12:06:31,632] {databricks_base.py:406} INFO - Using token auth. For security reasons, please set token in Password field instead of extra
[2022-07-06 12:06:32,217] {databricks.py:71} INFO - process_twitter_data in run state: {'life_cycle_state': 'RUNNING', 'result_state': '', 'state_message': ''}
[2022-07-06 12:06:32,217] {databricks.py:72} INFO - View run status, Spark UI, and logs at https://adb-770153189229877.17.azuredatabricks.net/?o=770153189229877#job/711735064242409/run/4608
[2022-07-06 12:06:32,217] {databricks.py:73} INFO - Sleeping for 30 seconds.
[2022-07-06 12:07:02,247] {databricks_base.py:406} INFO - Using token auth. For security reasons, please set token in Password field instead of extra
[2022-07-06 12:07:02,819] {databricks.py:71} INFO - process_twitter_data in run state: {'life_cycle_state': 'RUNNING', 'result_state': '', 'state_message': ''}
[2022-07-06 12:07:02,819] {databricks.py:72} INFO - View run status, Spark UI, and logs at https://adb-770153189229877.17.azuredatabricks.net/?o=770153189229877#job/711735064242409/run/4608
[2022-07-06 12:07:02,819] {databricks.py:73} INFO - Sleeping for 30 seconds.
[2022-07-06 12:07:32,842] {databricks_base.py:406} INFO - Using token auth. For security reasons, please set token in Password field instead of extra
[2022-07-06 12:07:33,391] {databricks.py:71} INFO - process_twitter_data in run state: {'life_cycle_state': 'RUNNING', 'result_state': '', 'state_message': ''}
[2022-07-06 12:07:33,391] {databricks.py:72} INFO - View run status, Spark UI, and logs at https://adb-770153189229877.17.azuredatabricks.net/?o=770153189229877#job/711735064242409/run/4608
[2022-07-06 12:07:33,391] {databricks.py:73} INFO - Sleeping for 30 seconds.
[2022-07-06 12:08:03,392] {databricks_base.py:406} INFO - Using token auth. For security reasons, please set token in Password field instead of extra
[2022-07-06 12:08:03,951] {databricks.py:71} INFO - process_twitter_data in run state: {'life_cycle_state': 'RUNNING', 'result_state': '', 'state_message': ''}
[2022-07-06 12:08:03,952] {databricks.py:72} INFO - View run status, Spark UI, and logs at https://adb-770153189229877.17.azuredatabricks.net/?o=770153189229877#job/711735064242409/run/4608
[2022-07-06 12:08:03,952] {databricks.py:73} INFO - Sleeping for 30 seconds.
[2022-07-06 12:08:33,980] {databricks_base.py:406} INFO - Using token auth. For security reasons, please set token in Password field instead of extra
[2022-07-06 12:08:34,659] {databricks.py:71} INFO - process_twitter_data in run state: {'life_cycle_state': 'RUNNING', 'result_state': '', 'state_message': ''}
[2022-07-06 12:08:34,659] {databricks.py:72} INFO - View run status, Spark UI, and logs at https://adb-770153189229877.17.azuredatabricks.net/?o=770153189229877#job/711735064242409/run/4608
[2022-07-06 12:08:34,660] {databricks.py:73} INFO - Sleeping for 30 seconds.
[2022-07-06 12:09:04,690] {databricks_base.py:406} INFO - Using token auth. For security reasons, please set token in Password field instead of extra
[2022-07-06 12:09:05,280] {databricks.py:71} INFO - process_twitter_data in run state: {'life_cycle_state': 'RUNNING', 'result_state': '', 'state_message': ''}
[2022-07-06 12:09:05,280] {databricks.py:72} INFO - View run status, Spark UI, and logs at https://adb-770153189229877.17.azuredatabricks.net/?o=770153189229877#job/711735064242409/run/4608
[2022-07-06 12:09:05,281] {databricks.py:73} INFO - Sleeping for 30 seconds.
[2022-07-06 12:09:35,285] {databricks_base.py:406} INFO - Using token auth. For security reasons, please set token in Password field instead of extra
[2022-07-06 12:09:35,966] {databricks.py:71} INFO - process_twitter_data in run state: {'life_cycle_state': 'RUNNING', 'result_state': '', 'state_message': ''}
[2022-07-06 12:09:35,966] {databricks.py:72} INFO - View run status, Spark UI, and logs at https://adb-770153189229877.17.azuredatabricks.net/?o=770153189229877#job/711735064242409/run/4608
[2022-07-06 12:09:35,966] {databricks.py:73} INFO - Sleeping for 30 seconds.
[2022-07-06 12:10:05,981] {databricks_base.py:406} INFO - Using token auth. For security reasons, please set token in Password field instead of extra
[2022-07-06 12:10:06,689] {databricks.py:71} INFO - process_twitter_data in run state: {'life_cycle_state': 'RUNNING', 'result_state': '', 'state_message': ''}
[2022-07-06 12:10:06,689] {databricks.py:72} INFO - View run status, Spark UI, and logs at https://adb-770153189229877.17.azuredatabricks.net/?o=770153189229877#job/711735064242409/run/4608
[2022-07-06 12:10:06,689] {databricks.py:73} INFO - Sleeping for 30 seconds.
[2022-07-06 12:10:36,709] {databricks_base.py:406} INFO - Using token auth. For security reasons, please set token in Password field instead of extra
[2022-07-06 12:10:37,410] {databricks.py:71} INFO - process_twitter_data in run state: {'life_cycle_state': 'RUNNING', 'result_state': '', 'state_message': ''}
[2022-07-06 12:10:37,410] {databricks.py:72} INFO - View run status, Spark UI, and logs at https://adb-770153189229877.17.azuredatabricks.net/?o=770153189229877#job/711735064242409/run/4608
[2022-07-06 12:10:37,410] {databricks.py:73} INFO - Sleeping for 30 seconds.
[2022-07-06 12:11:07,432] {databricks_base.py:406} INFO - Using token auth. For security reasons, please set token in Password field instead of extra
[2022-07-06 12:11:08,148] {databricks.py:71} INFO - process_twitter_data in run state: {'life_cycle_state': 'RUNNING', 'result_state': '', 'state_message': ''}
[2022-07-06 12:11:08,148] {databricks.py:72} INFO - View run status, Spark UI, and logs at https://adb-770153189229877.17.azuredatabricks.net/?o=770153189229877#job/711735064242409/run/4608
[2022-07-06 12:11:08,148] {databricks.py:73} INFO - Sleeping for 30 seconds.
[2022-07-06 12:11:38,160] {databricks_base.py:406} INFO - Using token auth. For security reasons, please set token in Password field instead of extra
[2022-07-06 12:11:38,727] {databricks.py:71} INFO - process_twitter_data in run state: {'life_cycle_state': 'RUNNING', 'result_state': '', 'state_message': ''}
[2022-07-06 12:11:38,728] {databricks.py:72} INFO - View run status, Spark UI, and logs at https://adb-770153189229877.17.azuredatabricks.net/?o=770153189229877#job/711735064242409/run/4608
[2022-07-06 12:11:38,728] {databricks.py:73} INFO - Sleeping for 30 seconds.
[2022-07-06 12:12:08,752] {databricks_base.py:406} INFO - Using token auth. For security reasons, please set token in Password field instead of extra
[2022-07-06 12:12:09,343] {databricks.py:71} INFO - process_twitter_data in run state: {'life_cycle_state': 'RUNNING', 'result_state': '', 'state_message': ''}
[2022-07-06 12:12:09,343] {databricks.py:72} INFO - View run status, Spark UI, and logs at https://adb-770153189229877.17.azuredatabricks.net/?o=770153189229877#job/711735064242409/run/4608
[2022-07-06 12:12:09,343] {databricks.py:73} INFO - Sleeping for 30 seconds.
[2022-07-06 12:12:39,352] {databricks_base.py:406} INFO - Using token auth. For security reasons, please set token in Password field instead of extra
[2022-07-06 12:12:39,911] {databricks.py:71} INFO - process_twitter_data in run state: {'life_cycle_state': 'RUNNING', 'result_state': '', 'state_message': ''}
[2022-07-06 12:12:39,911] {databricks.py:72} INFO - View run status, Spark UI, and logs at https://adb-770153189229877.17.azuredatabricks.net/?o=770153189229877#job/711735064242409/run/4608
[2022-07-06 12:12:39,911] {databricks.py:73} INFO - Sleeping for 30 seconds.
[2022-07-06 12:13:09,941] {databricks_base.py:406} INFO - Using token auth. For security reasons, please set token in Password field instead of extra
[2022-07-06 12:13:10,643] {databricks_base.py:406} INFO - Using token auth. For security reasons, please set token in Password field instead of extra
[2022-07-06 12:13:11,253] {taskinstance.py:1889} ERROR - Task failed with exception
Traceback (most recent call last):
  File "/home/nicholas/.local/lib/python3.10/site-packages/airflow/providers/databricks/hooks/databricks_base.py", line 498, in _do_api_call
    for attempt in self._get_retry_object():
  File "/home/nicholas/.local/lib/python3.10/site-packages/tenacity/__init__.py", line 382, in __iter__
    do = self.iter(retry_state=retry_state)
  File "/home/nicholas/.local/lib/python3.10/site-packages/tenacity/__init__.py", line 349, in iter
    return fut.result()
  File "/usr/lib/python3.10/concurrent/futures/_base.py", line 439, in result
    return self.__get_result()
  File "/usr/lib/python3.10/concurrent/futures/_base.py", line 391, in __get_result
    raise self._exception
  File "/home/nicholas/.local/lib/python3.10/site-packages/airflow/providers/databricks/hooks/databricks_base.py", line 508, in _do_api_call
    response.raise_for_status()
  File "/home/nicholas/.local/lib/python3.10/site-packages/requests/models.py", line 1021, in raise_for_status
    raise HTTPError(http_error_msg, response=self)
requests.exceptions.HTTPError: 400 Client Error: Bad Request for url: https://adb-770153189229877.17.azuredatabricks.net/api/2.1/jobs/runs/get-output?run_id=4608

During handling of the above exception, another exception occurred:

Traceback (most recent call last):
  File "/home/nicholas/.local/lib/python3.10/site-packages/airflow/providers/databricks/operators/databricks.py", line 655, in execute
    _handle_databricks_operator_execution(self, hook, self.log, context)
  File "/home/nicholas/.local/lib/python3.10/site-packages/airflow/providers/databricks/operators/databricks.py", line 63, in _handle_databricks_operator_execution
    run_output = hook.get_run_output(operator.run_id)
  File "/home/nicholas/.local/lib/python3.10/site-packages/airflow/providers/databricks/hooks/databricks.py", line 309, in get_run_output
    run_output = self._do_api_call(OUTPUT_RUNS_JOB_ENDPOINT, json)
  File "/home/nicholas/.local/lib/python3.10/site-packages/airflow/providers/databricks/hooks/databricks_base.py", line 514, in _do_api_call
    raise AirflowException(
airflow.exceptions.AirflowException: Response: b'{"error_code":"INVALID_PARAMETER_VALUE","message":"Retrieving the output of runs with multiple tasks is not supported. Please retrieve the output of each individual task run instead."}', Status Code: 400
[2022-07-06 12:13:11,258] {taskinstance.py:1395} INFO - Marking task as UP_FOR_RETRY. dag_id=twitter_dag, task_id=process_twitter_data, execution_date=20220706T150317, start_date=20220706T150325, end_date=20220706T151311
[2022-07-06 12:13:11,297] {standard_task_runner.py:92} ERROR - Failed to execute job 49 for task process_twitter_data ((sqlite3.IntegrityError) FOREIGN KEY constraint failed
[SQL: INSERT INTO task_fail (task_id, dag_id, run_id, map_index, start_date, end_date, duration) VALUES (?, ?, ?, ?, ?, ?, ?)]
[parameters: ('process_twitter_data', 'twitter_dag', 'manual__2022-07-06T15:03:17.721398+00:00', -1, '2022-07-06 15:03:25.751268', '2022-07-06 15:13:11.257905', 585)]
(Background on this error at: http://sqlalche.me/e/14/gkpj); 9217)
[2022-07-06 12:13:11,325] {local_task_job.py:156} INFO - Task exited with return code 1
