[2022-07-06 16:19:25,738] {taskinstance.py:1159} INFO - Dependencies all met for <TaskInstance: twitter_dag.json_to_parquet_task manual__2022-07-06T19:19:17.415401+00:00 [queued]>
[2022-07-06 16:19:25,750] {taskinstance.py:1159} INFO - Dependencies all met for <TaskInstance: twitter_dag.json_to_parquet_task manual__2022-07-06T19:19:17.415401+00:00 [queued]>
[2022-07-06 16:19:25,751] {taskinstance.py:1356} INFO - 
--------------------------------------------------------------------------------
[2022-07-06 16:19:25,751] {taskinstance.py:1357} INFO - Starting attempt 1 of 4
[2022-07-06 16:19:25,751] {taskinstance.py:1358} INFO - 
--------------------------------------------------------------------------------
[2022-07-06 16:19:25,772] {taskinstance.py:1377} INFO - Executing <Task(DatabricksRunNowOperator): json_to_parquet_task> on 2022-07-06 19:19:17.415401+00:00
[2022-07-06 16:19:25,773] {standard_task_runner.py:52} INFO - Started process 48779 to run task
[2022-07-06 16:19:25,780] {standard_task_runner.py:79} INFO - Running: ['airflow', 'tasks', 'run', 'twitter_dag', 'json_to_parquet_task', 'manual__2022-07-06T19:19:17.415401+00:00', '--job-id', '58', '--raw', '--subdir', 'DAGS_FOLDER/twitter_dag.py', '--cfg-path', '/tmp/tmp1w5075b0', '--error-file', '/tmp/tmpnmjnrsdl']
[2022-07-06 16:19:25,781] {standard_task_runner.py:80} INFO - Job 58: Subtask json_to_parquet_task
[2022-07-06 16:19:25,841] {task_command.py:370} INFO - Running <TaskInstance: twitter_dag.json_to_parquet_task manual__2022-07-06T19:19:17.415401+00:00 [running]> on host nicholas-VirtualBox
[2022-07-06 16:19:25,918] {taskinstance.py:1569} INFO - Exporting the following env vars:
AIRFLOW_CTX_DAG_EMAIL=nicholas.comuni@outlook.com
AIRFLOW_CTX_DAG_OWNER=Nicholas
AIRFLOW_CTX_DAG_ID=twitter_dag
AIRFLOW_CTX_TASK_ID=json_to_parquet_task
AIRFLOW_CTX_EXECUTION_DATE=2022-07-06T19:19:17.415401+00:00
AIRFLOW_CTX_TRY_NUMBER=1
AIRFLOW_CTX_DAG_RUN_ID=manual__2022-07-06T19:19:17.415401+00:00
[2022-07-06 16:19:25,927] {base.py:68} INFO - Using connection ID 'databricks_conn' for task execution.
[2022-07-06 16:19:25,929] {databricks_base.py:406} INFO - Using token auth. For security reasons, please set token in Password field instead of extra
[2022-07-06 16:19:27,075] {databricks.py:49} INFO - Run submitted with run_id: 13582
[2022-07-06 16:19:27,076] {databricks_base.py:406} INFO - Using token auth. For security reasons, please set token in Password field instead of extra
[2022-07-06 16:19:27,831] {databricks_base.py:406} INFO - Using token auth. For security reasons, please set token in Password field instead of extra
[2022-07-06 16:19:28,469] {databricks.py:71} INFO - json_to_parquet_task in run state: {'life_cycle_state': 'RUNNING', 'result_state': '', 'state_message': ''}
[2022-07-06 16:19:28,469] {databricks.py:72} INFO - View run status, Spark UI, and logs at https://adb-770153189229877.17.azuredatabricks.net/?o=770153189229877#job/711735064242409/run/13582
[2022-07-06 16:19:28,469] {databricks.py:73} INFO - Sleeping for 30 seconds.
[2022-07-06 16:19:58,498] {databricks_base.py:406} INFO - Using token auth. For security reasons, please set token in Password field instead of extra
[2022-07-06 16:19:59,046] {databricks.py:71} INFO - json_to_parquet_task in run state: {'life_cycle_state': 'RUNNING', 'result_state': '', 'state_message': ''}
[2022-07-06 16:19:59,046] {databricks.py:72} INFO - View run status, Spark UI, and logs at https://adb-770153189229877.17.azuredatabricks.net/?o=770153189229877#job/711735064242409/run/13582
[2022-07-06 16:19:59,046] {databricks.py:73} INFO - Sleeping for 30 seconds.
[2022-07-06 16:20:29,068] {databricks_base.py:406} INFO - Using token auth. For security reasons, please set token in Password field instead of extra
[2022-07-06 16:20:29,799] {databricks.py:71} INFO - json_to_parquet_task in run state: {'life_cycle_state': 'RUNNING', 'result_state': '', 'state_message': ''}
[2022-07-06 16:20:29,799] {databricks.py:72} INFO - View run status, Spark UI, and logs at https://adb-770153189229877.17.azuredatabricks.net/?o=770153189229877#job/711735064242409/run/13582
[2022-07-06 16:20:29,799] {databricks.py:73} INFO - Sleeping for 30 seconds.
[2022-07-06 16:20:59,818] {databricks_base.py:406} INFO - Using token auth. For security reasons, please set token in Password field instead of extra
[2022-07-06 16:21:00,406] {databricks.py:71} INFO - json_to_parquet_task in run state: {'life_cycle_state': 'RUNNING', 'result_state': '', 'state_message': ''}
[2022-07-06 16:21:00,406] {databricks.py:72} INFO - View run status, Spark UI, and logs at https://adb-770153189229877.17.azuredatabricks.net/?o=770153189229877#job/711735064242409/run/13582
[2022-07-06 16:21:00,406] {databricks.py:73} INFO - Sleeping for 30 seconds.
[2022-07-06 16:21:30,438] {databricks_base.py:406} INFO - Using token auth. For security reasons, please set token in Password field instead of extra
[2022-07-06 16:21:31,036] {databricks.py:71} INFO - json_to_parquet_task in run state: {'life_cycle_state': 'RUNNING', 'result_state': '', 'state_message': ''}
[2022-07-06 16:21:31,036] {databricks.py:72} INFO - View run status, Spark UI, and logs at https://adb-770153189229877.17.azuredatabricks.net/?o=770153189229877#job/711735064242409/run/13582
[2022-07-06 16:21:31,036] {databricks.py:73} INFO - Sleeping for 30 seconds.
[2022-07-06 16:22:01,067] {databricks_base.py:406} INFO - Using token auth. For security reasons, please set token in Password field instead of extra
[2022-07-06 16:22:01,637] {databricks.py:71} INFO - json_to_parquet_task in run state: {'life_cycle_state': 'RUNNING', 'result_state': '', 'state_message': ''}
[2022-07-06 16:22:01,637] {databricks.py:72} INFO - View run status, Spark UI, and logs at https://adb-770153189229877.17.azuredatabricks.net/?o=770153189229877#job/711735064242409/run/13582
[2022-07-06 16:22:01,637] {databricks.py:73} INFO - Sleeping for 30 seconds.
[2022-07-06 16:22:31,651] {databricks_base.py:406} INFO - Using token auth. For security reasons, please set token in Password field instead of extra
[2022-07-06 16:22:32,379] {databricks.py:71} INFO - json_to_parquet_task in run state: {'life_cycle_state': 'RUNNING', 'result_state': '', 'state_message': ''}
[2022-07-06 16:22:32,380] {databricks.py:72} INFO - View run status, Spark UI, and logs at https://adb-770153189229877.17.azuredatabricks.net/?o=770153189229877#job/711735064242409/run/13582
[2022-07-06 16:22:32,380] {databricks.py:73} INFO - Sleeping for 30 seconds.
[2022-07-06 16:23:02,407] {databricks_base.py:406} INFO - Using token auth. For security reasons, please set token in Password field instead of extra
[2022-07-06 16:23:03,142] {databricks.py:59} INFO - json_to_parquet_task completed successfully.
[2022-07-06 16:23:03,142] {databricks.py:60} INFO - View run status, Spark UI, and logs at https://adb-770153189229877.17.azuredatabricks.net/?o=770153189229877#job/711735064242409/run/13582
[2022-07-06 16:23:03,150] {taskinstance.py:1395} INFO - Marking task as SUCCESS. dag_id=twitter_dag, task_id=json_to_parquet_task, execution_date=20220706T191917, start_date=20220706T191925, end_date=20220706T192303
[2022-07-06 16:23:03,189] {local_task_job.py:156} INFO - Task exited with return code 0
[2022-07-06 16:23:03,212] {local_task_job.py:273} INFO - 1 downstream tasks scheduled from follow-on schedule check
