[2022-07-06 18:09:48,499] {taskinstance.py:1159} INFO - Dependencies all met for <TaskInstance: twitter_dag.json_to_parquet_task manual__2022-07-06T21:09:36.868873+00:00 [queued]>
[2022-07-06 18:09:48,515] {taskinstance.py:1159} INFO - Dependencies all met for <TaskInstance: twitter_dag.json_to_parquet_task manual__2022-07-06T21:09:36.868873+00:00 [queued]>
[2022-07-06 18:09:48,515] {taskinstance.py:1356} INFO - 
--------------------------------------------------------------------------------
[2022-07-06 18:09:48,515] {taskinstance.py:1357} INFO - Starting attempt 1 of 4
[2022-07-06 18:09:48,515] {taskinstance.py:1358} INFO - 
--------------------------------------------------------------------------------
[2022-07-06 18:09:48,531] {taskinstance.py:1377} INFO - Executing <Task(DatabricksRunNowOperator): json_to_parquet_task> on 2022-07-06 21:09:36.868873+00:00
[2022-07-06 18:09:48,533] {standard_task_runner.py:52} INFO - Started process 65911 to run task
[2022-07-06 18:09:48,539] {standard_task_runner.py:79} INFO - Running: ['airflow', 'tasks', 'run', 'twitter_dag', 'json_to_parquet_task', 'manual__2022-07-06T21:09:36.868873+00:00', '--job-id', '62', '--raw', '--subdir', 'DAGS_FOLDER/twitter_dag.py', '--cfg-path', '/tmp/tmpbev98a3s', '--error-file', '/tmp/tmpsajj_l_q']
[2022-07-06 18:09:48,541] {standard_task_runner.py:80} INFO - Job 62: Subtask json_to_parquet_task
[2022-07-06 18:09:48,584] {task_command.py:370} INFO - Running <TaskInstance: twitter_dag.json_to_parquet_task manual__2022-07-06T21:09:36.868873+00:00 [running]> on host nicholas-VirtualBox
[2022-07-06 18:09:48,673] {taskinstance.py:1569} INFO - Exporting the following env vars:
AIRFLOW_CTX_DAG_EMAIL=nicholas.comuni@outlook.com
AIRFLOW_CTX_DAG_OWNER=Nicholas
AIRFLOW_CTX_DAG_ID=twitter_dag
AIRFLOW_CTX_TASK_ID=json_to_parquet_task
AIRFLOW_CTX_EXECUTION_DATE=2022-07-06T21:09:36.868873+00:00
AIRFLOW_CTX_TRY_NUMBER=1
AIRFLOW_CTX_DAG_RUN_ID=manual__2022-07-06T21:09:36.868873+00:00
[2022-07-06 18:09:48,679] {base.py:68} INFO - Using connection ID 'databricks_conn' for task execution.
[2022-07-06 18:09:48,681] {databricks_base.py:406} INFO - Using token auth. For security reasons, please set token in Password field instead of extra
[2022-07-06 18:09:49,723] {databricks.py:49} INFO - Run submitted with run_id: 17921
[2022-07-06 18:09:49,724] {databricks_base.py:406} INFO - Using token auth. For security reasons, please set token in Password field instead of extra
[2022-07-06 18:09:50,361] {databricks_base.py:406} INFO - Using token auth. For security reasons, please set token in Password field instead of extra
[2022-07-06 18:09:51,012] {databricks.py:71} INFO - json_to_parquet_task in run state: {'life_cycle_state': 'RUNNING', 'result_state': '', 'state_message': ''}
[2022-07-06 18:09:51,013] {databricks.py:72} INFO - View run status, Spark UI, and logs at https://adb-770153189229877.17.azuredatabricks.net/?o=770153189229877#job/711735064242409/run/17921
[2022-07-06 18:09:51,013] {databricks.py:73} INFO - Sleeping for 30 seconds.
[2022-07-06 18:10:21,043] {databricks_base.py:406} INFO - Using token auth. For security reasons, please set token in Password field instead of extra
[2022-07-06 18:10:21,627] {databricks.py:71} INFO - json_to_parquet_task in run state: {'life_cycle_state': 'RUNNING', 'result_state': '', 'state_message': ''}
[2022-07-06 18:10:21,627] {databricks.py:72} INFO - View run status, Spark UI, and logs at https://adb-770153189229877.17.azuredatabricks.net/?o=770153189229877#job/711735064242409/run/17921
[2022-07-06 18:10:21,627] {databricks.py:73} INFO - Sleeping for 30 seconds.
[2022-07-06 18:10:51,653] {databricks_base.py:406} INFO - Using token auth. For security reasons, please set token in Password field instead of extra
[2022-07-06 18:10:52,213] {databricks.py:71} INFO - json_to_parquet_task in run state: {'life_cycle_state': 'RUNNING', 'result_state': '', 'state_message': ''}
[2022-07-06 18:10:52,214] {databricks.py:72} INFO - View run status, Spark UI, and logs at https://adb-770153189229877.17.azuredatabricks.net/?o=770153189229877#job/711735064242409/run/17921
[2022-07-06 18:10:52,214] {databricks.py:73} INFO - Sleeping for 30 seconds.
[2022-07-06 18:11:22,242] {databricks_base.py:406} INFO - Using token auth. For security reasons, please set token in Password field instead of extra
[2022-07-06 18:11:22,851] {databricks.py:71} INFO - json_to_parquet_task in run state: {'life_cycle_state': 'RUNNING', 'result_state': '', 'state_message': ''}
[2022-07-06 18:11:22,851] {databricks.py:72} INFO - View run status, Spark UI, and logs at https://adb-770153189229877.17.azuredatabricks.net/?o=770153189229877#job/711735064242409/run/17921
[2022-07-06 18:11:22,851] {databricks.py:73} INFO - Sleeping for 30 seconds.
[2022-07-06 18:11:52,886] {databricks_base.py:406} INFO - Using token auth. For security reasons, please set token in Password field instead of extra
[2022-07-06 18:11:53,518] {databricks.py:71} INFO - json_to_parquet_task in run state: {'life_cycle_state': 'RUNNING', 'result_state': '', 'state_message': ''}
[2022-07-06 18:11:53,518] {databricks.py:72} INFO - View run status, Spark UI, and logs at https://adb-770153189229877.17.azuredatabricks.net/?o=770153189229877#job/711735064242409/run/17921
[2022-07-06 18:11:53,518] {databricks.py:73} INFO - Sleeping for 30 seconds.
[2022-07-06 18:12:23,545] {databricks_base.py:406} INFO - Using token auth. For security reasons, please set token in Password field instead of extra
[2022-07-06 18:12:24,167] {databricks.py:71} INFO - json_to_parquet_task in run state: {'life_cycle_state': 'RUNNING', 'result_state': '', 'state_message': ''}
[2022-07-06 18:12:24,167] {databricks.py:72} INFO - View run status, Spark UI, and logs at https://adb-770153189229877.17.azuredatabricks.net/?o=770153189229877#job/711735064242409/run/17921
[2022-07-06 18:12:24,167] {databricks.py:73} INFO - Sleeping for 30 seconds.
[2022-07-06 18:12:54,178] {databricks_base.py:406} INFO - Using token auth. For security reasons, please set token in Password field instead of extra
[2022-07-06 18:12:54,739] {databricks.py:71} INFO - json_to_parquet_task in run state: {'life_cycle_state': 'RUNNING', 'result_state': '', 'state_message': ''}
[2022-07-06 18:12:54,740] {databricks.py:72} INFO - View run status, Spark UI, and logs at https://adb-770153189229877.17.azuredatabricks.net/?o=770153189229877#job/711735064242409/run/17921
[2022-07-06 18:12:54,740] {databricks.py:73} INFO - Sleeping for 30 seconds.
[2022-07-06 18:13:24,770] {databricks_base.py:406} INFO - Using token auth. For security reasons, please set token in Password field instead of extra
[2022-07-06 18:13:25,320] {databricks.py:71} INFO - json_to_parquet_task in run state: {'life_cycle_state': 'RUNNING', 'result_state': '', 'state_message': ''}
[2022-07-06 18:13:25,320] {databricks.py:72} INFO - View run status, Spark UI, and logs at https://adb-770153189229877.17.azuredatabricks.net/?o=770153189229877#job/711735064242409/run/17921
[2022-07-06 18:13:25,320] {databricks.py:73} INFO - Sleeping for 30 seconds.
[2022-07-06 18:13:55,350] {databricks_base.py:406} INFO - Using token auth. For security reasons, please set token in Password field instead of extra
[2022-07-06 18:13:55,932] {databricks.py:71} INFO - json_to_parquet_task in run state: {'life_cycle_state': 'RUNNING', 'result_state': '', 'state_message': ''}
[2022-07-06 18:13:55,932] {databricks.py:72} INFO - View run status, Spark UI, and logs at https://adb-770153189229877.17.azuredatabricks.net/?o=770153189229877#job/711735064242409/run/17921
[2022-07-06 18:13:55,932] {databricks.py:73} INFO - Sleeping for 30 seconds.
[2022-07-06 18:14:25,964] {databricks_base.py:406} INFO - Using token auth. For security reasons, please set token in Password field instead of extra
[2022-07-06 18:14:26,545] {databricks.py:71} INFO - json_to_parquet_task in run state: {'life_cycle_state': 'RUNNING', 'result_state': '', 'state_message': ''}
[2022-07-06 18:14:26,545] {databricks.py:72} INFO - View run status, Spark UI, and logs at https://adb-770153189229877.17.azuredatabricks.net/?o=770153189229877#job/711735064242409/run/17921
[2022-07-06 18:14:26,545] {databricks.py:73} INFO - Sleeping for 30 seconds.
[2022-07-06 18:14:56,622] {databricks_base.py:406} INFO - Using token auth. For security reasons, please set token in Password field instead of extra
[2022-07-06 18:14:57,473] {databricks.py:71} INFO - json_to_parquet_task in run state: {'life_cycle_state': 'RUNNING', 'result_state': '', 'state_message': ''}
[2022-07-06 18:14:57,473] {databricks.py:72} INFO - View run status, Spark UI, and logs at https://adb-770153189229877.17.azuredatabricks.net/?o=770153189229877#job/711735064242409/run/17921
[2022-07-06 18:14:57,473] {databricks.py:73} INFO - Sleeping for 30 seconds.
[2022-07-06 18:15:27,499] {databricks_base.py:406} INFO - Using token auth. For security reasons, please set token in Password field instead of extra
[2022-07-06 18:15:28,087] {databricks.py:71} INFO - json_to_parquet_task in run state: {'life_cycle_state': 'RUNNING', 'result_state': '', 'state_message': ''}
[2022-07-06 18:15:28,088] {databricks.py:72} INFO - View run status, Spark UI, and logs at https://adb-770153189229877.17.azuredatabricks.net/?o=770153189229877#job/711735064242409/run/17921
[2022-07-06 18:15:28,088] {databricks.py:73} INFO - Sleeping for 30 seconds.
[2022-07-06 18:15:58,118] {databricks_base.py:406} INFO - Using token auth. For security reasons, please set token in Password field instead of extra
[2022-07-06 18:15:58,729] {databricks.py:71} INFO - json_to_parquet_task in run state: {'life_cycle_state': 'RUNNING', 'result_state': '', 'state_message': ''}
[2022-07-06 18:15:58,729] {databricks.py:72} INFO - View run status, Spark UI, and logs at https://adb-770153189229877.17.azuredatabricks.net/?o=770153189229877#job/711735064242409/run/17921
[2022-07-06 18:15:58,729] {databricks.py:73} INFO - Sleeping for 30 seconds.
[2022-07-06 18:16:28,759] {databricks_base.py:406} INFO - Using token auth. For security reasons, please set token in Password field instead of extra
[2022-07-06 18:16:29,523] {databricks.py:71} INFO - json_to_parquet_task in run state: {'life_cycle_state': 'RUNNING', 'result_state': '', 'state_message': ''}
[2022-07-06 18:16:29,523] {databricks.py:72} INFO - View run status, Spark UI, and logs at https://adb-770153189229877.17.azuredatabricks.net/?o=770153189229877#job/711735064242409/run/17921
[2022-07-06 18:16:29,523] {databricks.py:73} INFO - Sleeping for 30 seconds.
[2022-07-06 18:16:59,555] {databricks_base.py:406} INFO - Using token auth. For security reasons, please set token in Password field instead of extra
[2022-07-06 18:17:00,127] {databricks.py:71} INFO - json_to_parquet_task in run state: {'life_cycle_state': 'RUNNING', 'result_state': '', 'state_message': ''}
[2022-07-06 18:17:00,127] {databricks.py:72} INFO - View run status, Spark UI, and logs at https://adb-770153189229877.17.azuredatabricks.net/?o=770153189229877#job/711735064242409/run/17921
[2022-07-06 18:17:00,127] {databricks.py:73} INFO - Sleeping for 30 seconds.
[2022-07-06 18:17:30,154] {databricks_base.py:406} INFO - Using token auth. For security reasons, please set token in Password field instead of extra
[2022-07-06 18:17:30,703] {databricks.py:71} INFO - json_to_parquet_task in run state: {'life_cycle_state': 'RUNNING', 'result_state': '', 'state_message': ''}
[2022-07-06 18:17:30,703] {databricks.py:72} INFO - View run status, Spark UI, and logs at https://adb-770153189229877.17.azuredatabricks.net/?o=770153189229877#job/711735064242409/run/17921
[2022-07-06 18:17:30,703] {databricks.py:73} INFO - Sleeping for 30 seconds.
[2022-07-06 18:18:00,735] {databricks_base.py:406} INFO - Using token auth. For security reasons, please set token in Password field instead of extra
[2022-07-06 18:18:01,440] {databricks.py:71} INFO - json_to_parquet_task in run state: {'life_cycle_state': 'RUNNING', 'result_state': '', 'state_message': ''}
[2022-07-06 18:18:01,440] {databricks.py:72} INFO - View run status, Spark UI, and logs at https://adb-770153189229877.17.azuredatabricks.net/?o=770153189229877#job/711735064242409/run/17921
[2022-07-06 18:18:01,440] {databricks.py:73} INFO - Sleeping for 30 seconds.
[2022-07-06 18:18:31,471] {databricks_base.py:406} INFO - Using token auth. For security reasons, please set token in Password field instead of extra
[2022-07-06 18:18:32,056] {databricks.py:71} INFO - json_to_parquet_task in run state: {'life_cycle_state': 'RUNNING', 'result_state': '', 'state_message': ''}
[2022-07-06 18:18:32,056] {databricks.py:72} INFO - View run status, Spark UI, and logs at https://adb-770153189229877.17.azuredatabricks.net/?o=770153189229877#job/711735064242409/run/17921
[2022-07-06 18:18:32,056] {databricks.py:73} INFO - Sleeping for 30 seconds.
[2022-07-06 18:19:02,089] {databricks_base.py:406} INFO - Using token auth. For security reasons, please set token in Password field instead of extra
[2022-07-06 18:19:02,677] {databricks.py:71} INFO - json_to_parquet_task in run state: {'life_cycle_state': 'RUNNING', 'result_state': '', 'state_message': ''}
[2022-07-06 18:19:02,677] {databricks.py:72} INFO - View run status, Spark UI, and logs at https://adb-770153189229877.17.azuredatabricks.net/?o=770153189229877#job/711735064242409/run/17921
[2022-07-06 18:19:02,677] {databricks.py:73} INFO - Sleeping for 30 seconds.
[2022-07-06 18:19:32,697] {databricks_base.py:406} INFO - Using token auth. For security reasons, please set token in Password field instead of extra
[2022-07-06 18:19:33,284] {databricks.py:71} INFO - json_to_parquet_task in run state: {'life_cycle_state': 'RUNNING', 'result_state': '', 'state_message': ''}
[2022-07-06 18:19:33,284] {databricks.py:72} INFO - View run status, Spark UI, and logs at https://adb-770153189229877.17.azuredatabricks.net/?o=770153189229877#job/711735064242409/run/17921
[2022-07-06 18:19:33,284] {databricks.py:73} INFO - Sleeping for 30 seconds.
[2022-07-06 18:20:03,314] {databricks_base.py:406} INFO - Using token auth. For security reasons, please set token in Password field instead of extra
[2022-07-06 18:20:03,947] {databricks.py:71} INFO - json_to_parquet_task in run state: {'life_cycle_state': 'RUNNING', 'result_state': '', 'state_message': ''}
[2022-07-06 18:20:03,948] {databricks.py:72} INFO - View run status, Spark UI, and logs at https://adb-770153189229877.17.azuredatabricks.net/?o=770153189229877#job/711735064242409/run/17921
[2022-07-06 18:20:03,948] {databricks.py:73} INFO - Sleeping for 30 seconds.
[2022-07-06 18:20:33,980] {databricks_base.py:406} INFO - Using token auth. For security reasons, please set token in Password field instead of extra
[2022-07-06 18:20:34,560] {databricks.py:71} INFO - json_to_parquet_task in run state: {'life_cycle_state': 'RUNNING', 'result_state': '', 'state_message': ''}
[2022-07-06 18:20:34,560] {databricks.py:72} INFO - View run status, Spark UI, and logs at https://adb-770153189229877.17.azuredatabricks.net/?o=770153189229877#job/711735064242409/run/17921
[2022-07-06 18:20:34,560] {databricks.py:73} INFO - Sleeping for 30 seconds.
[2022-07-06 18:21:04,586] {databricks_base.py:406} INFO - Using token auth. For security reasons, please set token in Password field instead of extra
[2022-07-06 18:21:05,168] {databricks.py:71} INFO - json_to_parquet_task in run state: {'life_cycle_state': 'RUNNING', 'result_state': '', 'state_message': ''}
[2022-07-06 18:21:05,168] {databricks.py:72} INFO - View run status, Spark UI, and logs at https://adb-770153189229877.17.azuredatabricks.net/?o=770153189229877#job/711735064242409/run/17921
[2022-07-06 18:21:05,168] {databricks.py:73} INFO - Sleeping for 30 seconds.
[2022-07-06 18:21:35,197] {databricks_base.py:406} INFO - Using token auth. For security reasons, please set token in Password field instead of extra
[2022-07-06 18:21:35,812] {databricks.py:71} INFO - json_to_parquet_task in run state: {'life_cycle_state': 'RUNNING', 'result_state': '', 'state_message': ''}
[2022-07-06 18:21:35,812] {databricks.py:72} INFO - View run status, Spark UI, and logs at https://adb-770153189229877.17.azuredatabricks.net/?o=770153189229877#job/711735064242409/run/17921
[2022-07-06 18:21:35,812] {databricks.py:73} INFO - Sleeping for 30 seconds.
[2022-07-06 18:22:05,830] {databricks_base.py:406} INFO - Using token auth. For security reasons, please set token in Password field instead of extra
[2022-07-06 18:22:06,589] {databricks.py:71} INFO - json_to_parquet_task in run state: {'life_cycle_state': 'RUNNING', 'result_state': '', 'state_message': ''}
[2022-07-06 18:22:06,589] {databricks.py:72} INFO - View run status, Spark UI, and logs at https://adb-770153189229877.17.azuredatabricks.net/?o=770153189229877#job/711735064242409/run/17921
[2022-07-06 18:22:06,589] {databricks.py:73} INFO - Sleeping for 30 seconds.
[2022-07-06 18:22:36,615] {databricks_base.py:406} INFO - Using token auth. For security reasons, please set token in Password field instead of extra
[2022-07-06 18:22:37,199] {databricks.py:59} INFO - json_to_parquet_task completed successfully.
[2022-07-06 18:22:37,199] {databricks.py:60} INFO - View run status, Spark UI, and logs at https://adb-770153189229877.17.azuredatabricks.net/?o=770153189229877#job/711735064242409/run/17921
[2022-07-06 18:22:37,206] {taskinstance.py:1395} INFO - Marking task as SUCCESS. dag_id=twitter_dag, task_id=json_to_parquet_task, execution_date=20220706T210936, start_date=20220706T210948, end_date=20220706T212237
[2022-07-06 18:22:37,235] {local_task_job.py:156} INFO - Task exited with return code 0
[2022-07-06 18:22:37,263] {local_task_job.py:273} INFO - 1 downstream tasks scheduled from follow-on schedule check
