[2022-07-06 21:05:04,057] {taskinstance.py:1159} INFO - Dependencies all met for <TaskInstance: twitter_dag.request_twitter_data scheduled__2022-07-06T00:00:00+00:00 [queued]>
[2022-07-06 21:05:04,066] {taskinstance.py:1159} INFO - Dependencies all met for <TaskInstance: twitter_dag.request_twitter_data scheduled__2022-07-06T00:00:00+00:00 [queued]>
[2022-07-06 21:05:04,066] {taskinstance.py:1356} INFO - 
--------------------------------------------------------------------------------
[2022-07-06 21:05:04,066] {taskinstance.py:1357} INFO - Starting attempt 1 of 4
[2022-07-06 21:05:04,066] {taskinstance.py:1358} INFO - 
--------------------------------------------------------------------------------
[2022-07-06 21:05:04,086] {taskinstance.py:1377} INFO - Executing <Task(PythonOperator): request_twitter_data> on 2022-07-06 00:00:00+00:00
[2022-07-06 21:05:04,088] {standard_task_runner.py:52} INFO - Started process 149363 to run task
[2022-07-06 21:05:04,090] {standard_task_runner.py:79} INFO - Running: ['airflow', 'tasks', 'run', 'twitter_dag', 'request_twitter_data', 'scheduled__2022-07-06T00:00:00+00:00', '--job-id', '82', '--raw', '--subdir', 'DAGS_FOLDER/twitter_dag.py', '--cfg-path', '/tmp/tmpo0vxr63j', '--error-file', '/tmp/tmpx3d7qoz9']
[2022-07-06 21:05:04,091] {standard_task_runner.py:80} INFO - Job 82: Subtask request_twitter_data
[2022-07-06 21:05:04,155] {task_command.py:370} INFO - Running <TaskInstance: twitter_dag.request_twitter_data scheduled__2022-07-06T00:00:00+00:00 [running]> on host nicholas-VirtualBox
[2022-07-06 21:05:04,225] {taskinstance.py:1569} INFO - Exporting the following env vars:
AIRFLOW_CTX_DAG_EMAIL=nicholas.comuni@outlook.com
AIRFLOW_CTX_DAG_OWNER=Nicholas
AIRFLOW_CTX_DAG_ID=twitter_dag
AIRFLOW_CTX_TASK_ID=request_twitter_data
AIRFLOW_CTX_EXECUTION_DATE=2022-07-06T00:00:00+00:00
AIRFLOW_CTX_TRY_NUMBER=1
AIRFLOW_CTX_DAG_RUN_ID=scheduled__2022-07-06T00:00:00+00:00
[2022-07-06 21:05:04,920] {logging_mixin.py:115} INFO - /tmp/tmp4bsbhus7/australia.json
[2022-07-06 21:05:04,925] {base.py:68} INFO - Using connection ID 'wasbconn' for task execution.
[2022-07-06 21:05:04,927] {_universal.py:473} INFO - Request URL: 'https://serasadatalake.blob.core.windows.net/landingzone/hashtags/australia/2022/7/australia_2022-07-06%2021_05_04.920409.json'
Request method: 'PUT'
Request headers:
    'x-ms-blob-type': 'REDACTED'
    'Content-Length': '3192'
    'If-None-Match': '*'
    'x-ms-version': 'REDACTED'
    'Content-Type': 'application/octet-stream'
    'Accept': 'application/xml'
    'User-Agent': 'azsdk-python-storage-blob/12.8.1 Python/3.10.4 (Linux-5.15.0-39-generic-x86_64-with-glibc2.35)'
    'x-ms-date': 'REDACTED'
    'x-ms-client-request-id': '743e75d6-fd88-11ec-bec2-bb469e0cbda2'
    'Authorization': 'REDACTED'
A body is sent with the request
[2022-07-06 21:05:05,777] {_universal.py:504} INFO - Response status: 201
Response headers:
    'Content-Length': '0'
    'Content-MD5': 'REDACTED'
    'Last-Modified': 'Thu, 07 Jul 2022 00:05:06 GMT'
    'ETag': '"0x8DA5FAC5918DAA9"'
    'Server': 'Windows-Azure-Blob/1.0 Microsoft-HTTPAPI/2.0'
    'x-ms-request-id': 'ffd890ac-d01e-0019-5f95-91cbbc000000'
    'x-ms-client-request-id': '743e75d6-fd88-11ec-bec2-bb469e0cbda2'
    'x-ms-version': 'REDACTED'
    'x-ms-content-crc64': 'REDACTED'
    'x-ms-request-server-encrypted': 'REDACTED'
    'Date': 'Thu, 07 Jul 2022 00:05:05 GMT'
[2022-07-06 21:05:05,780] {python.py:173} INFO - Done. Returned value was: None
[2022-07-06 21:05:05,787] {taskinstance.py:1395} INFO - Marking task as SUCCESS. dag_id=twitter_dag, task_id=request_twitter_data, execution_date=20220706T000000, start_date=20220707T000504, end_date=20220707T000505
[2022-07-06 21:05:05,810] {local_task_job.py:156} INFO - Task exited with return code 0
[2022-07-06 21:05:05,842] {local_task_job.py:273} INFO - 1 downstream tasks scheduled from follow-on schedule check
