[2022-07-05 16:59:04,254] {taskinstance.py:1159} INFO - Dependencies all met for <TaskInstance: twitter_dag.request_twitter_data manual__2022-07-05T19:59:01.967148+00:00 [queued]>
[2022-07-05 16:59:04,261] {taskinstance.py:1159} INFO - Dependencies all met for <TaskInstance: twitter_dag.request_twitter_data manual__2022-07-05T19:59:01.967148+00:00 [queued]>
[2022-07-05 16:59:04,261] {taskinstance.py:1356} INFO - 
--------------------------------------------------------------------------------
[2022-07-05 16:59:04,261] {taskinstance.py:1357} INFO - Starting attempt 1 of 4
[2022-07-05 16:59:04,261] {taskinstance.py:1358} INFO - 
--------------------------------------------------------------------------------
[2022-07-05 16:59:04,281] {taskinstance.py:1377} INFO - Executing <Task(PythonOperator): request_twitter_data> on 2022-07-05 19:59:01.967148+00:00
[2022-07-05 16:59:04,283] {standard_task_runner.py:52} INFO - Started process 25164 to run task
[2022-07-05 16:59:04,288] {standard_task_runner.py:79} INFO - Running: ['airflow', 'tasks', 'run', 'twitter_dag', 'request_twitter_data', 'manual__2022-07-05T19:59:01.967148+00:00', '--job-id', '27', '--raw', '--subdir', 'DAGS_FOLDER/twitter_dag.py', '--cfg-path', '/tmp/tmptnnsb595', '--error-file', '/tmp/tmp9cm2unxn']
[2022-07-05 16:59:04,289] {standard_task_runner.py:80} INFO - Job 27: Subtask request_twitter_data
[2022-07-05 16:59:04,361] {task_command.py:370} INFO - Running <TaskInstance: twitter_dag.request_twitter_data manual__2022-07-05T19:59:01.967148+00:00 [running]> on host nicholas-VirtualBox
[2022-07-05 16:59:04,470] {taskinstance.py:1569} INFO - Exporting the following env vars:
AIRFLOW_CTX_DAG_EMAIL=nicholas.comuni@outlook.com
AIRFLOW_CTX_DAG_OWNER=Nicholas
AIRFLOW_CTX_DAG_ID=twitter_dag
AIRFLOW_CTX_TASK_ID=request_twitter_data
AIRFLOW_CTX_EXECUTION_DATE=2022-07-05T19:59:01.967148+00:00
AIRFLOW_CTX_TRY_NUMBER=1
AIRFLOW_CTX_DAG_RUN_ID=manual__2022-07-05T19:59:01.967148+00:00
[2022-07-05 16:59:05,228] {logging_mixin.py:115} INFO - /tmp/tmpt3ake1hl/covid19.json
[2022-07-05 16:59:05,235] {base.py:68} INFO - Using connection ID 'wasbconn' for task execution.
[2022-07-05 16:59:05,238] {_universal.py:473} INFO - Request URL: 'https://serasadatalake.blob.core.windows.net/landingzone/covid19/2022/7/covid19_2022-07-05%2016_59_05.228318.json'
Request method: 'PUT'
Request headers:
    'x-ms-blob-type': 'REDACTED'
    'Content-Length': '2900'
    'If-None-Match': '*'
    'x-ms-version': 'REDACTED'
    'Content-Type': 'application/octet-stream'
    'Accept': 'application/xml'
    'User-Agent': 'azsdk-python-storage-blob/12.8.1 Python/3.10.4 (Linux-5.15.0-39-generic-x86_64-with-glibc2.35)'
    'x-ms-date': 'REDACTED'
    'x-ms-client-request-id': 'ec5ecad0-fc9c-11ec-9005-b11393f1182e'
    'Authorization': 'REDACTED'
A body is sent with the request
[2022-07-05 16:59:06,089] {_universal.py:504} INFO - Response status: 201
Response headers:
    'Content-Length': '0'
    'Content-MD5': 'REDACTED'
    'Last-Modified': 'Tue, 05 Jul 2022 19:59:06 GMT'
    'ETag': '"0x8DA5EC0D189AD32"'
    'Server': 'Windows-Azure-Blob/1.0 Microsoft-HTTPAPI/2.0'
    'x-ms-request-id': '5017e3ed-601e-006e-47a9-901e28000000'
    'x-ms-client-request-id': 'ec5ecad0-fc9c-11ec-9005-b11393f1182e'
    'x-ms-version': 'REDACTED'
    'x-ms-content-crc64': 'REDACTED'
    'x-ms-request-server-encrypted': 'REDACTED'
    'Date': 'Tue, 05 Jul 2022 19:59:06 GMT'
[2022-07-05 16:59:06,094] {python.py:173} INFO - Done. Returned value was: None
[2022-07-05 16:59:06,102] {taskinstance.py:1395} INFO - Marking task as SUCCESS. dag_id=twitter_dag, task_id=request_twitter_data, execution_date=20220705T195901, start_date=20220705T195904, end_date=20220705T195906
[2022-07-05 16:59:06,136] {local_task_job.py:156} INFO - Task exited with return code 0
[2022-07-05 16:59:06,158] {local_task_job.py:273} INFO - 0 downstream tasks scheduled from follow-on schedule check
