[2022-07-06 20:18:05,570] {taskinstance.py:1159} INFO - Dependencies all met for <TaskInstance: twitter_dag.load_data_to_cosmosDB manual__2022-07-06T22:09:22.719912+00:00 [queued]>
[2022-07-06 20:18:05,577] {taskinstance.py:1159} INFO - Dependencies all met for <TaskInstance: twitter_dag.load_data_to_cosmosDB manual__2022-07-06T22:09:22.719912+00:00 [queued]>
[2022-07-06 20:18:05,577] {taskinstance.py:1356} INFO - 
--------------------------------------------------------------------------------
[2022-07-06 20:18:05,577] {taskinstance.py:1357} INFO - Starting attempt 2 of 4
[2022-07-06 20:18:05,577] {taskinstance.py:1358} INFO - 
--------------------------------------------------------------------------------
[2022-07-06 20:18:05,607] {taskinstance.py:1377} INFO - Executing <Task(DatabricksRunNowOperator): load_data_to_cosmosDB> on 2022-07-06 22:09:22.719912+00:00
[2022-07-06 20:18:05,609] {standard_task_runner.py:52} INFO - Started process 128540 to run task
[2022-07-06 20:18:05,611] {standard_task_runner.py:79} INFO - Running: ['airflow', 'tasks', 'run', 'twitter_dag', 'load_data_to_cosmosDB', 'manual__2022-07-06T22:09:22.719912+00:00', '--job-id', '73', '--raw', '--subdir', 'DAGS_FOLDER/twitter_dag.py', '--cfg-path', '/tmp/tmp68x2blu9', '--error-file', '/tmp/tmprh9rwb6x']
[2022-07-06 20:18:05,612] {standard_task_runner.py:80} INFO - Job 73: Subtask load_data_to_cosmosDB
[2022-07-06 20:18:05,647] {task_command.py:370} INFO - Running <TaskInstance: twitter_dag.load_data_to_cosmosDB manual__2022-07-06T22:09:22.719912+00:00 [running]> on host nicholas-VirtualBox
[2022-07-06 20:18:05,701] {taskinstance.py:1569} INFO - Exporting the following env vars:
AIRFLOW_CTX_DAG_EMAIL=nicholas.comuni@outlook.com
AIRFLOW_CTX_DAG_OWNER=Nicholas
AIRFLOW_CTX_DAG_ID=twitter_dag
AIRFLOW_CTX_TASK_ID=load_data_to_cosmosDB
AIRFLOW_CTX_EXECUTION_DATE=2022-07-06T22:09:22.719912+00:00
AIRFLOW_CTX_TRY_NUMBER=2
AIRFLOW_CTX_DAG_RUN_ID=manual__2022-07-06T22:09:22.719912+00:00
[2022-07-06 20:18:05,709] {base.py:68} INFO - Using connection ID 'databricks_conn' for task execution.
[2022-07-06 20:18:05,711] {databricks_base.py:406} INFO - Using token auth. For security reasons, please set token in Password field instead of extra
[2022-07-06 20:18:06,862] {databricks.py:49} INFO - Run submitted with run_id: 22285
[2022-07-06 20:18:06,863] {databricks_base.py:406} INFO - Using token auth. For security reasons, please set token in Password field instead of extra
[2022-07-06 20:18:07,725] {databricks_base.py:406} INFO - Using token auth. For security reasons, please set token in Password field instead of extra
[2022-07-06 20:18:08,396] {databricks.py:71} INFO - load_data_to_cosmosDB in run state: {'life_cycle_state': 'RUNNING', 'result_state': '', 'state_message': ''}
[2022-07-06 20:18:08,396] {databricks.py:72} INFO - View run status, Spark UI, and logs at https://adb-770153189229877.17.azuredatabricks.net/?o=770153189229877#job/854986352167304/run/22285
[2022-07-06 20:18:08,397] {databricks.py:73} INFO - Sleeping for 30 seconds.
[2022-07-06 20:18:38,426] {databricks_base.py:406} INFO - Using token auth. For security reasons, please set token in Password field instead of extra
[2022-07-06 20:18:39,138] {databricks.py:71} INFO - load_data_to_cosmosDB in run state: {'life_cycle_state': 'RUNNING', 'result_state': '', 'state_message': ''}
[2022-07-06 20:18:39,138] {databricks.py:72} INFO - View run status, Spark UI, and logs at https://adb-770153189229877.17.azuredatabricks.net/?o=770153189229877#job/854986352167304/run/22285
[2022-07-06 20:18:39,138] {databricks.py:73} INFO - Sleeping for 30 seconds.
[2022-07-06 20:19:09,154] {databricks_base.py:406} INFO - Using token auth. For security reasons, please set token in Password field instead of extra
[2022-07-06 20:19:09,962] {databricks.py:59} INFO - load_data_to_cosmosDB completed successfully.
[2022-07-06 20:19:09,962] {databricks.py:60} INFO - View run status, Spark UI, and logs at https://adb-770153189229877.17.azuredatabricks.net/?o=770153189229877#job/854986352167304/run/22285
[2022-07-06 20:19:09,969] {taskinstance.py:1395} INFO - Marking task as SUCCESS. dag_id=twitter_dag, task_id=load_data_to_cosmosDB, execution_date=20220706T220922, start_date=20220706T231805, end_date=20220706T231909
[2022-07-06 20:19:10,028] {local_task_job.py:156} INFO - Task exited with return code 0
[2022-07-06 20:19:10,041] {local_task_job.py:273} INFO - 0 downstream tasks scheduled from follow-on schedule check
