[2022-07-05 15:54:04,828] {taskinstance.py:1159} INFO - Dependencies all met for <TaskInstance: twitter_dag2.request_twitter_data scheduled__2022-05-15T00:00:00+00:00 [queued]>
[2022-07-05 15:54:04,847] {taskinstance.py:1159} INFO - Dependencies all met for <TaskInstance: twitter_dag2.request_twitter_data scheduled__2022-05-15T00:00:00+00:00 [queued]>
[2022-07-05 15:54:04,847] {taskinstance.py:1356} INFO - 
--------------------------------------------------------------------------------
[2022-07-05 15:54:04,847] {taskinstance.py:1357} INFO - Starting attempt 1 of 4
[2022-07-05 15:54:04,847] {taskinstance.py:1358} INFO - 
--------------------------------------------------------------------------------
[2022-07-05 15:54:04,866] {taskinstance.py:1377} INFO - Executing <Task(PythonOperator): request_twitter_data> on 2022-05-15 00:00:00+00:00
[2022-07-05 15:54:04,868] {standard_task_runner.py:52} INFO - Started process 12432 to run task
[2022-07-05 15:54:04,878] {standard_task_runner.py:79} INFO - Running: ['airflow', 'tasks', 'run', 'twitter_dag2', 'request_twitter_data', 'scheduled__2022-05-15T00:00:00+00:00', '--job-id', '19', '--raw', '--subdir', 'DAGS_FOLDER/minha_dag2.py', '--cfg-path', '/tmp/tmprb97_l1t', '--error-file', '/tmp/tmp2ieyvnz4']
[2022-07-05 15:54:04,878] {standard_task_runner.py:80} INFO - Job 19: Subtask request_twitter_data
[2022-07-05 15:54:04,951] {task_command.py:370} INFO - Running <TaskInstance: twitter_dag2.request_twitter_data scheduled__2022-05-15T00:00:00+00:00 [running]> on host nicholas-VirtualBox
[2022-07-05 15:54:05,026] {taskinstance.py:1569} INFO - Exporting the following env vars:
AIRFLOW_CTX_DAG_EMAIL=nick.comuni@outlook.com
AIRFLOW_CTX_DAG_OWNER=Nicholas
AIRFLOW_CTX_DAG_ID=twitter_dag2
AIRFLOW_CTX_TASK_ID=request_twitter_data
AIRFLOW_CTX_EXECUTION_DATE=2022-05-15T00:00:00+00:00
AIRFLOW_CTX_TRY_NUMBER=1
AIRFLOW_CTX_DAG_RUN_ID=scheduled__2022-05-15T00:00:00+00:00
[2022-07-05 15:54:05,746] {logging_mixin.py:115} INFO - /tmp/tmpbrfxanmh/covid19.json
[2022-07-05 15:54:05,750] {base.py:68} INFO - Using connection ID 'wasbconn' for task execution.
[2022-07-05 15:54:05,753] {_universal.py:473} INFO - Request URL: 'https://serasadatalake.blob.core.windows.net/landingzone/covid19/2022/7/covid19_2022-07-05%2015%3A54%3A05.746202.json'
Request method: 'PUT'
Request headers:
    'x-ms-blob-type': 'REDACTED'
    'Content-Length': '2799'
    'If-None-Match': '*'
    'x-ms-version': 'REDACTED'
    'Content-Type': 'application/octet-stream'
    'Accept': 'application/xml'
    'User-Agent': 'azsdk-python-storage-blob/12.8.1 Python/3.10.4 (Linux-5.15.0-39-generic-x86_64-with-glibc2.35)'
    'x-ms-date': 'REDACTED'
    'x-ms-client-request-id': 'd818ba4e-fc93-11ec-9005-b11393f1182e'
    'Authorization': 'REDACTED'
A body is sent with the request
[2022-07-05 15:54:06,480] {_universal.py:504} INFO - Response status: 201
Response headers:
    'Content-Length': '0'
    'Content-MD5': 'REDACTED'
    'Last-Modified': 'Tue, 05 Jul 2022 18:54:07 GMT'
    'ETag': '"0x8DA5EB7BD650267"'
    'Server': 'Windows-Azure-Blob/1.0 Microsoft-HTTPAPI/2.0'
    'x-ms-request-id': '8b617a8f-401e-0069-61a0-90724b000000'
    'x-ms-client-request-id': 'd818ba4e-fc93-11ec-9005-b11393f1182e'
    'x-ms-version': 'REDACTED'
    'x-ms-content-crc64': 'REDACTED'
    'x-ms-request-server-encrypted': 'REDACTED'
    'Date': 'Tue, 05 Jul 2022 18:54:06 GMT'
[2022-07-05 15:54:06,483] {python.py:173} INFO - Done. Returned value was: None
[2022-07-05 15:54:06,493] {taskinstance.py:1395} INFO - Marking task as SUCCESS. dag_id=twitter_dag2, task_id=request_twitter_data, execution_date=20220515T000000, start_date=20220705T185404, end_date=20220705T185406
[2022-07-05 15:54:06,526] {local_task_job.py:156} INFO - Task exited with return code 0
[2022-07-05 15:54:06,563] {local_task_job.py:273} INFO - 0 downstream tasks scheduled from follow-on schedule check
[2022-07-05 15:54:06,590] {dagrun.py:562} INFO - Marking run <DagRun twitter_dag2 @ 2022-05-15 00:00:00+00:00: scheduled__2022-05-15T00:00:00+00:00, externally triggered: False> successful
[2022-07-05 15:54:06,591] {dagrun.py:607} INFO - DagRun Finished: dag_id=twitter_dag2, execution_date=2022-05-15 00:00:00+00:00, run_id=scheduled__2022-05-15T00:00:00+00:00, run_start_date=2022-07-05 18:54:01.436605+00:00, run_end_date=2022-07-05 18:54:06.591321+00:00, run_duration=5.154716, state=success, external_trigger=False, run_type=scheduled, data_interval_start=2022-05-15 00:00:00+00:00, data_interval_end=2022-05-16 00:00:00+00:00, dag_hash=51f185355f72fa38b0f2c79b0f596ee7
