[2022-07-06 12:15:56,710] {taskinstance.py:1159} INFO - Dependencies all met for <TaskInstance: twitter_dag.process_twitter_data manual__2022-07-06T15:15:49.870902+00:00 [queued]>
[2022-07-06 12:15:56,717] {taskinstance.py:1159} INFO - Dependencies all met for <TaskInstance: twitter_dag.process_twitter_data manual__2022-07-06T15:15:49.870902+00:00 [queued]>
[2022-07-06 12:15:56,717] {taskinstance.py:1356} INFO - 
--------------------------------------------------------------------------------
[2022-07-06 12:15:56,717] {taskinstance.py:1357} INFO - Starting attempt 1 of 4
[2022-07-06 12:15:56,717] {taskinstance.py:1358} INFO - 
--------------------------------------------------------------------------------
[2022-07-06 12:15:56,749] {taskinstance.py:1377} INFO - Executing <Task(DatabricksRunNowOperator): process_twitter_data> on 2022-07-06 15:15:49.870902+00:00
[2022-07-06 12:15:56,751] {standard_task_runner.py:52} INFO - Started process 14933 to run task
[2022-07-06 12:15:56,753] {standard_task_runner.py:79} INFO - Running: ['airflow', 'tasks', 'run', 'twitter_dag', 'process_twitter_data', 'manual__2022-07-06T15:15:49.870902+00:00', '--job-id', '54', '--raw', '--subdir', 'DAGS_FOLDER/twitter_dag.py', '--cfg-path', '/tmp/tmpmdoaonip', '--error-file', '/tmp/tmp9br1fqfv']
[2022-07-06 12:15:56,754] {standard_task_runner.py:80} INFO - Job 54: Subtask process_twitter_data
[2022-07-06 12:15:56,852] {task_command.py:370} INFO - Running <TaskInstance: twitter_dag.process_twitter_data manual__2022-07-06T15:15:49.870902+00:00 [running]> on host nicholas-VirtualBox
[2022-07-06 12:15:56,956] {taskinstance.py:1569} INFO - Exporting the following env vars:
AIRFLOW_CTX_DAG_EMAIL=nicholas.comuni@outlook.com
AIRFLOW_CTX_DAG_OWNER=Nicholas
AIRFLOW_CTX_DAG_ID=twitter_dag
AIRFLOW_CTX_TASK_ID=process_twitter_data
AIRFLOW_CTX_EXECUTION_DATE=2022-07-06T15:15:49.870902+00:00
AIRFLOW_CTX_TRY_NUMBER=1
AIRFLOW_CTX_DAG_RUN_ID=manual__2022-07-06T15:15:49.870902+00:00
[2022-07-06 12:15:56,985] {base.py:68} INFO - Using connection ID 'databricks_conn' for task execution.
[2022-07-06 12:15:56,989] {databricks_base.py:406} INFO - Using token auth. For security reasons, please set token in Password field instead of extra
[2022-07-06 12:15:57,762] {databricks.py:49} INFO - Run submitted with run_id: 6670
[2022-07-06 12:15:57,763] {databricks_base.py:406} INFO - Using token auth. For security reasons, please set token in Password field instead of extra
[2022-07-06 12:15:58,322] {databricks_base.py:406} INFO - Using token auth. For security reasons, please set token in Password field instead of extra
[2022-07-06 12:15:58,874] {databricks.py:71} INFO - process_twitter_data in run state: {'life_cycle_state': 'RUNNING', 'result_state': '', 'state_message': ''}
[2022-07-06 12:15:58,874] {databricks.py:72} INFO - View run status, Spark UI, and logs at https://adb-770153189229877.17.azuredatabricks.net/?o=770153189229877#job/711735064242409/run/6670
[2022-07-06 12:15:58,875] {databricks.py:73} INFO - Sleeping for 30 seconds.
[2022-07-06 12:16:28,881] {databricks_base.py:406} INFO - Using token auth. For security reasons, please set token in Password field instead of extra
[2022-07-06 12:16:29,561] {databricks.py:71} INFO - process_twitter_data in run state: {'life_cycle_state': 'RUNNING', 'result_state': '', 'state_message': ''}
[2022-07-06 12:16:29,562] {databricks.py:72} INFO - View run status, Spark UI, and logs at https://adb-770153189229877.17.azuredatabricks.net/?o=770153189229877#job/711735064242409/run/6670
[2022-07-06 12:16:29,562] {databricks.py:73} INFO - Sleeping for 30 seconds.
[2022-07-06 12:16:59,590] {databricks_base.py:406} INFO - Using token auth. For security reasons, please set token in Password field instead of extra
[2022-07-06 12:17:00,315] {databricks.py:71} INFO - process_twitter_data in run state: {'life_cycle_state': 'RUNNING', 'result_state': '', 'state_message': ''}
[2022-07-06 12:17:00,315] {databricks.py:72} INFO - View run status, Spark UI, and logs at https://adb-770153189229877.17.azuredatabricks.net/?o=770153189229877#job/711735064242409/run/6670
[2022-07-06 12:17:00,315] {databricks.py:73} INFO - Sleeping for 30 seconds.
[2022-07-06 12:17:30,345] {databricks_base.py:406} INFO - Using token auth. For security reasons, please set token in Password field instead of extra
[2022-07-06 12:17:30,897] {databricks.py:71} INFO - process_twitter_data in run state: {'life_cycle_state': 'RUNNING', 'result_state': '', 'state_message': ''}
[2022-07-06 12:17:30,897] {databricks.py:72} INFO - View run status, Spark UI, and logs at https://adb-770153189229877.17.azuredatabricks.net/?o=770153189229877#job/711735064242409/run/6670
[2022-07-06 12:17:30,897] {databricks.py:73} INFO - Sleeping for 30 seconds.
[2022-07-06 12:18:00,898] {databricks_base.py:406} INFO - Using token auth. For security reasons, please set token in Password field instead of extra
[2022-07-06 12:18:01,489] {databricks.py:71} INFO - process_twitter_data in run state: {'life_cycle_state': 'RUNNING', 'result_state': '', 'state_message': ''}
[2022-07-06 12:18:01,490] {databricks.py:72} INFO - View run status, Spark UI, and logs at https://adb-770153189229877.17.azuredatabricks.net/?o=770153189229877#job/711735064242409/run/6670
[2022-07-06 12:18:01,490] {databricks.py:73} INFO - Sleeping for 30 seconds.
[2022-07-06 12:18:31,522] {databricks_base.py:406} INFO - Using token auth. For security reasons, please set token in Password field instead of extra
[2022-07-06 12:18:32,112] {databricks.py:71} INFO - process_twitter_data in run state: {'life_cycle_state': 'RUNNING', 'result_state': '', 'state_message': ''}
[2022-07-06 12:18:32,112] {databricks.py:72} INFO - View run status, Spark UI, and logs at https://adb-770153189229877.17.azuredatabricks.net/?o=770153189229877#job/711735064242409/run/6670
[2022-07-06 12:18:32,112] {databricks.py:73} INFO - Sleeping for 30 seconds.
[2022-07-06 12:19:02,156] {databricks_base.py:406} INFO - Using token auth. For security reasons, please set token in Password field instead of extra
[2022-07-06 12:19:02,846] {databricks.py:71} INFO - process_twitter_data in run state: {'life_cycle_state': 'RUNNING', 'result_state': '', 'state_message': ''}
[2022-07-06 12:19:02,846] {databricks.py:72} INFO - View run status, Spark UI, and logs at https://adb-770153189229877.17.azuredatabricks.net/?o=770153189229877#job/711735064242409/run/6670
[2022-07-06 12:19:02,846] {databricks.py:73} INFO - Sleeping for 30 seconds.
[2022-07-06 12:19:32,878] {databricks_base.py:406} INFO - Using token auth. For security reasons, please set token in Password field instead of extra
[2022-07-06 12:19:33,557] {databricks.py:71} INFO - process_twitter_data in run state: {'life_cycle_state': 'RUNNING', 'result_state': '', 'state_message': ''}
[2022-07-06 12:19:33,557] {databricks.py:72} INFO - View run status, Spark UI, and logs at https://adb-770153189229877.17.azuredatabricks.net/?o=770153189229877#job/711735064242409/run/6670
[2022-07-06 12:19:33,557] {databricks.py:73} INFO - Sleeping for 30 seconds.
[2022-07-06 12:20:03,580] {databricks_base.py:406} INFO - Using token auth. For security reasons, please set token in Password field instead of extra
[2022-07-06 12:20:04,217] {databricks.py:71} INFO - process_twitter_data in run state: {'life_cycle_state': 'RUNNING', 'result_state': '', 'state_message': ''}
[2022-07-06 12:20:04,217] {databricks.py:72} INFO - View run status, Spark UI, and logs at https://adb-770153189229877.17.azuredatabricks.net/?o=770153189229877#job/711735064242409/run/6670
[2022-07-06 12:20:04,217] {databricks.py:73} INFO - Sleeping for 30 seconds.
[2022-07-06 12:20:34,242] {databricks_base.py:406} INFO - Using token auth. For security reasons, please set token in Password field instead of extra
[2022-07-06 12:20:34,864] {databricks.py:71} INFO - process_twitter_data in run state: {'life_cycle_state': 'RUNNING', 'result_state': '', 'state_message': ''}
[2022-07-06 12:20:34,864] {databricks.py:72} INFO - View run status, Spark UI, and logs at https://adb-770153189229877.17.azuredatabricks.net/?o=770153189229877#job/711735064242409/run/6670
[2022-07-06 12:20:34,864] {databricks.py:73} INFO - Sleeping for 30 seconds.
[2022-07-06 12:21:04,891] {databricks_base.py:406} INFO - Using token auth. For security reasons, please set token in Password field instead of extra
[2022-07-06 12:21:05,471] {databricks.py:71} INFO - process_twitter_data in run state: {'life_cycle_state': 'RUNNING', 'result_state': '', 'state_message': ''}
[2022-07-06 12:21:05,471] {databricks.py:72} INFO - View run status, Spark UI, and logs at https://adb-770153189229877.17.azuredatabricks.net/?o=770153189229877#job/711735064242409/run/6670
[2022-07-06 12:21:05,471] {databricks.py:73} INFO - Sleeping for 30 seconds.
[2022-07-06 12:21:35,503] {databricks_base.py:406} INFO - Using token auth. For security reasons, please set token in Password field instead of extra
[2022-07-06 12:21:36,243] {databricks.py:71} INFO - process_twitter_data in run state: {'life_cycle_state': 'RUNNING', 'result_state': '', 'state_message': ''}
[2022-07-06 12:21:36,244] {databricks.py:72} INFO - View run status, Spark UI, and logs at https://adb-770153189229877.17.azuredatabricks.net/?o=770153189229877#job/711735064242409/run/6670
[2022-07-06 12:21:36,244] {databricks.py:73} INFO - Sleeping for 30 seconds.
[2022-07-06 12:22:06,273] {databricks_base.py:406} INFO - Using token auth. For security reasons, please set token in Password field instead of extra
[2022-07-06 12:22:07,042] {databricks.py:71} INFO - process_twitter_data in run state: {'life_cycle_state': 'RUNNING', 'result_state': '', 'state_message': ''}
[2022-07-06 12:22:07,042] {databricks.py:72} INFO - View run status, Spark UI, and logs at https://adb-770153189229877.17.azuredatabricks.net/?o=770153189229877#job/711735064242409/run/6670
[2022-07-06 12:22:07,043] {databricks.py:73} INFO - Sleeping for 30 seconds.
[2022-07-06 12:22:37,077] {databricks_base.py:406} INFO - Using token auth. For security reasons, please set token in Password field instead of extra
[2022-07-06 12:22:37,691] {databricks.py:71} INFO - process_twitter_data in run state: {'life_cycle_state': 'RUNNING', 'result_state': '', 'state_message': ''}
[2022-07-06 12:22:37,691] {databricks.py:72} INFO - View run status, Spark UI, and logs at https://adb-770153189229877.17.azuredatabricks.net/?o=770153189229877#job/711735064242409/run/6670
[2022-07-06 12:22:37,691] {databricks.py:73} INFO - Sleeping for 30 seconds.
[2022-07-06 12:23:07,721] {databricks_base.py:406} INFO - Using token auth. For security reasons, please set token in Password field instead of extra
[2022-07-06 12:23:08,288] {databricks.py:71} INFO - process_twitter_data in run state: {'life_cycle_state': 'RUNNING', 'result_state': '', 'state_message': ''}
[2022-07-06 12:23:08,288] {databricks.py:72} INFO - View run status, Spark UI, and logs at https://adb-770153189229877.17.azuredatabricks.net/?o=770153189229877#job/711735064242409/run/6670
[2022-07-06 12:23:08,288] {databricks.py:73} INFO - Sleeping for 30 seconds.
[2022-07-06 12:23:38,319] {databricks_base.py:406} INFO - Using token auth. For security reasons, please set token in Password field instead of extra
[2022-07-06 12:23:38,890] {databricks.py:71} INFO - process_twitter_data in run state: {'life_cycle_state': 'RUNNING', 'result_state': '', 'state_message': ''}
[2022-07-06 12:23:38,891] {databricks.py:72} INFO - View run status, Spark UI, and logs at https://adb-770153189229877.17.azuredatabricks.net/?o=770153189229877#job/711735064242409/run/6670
[2022-07-06 12:23:38,891] {databricks.py:73} INFO - Sleeping for 30 seconds.
[2022-07-06 12:24:08,917] {databricks_base.py:406} INFO - Using token auth. For security reasons, please set token in Password field instead of extra
[2022-07-06 12:24:09,588] {databricks.py:71} INFO - process_twitter_data in run state: {'life_cycle_state': 'RUNNING', 'result_state': '', 'state_message': ''}
[2022-07-06 12:24:09,589] {databricks.py:72} INFO - View run status, Spark UI, and logs at https://adb-770153189229877.17.azuredatabricks.net/?o=770153189229877#job/711735064242409/run/6670
[2022-07-06 12:24:09,589] {databricks.py:73} INFO - Sleeping for 30 seconds.
[2022-07-06 12:24:39,590] {databricks_base.py:406} INFO - Using token auth. For security reasons, please set token in Password field instead of extra
[2022-07-06 12:24:40,234] {databricks.py:71} INFO - process_twitter_data in run state: {'life_cycle_state': 'RUNNING', 'result_state': '', 'state_message': ''}
[2022-07-06 12:24:40,234] {databricks.py:72} INFO - View run status, Spark UI, and logs at https://adb-770153189229877.17.azuredatabricks.net/?o=770153189229877#job/711735064242409/run/6670
[2022-07-06 12:24:40,234] {databricks.py:73} INFO - Sleeping for 30 seconds.
[2022-07-06 12:25:10,255] {databricks_base.py:406} INFO - Using token auth. For security reasons, please set token in Password field instead of extra
[2022-07-06 12:25:10,817] {databricks.py:71} INFO - process_twitter_data in run state: {'life_cycle_state': 'RUNNING', 'result_state': '', 'state_message': ''}
[2022-07-06 12:25:10,817] {databricks.py:72} INFO - View run status, Spark UI, and logs at https://adb-770153189229877.17.azuredatabricks.net/?o=770153189229877#job/711735064242409/run/6670
[2022-07-06 12:25:10,817] {databricks.py:73} INFO - Sleeping for 30 seconds.
[2022-07-06 12:25:40,840] {databricks_base.py:406} INFO - Using token auth. For security reasons, please set token in Password field instead of extra
[2022-07-06 12:25:41,434] {databricks.py:71} INFO - process_twitter_data in run state: {'life_cycle_state': 'RUNNING', 'result_state': '', 'state_message': ''}
[2022-07-06 12:25:41,434] {databricks.py:72} INFO - View run status, Spark UI, and logs at https://adb-770153189229877.17.azuredatabricks.net/?o=770153189229877#job/711735064242409/run/6670
[2022-07-06 12:25:41,434] {databricks.py:73} INFO - Sleeping for 30 seconds.
[2022-07-06 12:26:11,466] {databricks_base.py:406} INFO - Using token auth. For security reasons, please set token in Password field instead of extra
[2022-07-06 12:26:12,155] {databricks.py:71} INFO - process_twitter_data in run state: {'life_cycle_state': 'RUNNING', 'result_state': '', 'state_message': ''}
[2022-07-06 12:26:12,155] {databricks.py:72} INFO - View run status, Spark UI, and logs at https://adb-770153189229877.17.azuredatabricks.net/?o=770153189229877#job/711735064242409/run/6670
[2022-07-06 12:26:12,155] {databricks.py:73} INFO - Sleeping for 30 seconds.
[2022-07-06 12:26:42,186] {databricks_base.py:406} INFO - Using token auth. For security reasons, please set token in Password field instead of extra
[2022-07-06 12:26:42,793] {databricks.py:71} INFO - process_twitter_data in run state: {'life_cycle_state': 'RUNNING', 'result_state': '', 'state_message': ''}
[2022-07-06 12:26:42,793] {databricks.py:72} INFO - View run status, Spark UI, and logs at https://adb-770153189229877.17.azuredatabricks.net/?o=770153189229877#job/711735064242409/run/6670
[2022-07-06 12:26:42,793] {databricks.py:73} INFO - Sleeping for 30 seconds.
[2022-07-06 12:27:12,820] {databricks_base.py:406} INFO - Using token auth. For security reasons, please set token in Password field instead of extra
[2022-07-06 12:27:13,374] {databricks.py:71} INFO - process_twitter_data in run state: {'life_cycle_state': 'RUNNING', 'result_state': '', 'state_message': ''}
[2022-07-06 12:27:13,374] {databricks.py:72} INFO - View run status, Spark UI, and logs at https://adb-770153189229877.17.azuredatabricks.net/?o=770153189229877#job/711735064242409/run/6670
[2022-07-06 12:27:13,374] {databricks.py:73} INFO - Sleeping for 30 seconds.
[2022-07-06 12:27:43,379] {databricks_base.py:406} INFO - Using token auth. For security reasons, please set token in Password field instead of extra
[2022-07-06 12:27:43,923] {databricks.py:71} INFO - process_twitter_data in run state: {'life_cycle_state': 'RUNNING', 'result_state': '', 'state_message': ''}
[2022-07-06 12:27:43,923] {databricks.py:72} INFO - View run status, Spark UI, and logs at https://adb-770153189229877.17.azuredatabricks.net/?o=770153189229877#job/711735064242409/run/6670
[2022-07-06 12:27:43,923] {databricks.py:73} INFO - Sleeping for 30 seconds.
[2022-07-06 12:28:13,925] {databricks_base.py:406} INFO - Using token auth. For security reasons, please set token in Password field instead of extra
[2022-07-06 12:28:14,847] {databricks.py:71} INFO - process_twitter_data in run state: {'life_cycle_state': 'RUNNING', 'result_state': '', 'state_message': ''}
[2022-07-06 12:28:14,847] {databricks.py:72} INFO - View run status, Spark UI, and logs at https://adb-770153189229877.17.azuredatabricks.net/?o=770153189229877#job/711735064242409/run/6670
[2022-07-06 12:28:14,847] {databricks.py:73} INFO - Sleeping for 30 seconds.
[2022-07-06 12:28:44,877] {databricks_base.py:406} INFO - Using token auth. For security reasons, please set token in Password field instead of extra
[2022-07-06 12:28:45,616] {databricks.py:71} INFO - process_twitter_data in run state: {'life_cycle_state': 'RUNNING', 'result_state': '', 'state_message': ''}
[2022-07-06 12:28:45,616] {databricks.py:72} INFO - View run status, Spark UI, and logs at https://adb-770153189229877.17.azuredatabricks.net/?o=770153189229877#job/711735064242409/run/6670
[2022-07-06 12:28:45,616] {databricks.py:73} INFO - Sleeping for 30 seconds.
[2022-07-06 12:29:15,633] {databricks_base.py:406} INFO - Using token auth. For security reasons, please set token in Password field instead of extra
[2022-07-06 12:29:16,272] {databricks.py:71} INFO - process_twitter_data in run state: {'life_cycle_state': 'RUNNING', 'result_state': '', 'state_message': ''}
[2022-07-06 12:29:16,272] {databricks.py:72} INFO - View run status, Spark UI, and logs at https://adb-770153189229877.17.azuredatabricks.net/?o=770153189229877#job/711735064242409/run/6670
[2022-07-06 12:29:16,272] {databricks.py:73} INFO - Sleeping for 30 seconds.
[2022-07-06 12:29:46,302] {databricks_base.py:406} INFO - Using token auth. For security reasons, please set token in Password field instead of extra
[2022-07-06 12:29:46,928] {databricks.py:71} INFO - process_twitter_data in run state: {'life_cycle_state': 'RUNNING', 'result_state': '', 'state_message': ''}
[2022-07-06 12:29:46,929] {databricks.py:72} INFO - View run status, Spark UI, and logs at https://adb-770153189229877.17.azuredatabricks.net/?o=770153189229877#job/711735064242409/run/6670
[2022-07-06 12:29:46,929] {databricks.py:73} INFO - Sleeping for 30 seconds.
[2022-07-06 12:30:16,956] {databricks_base.py:406} INFO - Using token auth. For security reasons, please set token in Password field instead of extra
[2022-07-06 12:30:17,538] {databricks.py:71} INFO - process_twitter_data in run state: {'life_cycle_state': 'RUNNING', 'result_state': '', 'state_message': ''}
[2022-07-06 12:30:17,538] {databricks.py:72} INFO - View run status, Spark UI, and logs at https://adb-770153189229877.17.azuredatabricks.net/?o=770153189229877#job/711735064242409/run/6670
[2022-07-06 12:30:17,538] {databricks.py:73} INFO - Sleeping for 30 seconds.
[2022-07-06 12:30:47,554] {databricks_base.py:406} INFO - Using token auth. For security reasons, please set token in Password field instead of extra
[2022-07-06 12:30:48,114] {databricks.py:71} INFO - process_twitter_data in run state: {'life_cycle_state': 'RUNNING', 'result_state': '', 'state_message': ''}
[2022-07-06 12:30:48,114] {databricks.py:72} INFO - View run status, Spark UI, and logs at https://adb-770153189229877.17.azuredatabricks.net/?o=770153189229877#job/711735064242409/run/6670
[2022-07-06 12:30:48,114] {databricks.py:73} INFO - Sleeping for 30 seconds.
[2022-07-06 12:31:18,141] {databricks_base.py:406} INFO - Using token auth. For security reasons, please set token in Password field instead of extra
[2022-07-06 12:31:18,825] {databricks.py:71} INFO - process_twitter_data in run state: {'life_cycle_state': 'RUNNING', 'result_state': '', 'state_message': ''}
[2022-07-06 12:31:18,825] {databricks.py:72} INFO - View run status, Spark UI, and logs at https://adb-770153189229877.17.azuredatabricks.net/?o=770153189229877#job/711735064242409/run/6670
[2022-07-06 12:31:18,825] {databricks.py:73} INFO - Sleeping for 30 seconds.
[2022-07-06 12:31:48,860] {databricks_base.py:406} INFO - Using token auth. For security reasons, please set token in Password field instead of extra
[2022-07-06 12:31:49,652] {databricks.py:71} INFO - process_twitter_data in run state: {'life_cycle_state': 'RUNNING', 'result_state': '', 'state_message': ''}
[2022-07-06 12:31:49,652] {databricks.py:72} INFO - View run status, Spark UI, and logs at https://adb-770153189229877.17.azuredatabricks.net/?o=770153189229877#job/711735064242409/run/6670
[2022-07-06 12:31:49,652] {databricks.py:73} INFO - Sleeping for 30 seconds.
[2022-07-06 12:32:19,668] {databricks_base.py:406} INFO - Using token auth. For security reasons, please set token in Password field instead of extra
[2022-07-06 12:32:20,439] {databricks.py:71} INFO - process_twitter_data in run state: {'life_cycle_state': 'RUNNING', 'result_state': '', 'state_message': ''}
[2022-07-06 12:32:20,439] {databricks.py:72} INFO - View run status, Spark UI, and logs at https://adb-770153189229877.17.azuredatabricks.net/?o=770153189229877#job/711735064242409/run/6670
[2022-07-06 12:32:20,439] {databricks.py:73} INFO - Sleeping for 30 seconds.
[2022-07-06 12:32:50,473] {databricks_base.py:406} INFO - Using token auth. For security reasons, please set token in Password field instead of extra
[2022-07-06 12:32:51,012] {databricks.py:71} INFO - process_twitter_data in run state: {'life_cycle_state': 'RUNNING', 'result_state': '', 'state_message': ''}
[2022-07-06 12:32:51,012] {databricks.py:72} INFO - View run status, Spark UI, and logs at https://adb-770153189229877.17.azuredatabricks.net/?o=770153189229877#job/711735064242409/run/6670
[2022-07-06 12:32:51,012] {databricks.py:73} INFO - Sleeping for 30 seconds.
[2022-07-06 12:33:21,036] {databricks_base.py:406} INFO - Using token auth. For security reasons, please set token in Password field instead of extra
[2022-07-06 12:33:21,647] {databricks.py:71} INFO - process_twitter_data in run state: {'life_cycle_state': 'RUNNING', 'result_state': '', 'state_message': ''}
[2022-07-06 12:33:21,647] {databricks.py:72} INFO - View run status, Spark UI, and logs at https://adb-770153189229877.17.azuredatabricks.net/?o=770153189229877#job/711735064242409/run/6670
[2022-07-06 12:33:21,647] {databricks.py:73} INFO - Sleeping for 30 seconds.
[2022-07-06 12:33:51,665] {databricks_base.py:406} INFO - Using token auth. For security reasons, please set token in Password field instead of extra
[2022-07-06 12:33:52,377] {databricks.py:71} INFO - process_twitter_data in run state: {'life_cycle_state': 'RUNNING', 'result_state': '', 'state_message': ''}
[2022-07-06 12:33:52,378] {databricks.py:72} INFO - View run status, Spark UI, and logs at https://adb-770153189229877.17.azuredatabricks.net/?o=770153189229877#job/711735064242409/run/6670
[2022-07-06 12:33:52,378] {databricks.py:73} INFO - Sleeping for 30 seconds.
[2022-07-06 12:34:22,407] {databricks_base.py:406} INFO - Using token auth. For security reasons, please set token in Password field instead of extra
[2022-07-06 12:34:23,098] {databricks.py:71} INFO - process_twitter_data in run state: {'life_cycle_state': 'RUNNING', 'result_state': '', 'state_message': ''}
[2022-07-06 12:34:23,098] {databricks.py:72} INFO - View run status, Spark UI, and logs at https://adb-770153189229877.17.azuredatabricks.net/?o=770153189229877#job/711735064242409/run/6670
[2022-07-06 12:34:23,098] {databricks.py:73} INFO - Sleeping for 30 seconds.
[2022-07-06 12:34:53,133] {databricks_base.py:406} INFO - Using token auth. For security reasons, please set token in Password field instead of extra
[2022-07-06 12:34:53,672] {databricks.py:71} INFO - process_twitter_data in run state: {'life_cycle_state': 'RUNNING', 'result_state': '', 'state_message': ''}
[2022-07-06 12:34:53,672] {databricks.py:72} INFO - View run status, Spark UI, and logs at https://adb-770153189229877.17.azuredatabricks.net/?o=770153189229877#job/711735064242409/run/6670
[2022-07-06 12:34:53,672] {databricks.py:73} INFO - Sleeping for 30 seconds.
[2022-07-06 12:35:23,700] {databricks_base.py:406} INFO - Using token auth. For security reasons, please set token in Password field instead of extra
[2022-07-06 12:35:24,269] {databricks.py:71} INFO - process_twitter_data in run state: {'life_cycle_state': 'RUNNING', 'result_state': '', 'state_message': ''}
[2022-07-06 12:35:24,269] {databricks.py:72} INFO - View run status, Spark UI, and logs at https://adb-770153189229877.17.azuredatabricks.net/?o=770153189229877#job/711735064242409/run/6670
[2022-07-06 12:35:24,269] {databricks.py:73} INFO - Sleeping for 30 seconds.
[2022-07-06 12:35:54,339] {databricks_base.py:406} INFO - Using token auth. For security reasons, please set token in Password field instead of extra
[2022-07-06 12:35:54,996] {databricks.py:59} INFO - process_twitter_data completed successfully.
[2022-07-06 12:35:54,996] {databricks.py:60} INFO - View run status, Spark UI, and logs at https://adb-770153189229877.17.azuredatabricks.net/?o=770153189229877#job/711735064242409/run/6670
[2022-07-06 12:35:55,002] {taskinstance.py:1395} INFO - Marking task as SUCCESS. dag_id=twitter_dag, task_id=process_twitter_data, execution_date=20220706T151549, start_date=20220706T151556, end_date=20220706T153555
[2022-07-06 12:35:55,029] {local_task_job.py:156} INFO - Task exited with return code 0
[2022-07-06 12:35:55,041] {local_task_job.py:273} INFO - 0 downstream tasks scheduled from follow-on schedule check
