[2022-07-06 18:22:40,542] {taskinstance.py:1159} INFO - Dependencies all met for <TaskInstance: twitter_dag.process_twitter_data manual__2022-07-06T21:09:36.868873+00:00 [queued]>
[2022-07-06 18:22:40,549] {taskinstance.py:1159} INFO - Dependencies all met for <TaskInstance: twitter_dag.process_twitter_data manual__2022-07-06T21:09:36.868873+00:00 [queued]>
[2022-07-06 18:22:40,549] {taskinstance.py:1356} INFO - 
--------------------------------------------------------------------------------
[2022-07-06 18:22:40,549] {taskinstance.py:1357} INFO - Starting attempt 1 of 4
[2022-07-06 18:22:40,549] {taskinstance.py:1358} INFO - 
--------------------------------------------------------------------------------
[2022-07-06 18:22:40,589] {taskinstance.py:1377} INFO - Executing <Task(DatabricksRunNowOperator): process_twitter_data> on 2022-07-06 21:09:36.868873+00:00
[2022-07-06 18:22:40,591] {standard_task_runner.py:52} INFO - Started process 71358 to run task
[2022-07-06 18:22:40,598] {standard_task_runner.py:79} INFO - Running: ['airflow', 'tasks', 'run', 'twitter_dag', 'process_twitter_data', 'manual__2022-07-06T21:09:36.868873+00:00', '--job-id', '63', '--raw', '--subdir', 'DAGS_FOLDER/twitter_dag.py', '--cfg-path', '/tmp/tmp9aez53c2', '--error-file', '/tmp/tmp5grblnkf']
[2022-07-06 18:22:40,599] {standard_task_runner.py:80} INFO - Job 63: Subtask process_twitter_data
[2022-07-06 18:22:40,650] {task_command.py:370} INFO - Running <TaskInstance: twitter_dag.process_twitter_data manual__2022-07-06T21:09:36.868873+00:00 [running]> on host nicholas-VirtualBox
[2022-07-06 18:22:40,720] {taskinstance.py:1569} INFO - Exporting the following env vars:
AIRFLOW_CTX_DAG_EMAIL=nicholas.comuni@outlook.com
AIRFLOW_CTX_DAG_OWNER=Nicholas
AIRFLOW_CTX_DAG_ID=twitter_dag
AIRFLOW_CTX_TASK_ID=process_twitter_data
AIRFLOW_CTX_EXECUTION_DATE=2022-07-06T21:09:36.868873+00:00
AIRFLOW_CTX_TRY_NUMBER=1
AIRFLOW_CTX_DAG_RUN_ID=manual__2022-07-06T21:09:36.868873+00:00
[2022-07-06 18:22:40,728] {base.py:68} INFO - Using connection ID 'databricks_conn' for task execution.
[2022-07-06 18:22:40,729] {databricks_base.py:406} INFO - Using token auth. For security reasons, please set token in Password field instead of extra
[2022-07-06 18:22:41,536] {databricks.py:49} INFO - Run submitted with run_id: 18171
[2022-07-06 18:22:41,537] {databricks_base.py:406} INFO - Using token auth. For security reasons, please set token in Password field instead of extra
[2022-07-06 18:22:42,116] {databricks_base.py:406} INFO - Using token auth. For security reasons, please set token in Password field instead of extra
[2022-07-06 18:22:42,677] {databricks.py:71} INFO - process_twitter_data in run state: {'life_cycle_state': 'RUNNING', 'result_state': '', 'state_message': ''}
[2022-07-06 18:22:42,677] {databricks.py:72} INFO - View run status, Spark UI, and logs at https://adb-770153189229877.17.azuredatabricks.net/?o=770153189229877#job/531841237317382/run/18171
[2022-07-06 18:22:42,677] {databricks.py:73} INFO - Sleeping for 30 seconds.
[2022-07-06 18:23:12,721] {databricks_base.py:406} INFO - Using token auth. For security reasons, please set token in Password field instead of extra
[2022-07-06 18:23:13,403] {databricks.py:71} INFO - process_twitter_data in run state: {'life_cycle_state': 'RUNNING', 'result_state': '', 'state_message': ''}
[2022-07-06 18:23:13,403] {databricks.py:72} INFO - View run status, Spark UI, and logs at https://adb-770153189229877.17.azuredatabricks.net/?o=770153189229877#job/531841237317382/run/18171
[2022-07-06 18:23:13,403] {databricks.py:73} INFO - Sleeping for 30 seconds.
[2022-07-06 18:23:43,427] {databricks_base.py:406} INFO - Using token auth. For security reasons, please set token in Password field instead of extra
[2022-07-06 18:23:44,004] {databricks.py:71} INFO - process_twitter_data in run state: {'life_cycle_state': 'RUNNING', 'result_state': '', 'state_message': ''}
[2022-07-06 18:23:44,004] {databricks.py:72} INFO - View run status, Spark UI, and logs at https://adb-770153189229877.17.azuredatabricks.net/?o=770153189229877#job/531841237317382/run/18171
[2022-07-06 18:23:44,004] {databricks.py:73} INFO - Sleeping for 30 seconds.
[2022-07-06 18:24:14,046] {databricks_base.py:406} INFO - Using token auth. For security reasons, please set token in Password field instead of extra
[2022-07-06 18:24:14,688] {databricks.py:71} INFO - process_twitter_data in run state: {'life_cycle_state': 'RUNNING', 'result_state': '', 'state_message': ''}
[2022-07-06 18:24:14,688] {databricks.py:72} INFO - View run status, Spark UI, and logs at https://adb-770153189229877.17.azuredatabricks.net/?o=770153189229877#job/531841237317382/run/18171
[2022-07-06 18:24:14,688] {databricks.py:73} INFO - Sleeping for 30 seconds.
[2022-07-06 18:24:44,718] {databricks_base.py:406} INFO - Using token auth. For security reasons, please set token in Password field instead of extra
[2022-07-06 18:24:45,394] {databricks.py:71} INFO - process_twitter_data in run state: {'life_cycle_state': 'RUNNING', 'result_state': '', 'state_message': ''}
[2022-07-06 18:24:45,394] {databricks.py:72} INFO - View run status, Spark UI, and logs at https://adb-770153189229877.17.azuredatabricks.net/?o=770153189229877#job/531841237317382/run/18171
[2022-07-06 18:24:45,394] {databricks.py:73} INFO - Sleeping for 30 seconds.
[2022-07-06 18:25:15,431] {databricks_base.py:406} INFO - Using token auth. For security reasons, please set token in Password field instead of extra
[2022-07-06 18:25:16,039] {databricks.py:71} INFO - process_twitter_data in run state: {'life_cycle_state': 'RUNNING', 'result_state': '', 'state_message': ''}
[2022-07-06 18:25:16,039] {databricks.py:72} INFO - View run status, Spark UI, and logs at https://adb-770153189229877.17.azuredatabricks.net/?o=770153189229877#job/531841237317382/run/18171
[2022-07-06 18:25:16,039] {databricks.py:73} INFO - Sleeping for 30 seconds.
[2022-07-06 18:25:46,077] {databricks_base.py:406} INFO - Using token auth. For security reasons, please set token in Password field instead of extra
[2022-07-06 18:25:46,652] {databricks.py:71} INFO - process_twitter_data in run state: {'life_cycle_state': 'RUNNING', 'result_state': '', 'state_message': ''}
[2022-07-06 18:25:46,652] {databricks.py:72} INFO - View run status, Spark UI, and logs at https://adb-770153189229877.17.azuredatabricks.net/?o=770153189229877#job/531841237317382/run/18171
[2022-07-06 18:25:46,652] {databricks.py:73} INFO - Sleeping for 30 seconds.
[2022-07-06 18:26:16,678] {databricks_base.py:406} INFO - Using token auth. For security reasons, please set token in Password field instead of extra
[2022-07-06 18:26:17,297] {databricks.py:71} INFO - process_twitter_data in run state: {'life_cycle_state': 'RUNNING', 'result_state': '', 'state_message': ''}
[2022-07-06 18:26:17,297] {databricks.py:72} INFO - View run status, Spark UI, and logs at https://adb-770153189229877.17.azuredatabricks.net/?o=770153189229877#job/531841237317382/run/18171
[2022-07-06 18:26:17,297] {databricks.py:73} INFO - Sleeping for 30 seconds.
[2022-07-06 18:26:47,314] {databricks_base.py:406} INFO - Using token auth. For security reasons, please set token in Password field instead of extra
[2022-07-06 18:26:47,945] {databricks.py:71} INFO - process_twitter_data in run state: {'life_cycle_state': 'RUNNING', 'result_state': '', 'state_message': ''}
[2022-07-06 18:26:47,945] {databricks.py:72} INFO - View run status, Spark UI, and logs at https://adb-770153189229877.17.azuredatabricks.net/?o=770153189229877#job/531841237317382/run/18171
[2022-07-06 18:26:47,945] {databricks.py:73} INFO - Sleeping for 30 seconds.
[2022-07-06 18:27:17,974] {databricks_base.py:406} INFO - Using token auth. For security reasons, please set token in Password field instead of extra
[2022-07-06 18:27:18,691] {databricks.py:71} INFO - process_twitter_data in run state: {'life_cycle_state': 'RUNNING', 'result_state': '', 'state_message': ''}
[2022-07-06 18:27:18,691] {databricks.py:72} INFO - View run status, Spark UI, and logs at https://adb-770153189229877.17.azuredatabricks.net/?o=770153189229877#job/531841237317382/run/18171
[2022-07-06 18:27:18,691] {databricks.py:73} INFO - Sleeping for 30 seconds.
[2022-07-06 18:27:48,723] {databricks_base.py:406} INFO - Using token auth. For security reasons, please set token in Password field instead of extra
[2022-07-06 18:27:49,329] {databricks.py:71} INFO - process_twitter_data in run state: {'life_cycle_state': 'RUNNING', 'result_state': '', 'state_message': ''}
[2022-07-06 18:27:49,329] {databricks.py:72} INFO - View run status, Spark UI, and logs at https://adb-770153189229877.17.azuredatabricks.net/?o=770153189229877#job/531841237317382/run/18171
[2022-07-06 18:27:49,330] {databricks.py:73} INFO - Sleeping for 30 seconds.
[2022-07-06 18:28:19,354] {databricks_base.py:406} INFO - Using token auth. For security reasons, please set token in Password field instead of extra
[2022-07-06 18:28:19,904] {databricks.py:71} INFO - process_twitter_data in run state: {'life_cycle_state': 'RUNNING', 'result_state': '', 'state_message': ''}
[2022-07-06 18:28:19,904] {databricks.py:72} INFO - View run status, Spark UI, and logs at https://adb-770153189229877.17.azuredatabricks.net/?o=770153189229877#job/531841237317382/run/18171
[2022-07-06 18:28:19,904] {databricks.py:73} INFO - Sleeping for 30 seconds.
[2022-07-06 18:28:49,907] {databricks_base.py:406} INFO - Using token auth. For security reasons, please set token in Password field instead of extra
[2022-07-06 18:28:50,697] {databricks.py:71} INFO - process_twitter_data in run state: {'life_cycle_state': 'RUNNING', 'result_state': '', 'state_message': ''}
[2022-07-06 18:28:50,697] {databricks.py:72} INFO - View run status, Spark UI, and logs at https://adb-770153189229877.17.azuredatabricks.net/?o=770153189229877#job/531841237317382/run/18171
[2022-07-06 18:28:50,697] {databricks.py:73} INFO - Sleeping for 30 seconds.
[2022-07-06 18:29:20,723] {databricks_base.py:406} INFO - Using token auth. For security reasons, please set token in Password field instead of extra
[2022-07-06 18:29:21,297] {databricks.py:71} INFO - process_twitter_data in run state: {'life_cycle_state': 'RUNNING', 'result_state': '', 'state_message': ''}
[2022-07-06 18:29:21,297] {databricks.py:72} INFO - View run status, Spark UI, and logs at https://adb-770153189229877.17.azuredatabricks.net/?o=770153189229877#job/531841237317382/run/18171
[2022-07-06 18:29:21,297] {databricks.py:73} INFO - Sleeping for 30 seconds.
[2022-07-06 18:29:51,327] {databricks_base.py:406} INFO - Using token auth. For security reasons, please set token in Password field instead of extra
[2022-07-06 18:29:52,081] {databricks.py:71} INFO - process_twitter_data in run state: {'life_cycle_state': 'RUNNING', 'result_state': '', 'state_message': ''}
[2022-07-06 18:29:52,081] {databricks.py:72} INFO - View run status, Spark UI, and logs at https://adb-770153189229877.17.azuredatabricks.net/?o=770153189229877#job/531841237317382/run/18171
[2022-07-06 18:29:52,081] {databricks.py:73} INFO - Sleeping for 30 seconds.
[2022-07-06 18:30:22,108] {databricks_base.py:406} INFO - Using token auth. For security reasons, please set token in Password field instead of extra
[2022-07-06 18:30:22,720] {databricks.py:71} INFO - process_twitter_data in run state: {'life_cycle_state': 'RUNNING', 'result_state': '', 'state_message': ''}
[2022-07-06 18:30:22,720] {databricks.py:72} INFO - View run status, Spark UI, and logs at https://adb-770153189229877.17.azuredatabricks.net/?o=770153189229877#job/531841237317382/run/18171
[2022-07-06 18:30:22,720] {databricks.py:73} INFO - Sleeping for 30 seconds.
[2022-07-06 18:30:52,750] {databricks_base.py:406} INFO - Using token auth. For security reasons, please set token in Password field instead of extra
[2022-07-06 18:30:53,431] {databricks.py:71} INFO - process_twitter_data in run state: {'life_cycle_state': 'RUNNING', 'result_state': '', 'state_message': ''}
[2022-07-06 18:30:53,431] {databricks.py:72} INFO - View run status, Spark UI, and logs at https://adb-770153189229877.17.azuredatabricks.net/?o=770153189229877#job/531841237317382/run/18171
[2022-07-06 18:30:53,432] {databricks.py:73} INFO - Sleeping for 30 seconds.
[2022-07-06 18:31:23,451] {databricks_base.py:406} INFO - Using token auth. For security reasons, please set token in Password field instead of extra
[2022-07-06 18:31:24,146] {databricks.py:71} INFO - process_twitter_data in run state: {'life_cycle_state': 'RUNNING', 'result_state': '', 'state_message': ''}
[2022-07-06 18:31:24,146] {databricks.py:72} INFO - View run status, Spark UI, and logs at https://adb-770153189229877.17.azuredatabricks.net/?o=770153189229877#job/531841237317382/run/18171
[2022-07-06 18:31:24,146] {databricks.py:73} INFO - Sleeping for 30 seconds.
[2022-07-06 18:31:54,174] {databricks_base.py:406} INFO - Using token auth. For security reasons, please set token in Password field instead of extra
[2022-07-06 18:31:54,763] {databricks.py:71} INFO - process_twitter_data in run state: {'life_cycle_state': 'RUNNING', 'result_state': '', 'state_message': ''}
[2022-07-06 18:31:54,764] {databricks.py:72} INFO - View run status, Spark UI, and logs at https://adb-770153189229877.17.azuredatabricks.net/?o=770153189229877#job/531841237317382/run/18171
[2022-07-06 18:31:54,764] {databricks.py:73} INFO - Sleeping for 30 seconds.
[2022-07-06 18:32:24,795] {databricks_base.py:406} INFO - Using token auth. For security reasons, please set token in Password field instead of extra
[2022-07-06 18:32:25,413] {databricks.py:71} INFO - process_twitter_data in run state: {'life_cycle_state': 'RUNNING', 'result_state': '', 'state_message': ''}
[2022-07-06 18:32:25,413] {databricks.py:72} INFO - View run status, Spark UI, and logs at https://adb-770153189229877.17.azuredatabricks.net/?o=770153189229877#job/531841237317382/run/18171
[2022-07-06 18:32:25,413] {databricks.py:73} INFO - Sleeping for 30 seconds.
[2022-07-06 18:32:55,443] {databricks_base.py:406} INFO - Using token auth. For security reasons, please set token in Password field instead of extra
[2022-07-06 18:32:56,025] {databricks.py:71} INFO - process_twitter_data in run state: {'life_cycle_state': 'RUNNING', 'result_state': '', 'state_message': ''}
[2022-07-06 18:32:56,025] {databricks.py:72} INFO - View run status, Spark UI, and logs at https://adb-770153189229877.17.azuredatabricks.net/?o=770153189229877#job/531841237317382/run/18171
[2022-07-06 18:32:56,025] {databricks.py:73} INFO - Sleeping for 30 seconds.
[2022-07-06 18:33:26,055] {databricks_base.py:406} INFO - Using token auth. For security reasons, please set token in Password field instead of extra
[2022-07-06 18:33:26,622] {databricks.py:71} INFO - process_twitter_data in run state: {'life_cycle_state': 'RUNNING', 'result_state': '', 'state_message': ''}
[2022-07-06 18:33:26,622] {databricks.py:72} INFO - View run status, Spark UI, and logs at https://adb-770153189229877.17.azuredatabricks.net/?o=770153189229877#job/531841237317382/run/18171
[2022-07-06 18:33:26,622] {databricks.py:73} INFO - Sleeping for 30 seconds.
[2022-07-06 18:33:56,638] {databricks_base.py:406} INFO - Using token auth. For security reasons, please set token in Password field instead of extra
[2022-07-06 18:33:57,350] {databricks.py:71} INFO - process_twitter_data in run state: {'life_cycle_state': 'RUNNING', 'result_state': '', 'state_message': ''}
[2022-07-06 18:33:57,351] {databricks.py:72} INFO - View run status, Spark UI, and logs at https://adb-770153189229877.17.azuredatabricks.net/?o=770153189229877#job/531841237317382/run/18171
[2022-07-06 18:33:57,351] {databricks.py:73} INFO - Sleeping for 30 seconds.
[2022-07-06 18:34:27,353] {databricks_base.py:406} INFO - Using token auth. For security reasons, please set token in Password field instead of extra
[2022-07-06 18:34:28,086] {databricks.py:71} INFO - process_twitter_data in run state: {'life_cycle_state': 'RUNNING', 'result_state': '', 'state_message': ''}
[2022-07-06 18:34:28,086] {databricks.py:72} INFO - View run status, Spark UI, and logs at https://adb-770153189229877.17.azuredatabricks.net/?o=770153189229877#job/531841237317382/run/18171
[2022-07-06 18:34:28,086] {databricks.py:73} INFO - Sleeping for 30 seconds.
[2022-07-06 18:34:58,109] {databricks_base.py:406} INFO - Using token auth. For security reasons, please set token in Password field instead of extra
[2022-07-06 18:34:58,720] {databricks.py:71} INFO - process_twitter_data in run state: {'life_cycle_state': 'RUNNING', 'result_state': '', 'state_message': ''}
[2022-07-06 18:34:58,720] {databricks.py:72} INFO - View run status, Spark UI, and logs at https://adb-770153189229877.17.azuredatabricks.net/?o=770153189229877#job/531841237317382/run/18171
[2022-07-06 18:34:58,720] {databricks.py:73} INFO - Sleeping for 30 seconds.
[2022-07-06 18:35:28,752] {databricks_base.py:406} INFO - Using token auth. For security reasons, please set token in Password field instead of extra
[2022-07-06 18:35:29,316] {databricks.py:71} INFO - process_twitter_data in run state: {'life_cycle_state': 'RUNNING', 'result_state': '', 'state_message': ''}
[2022-07-06 18:35:29,316] {databricks.py:72} INFO - View run status, Spark UI, and logs at https://adb-770153189229877.17.azuredatabricks.net/?o=770153189229877#job/531841237317382/run/18171
[2022-07-06 18:35:29,316] {databricks.py:73} INFO - Sleeping for 30 seconds.
[2022-07-06 18:35:59,339] {databricks_base.py:406} INFO - Using token auth. For security reasons, please set token in Password field instead of extra
[2022-07-06 18:35:59,914] {databricks.py:71} INFO - process_twitter_data in run state: {'life_cycle_state': 'RUNNING', 'result_state': '', 'state_message': ''}
[2022-07-06 18:35:59,914] {databricks.py:72} INFO - View run status, Spark UI, and logs at https://adb-770153189229877.17.azuredatabricks.net/?o=770153189229877#job/531841237317382/run/18171
[2022-07-06 18:35:59,914] {databricks.py:73} INFO - Sleeping for 30 seconds.
[2022-07-06 18:36:29,945] {databricks_base.py:406} INFO - Using token auth. For security reasons, please set token in Password field instead of extra
[2022-07-06 18:36:30,652] {databricks.py:71} INFO - process_twitter_data in run state: {'life_cycle_state': 'RUNNING', 'result_state': '', 'state_message': ''}
[2022-07-06 18:36:30,652] {databricks.py:72} INFO - View run status, Spark UI, and logs at https://adb-770153189229877.17.azuredatabricks.net/?o=770153189229877#job/531841237317382/run/18171
[2022-07-06 18:36:30,652] {databricks.py:73} INFO - Sleeping for 30 seconds.
[2022-07-06 18:37:00,683] {databricks_base.py:406} INFO - Using token auth. For security reasons, please set token in Password field instead of extra
[2022-07-06 18:37:01,281] {databricks.py:71} INFO - process_twitter_data in run state: {'life_cycle_state': 'RUNNING', 'result_state': '', 'state_message': ''}
[2022-07-06 18:37:01,282] {databricks.py:72} INFO - View run status, Spark UI, and logs at https://adb-770153189229877.17.azuredatabricks.net/?o=770153189229877#job/531841237317382/run/18171
[2022-07-06 18:37:01,282] {databricks.py:73} INFO - Sleeping for 30 seconds.
[2022-07-06 18:37:31,311] {databricks_base.py:406} INFO - Using token auth. For security reasons, please set token in Password field instead of extra
[2022-07-06 18:37:31,906] {databricks.py:71} INFO - process_twitter_data in run state: {'life_cycle_state': 'RUNNING', 'result_state': '', 'state_message': ''}
[2022-07-06 18:37:31,906] {databricks.py:72} INFO - View run status, Spark UI, and logs at https://adb-770153189229877.17.azuredatabricks.net/?o=770153189229877#job/531841237317382/run/18171
[2022-07-06 18:37:31,906] {databricks.py:73} INFO - Sleeping for 30 seconds.
[2022-07-06 18:38:01,928] {databricks_base.py:406} INFO - Using token auth. For security reasons, please set token in Password field instead of extra
[2022-07-06 18:38:02,535] {databricks.py:71} INFO - process_twitter_data in run state: {'life_cycle_state': 'RUNNING', 'result_state': '', 'state_message': ''}
[2022-07-06 18:38:02,535] {databricks.py:72} INFO - View run status, Spark UI, and logs at https://adb-770153189229877.17.azuredatabricks.net/?o=770153189229877#job/531841237317382/run/18171
[2022-07-06 18:38:02,535] {databricks.py:73} INFO - Sleeping for 30 seconds.
[2022-07-06 18:38:32,554] {databricks_base.py:406} INFO - Using token auth. For security reasons, please set token in Password field instead of extra
[2022-07-06 18:38:33,168] {databricks.py:71} INFO - process_twitter_data in run state: {'life_cycle_state': 'RUNNING', 'result_state': '', 'state_message': ''}
[2022-07-06 18:38:33,168] {databricks.py:72} INFO - View run status, Spark UI, and logs at https://adb-770153189229877.17.azuredatabricks.net/?o=770153189229877#job/531841237317382/run/18171
[2022-07-06 18:38:33,168] {databricks.py:73} INFO - Sleeping for 30 seconds.
[2022-07-06 18:39:03,190] {databricks_base.py:406} INFO - Using token auth. For security reasons, please set token in Password field instead of extra
[2022-07-06 18:39:03,770] {databricks.py:71} INFO - process_twitter_data in run state: {'life_cycle_state': 'RUNNING', 'result_state': '', 'state_message': ''}
[2022-07-06 18:39:03,770] {databricks.py:72} INFO - View run status, Spark UI, and logs at https://adb-770153189229877.17.azuredatabricks.net/?o=770153189229877#job/531841237317382/run/18171
[2022-07-06 18:39:03,770] {databricks.py:73} INFO - Sleeping for 30 seconds.
[2022-07-06 18:39:33,786] {databricks_base.py:406} INFO - Using token auth. For security reasons, please set token in Password field instead of extra
[2022-07-06 18:39:34,552] {databricks.py:71} INFO - process_twitter_data in run state: {'life_cycle_state': 'RUNNING', 'result_state': '', 'state_message': ''}
[2022-07-06 18:39:34,552] {databricks.py:72} INFO - View run status, Spark UI, and logs at https://adb-770153189229877.17.azuredatabricks.net/?o=770153189229877#job/531841237317382/run/18171
[2022-07-06 18:39:34,552] {databricks.py:73} INFO - Sleeping for 30 seconds.
[2022-07-06 18:40:04,583] {databricks_base.py:406} INFO - Using token auth. For security reasons, please set token in Password field instead of extra
[2022-07-06 18:40:05,129] {databricks.py:71} INFO - process_twitter_data in run state: {'life_cycle_state': 'RUNNING', 'result_state': '', 'state_message': ''}
[2022-07-06 18:40:05,129] {databricks.py:72} INFO - View run status, Spark UI, and logs at https://adb-770153189229877.17.azuredatabricks.net/?o=770153189229877#job/531841237317382/run/18171
[2022-07-06 18:40:05,129] {databricks.py:73} INFO - Sleeping for 30 seconds.
[2022-07-06 18:40:35,158] {databricks_base.py:406} INFO - Using token auth. For security reasons, please set token in Password field instead of extra
[2022-07-06 18:40:35,861] {databricks.py:71} INFO - process_twitter_data in run state: {'life_cycle_state': 'RUNNING', 'result_state': '', 'state_message': ''}
[2022-07-06 18:40:35,862] {databricks.py:72} INFO - View run status, Spark UI, and logs at https://adb-770153189229877.17.azuredatabricks.net/?o=770153189229877#job/531841237317382/run/18171
[2022-07-06 18:40:35,862] {databricks.py:73} INFO - Sleeping for 30 seconds.
[2022-07-06 18:41:05,900] {databricks_base.py:406} INFO - Using token auth. For security reasons, please set token in Password field instead of extra
[2022-07-06 18:41:06,490] {databricks.py:71} INFO - process_twitter_data in run state: {'life_cycle_state': 'RUNNING', 'result_state': '', 'state_message': ''}
[2022-07-06 18:41:06,491] {databricks.py:72} INFO - View run status, Spark UI, and logs at https://adb-770153189229877.17.azuredatabricks.net/?o=770153189229877#job/531841237317382/run/18171
[2022-07-06 18:41:06,491] {databricks.py:73} INFO - Sleeping for 30 seconds.
[2022-07-06 18:41:36,524] {databricks_base.py:406} INFO - Using token auth. For security reasons, please set token in Password field instead of extra
[2022-07-06 18:41:37,213] {databricks.py:71} INFO - process_twitter_data in run state: {'life_cycle_state': 'RUNNING', 'result_state': '', 'state_message': ''}
[2022-07-06 18:41:37,213] {databricks.py:72} INFO - View run status, Spark UI, and logs at https://adb-770153189229877.17.azuredatabricks.net/?o=770153189229877#job/531841237317382/run/18171
[2022-07-06 18:41:37,213] {databricks.py:73} INFO - Sleeping for 30 seconds.
[2022-07-06 18:42:07,239] {databricks_base.py:406} INFO - Using token auth. For security reasons, please set token in Password field instead of extra
[2022-07-06 18:42:07,982] {databricks.py:71} INFO - process_twitter_data in run state: {'life_cycle_state': 'RUNNING', 'result_state': '', 'state_message': ''}
[2022-07-06 18:42:07,982] {databricks.py:72} INFO - View run status, Spark UI, and logs at https://adb-770153189229877.17.azuredatabricks.net/?o=770153189229877#job/531841237317382/run/18171
[2022-07-06 18:42:07,982] {databricks.py:73} INFO - Sleeping for 30 seconds.
[2022-07-06 18:42:38,004] {databricks_base.py:406} INFO - Using token auth. For security reasons, please set token in Password field instead of extra
[2022-07-06 18:42:38,697] {databricks_base.py:406} INFO - Using token auth. For security reasons, please set token in Password field instead of extra
[2022-07-06 18:42:39,260] {taskinstance.py:1889} ERROR - Task failed with exception
Traceback (most recent call last):
  File "/home/nicholas/.local/lib/python3.10/site-packages/airflow/providers/databricks/hooks/databricks_base.py", line 498, in _do_api_call
    for attempt in self._get_retry_object():
  File "/home/nicholas/.local/lib/python3.10/site-packages/tenacity/__init__.py", line 382, in __iter__
    do = self.iter(retry_state=retry_state)
  File "/home/nicholas/.local/lib/python3.10/site-packages/tenacity/__init__.py", line 349, in iter
    return fut.result()
  File "/usr/lib/python3.10/concurrent/futures/_base.py", line 439, in result
    return self.__get_result()
  File "/usr/lib/python3.10/concurrent/futures/_base.py", line 391, in __get_result
    raise self._exception
  File "/home/nicholas/.local/lib/python3.10/site-packages/airflow/providers/databricks/hooks/databricks_base.py", line 508, in _do_api_call
    response.raise_for_status()
  File "/home/nicholas/.local/lib/python3.10/site-packages/requests/models.py", line 1021, in raise_for_status
    raise HTTPError(http_error_msg, response=self)
requests.exceptions.HTTPError: 400 Client Error: Bad Request for url: https://adb-770153189229877.17.azuredatabricks.net/api/2.1/jobs/runs/get-output?run_id=18171

During handling of the above exception, another exception occurred:

Traceback (most recent call last):
  File "/home/nicholas/.local/lib/python3.10/site-packages/airflow/providers/databricks/operators/databricks.py", line 655, in execute
    _handle_databricks_operator_execution(self, hook, self.log, context)
  File "/home/nicholas/.local/lib/python3.10/site-packages/airflow/providers/databricks/operators/databricks.py", line 63, in _handle_databricks_operator_execution
    run_output = hook.get_run_output(operator.run_id)
  File "/home/nicholas/.local/lib/python3.10/site-packages/airflow/providers/databricks/hooks/databricks.py", line 309, in get_run_output
    run_output = self._do_api_call(OUTPUT_RUNS_JOB_ENDPOINT, json)
  File "/home/nicholas/.local/lib/python3.10/site-packages/airflow/providers/databricks/hooks/databricks_base.py", line 514, in _do_api_call
    raise AirflowException(
airflow.exceptions.AirflowException: Response: b'{"error_code":"INVALID_PARAMETER_VALUE","message":"Retrieving the output of runs with multiple tasks is not supported. Please retrieve the output of each individual task run instead."}', Status Code: 400
[2022-07-06 18:42:39,264] {taskinstance.py:1395} INFO - Marking task as UP_FOR_RETRY. dag_id=twitter_dag, task_id=process_twitter_data, execution_date=20220706T210936, start_date=20220706T212240, end_date=20220706T214239
[2022-07-06 18:42:39,278] {standard_task_runner.py:92} ERROR - Failed to execute job 63 for task process_twitter_data (Response: b'{"error_code":"INVALID_PARAMETER_VALUE","message":"Retrieving the output of runs with multiple tasks is not supported. Please retrieve the output of each individual task run instead."}', Status Code: 400; 71358)
[2022-07-06 18:42:39,283] {local_task_job.py:156} INFO - Task exited with return code 1
[2022-07-06 18:42:39,302] {local_task_job.py:273} INFO - 0 downstream tasks scheduled from follow-on schedule check
