[2022-07-05 18:15:34,218] {taskinstance.py:1159} INFO - Dependencies all met for <TaskInstance: twitter_dag.request_twitter_data manual__2022-07-05T21:15:31.858244+00:00 [queued]>
[2022-07-05 18:15:34,223] {taskinstance.py:1159} INFO - Dependencies all met for <TaskInstance: twitter_dag.request_twitter_data manual__2022-07-05T21:15:31.858244+00:00 [queued]>
[2022-07-05 18:15:34,223] {taskinstance.py:1356} INFO - 
--------------------------------------------------------------------------------
[2022-07-05 18:15:34,223] {taskinstance.py:1357} INFO - Starting attempt 1 of 4
[2022-07-05 18:15:34,223] {taskinstance.py:1358} INFO - 
--------------------------------------------------------------------------------
[2022-07-05 18:15:34,237] {taskinstance.py:1377} INFO - Executing <Task(PythonOperator): request_twitter_data> on 2022-07-05 21:15:31.858244+00:00
[2022-07-05 18:15:34,242] {standard_task_runner.py:79} INFO - Running: ['airflow', 'tasks', 'run', 'twitter_dag', 'request_twitter_data', 'manual__2022-07-05T21:15:31.858244+00:00', '--job-id', '36', '--raw', '--subdir', 'DAGS_FOLDER/twitter_dag.py', '--cfg-path', '/tmp/tmpmsf54yir', '--error-file', '/tmp/tmpxa5asb__']
[2022-07-05 18:15:34,243] {standard_task_runner.py:80} INFO - Job 36: Subtask request_twitter_data
[2022-07-05 18:15:34,239] {standard_task_runner.py:52} INFO - Started process 41639 to run task
[2022-07-05 18:15:34,286] {task_command.py:370} INFO - Running <TaskInstance: twitter_dag.request_twitter_data manual__2022-07-05T21:15:31.858244+00:00 [running]> on host nicholas-VirtualBox
[2022-07-05 18:15:34,334] {taskinstance.py:1569} INFO - Exporting the following env vars:
AIRFLOW_CTX_DAG_EMAIL=nicholas.comuni@outlook.com
AIRFLOW_CTX_DAG_OWNER=Nicholas
AIRFLOW_CTX_DAG_ID=twitter_dag
AIRFLOW_CTX_TASK_ID=request_twitter_data
AIRFLOW_CTX_EXECUTION_DATE=2022-07-05T21:15:31.858244+00:00
AIRFLOW_CTX_TRY_NUMBER=1
AIRFLOW_CTX_DAG_RUN_ID=manual__2022-07-05T21:15:31.858244+00:00
[2022-07-05 18:15:35,057] {logging_mixin.py:115} INFO - /tmp/tmpj1mjo25c/covid19.json
[2022-07-05 18:15:35,062] {base.py:68} INFO - Using connection ID 'wasbconn' for task execution.
[2022-07-05 18:15:35,065] {_universal.py:473} INFO - Request URL: 'https://serasadatalake.blob.core.windows.net/landingzone/covid19/2022/7/covid19_2022-07-05%2018_15_35.057992.json'
Request method: 'PUT'
Request headers:
    'x-ms-blob-type': 'REDACTED'
    'Content-Length': '2753'
    'If-None-Match': '*'
    'x-ms-version': 'REDACTED'
    'Content-Type': 'application/octet-stream'
    'Accept': 'application/xml'
    'User-Agent': 'azsdk-python-storage-blob/12.8.1 Python/3.10.4 (Linux-5.15.0-39-generic-x86_64-with-glibc2.35)'
    'x-ms-date': 'REDACTED'
    'x-ms-client-request-id': '9c1ee536-fca7-11ec-9005-b11393f1182e'
    'Authorization': 'REDACTED'
A body is sent with the request
[2022-07-05 18:15:35,969] {_universal.py:504} INFO - Response status: 201
Response headers:
    'Content-Length': '0'
    'Content-MD5': 'REDACTED'
    'Last-Modified': 'Tue, 05 Jul 2022 21:15:36 GMT'
    'ETag': '"0x8DA5ECB8159EB95"'
    'Server': 'Windows-Azure-Blob/1.0 Microsoft-HTTPAPI/2.0'
    'x-ms-request-id': '5c982714-501e-0038-77b4-90efc7000000'
    'x-ms-client-request-id': '9c1ee536-fca7-11ec-9005-b11393f1182e'
    'x-ms-version': 'REDACTED'
    'x-ms-content-crc64': 'REDACTED'
    'x-ms-request-server-encrypted': 'REDACTED'
    'Date': 'Tue, 05 Jul 2022 21:15:36 GMT'
[2022-07-05 18:15:35,972] {python.py:173} INFO - Done. Returned value was: None
[2022-07-05 18:15:35,979] {taskinstance.py:1395} INFO - Marking task as SUCCESS. dag_id=twitter_dag, task_id=request_twitter_data, execution_date=20220705T211531, start_date=20220705T211534, end_date=20220705T211535
[2022-07-05 18:15:36,009] {local_task_job.py:156} INFO - Task exited with return code 0
[2022-07-05 18:15:36,033] {local_task_job.py:273} INFO - 1 downstream tasks scheduled from follow-on schedule check
