[2022-07-06 20:51:10,390] {taskinstance.py:1159} INFO - Dependencies all met for <TaskInstance: twitter_dag.process_twitter_data manual__2022-07-06T23:43:13.120208+00:00 [queued]>
[2022-07-06 20:51:10,396] {taskinstance.py:1159} INFO - Dependencies all met for <TaskInstance: twitter_dag.process_twitter_data manual__2022-07-06T23:43:13.120208+00:00 [queued]>
[2022-07-06 20:51:10,396] {taskinstance.py:1356} INFO - 
--------------------------------------------------------------------------------
[2022-07-06 20:51:10,396] {taskinstance.py:1357} INFO - Starting attempt 1 of 4
[2022-07-06 20:51:10,396] {taskinstance.py:1358} INFO - 
--------------------------------------------------------------------------------
[2022-07-06 20:51:10,419] {taskinstance.py:1377} INFO - Executing <Task(DatabricksRunNowOperator): process_twitter_data> on 2022-07-06 23:43:13.120208+00:00
[2022-07-06 20:51:10,422] {standard_task_runner.py:52} INFO - Started process 143565 to run task
[2022-07-06 20:51:10,430] {standard_task_runner.py:79} INFO - Running: ['airflow', 'tasks', 'run', 'twitter_dag', 'process_twitter_data', 'manual__2022-07-06T23:43:13.120208+00:00', '--job-id', '81', '--raw', '--subdir', 'DAGS_FOLDER/twitter_dag.py', '--cfg-path', '/tmp/tmphc1ra9_e', '--error-file', '/tmp/tmpqhhhf3tm']
[2022-07-06 20:51:10,431] {standard_task_runner.py:80} INFO - Job 81: Subtask process_twitter_data
[2022-07-06 20:51:10,469] {task_command.py:370} INFO - Running <TaskInstance: twitter_dag.process_twitter_data manual__2022-07-06T23:43:13.120208+00:00 [running]> on host nicholas-VirtualBox
[2022-07-06 20:51:10,541] {taskinstance.py:1569} INFO - Exporting the following env vars:
AIRFLOW_CTX_DAG_EMAIL=nicholas.comuni@outlook.com
AIRFLOW_CTX_DAG_OWNER=Nicholas
AIRFLOW_CTX_DAG_ID=twitter_dag
AIRFLOW_CTX_TASK_ID=process_twitter_data
AIRFLOW_CTX_EXECUTION_DATE=2022-07-06T23:43:13.120208+00:00
AIRFLOW_CTX_TRY_NUMBER=1
AIRFLOW_CTX_DAG_RUN_ID=manual__2022-07-06T23:43:13.120208+00:00
[2022-07-06 20:51:10,547] {base.py:68} INFO - Using connection ID 'databricks_conn' for task execution.
[2022-07-06 20:51:10,548] {databricks_base.py:406} INFO - Using token auth. For security reasons, please set token in Password field instead of extra
[2022-07-06 20:51:11,260] {databricks.py:49} INFO - Run submitted with run_id: 26467
[2022-07-06 20:51:11,261] {databricks_base.py:406} INFO - Using token auth. For security reasons, please set token in Password field instead of extra
[2022-07-06 20:51:12,188] {databricks_base.py:406} INFO - Using token auth. For security reasons, please set token in Password field instead of extra
[2022-07-06 20:51:12,737] {databricks.py:71} INFO - process_twitter_data in run state: {'life_cycle_state': 'RUNNING', 'result_state': '', 'state_message': ''}
[2022-07-06 20:51:12,737] {databricks.py:72} INFO - View run status, Spark UI, and logs at https://adb-770153189229877.17.azuredatabricks.net/?o=770153189229877#job/531841237317382/run/26467
[2022-07-06 20:51:12,737] {databricks.py:73} INFO - Sleeping for 30 seconds.
[2022-07-06 20:51:42,776] {databricks_base.py:406} INFO - Using token auth. For security reasons, please set token in Password field instead of extra
[2022-07-06 20:51:43,420] {databricks.py:71} INFO - process_twitter_data in run state: {'life_cycle_state': 'RUNNING', 'result_state': '', 'state_message': ''}
[2022-07-06 20:51:43,420] {databricks.py:72} INFO - View run status, Spark UI, and logs at https://adb-770153189229877.17.azuredatabricks.net/?o=770153189229877#job/531841237317382/run/26467
[2022-07-06 20:51:43,420] {databricks.py:73} INFO - Sleeping for 30 seconds.
[2022-07-06 20:52:13,432] {databricks_base.py:406} INFO - Using token auth. For security reasons, please set token in Password field instead of extra
[2022-07-06 20:52:14,001] {databricks.py:71} INFO - process_twitter_data in run state: {'life_cycle_state': 'RUNNING', 'result_state': '', 'state_message': ''}
[2022-07-06 20:52:14,001] {databricks.py:72} INFO - View run status, Spark UI, and logs at https://adb-770153189229877.17.azuredatabricks.net/?o=770153189229877#job/531841237317382/run/26467
[2022-07-06 20:52:14,001] {databricks.py:73} INFO - Sleeping for 30 seconds.
[2022-07-06 20:52:44,026] {databricks_base.py:406} INFO - Using token auth. For security reasons, please set token in Password field instead of extra
[2022-07-06 20:52:44,784] {databricks.py:71} INFO - process_twitter_data in run state: {'life_cycle_state': 'RUNNING', 'result_state': '', 'state_message': ''}
[2022-07-06 20:52:44,784] {databricks.py:72} INFO - View run status, Spark UI, and logs at https://adb-770153189229877.17.azuredatabricks.net/?o=770153189229877#job/531841237317382/run/26467
[2022-07-06 20:52:44,785] {databricks.py:73} INFO - Sleeping for 30 seconds.
[2022-07-06 20:53:14,814] {databricks_base.py:406} INFO - Using token auth. For security reasons, please set token in Password field instead of extra
[2022-07-06 20:53:15,402] {databricks.py:71} INFO - process_twitter_data in run state: {'life_cycle_state': 'RUNNING', 'result_state': '', 'state_message': ''}
[2022-07-06 20:53:15,402] {databricks.py:72} INFO - View run status, Spark UI, and logs at https://adb-770153189229877.17.azuredatabricks.net/?o=770153189229877#job/531841237317382/run/26467
[2022-07-06 20:53:15,403] {databricks.py:73} INFO - Sleeping for 30 seconds.
[2022-07-06 20:53:45,433] {databricks_base.py:406} INFO - Using token auth. For security reasons, please set token in Password field instead of extra
[2022-07-06 20:53:46,083] {databricks.py:71} INFO - process_twitter_data in run state: {'life_cycle_state': 'RUNNING', 'result_state': '', 'state_message': ''}
[2022-07-06 20:53:46,083] {databricks.py:72} INFO - View run status, Spark UI, and logs at https://adb-770153189229877.17.azuredatabricks.net/?o=770153189229877#job/531841237317382/run/26467
[2022-07-06 20:53:46,083] {databricks.py:73} INFO - Sleeping for 30 seconds.
[2022-07-06 20:54:16,088] {databricks_base.py:406} INFO - Using token auth. For security reasons, please set token in Password field instead of extra
[2022-07-06 20:54:16,674] {databricks.py:71} INFO - process_twitter_data in run state: {'life_cycle_state': 'RUNNING', 'result_state': '', 'state_message': ''}
[2022-07-06 20:54:16,674] {databricks.py:72} INFO - View run status, Spark UI, and logs at https://adb-770153189229877.17.azuredatabricks.net/?o=770153189229877#job/531841237317382/run/26467
[2022-07-06 20:54:16,674] {databricks.py:73} INFO - Sleeping for 30 seconds.
[2022-07-06 20:54:46,707] {databricks_base.py:406} INFO - Using token auth. For security reasons, please set token in Password field instead of extra
[2022-07-06 20:54:47,455] {databricks.py:71} INFO - process_twitter_data in run state: {'life_cycle_state': 'RUNNING', 'result_state': '', 'state_message': ''}
[2022-07-06 20:54:47,455] {databricks.py:72} INFO - View run status, Spark UI, and logs at https://adb-770153189229877.17.azuredatabricks.net/?o=770153189229877#job/531841237317382/run/26467
[2022-07-06 20:54:47,455] {databricks.py:73} INFO - Sleeping for 30 seconds.
[2022-07-06 20:55:17,472] {databricks_base.py:406} INFO - Using token auth. For security reasons, please set token in Password field instead of extra
[2022-07-06 20:55:18,210] {databricks.py:71} INFO - process_twitter_data in run state: {'life_cycle_state': 'RUNNING', 'result_state': '', 'state_message': ''}
[2022-07-06 20:55:18,210] {databricks.py:72} INFO - View run status, Spark UI, and logs at https://adb-770153189229877.17.azuredatabricks.net/?o=770153189229877#job/531841237317382/run/26467
[2022-07-06 20:55:18,210] {databricks.py:73} INFO - Sleeping for 30 seconds.
[2022-07-06 20:55:48,237] {databricks_base.py:406} INFO - Using token auth. For security reasons, please set token in Password field instead of extra
[2022-07-06 20:55:48,824] {databricks.py:71} INFO - process_twitter_data in run state: {'life_cycle_state': 'RUNNING', 'result_state': '', 'state_message': ''}
[2022-07-06 20:55:48,825] {databricks.py:72} INFO - View run status, Spark UI, and logs at https://adb-770153189229877.17.azuredatabricks.net/?o=770153189229877#job/531841237317382/run/26467
[2022-07-06 20:55:48,825] {databricks.py:73} INFO - Sleeping for 30 seconds.
[2022-07-06 20:56:18,859] {databricks_base.py:406} INFO - Using token auth. For security reasons, please set token in Password field instead of extra
[2022-07-06 20:56:19,443] {databricks.py:71} INFO - process_twitter_data in run state: {'life_cycle_state': 'RUNNING', 'result_state': '', 'state_message': ''}
[2022-07-06 20:56:19,443] {databricks.py:72} INFO - View run status, Spark UI, and logs at https://adb-770153189229877.17.azuredatabricks.net/?o=770153189229877#job/531841237317382/run/26467
[2022-07-06 20:56:19,443] {databricks.py:73} INFO - Sleeping for 30 seconds.
[2022-07-06 20:56:49,472] {databricks_base.py:406} INFO - Using token auth. For security reasons, please set token in Password field instead of extra
[2022-07-06 20:56:50,038] {databricks.py:71} INFO - process_twitter_data in run state: {'life_cycle_state': 'RUNNING', 'result_state': '', 'state_message': ''}
[2022-07-06 20:56:50,038] {databricks.py:72} INFO - View run status, Spark UI, and logs at https://adb-770153189229877.17.azuredatabricks.net/?o=770153189229877#job/531841237317382/run/26467
[2022-07-06 20:56:50,038] {databricks.py:73} INFO - Sleeping for 30 seconds.
[2022-07-06 20:57:20,066] {databricks_base.py:406} INFO - Using token auth. For security reasons, please set token in Password field instead of extra
[2022-07-06 20:57:20,681] {databricks.py:71} INFO - process_twitter_data in run state: {'life_cycle_state': 'RUNNING', 'result_state': '', 'state_message': ''}
[2022-07-06 20:57:20,681] {databricks.py:72} INFO - View run status, Spark UI, and logs at https://adb-770153189229877.17.azuredatabricks.net/?o=770153189229877#job/531841237317382/run/26467
[2022-07-06 20:57:20,681] {databricks.py:73} INFO - Sleeping for 30 seconds.
[2022-07-06 20:57:50,708] {databricks_base.py:406} INFO - Using token auth. For security reasons, please set token in Password field instead of extra
[2022-07-06 20:57:51,411] {databricks.py:71} INFO - process_twitter_data in run state: {'life_cycle_state': 'RUNNING', 'result_state': '', 'state_message': ''}
[2022-07-06 20:57:51,411] {databricks.py:72} INFO - View run status, Spark UI, and logs at https://adb-770153189229877.17.azuredatabricks.net/?o=770153189229877#job/531841237317382/run/26467
[2022-07-06 20:57:51,411] {databricks.py:73} INFO - Sleeping for 30 seconds.
[2022-07-06 20:58:21,440] {databricks_base.py:406} INFO - Using token auth. For security reasons, please set token in Password field instead of extra
[2022-07-06 20:58:22,194] {databricks.py:71} INFO - process_twitter_data in run state: {'life_cycle_state': 'RUNNING', 'result_state': '', 'state_message': ''}
[2022-07-06 20:58:22,194] {databricks.py:72} INFO - View run status, Spark UI, and logs at https://adb-770153189229877.17.azuredatabricks.net/?o=770153189229877#job/531841237317382/run/26467
[2022-07-06 20:58:22,194] {databricks.py:73} INFO - Sleeping for 30 seconds.
[2022-07-06 20:58:52,226] {databricks_base.py:406} INFO - Using token auth. For security reasons, please set token in Password field instead of extra
[2022-07-06 20:58:52,789] {databricks.py:71} INFO - process_twitter_data in run state: {'life_cycle_state': 'RUNNING', 'result_state': '', 'state_message': ''}
[2022-07-06 20:58:52,789] {databricks.py:72} INFO - View run status, Spark UI, and logs at https://adb-770153189229877.17.azuredatabricks.net/?o=770153189229877#job/531841237317382/run/26467
[2022-07-06 20:58:52,789] {databricks.py:73} INFO - Sleeping for 30 seconds.
[2022-07-06 20:59:22,791] {databricks_base.py:406} INFO - Using token auth. For security reasons, please set token in Password field instead of extra
[2022-07-06 20:59:23,363] {databricks.py:71} INFO - process_twitter_data in run state: {'life_cycle_state': 'RUNNING', 'result_state': '', 'state_message': ''}
[2022-07-06 20:59:23,364] {databricks.py:72} INFO - View run status, Spark UI, and logs at https://adb-770153189229877.17.azuredatabricks.net/?o=770153189229877#job/531841237317382/run/26467
[2022-07-06 20:59:23,364] {databricks.py:73} INFO - Sleeping for 30 seconds.
[2022-07-06 20:59:53,369] {databricks_base.py:406} INFO - Using token auth. For security reasons, please set token in Password field instead of extra
[2022-07-06 20:59:54,065] {databricks.py:71} INFO - process_twitter_data in run state: {'life_cycle_state': 'RUNNING', 'result_state': '', 'state_message': ''}
[2022-07-06 20:59:54,065] {databricks.py:72} INFO - View run status, Spark UI, and logs at https://adb-770153189229877.17.azuredatabricks.net/?o=770153189229877#job/531841237317382/run/26467
[2022-07-06 20:59:54,065] {databricks.py:73} INFO - Sleeping for 30 seconds.
[2022-07-06 21:00:24,094] {databricks_base.py:406} INFO - Using token auth. For security reasons, please set token in Password field instead of extra
[2022-07-06 21:00:24,794] {databricks.py:71} INFO - process_twitter_data in run state: {'life_cycle_state': 'RUNNING', 'result_state': '', 'state_message': ''}
[2022-07-06 21:00:24,794] {databricks.py:72} INFO - View run status, Spark UI, and logs at https://adb-770153189229877.17.azuredatabricks.net/?o=770153189229877#job/531841237317382/run/26467
[2022-07-06 21:00:24,794] {databricks.py:73} INFO - Sleeping for 30 seconds.
[2022-07-06 21:00:54,825] {databricks_base.py:406} INFO - Using token auth. For security reasons, please set token in Password field instead of extra
[2022-07-06 21:00:55,422] {databricks.py:71} INFO - process_twitter_data in run state: {'life_cycle_state': 'RUNNING', 'result_state': '', 'state_message': ''}
[2022-07-06 21:00:55,422] {databricks.py:72} INFO - View run status, Spark UI, and logs at https://adb-770153189229877.17.azuredatabricks.net/?o=770153189229877#job/531841237317382/run/26467
[2022-07-06 21:00:55,422] {databricks.py:73} INFO - Sleeping for 30 seconds.
[2022-07-06 21:01:25,444] {databricks_base.py:406} INFO - Using token auth. For security reasons, please set token in Password field instead of extra
[2022-07-06 21:01:26,011] {databricks.py:71} INFO - process_twitter_data in run state: {'life_cycle_state': 'RUNNING', 'result_state': '', 'state_message': ''}
[2022-07-06 21:01:26,011] {databricks.py:72} INFO - View run status, Spark UI, and logs at https://adb-770153189229877.17.azuredatabricks.net/?o=770153189229877#job/531841237317382/run/26467
[2022-07-06 21:01:26,011] {databricks.py:73} INFO - Sleeping for 30 seconds.
[2022-07-06 21:01:56,042] {databricks_base.py:406} INFO - Using token auth. For security reasons, please set token in Password field instead of extra
[2022-07-06 21:01:56,649] {databricks.py:71} INFO - process_twitter_data in run state: {'life_cycle_state': 'RUNNING', 'result_state': '', 'state_message': ''}
[2022-07-06 21:01:56,649] {databricks.py:72} INFO - View run status, Spark UI, and logs at https://adb-770153189229877.17.azuredatabricks.net/?o=770153189229877#job/531841237317382/run/26467
[2022-07-06 21:01:56,649] {databricks.py:73} INFO - Sleeping for 30 seconds.
[2022-07-06 21:02:26,676] {databricks_base.py:406} INFO - Using token auth. For security reasons, please set token in Password field instead of extra
[2022-07-06 21:02:27,288] {databricks.py:71} INFO - process_twitter_data in run state: {'life_cycle_state': 'RUNNING', 'result_state': '', 'state_message': ''}
[2022-07-06 21:02:27,288] {databricks.py:72} INFO - View run status, Spark UI, and logs at https://adb-770153189229877.17.azuredatabricks.net/?o=770153189229877#job/531841237317382/run/26467
[2022-07-06 21:02:27,288] {databricks.py:73} INFO - Sleeping for 30 seconds.
[2022-07-06 21:02:57,318] {databricks_base.py:406} INFO - Using token auth. For security reasons, please set token in Password field instead of extra
[2022-07-06 21:02:57,983] {databricks.py:71} INFO - process_twitter_data in run state: {'life_cycle_state': 'RUNNING', 'result_state': '', 'state_message': ''}
[2022-07-06 21:02:57,983] {databricks.py:72} INFO - View run status, Spark UI, and logs at https://adb-770153189229877.17.azuredatabricks.net/?o=770153189229877#job/531841237317382/run/26467
[2022-07-06 21:02:57,983] {databricks.py:73} INFO - Sleeping for 30 seconds.
[2022-07-06 21:03:28,016] {databricks_base.py:406} INFO - Using token auth. For security reasons, please set token in Password field instead of extra
[2022-07-06 21:03:28,719] {databricks.py:71} INFO - process_twitter_data in run state: {'life_cycle_state': 'RUNNING', 'result_state': '', 'state_message': ''}
[2022-07-06 21:03:28,719] {databricks.py:72} INFO - View run status, Spark UI, and logs at https://adb-770153189229877.17.azuredatabricks.net/?o=770153189229877#job/531841237317382/run/26467
[2022-07-06 21:03:28,719] {databricks.py:73} INFO - Sleeping for 30 seconds.
[2022-07-06 21:03:58,746] {databricks_base.py:406} INFO - Using token auth. For security reasons, please set token in Password field instead of extra
[2022-07-06 21:03:59,332] {databricks.py:71} INFO - process_twitter_data in run state: {'life_cycle_state': 'RUNNING', 'result_state': '', 'state_message': ''}
[2022-07-06 21:03:59,332] {databricks.py:72} INFO - View run status, Spark UI, and logs at https://adb-770153189229877.17.azuredatabricks.net/?o=770153189229877#job/531841237317382/run/26467
[2022-07-06 21:03:59,332] {databricks.py:73} INFO - Sleeping for 30 seconds.
[2022-07-06 21:04:29,358] {databricks_base.py:406} INFO - Using token auth. For security reasons, please set token in Password field instead of extra
[2022-07-06 21:04:30,042] {databricks.py:71} INFO - process_twitter_data in run state: {'life_cycle_state': 'RUNNING', 'result_state': '', 'state_message': ''}
[2022-07-06 21:04:30,042] {databricks.py:72} INFO - View run status, Spark UI, and logs at https://adb-770153189229877.17.azuredatabricks.net/?o=770153189229877#job/531841237317382/run/26467
[2022-07-06 21:04:30,042] {databricks.py:73} INFO - Sleeping for 30 seconds.
[2022-07-06 21:05:00,080] {databricks_base.py:406} INFO - Using token auth. For security reasons, please set token in Password field instead of extra
[2022-07-06 21:05:00,884] {databricks.py:59} INFO - process_twitter_data completed successfully.
[2022-07-06 21:05:00,884] {databricks.py:60} INFO - View run status, Spark UI, and logs at https://adb-770153189229877.17.azuredatabricks.net/?o=770153189229877#job/531841237317382/run/26467
[2022-07-06 21:05:00,894] {taskinstance.py:1395} INFO - Marking task as SUCCESS. dag_id=twitter_dag, task_id=process_twitter_data, execution_date=20220706T234313, start_date=20220706T235110, end_date=20220707T000500
[2022-07-06 21:05:00,938] {local_task_job.py:156} INFO - Task exited with return code 0
[2022-07-06 21:05:00,967] {local_task_job.py:273} INFO - 1 downstream tasks scheduled from follow-on schedule check
