[2022-07-05 18:04:28,422] {taskinstance.py:1159} INFO - Dependencies all met for <TaskInstance: twitter_dag.request_twitter_data manual__2022-07-05T21:04:25.004544+00:00 [queued]>
[2022-07-05 18:04:28,428] {taskinstance.py:1159} INFO - Dependencies all met for <TaskInstance: twitter_dag.request_twitter_data manual__2022-07-05T21:04:25.004544+00:00 [queued]>
[2022-07-05 18:04:28,428] {taskinstance.py:1356} INFO - 
--------------------------------------------------------------------------------
[2022-07-05 18:04:28,428] {taskinstance.py:1357} INFO - Starting attempt 1 of 4
[2022-07-05 18:04:28,428] {taskinstance.py:1358} INFO - 
--------------------------------------------------------------------------------
[2022-07-05 18:04:28,448] {taskinstance.py:1377} INFO - Executing <Task(PythonOperator): request_twitter_data> on 2022-07-05 21:04:25.004544+00:00
[2022-07-05 18:04:28,450] {standard_task_runner.py:52} INFO - Started process 38266 to run task
[2022-07-05 18:04:28,455] {standard_task_runner.py:79} INFO - Running: ['airflow', 'tasks', 'run', 'twitter_dag', 'request_twitter_data', 'manual__2022-07-05T21:04:25.004544+00:00', '--job-id', '31', '--raw', '--subdir', 'DAGS_FOLDER/twitter_dag.py', '--cfg-path', '/tmp/tmp31f6_idd', '--error-file', '/tmp/tmpviwcwqd0']
[2022-07-05 18:04:28,458] {standard_task_runner.py:80} INFO - Job 31: Subtask request_twitter_data
[2022-07-05 18:04:28,495] {task_command.py:370} INFO - Running <TaskInstance: twitter_dag.request_twitter_data manual__2022-07-05T21:04:25.004544+00:00 [running]> on host nicholas-VirtualBox
[2022-07-05 18:04:28,558] {taskinstance.py:1569} INFO - Exporting the following env vars:
AIRFLOW_CTX_DAG_EMAIL=nicholas.comuni@outlook.com
AIRFLOW_CTX_DAG_OWNER=Nicholas
AIRFLOW_CTX_DAG_ID=twitter_dag
AIRFLOW_CTX_TASK_ID=request_twitter_data
AIRFLOW_CTX_EXECUTION_DATE=2022-07-05T21:04:25.004544+00:00
AIRFLOW_CTX_TRY_NUMBER=1
AIRFLOW_CTX_DAG_RUN_ID=manual__2022-07-05T21:04:25.004544+00:00
[2022-07-05 18:04:29,270] {logging_mixin.py:115} INFO - /tmp/tmp8lemcof9/covid19.json
[2022-07-05 18:04:29,276] {base.py:68} INFO - Using connection ID 'wasbconn' for task execution.
[2022-07-05 18:04:29,292] {_universal.py:473} INFO - Request URL: 'https://serasadatalake.blob.core.windows.net/landingzone/covid19/2022/7/covid19_2022-07-05%2018_04_29.270731.json'
Request method: 'PUT'
Request headers:
    'x-ms-blob-type': 'REDACTED'
    'Content-Length': '2750'
    'If-None-Match': '*'
    'x-ms-version': 'REDACTED'
    'Content-Type': 'application/octet-stream'
    'Accept': 'application/xml'
    'User-Agent': 'azsdk-python-storage-blob/12.8.1 Python/3.10.4 (Linux-5.15.0-39-generic-x86_64-with-glibc2.35)'
    'x-ms-date': 'REDACTED'
    'x-ms-client-request-id': '0f49965c-fca6-11ec-9005-b11393f1182e'
    'Authorization': 'REDACTED'
A body is sent with the request
[2022-07-05 18:04:30,348] {_universal.py:504} INFO - Response status: 201
Response headers:
    'Content-Length': '0'
    'Content-MD5': 'REDACTED'
    'Last-Modified': 'Tue, 05 Jul 2022 21:04:31 GMT'
    'ETag': '"0x8DA5EC9F499FBB5"'
    'Server': 'Windows-Azure-Blob/1.0 Microsoft-HTTPAPI/2.0'
    'x-ms-request-id': 'a3e71bfe-801e-0059-66b2-90cc84000000'
    'x-ms-client-request-id': '0f49965c-fca6-11ec-9005-b11393f1182e'
    'x-ms-version': 'REDACTED'
    'x-ms-content-crc64': 'REDACTED'
    'x-ms-request-server-encrypted': 'REDACTED'
    'Date': 'Tue, 05 Jul 2022 21:04:30 GMT'
[2022-07-05 18:04:30,351] {python.py:173} INFO - Done. Returned value was: None
[2022-07-05 18:04:30,358] {taskinstance.py:1395} INFO - Marking task as SUCCESS. dag_id=twitter_dag, task_id=request_twitter_data, execution_date=20220705T210425, start_date=20220705T210428, end_date=20220705T210430
[2022-07-05 18:04:30,383] {local_task_job.py:156} INFO - Task exited with return code 0
[2022-07-05 18:04:30,408] {local_task_job.py:273} INFO - 1 downstream tasks scheduled from follow-on schedule check
