[2022-07-05 15:49:15,479] {taskinstance.py:1159} INFO - Dependencies all met for <TaskInstance: twitter_dag2.request_twitter_data manual__2022-07-05T18:49:05.438487+00:00 [queued]>
[2022-07-05 15:49:15,486] {taskinstance.py:1159} INFO - Dependencies all met for <TaskInstance: twitter_dag2.request_twitter_data manual__2022-07-05T18:49:05.438487+00:00 [queued]>
[2022-07-05 15:49:15,486] {taskinstance.py:1356} INFO - 
--------------------------------------------------------------------------------
[2022-07-05 15:49:15,486] {taskinstance.py:1357} INFO - Starting attempt 1 of 4
[2022-07-05 15:49:15,486] {taskinstance.py:1358} INFO - 
--------------------------------------------------------------------------------
[2022-07-05 15:49:15,509] {taskinstance.py:1377} INFO - Executing <Task(PythonOperator): request_twitter_data> on 2022-07-05 18:49:05.438487+00:00
[2022-07-05 15:49:15,511] {standard_task_runner.py:52} INFO - Started process 10771 to run task
[2022-07-05 15:49:15,516] {standard_task_runner.py:79} INFO - Running: ['airflow', 'tasks', 'run', 'twitter_dag2', 'request_twitter_data', 'manual__2022-07-05T18:49:05.438487+00:00', '--job-id', '5', '--raw', '--subdir', 'DAGS_FOLDER/minha_dag2.py', '--cfg-path', '/tmp/tmpfwyfiebb', '--error-file', '/tmp/tmpf1l4g8qh']
[2022-07-05 15:49:15,517] {standard_task_runner.py:80} INFO - Job 5: Subtask request_twitter_data
[2022-07-05 15:49:15,587] {task_command.py:370} INFO - Running <TaskInstance: twitter_dag2.request_twitter_data manual__2022-07-05T18:49:05.438487+00:00 [running]> on host nicholas-VirtualBox
[2022-07-05 15:49:15,658] {taskinstance.py:1569} INFO - Exporting the following env vars:
AIRFLOW_CTX_DAG_EMAIL=nick.comuni@outlook.com
AIRFLOW_CTX_DAG_OWNER=Nicholas
AIRFLOW_CTX_DAG_ID=twitter_dag2
AIRFLOW_CTX_TASK_ID=request_twitter_data
AIRFLOW_CTX_EXECUTION_DATE=2022-07-05T18:49:05.438487+00:00
AIRFLOW_CTX_TRY_NUMBER=1
AIRFLOW_CTX_DAG_RUN_ID=manual__2022-07-05T18:49:05.438487+00:00
[2022-07-05 15:49:16,355] {logging_mixin.py:115} INFO - /tmp/tmpz7rqovg0/covid19.json
[2022-07-05 15:49:16,359] {base.py:68} INFO - Using connection ID 'wasbconn' for task execution.
[2022-07-05 15:49:16,361] {_universal.py:473} INFO - Request URL: 'https://serasadatalake.blob.core.windows.net/landingzone/covid19/2022/7/covid19_2022-07-05%2015%3A49%3A16.355316.json'
Request method: 'PUT'
Request headers:
    'x-ms-blob-type': 'REDACTED'
    'Content-Length': '2989'
    'If-None-Match': '*'
    'x-ms-version': 'REDACTED'
    'Content-Type': 'application/octet-stream'
    'Accept': 'application/xml'
    'User-Agent': 'azsdk-python-storage-blob/12.8.1 Python/3.10.4 (Linux-5.15.0-39-generic-x86_64-with-glibc2.35)'
    'x-ms-date': 'REDACTED'
    'x-ms-client-request-id': '2b9b0100-fc93-11ec-9005-b11393f1182e'
    'Authorization': 'REDACTED'
A body is sent with the request
[2022-07-05 15:49:17,034] {_universal.py:504} INFO - Response status: 201
Response headers:
    'Content-Length': '0'
    'Content-MD5': 'REDACTED'
    'Last-Modified': 'Tue, 05 Jul 2022 18:49:18 GMT'
    'ETag': '"0x8DA5EB710F45901"'
    'Server': 'Windows-Azure-Blob/1.0 Microsoft-HTTPAPI/2.0'
    'x-ms-request-id': '0892ad7e-201e-001d-6f9f-9046bb000000'
    'x-ms-client-request-id': '2b9b0100-fc93-11ec-9005-b11393f1182e'
    'x-ms-version': 'REDACTED'
    'x-ms-content-crc64': 'REDACTED'
    'x-ms-request-server-encrypted': 'REDACTED'
    'Date': 'Tue, 05 Jul 2022 18:49:18 GMT'
[2022-07-05 15:49:17,037] {python.py:173} INFO - Done. Returned value was: None
[2022-07-05 15:49:17,045] {taskinstance.py:1395} INFO - Marking task as SUCCESS. dag_id=twitter_dag2, task_id=request_twitter_data, execution_date=20220705T184905, start_date=20220705T184915, end_date=20220705T184917
[2022-07-05 15:49:17,111] {local_task_job.py:156} INFO - Task exited with return code 0
[2022-07-05 15:49:17,130] {local_task_job.py:273} INFO - 0 downstream tasks scheduled from follow-on schedule check
