[2022-07-06 16:23:06,529] {taskinstance.py:1159} INFO - Dependencies all met for <TaskInstance: twitter_dag.process_twitter_data manual__2022-07-06T19:19:17.415401+00:00 [queued]>
[2022-07-06 16:23:06,548] {taskinstance.py:1159} INFO - Dependencies all met for <TaskInstance: twitter_dag.process_twitter_data manual__2022-07-06T19:19:17.415401+00:00 [queued]>
[2022-07-06 16:23:06,548] {taskinstance.py:1356} INFO - 
--------------------------------------------------------------------------------
[2022-07-06 16:23:06,548] {taskinstance.py:1357} INFO - Starting attempt 1 of 4
[2022-07-06 16:23:06,548] {taskinstance.py:1358} INFO - 
--------------------------------------------------------------------------------
[2022-07-06 16:23:06,589] {taskinstance.py:1377} INFO - Executing <Task(DatabricksRunNowOperator): process_twitter_data> on 2022-07-06 19:19:17.415401+00:00
[2022-07-06 16:23:06,593] {standard_task_runner.py:52} INFO - Started process 50349 to run task
[2022-07-06 16:23:06,597] {standard_task_runner.py:79} INFO - Running: ['airflow', 'tasks', 'run', 'twitter_dag', 'process_twitter_data', 'manual__2022-07-06T19:19:17.415401+00:00', '--job-id', '59', '--raw', '--subdir', 'DAGS_FOLDER/twitter_dag.py', '--cfg-path', '/tmp/tmp47aoiptg', '--error-file', '/tmp/tmprsxb7gq9']
[2022-07-06 16:23:06,598] {standard_task_runner.py:80} INFO - Job 59: Subtask process_twitter_data
[2022-07-06 16:23:06,734] {task_command.py:370} INFO - Running <TaskInstance: twitter_dag.process_twitter_data manual__2022-07-06T19:19:17.415401+00:00 [running]> on host nicholas-VirtualBox
[2022-07-06 16:23:06,836] {taskinstance.py:1569} INFO - Exporting the following env vars:
AIRFLOW_CTX_DAG_EMAIL=nicholas.comuni@outlook.com
AIRFLOW_CTX_DAG_OWNER=Nicholas
AIRFLOW_CTX_DAG_ID=twitter_dag
AIRFLOW_CTX_TASK_ID=process_twitter_data
AIRFLOW_CTX_EXECUTION_DATE=2022-07-06T19:19:17.415401+00:00
AIRFLOW_CTX_TRY_NUMBER=1
AIRFLOW_CTX_DAG_RUN_ID=manual__2022-07-06T19:19:17.415401+00:00
[2022-07-06 16:23:06,859] {base.py:68} INFO - Using connection ID 'databricks_conn' for task execution.
[2022-07-06 16:23:06,861] {databricks_base.py:406} INFO - Using token auth. For security reasons, please set token in Password field instead of extra
[2022-07-06 16:23:07,599] {databricks.py:49} INFO - Run submitted with run_id: 14757
[2022-07-06 16:23:07,600] {databricks_base.py:406} INFO - Using token auth. For security reasons, please set token in Password field instead of extra
[2022-07-06 16:23:08,188] {databricks_base.py:406} INFO - Using token auth. For security reasons, please set token in Password field instead of extra
[2022-07-06 16:23:08,812] {databricks.py:71} INFO - process_twitter_data in run state: {'life_cycle_state': 'RUNNING', 'result_state': '', 'state_message': ''}
[2022-07-06 16:23:08,812] {databricks.py:72} INFO - View run status, Spark UI, and logs at https://adb-770153189229877.17.azuredatabricks.net/?o=770153189229877#job/531841237317382/run/14757
[2022-07-06 16:23:08,812] {databricks.py:73} INFO - Sleeping for 30 seconds.
[2022-07-06 16:23:38,817] {databricks_base.py:406} INFO - Using token auth. For security reasons, please set token in Password field instead of extra
[2022-07-06 16:23:39,399] {databricks.py:71} INFO - process_twitter_data in run state: {'life_cycle_state': 'RUNNING', 'result_state': '', 'state_message': ''}
[2022-07-06 16:23:39,399] {databricks.py:72} INFO - View run status, Spark UI, and logs at https://adb-770153189229877.17.azuredatabricks.net/?o=770153189229877#job/531841237317382/run/14757
[2022-07-06 16:23:39,399] {databricks.py:73} INFO - Sleeping for 30 seconds.
[2022-07-06 16:24:09,426] {databricks_base.py:406} INFO - Using token auth. For security reasons, please set token in Password field instead of extra
[2022-07-06 16:24:10,068] {databricks.py:71} INFO - process_twitter_data in run state: {'life_cycle_state': 'RUNNING', 'result_state': '', 'state_message': ''}
[2022-07-06 16:24:10,068] {databricks.py:72} INFO - View run status, Spark UI, and logs at https://adb-770153189229877.17.azuredatabricks.net/?o=770153189229877#job/531841237317382/run/14757
[2022-07-06 16:24:10,068] {databricks.py:73} INFO - Sleeping for 30 seconds.
[2022-07-06 16:24:40,105] {databricks_base.py:406} INFO - Using token auth. For security reasons, please set token in Password field instead of extra
[2022-07-06 16:24:40,690] {databricks.py:59} INFO - process_twitter_data completed successfully.
[2022-07-06 16:24:40,690] {databricks.py:60} INFO - View run status, Spark UI, and logs at https://adb-770153189229877.17.azuredatabricks.net/?o=770153189229877#job/531841237317382/run/14757
[2022-07-06 16:24:40,697] {taskinstance.py:1395} INFO - Marking task as SUCCESS. dag_id=twitter_dag, task_id=process_twitter_data, execution_date=20220706T191917, start_date=20220706T192306, end_date=20220706T192440
[2022-07-06 16:24:40,747] {local_task_job.py:156} INFO - Task exited with return code 0
[2022-07-06 16:24:40,761] {local_task_job.py:273} INFO - 0 downstream tasks scheduled from follow-on schedule check
