[2022-07-08 14:14:00,410] {taskinstance.py:1159} INFO - Dependencies all met for <TaskInstance: twitter_dag.process_twitter_data scheduled__2022-07-06T00:00:00+00:00 [queued]>
[2022-07-08 14:14:00,421] {taskinstance.py:1159} INFO - Dependencies all met for <TaskInstance: twitter_dag.process_twitter_data scheduled__2022-07-06T00:00:00+00:00 [queued]>
[2022-07-08 14:14:00,421] {taskinstance.py:1356} INFO - 
--------------------------------------------------------------------------------
[2022-07-08 14:14:00,421] {taskinstance.py:1357} INFO - Starting attempt 1 of 4
[2022-07-08 14:14:00,422] {taskinstance.py:1358} INFO - 
--------------------------------------------------------------------------------
[2022-07-08 14:14:00,447] {taskinstance.py:1377} INFO - Executing <Task(DatabricksRunNowOperator): process_twitter_data> on 2022-07-06 00:00:00+00:00
[2022-07-08 14:14:00,449] {standard_task_runner.py:52} INFO - Started process 2660 to run task
[2022-07-08 14:14:00,466] {standard_task_runner.py:79} INFO - Running: ['airflow', 'tasks', 'run', 'twitter_dag', 'process_twitter_data', 'scheduled__2022-07-06T00:00:00+00:00', '--job-id', '90', '--raw', '--subdir', 'DAGS_FOLDER/twitter_dag.py', '--cfg-path', '/tmp/tmpfm2hug9w', '--error-file', '/tmp/tmpnf2exdwi']
[2022-07-08 14:14:00,467] {standard_task_runner.py:80} INFO - Job 90: Subtask process_twitter_data
[2022-07-08 14:14:00,578] {task_command.py:370} INFO - Running <TaskInstance: twitter_dag.process_twitter_data scheduled__2022-07-06T00:00:00+00:00 [running]> on host nicholas-VirtualBox
[2022-07-08 14:14:00,652] {taskinstance.py:1569} INFO - Exporting the following env vars:
AIRFLOW_CTX_DAG_EMAIL=nicholas.comuni@outlook.com
AIRFLOW_CTX_DAG_OWNER=Nicholas
AIRFLOW_CTX_DAG_ID=twitter_dag
AIRFLOW_CTX_TASK_ID=process_twitter_data
AIRFLOW_CTX_EXECUTION_DATE=2022-07-06T00:00:00+00:00
AIRFLOW_CTX_TRY_NUMBER=1
AIRFLOW_CTX_DAG_RUN_ID=scheduled__2022-07-06T00:00:00+00:00
[2022-07-08 14:14:00,666] {base.py:68} INFO - Using connection ID 'databricks_conn' for task execution.
[2022-07-08 14:14:00,670] {databricks_base.py:406} INFO - Using token auth. For security reasons, please set token in Password field instead of extra
[2022-07-08 14:14:02,204] {databricks.py:49} INFO - Run submitted with run_id: 31369
[2022-07-08 14:14:02,205] {databricks_base.py:406} INFO - Using token auth. For security reasons, please set token in Password field instead of extra
[2022-07-08 14:14:03,336] {databricks_base.py:406} INFO - Using token auth. For security reasons, please set token in Password field instead of extra
[2022-07-08 14:14:04,022] {databricks.py:71} INFO - process_twitter_data in run state: {'life_cycle_state': 'RUNNING', 'result_state': '', 'state_message': ''}
[2022-07-08 14:14:04,022] {databricks.py:72} INFO - View run status, Spark UI, and logs at https://adb-770153189229877.17.azuredatabricks.net/?o=770153189229877#job/531841237317382/run/31369
[2022-07-08 14:14:04,022] {databricks.py:73} INFO - Sleeping for 30 seconds.
[2022-07-08 14:14:34,053] {databricks_base.py:406} INFO - Using token auth. For security reasons, please set token in Password field instead of extra
[2022-07-08 14:14:34,872] {databricks.py:71} INFO - process_twitter_data in run state: {'life_cycle_state': 'RUNNING', 'result_state': '', 'state_message': ''}
[2022-07-08 14:14:34,872] {databricks.py:72} INFO - View run status, Spark UI, and logs at https://adb-770153189229877.17.azuredatabricks.net/?o=770153189229877#job/531841237317382/run/31369
[2022-07-08 14:14:34,873] {databricks.py:73} INFO - Sleeping for 30 seconds.
[2022-07-08 14:15:04,896] {databricks_base.py:406} INFO - Using token auth. For security reasons, please set token in Password field instead of extra
[2022-07-08 14:15:05,436] {databricks.py:71} INFO - process_twitter_data in run state: {'life_cycle_state': 'RUNNING', 'result_state': '', 'state_message': ''}
[2022-07-08 14:15:05,436] {databricks.py:72} INFO - View run status, Spark UI, and logs at https://adb-770153189229877.17.azuredatabricks.net/?o=770153189229877#job/531841237317382/run/31369
[2022-07-08 14:15:05,437] {databricks.py:73} INFO - Sleeping for 30 seconds.
[2022-07-08 14:15:35,456] {databricks_base.py:406} INFO - Using token auth. For security reasons, please set token in Password field instead of extra
[2022-07-08 14:15:35,994] {databricks.py:71} INFO - process_twitter_data in run state: {'life_cycle_state': 'RUNNING', 'result_state': '', 'state_message': ''}
[2022-07-08 14:15:35,994] {databricks.py:72} INFO - View run status, Spark UI, and logs at https://adb-770153189229877.17.azuredatabricks.net/?o=770153189229877#job/531841237317382/run/31369
[2022-07-08 14:15:35,995] {databricks.py:73} INFO - Sleeping for 30 seconds.
[2022-07-08 14:16:06,024] {databricks_base.py:406} INFO - Using token auth. For security reasons, please set token in Password field instead of extra
[2022-07-08 14:16:06,754] {databricks.py:71} INFO - process_twitter_data in run state: {'life_cycle_state': 'RUNNING', 'result_state': '', 'state_message': ''}
[2022-07-08 14:16:06,754] {databricks.py:72} INFO - View run status, Spark UI, and logs at https://adb-770153189229877.17.azuredatabricks.net/?o=770153189229877#job/531841237317382/run/31369
[2022-07-08 14:16:06,754] {databricks.py:73} INFO - Sleeping for 30 seconds.
[2022-07-08 14:16:36,792] {databricks_base.py:406} INFO - Using token auth. For security reasons, please set token in Password field instead of extra
[2022-07-08 14:16:37,470] {databricks.py:71} INFO - process_twitter_data in run state: {'life_cycle_state': 'RUNNING', 'result_state': '', 'state_message': ''}
[2022-07-08 14:16:37,470] {databricks.py:72} INFO - View run status, Spark UI, and logs at https://adb-770153189229877.17.azuredatabricks.net/?o=770153189229877#job/531841237317382/run/31369
[2022-07-08 14:16:37,470] {databricks.py:73} INFO - Sleeping for 30 seconds.
[2022-07-08 14:17:07,501] {databricks_base.py:406} INFO - Using token auth. For security reasons, please set token in Password field instead of extra
[2022-07-08 14:17:08,176] {databricks.py:71} INFO - process_twitter_data in run state: {'life_cycle_state': 'RUNNING', 'result_state': '', 'state_message': ''}
[2022-07-08 14:17:08,176] {databricks.py:72} INFO - View run status, Spark UI, and logs at https://adb-770153189229877.17.azuredatabricks.net/?o=770153189229877#job/531841237317382/run/31369
[2022-07-08 14:17:08,176] {databricks.py:73} INFO - Sleeping for 30 seconds.
[2022-07-08 14:17:38,184] {databricks_base.py:406} INFO - Using token auth. For security reasons, please set token in Password field instead of extra
[2022-07-08 14:17:38,731] {databricks.py:71} INFO - process_twitter_data in run state: {'life_cycle_state': 'RUNNING', 'result_state': '', 'state_message': ''}
[2022-07-08 14:17:38,731] {databricks.py:72} INFO - View run status, Spark UI, and logs at https://adb-770153189229877.17.azuredatabricks.net/?o=770153189229877#job/531841237317382/run/31369
[2022-07-08 14:17:38,731] {databricks.py:73} INFO - Sleeping for 30 seconds.
[2022-07-08 14:17:41,079] {process_utils.py:125} INFO - Sending Signals.SIGTERM to group 2660. PIDs of all processes in the group: [2660]
[2022-07-08 14:17:41,079] {process_utils.py:80} INFO - Sending the signal Signals.SIGTERM to group 2660
[2022-07-08 14:17:41,079] {taskinstance.py:1541} ERROR - Received SIGTERM. Terminating subprocesses.
[2022-07-08 14:17:41,082] {base.py:68} INFO - Using connection ID 'databricks_conn' for task execution.
[2022-07-08 14:17:41,084] {databricks_base.py:406} INFO - Using token auth. For security reasons, please set token in Password field instead of extra
[2022-07-08 14:17:41,913] {databricks.py:661} INFO - Task: process_twitter_data with run_id: 31369 was requested to be cancelled.
[2022-07-08 14:17:41,920] {taskinstance.py:1889} ERROR - Task failed with exception
Traceback (most recent call last):
  File "/home/nicholas/.local/lib/python3.10/site-packages/airflow/providers/databricks/operators/databricks.py", line 655, in execute
    _handle_databricks_operator_execution(self, hook, self.log, context)
  File "/home/nicholas/.local/lib/python3.10/site-packages/airflow/providers/databricks/operators/databricks.py", line 74, in _handle_databricks_operator_execution
    time.sleep(operator.polling_period_seconds)
  File "/home/nicholas/.local/lib/python3.10/site-packages/airflow/models/taskinstance.py", line 1543, in signal_handler
    raise AirflowException("Task received SIGTERM signal")
airflow.exceptions.AirflowException: Task received SIGTERM signal
[2022-07-08 14:17:41,925] {taskinstance.py:1395} INFO - Marking task as UP_FOR_RETRY. dag_id=twitter_dag, task_id=process_twitter_data, execution_date=20220706T000000, start_date=20220708T171400, end_date=20220708T171741
[2022-07-08 14:17:41,938] {standard_task_runner.py:92} ERROR - Failed to execute job 90 for task process_twitter_data (Task received SIGTERM signal; 2660)
[2022-07-08 14:17:41,945] {process_utils.py:75} INFO - Process psutil.Process(pid=2660, status='terminated', exitcode=1, started='14:13:59') (2660) terminated with exit code 1
