[2022-07-05 15:49:10,170] {taskinstance.py:1159} INFO - Dependencies all met for <TaskInstance: twitter_dag2.request_twitter_data scheduled__2022-05-01T00:00:00+00:00 [queued]>
[2022-07-05 15:49:10,181] {taskinstance.py:1159} INFO - Dependencies all met for <TaskInstance: twitter_dag2.request_twitter_data scheduled__2022-05-01T00:00:00+00:00 [queued]>
[2022-07-05 15:49:10,181] {taskinstance.py:1356} INFO - 
--------------------------------------------------------------------------------
[2022-07-05 15:49:10,181] {taskinstance.py:1357} INFO - Starting attempt 1 of 4
[2022-07-05 15:49:10,181] {taskinstance.py:1358} INFO - 
--------------------------------------------------------------------------------
[2022-07-05 15:49:10,212] {taskinstance.py:1377} INFO - Executing <Task(PythonOperator): request_twitter_data> on 2022-05-01 00:00:00+00:00
[2022-07-05 15:49:10,214] {standard_task_runner.py:52} INFO - Started process 10694 to run task
[2022-07-05 15:49:10,217] {standard_task_runner.py:79} INFO - Running: ['airflow', 'tasks', 'run', 'twitter_dag2', 'request_twitter_data', 'scheduled__2022-05-01T00:00:00+00:00', '--job-id', '4', '--raw', '--subdir', 'DAGS_FOLDER/minha_dag2.py', '--cfg-path', '/tmp/tmpuzrmn12a', '--error-file', '/tmp/tmpdv513k0d']
[2022-07-05 15:49:10,217] {standard_task_runner.py:80} INFO - Job 4: Subtask request_twitter_data
[2022-07-05 15:49:10,318] {task_command.py:370} INFO - Running <TaskInstance: twitter_dag2.request_twitter_data scheduled__2022-05-01T00:00:00+00:00 [running]> on host nicholas-VirtualBox
[2022-07-05 15:49:10,407] {taskinstance.py:1569} INFO - Exporting the following env vars:
AIRFLOW_CTX_DAG_EMAIL=nick.comuni@outlook.com
AIRFLOW_CTX_DAG_OWNER=Nicholas
AIRFLOW_CTX_DAG_ID=twitter_dag2
AIRFLOW_CTX_TASK_ID=request_twitter_data
AIRFLOW_CTX_EXECUTION_DATE=2022-05-01T00:00:00+00:00
AIRFLOW_CTX_TRY_NUMBER=1
AIRFLOW_CTX_DAG_RUN_ID=scheduled__2022-05-01T00:00:00+00:00
[2022-07-05 15:49:11,143] {logging_mixin.py:115} INFO - /tmp/tmpl53tw4vy/covid19.json
[2022-07-05 15:49:11,147] {base.py:68} INFO - Using connection ID 'wasbconn' for task execution.
[2022-07-05 15:49:11,149] {_universal.py:473} INFO - Request URL: 'https://serasadatalake.blob.core.windows.net/landingzone/covid19/2022/7/covid19_2022-07-05%2015%3A49%3A11.143534.json'
Request method: 'PUT'
Request headers:
    'x-ms-blob-type': 'REDACTED'
    'Content-Length': '3417'
    'If-None-Match': '*'
    'x-ms-version': 'REDACTED'
    'Content-Type': 'application/octet-stream'
    'Accept': 'application/xml'
    'User-Agent': 'azsdk-python-storage-blob/12.8.1 Python/3.10.4 (Linux-5.15.0-39-generic-x86_64-with-glibc2.35)'
    'x-ms-date': 'REDACTED'
    'x-ms-client-request-id': '287fb218-fc93-11ec-9005-b11393f1182e'
    'Authorization': 'REDACTED'
A body is sent with the request
[2022-07-05 15:49:11,836] {_universal.py:504} INFO - Response status: 201
Response headers:
    'Content-Length': '0'
    'Content-MD5': 'REDACTED'
    'Last-Modified': 'Tue, 05 Jul 2022 18:49:13 GMT'
    'ETag': '"0x8DA5EB70DDB7F45"'
    'Server': 'Windows-Azure-Blob/1.0 Microsoft-HTTPAPI/2.0'
    'x-ms-request-id': '5a5b1056-001e-001a-0e9f-902ad8000000'
    'x-ms-client-request-id': '287fb218-fc93-11ec-9005-b11393f1182e'
    'x-ms-version': 'REDACTED'
    'x-ms-content-crc64': 'REDACTED'
    'x-ms-request-server-encrypted': 'REDACTED'
    'Date': 'Tue, 05 Jul 2022 18:49:12 GMT'
[2022-07-05 15:49:11,839] {python.py:173} INFO - Done. Returned value was: None
[2022-07-05 15:49:11,847] {taskinstance.py:1395} INFO - Marking task as SUCCESS. dag_id=twitter_dag2, task_id=request_twitter_data, execution_date=20220501T000000, start_date=20220705T184910, end_date=20220705T184911
[2022-07-05 15:49:11,905] {local_task_job.py:156} INFO - Task exited with return code 0
[2022-07-05 15:49:11,931] {local_task_job.py:273} INFO - 0 downstream tasks scheduled from follow-on schedule check
