[2022-07-06 21:05:01,616] {processor.py:153} INFO - Started process (PID=149328) to work on /home/nicholas/Desktop/Code/airflow/dags/twitter_dag.py
[2022-07-06 21:05:01,616] {processor.py:641} INFO - Processing file /home/nicholas/Desktop/Code/airflow/dags/twitter_dag.py for tasks to queue
[2022-07-06 21:05:01,617] {logging_mixin.py:115} INFO - [2022-07-06 21:05:01,617] {dagbag.py:507} INFO - Filling up the DagBag from /home/nicholas/Desktop/Code/airflow/dags/twitter_dag.py
[2022-07-06 21:05:01,817] {processor.py:651} INFO - DAG(s) dict_keys(['twitter_dag']) retrieved from /home/nicholas/Desktop/Code/airflow/dags/twitter_dag.py
[2022-07-06 21:05:01,833] {logging_mixin.py:115} INFO - [2022-07-06 21:05:01,833] {dag.py:2379} INFO - Sync 1 DAGs
[2022-07-06 21:05:01,848] {logging_mixin.py:115} INFO - [2022-07-06 21:05:01,848] {dag.py:2927} INFO - Setting next_dagrun for twitter_dag to 2022-07-06T00:00:00+00:00, run_after=2022-07-07T00:00:00+00:00
[2022-07-06 21:05:01,860] {processor.py:161} INFO - Processing /home/nicholas/Desktop/Code/airflow/dags/twitter_dag.py took 0.246 seconds
[2022-07-06 21:25:38,252] {processor.py:153} INFO - Started process (PID=158134) to work on /home/nicholas/Desktop/Code/airflow/dags/twitter_dag.py
[2022-07-06 21:25:38,259] {processor.py:641} INFO - Processing file /home/nicholas/Desktop/Code/airflow/dags/twitter_dag.py for tasks to queue
[2022-07-06 21:25:38,259] {logging_mixin.py:115} INFO - [2022-07-06 21:25:38,259] {dagbag.py:507} INFO - Filling up the DagBag from /home/nicholas/Desktop/Code/airflow/dags/twitter_dag.py
[2022-07-06 21:25:38,458] {processor.py:651} INFO - DAG(s) dict_keys(['twitter_dag']) retrieved from /home/nicholas/Desktop/Code/airflow/dags/twitter_dag.py
[2022-07-06 21:25:38,472] {logging_mixin.py:115} INFO - [2022-07-06 21:25:38,472] {dag.py:2379} INFO - Sync 1 DAGs
[2022-07-06 21:25:38,486] {logging_mixin.py:115} INFO - [2022-07-06 21:25:38,486] {dag.py:2927} INFO - Setting next_dagrun for twitter_dag to 2022-07-07T00:00:00+00:00, run_after=2022-07-08T00:00:00+00:00
[2022-07-06 21:25:38,498] {processor.py:161} INFO - Processing /home/nicholas/Desktop/Code/airflow/dags/twitter_dag.py took 0.249 seconds
[2022-07-06 21:44:11,083] {processor.py:153} INFO - Started process (PID=158869) to work on /home/nicholas/Desktop/Code/airflow/dags/twitter_dag.py
[2022-07-06 21:44:11,090] {processor.py:641} INFO - Processing file /home/nicholas/Desktop/Code/airflow/dags/twitter_dag.py for tasks to queue
[2022-07-06 21:44:11,091] {logging_mixin.py:115} INFO - [2022-07-06 21:44:11,091] {dagbag.py:507} INFO - Filling up the DagBag from /home/nicholas/Desktop/Code/airflow/dags/twitter_dag.py
[2022-07-06 21:44:11,260] {processor.py:651} INFO - DAG(s) dict_keys(['twitter_dag']) retrieved from /home/nicholas/Desktop/Code/airflow/dags/twitter_dag.py
[2022-07-06 21:44:11,273] {logging_mixin.py:115} INFO - [2022-07-06 21:44:11,273] {dag.py:2379} INFO - Sync 1 DAGs
[2022-07-06 21:44:11,293] {logging_mixin.py:115} INFO - [2022-07-06 21:44:11,293] {dag.py:2927} INFO - Setting next_dagrun for twitter_dag to 2022-07-07T00:00:00+00:00, run_after=2022-07-08T00:00:00+00:00
[2022-07-06 21:44:11,313] {processor.py:161} INFO - Processing /home/nicholas/Desktop/Code/airflow/dags/twitter_dag.py took 0.233 seconds
[2022-07-06 21:44:45,145] {processor.py:153} INFO - Started process (PID=159014) to work on /home/nicholas/Desktop/Code/airflow/dags/twitter_dag.py
[2022-07-06 21:44:45,146] {processor.py:641} INFO - Processing file /home/nicholas/Desktop/Code/airflow/dags/twitter_dag.py for tasks to queue
[2022-07-06 21:44:45,146] {logging_mixin.py:115} INFO - [2022-07-06 21:44:45,146] {dagbag.py:507} INFO - Filling up the DagBag from /home/nicholas/Desktop/Code/airflow/dags/twitter_dag.py
[2022-07-06 21:44:45,276] {processor.py:651} INFO - DAG(s) dict_keys(['twitter_dag']) retrieved from /home/nicholas/Desktop/Code/airflow/dags/twitter_dag.py
[2022-07-06 21:44:45,289] {logging_mixin.py:115} INFO - [2022-07-06 21:44:45,289] {dag.py:2379} INFO - Sync 1 DAGs
[2022-07-06 21:44:45,303] {logging_mixin.py:115} INFO - [2022-07-06 21:44:45,302] {dag.py:2927} INFO - Setting next_dagrun for twitter_dag to 2022-07-07T00:00:00+00:00, run_after=2022-07-08T00:00:00+00:00
[2022-07-06 21:44:45,314] {processor.py:161} INFO - Processing /home/nicholas/Desktop/Code/airflow/dags/twitter_dag.py took 0.171 seconds
[2022-07-06 21:45:17,958] {processor.py:153} INFO - Started process (PID=159091) to work on /home/nicholas/Desktop/Code/airflow/dags/twitter_dag.py
[2022-07-06 21:45:17,959] {processor.py:641} INFO - Processing file /home/nicholas/Desktop/Code/airflow/dags/twitter_dag.py for tasks to queue
[2022-07-06 21:45:17,959] {logging_mixin.py:115} INFO - [2022-07-06 21:45:17,959] {dagbag.py:507} INFO - Filling up the DagBag from /home/nicholas/Desktop/Code/airflow/dags/twitter_dag.py
[2022-07-06 21:45:18,094] {processor.py:651} INFO - DAG(s) dict_keys(['twitter_dag']) retrieved from /home/nicholas/Desktop/Code/airflow/dags/twitter_dag.py
[2022-07-06 21:45:18,108] {logging_mixin.py:115} INFO - [2022-07-06 21:45:18,108] {dag.py:2379} INFO - Sync 1 DAGs
[2022-07-06 21:45:18,122] {logging_mixin.py:115} INFO - [2022-07-06 21:45:18,122] {dag.py:2927} INFO - Setting next_dagrun for twitter_dag to 2022-07-07T00:00:00+00:00, run_after=2022-07-08T00:00:00+00:00
[2022-07-06 21:45:18,135] {processor.py:161} INFO - Processing /home/nicholas/Desktop/Code/airflow/dags/twitter_dag.py took 0.179 seconds
[2022-07-06 21:45:51,350] {processor.py:153} INFO - Started process (PID=159177) to work on /home/nicholas/Desktop/Code/airflow/dags/twitter_dag.py
[2022-07-06 21:45:51,351] {processor.py:641} INFO - Processing file /home/nicholas/Desktop/Code/airflow/dags/twitter_dag.py for tasks to queue
[2022-07-06 21:45:51,351] {logging_mixin.py:115} INFO - [2022-07-06 21:45:51,351] {dagbag.py:507} INFO - Filling up the DagBag from /home/nicholas/Desktop/Code/airflow/dags/twitter_dag.py
[2022-07-06 21:45:51,482] {processor.py:651} INFO - DAG(s) dict_keys(['twitter_dag']) retrieved from /home/nicholas/Desktop/Code/airflow/dags/twitter_dag.py
[2022-07-06 21:45:51,495] {logging_mixin.py:115} INFO - [2022-07-06 21:45:51,495] {dag.py:2379} INFO - Sync 1 DAGs
[2022-07-06 21:45:51,509] {logging_mixin.py:115} INFO - [2022-07-06 21:45:51,509] {dag.py:2927} INFO - Setting next_dagrun for twitter_dag to 2022-07-07T00:00:00+00:00, run_after=2022-07-08T00:00:00+00:00
[2022-07-06 21:45:51,522] {processor.py:161} INFO - Processing /home/nicholas/Desktop/Code/airflow/dags/twitter_dag.py took 0.175 seconds
[2022-07-06 21:46:27,195] {processor.py:153} INFO - Started process (PID=159266) to work on /home/nicholas/Desktop/Code/airflow/dags/twitter_dag.py
[2022-07-06 21:46:27,196] {processor.py:641} INFO - Processing file /home/nicholas/Desktop/Code/airflow/dags/twitter_dag.py for tasks to queue
[2022-07-06 21:46:27,196] {logging_mixin.py:115} INFO - [2022-07-06 21:46:27,196] {dagbag.py:507} INFO - Filling up the DagBag from /home/nicholas/Desktop/Code/airflow/dags/twitter_dag.py
[2022-07-06 21:46:27,327] {processor.py:651} INFO - DAG(s) dict_keys(['twitter_dag']) retrieved from /home/nicholas/Desktop/Code/airflow/dags/twitter_dag.py
[2022-07-06 21:46:27,339] {logging_mixin.py:115} INFO - [2022-07-06 21:46:27,339] {dag.py:2379} INFO - Sync 1 DAGs
[2022-07-06 21:46:27,354] {logging_mixin.py:115} INFO - [2022-07-06 21:46:27,353] {dag.py:2927} INFO - Setting next_dagrun for twitter_dag to 2022-07-07T00:00:00+00:00, run_after=2022-07-08T00:00:00+00:00
[2022-07-06 21:46:27,365] {processor.py:161} INFO - Processing /home/nicholas/Desktop/Code/airflow/dags/twitter_dag.py took 0.172 seconds
[2022-07-06 21:46:59,976] {processor.py:153} INFO - Started process (PID=159338) to work on /home/nicholas/Desktop/Code/airflow/dags/twitter_dag.py
[2022-07-06 21:46:59,977] {processor.py:641} INFO - Processing file /home/nicholas/Desktop/Code/airflow/dags/twitter_dag.py for tasks to queue
[2022-07-06 21:46:59,977] {logging_mixin.py:115} INFO - [2022-07-06 21:46:59,977] {dagbag.py:507} INFO - Filling up the DagBag from /home/nicholas/Desktop/Code/airflow/dags/twitter_dag.py
[2022-07-06 21:47:00,111] {processor.py:651} INFO - DAG(s) dict_keys(['twitter_dag']) retrieved from /home/nicholas/Desktop/Code/airflow/dags/twitter_dag.py
[2022-07-06 21:47:00,124] {logging_mixin.py:115} INFO - [2022-07-06 21:47:00,124] {dag.py:2379} INFO - Sync 1 DAGs
[2022-07-06 21:47:00,138] {logging_mixin.py:115} INFO - [2022-07-06 21:47:00,138] {dag.py:2927} INFO - Setting next_dagrun for twitter_dag to 2022-07-07T00:00:00+00:00, run_after=2022-07-08T00:00:00+00:00
[2022-07-06 21:47:00,153] {processor.py:161} INFO - Processing /home/nicholas/Desktop/Code/airflow/dags/twitter_dag.py took 0.180 seconds
[2022-07-06 21:47:36,246] {processor.py:153} INFO - Started process (PID=159437) to work on /home/nicholas/Desktop/Code/airflow/dags/twitter_dag.py
[2022-07-06 21:47:36,247] {processor.py:641} INFO - Processing file /home/nicholas/Desktop/Code/airflow/dags/twitter_dag.py for tasks to queue
[2022-07-06 21:47:36,248] {logging_mixin.py:115} INFO - [2022-07-06 21:47:36,248] {dagbag.py:507} INFO - Filling up the DagBag from /home/nicholas/Desktop/Code/airflow/dags/twitter_dag.py
[2022-07-06 21:47:36,377] {processor.py:651} INFO - DAG(s) dict_keys(['twitter_dag']) retrieved from /home/nicholas/Desktop/Code/airflow/dags/twitter_dag.py
[2022-07-06 21:47:36,390] {logging_mixin.py:115} INFO - [2022-07-06 21:47:36,390] {dag.py:2379} INFO - Sync 1 DAGs
[2022-07-06 21:47:36,404] {logging_mixin.py:115} INFO - [2022-07-06 21:47:36,404] {dag.py:2927} INFO - Setting next_dagrun for twitter_dag to 2022-07-07T00:00:00+00:00, run_after=2022-07-08T00:00:00+00:00
[2022-07-06 21:47:36,418] {processor.py:161} INFO - Processing /home/nicholas/Desktop/Code/airflow/dags/twitter_dag.py took 0.174 seconds
[2022-07-06 21:48:08,185] {processor.py:153} INFO - Started process (PID=159518) to work on /home/nicholas/Desktop/Code/airflow/dags/twitter_dag.py
[2022-07-06 21:48:08,186] {processor.py:641} INFO - Processing file /home/nicholas/Desktop/Code/airflow/dags/twitter_dag.py for tasks to queue
[2022-07-06 21:48:08,186] {logging_mixin.py:115} INFO - [2022-07-06 21:48:08,186] {dagbag.py:507} INFO - Filling up the DagBag from /home/nicholas/Desktop/Code/airflow/dags/twitter_dag.py
[2022-07-06 21:48:08,316] {processor.py:651} INFO - DAG(s) dict_keys(['twitter_dag']) retrieved from /home/nicholas/Desktop/Code/airflow/dags/twitter_dag.py
[2022-07-06 21:48:08,329] {logging_mixin.py:115} INFO - [2022-07-06 21:48:08,329] {dag.py:2379} INFO - Sync 1 DAGs
[2022-07-06 21:48:08,343] {logging_mixin.py:115} INFO - [2022-07-06 21:48:08,343] {dag.py:2927} INFO - Setting next_dagrun for twitter_dag to 2022-07-07T00:00:00+00:00, run_after=2022-07-08T00:00:00+00:00
[2022-07-06 21:48:08,355] {processor.py:161} INFO - Processing /home/nicholas/Desktop/Code/airflow/dags/twitter_dag.py took 0.172 seconds
[2022-07-06 21:48:43,625] {processor.py:153} INFO - Started process (PID=159605) to work on /home/nicholas/Desktop/Code/airflow/dags/twitter_dag.py
[2022-07-06 21:48:43,627] {processor.py:641} INFO - Processing file /home/nicholas/Desktop/Code/airflow/dags/twitter_dag.py for tasks to queue
[2022-07-06 21:48:43,627] {logging_mixin.py:115} INFO - [2022-07-06 21:48:43,627] {dagbag.py:507} INFO - Filling up the DagBag from /home/nicholas/Desktop/Code/airflow/dags/twitter_dag.py
[2022-07-06 21:48:43,761] {processor.py:651} INFO - DAG(s) dict_keys(['twitter_dag']) retrieved from /home/nicholas/Desktop/Code/airflow/dags/twitter_dag.py
[2022-07-06 21:48:43,776] {logging_mixin.py:115} INFO - [2022-07-06 21:48:43,776] {dag.py:2379} INFO - Sync 1 DAGs
[2022-07-06 21:48:43,791] {logging_mixin.py:115} INFO - [2022-07-06 21:48:43,791] {dag.py:2927} INFO - Setting next_dagrun for twitter_dag to 2022-07-07T00:00:00+00:00, run_after=2022-07-08T00:00:00+00:00
[2022-07-06 21:48:43,803] {processor.py:161} INFO - Processing /home/nicholas/Desktop/Code/airflow/dags/twitter_dag.py took 0.180 seconds
[2022-07-06 21:49:14,051] {processor.py:153} INFO - Started process (PID=159714) to work on /home/nicholas/Desktop/Code/airflow/dags/twitter_dag.py
[2022-07-06 21:49:14,051] {processor.py:641} INFO - Processing file /home/nicholas/Desktop/Code/airflow/dags/twitter_dag.py for tasks to queue
[2022-07-06 21:49:14,052] {logging_mixin.py:115} INFO - [2022-07-06 21:49:14,052] {dagbag.py:507} INFO - Filling up the DagBag from /home/nicholas/Desktop/Code/airflow/dags/twitter_dag.py
[2022-07-06 21:49:14,189] {processor.py:651} INFO - DAG(s) dict_keys(['twitter_dag']) retrieved from /home/nicholas/Desktop/Code/airflow/dags/twitter_dag.py
[2022-07-06 21:49:14,202] {logging_mixin.py:115} INFO - [2022-07-06 21:49:14,202] {dag.py:2379} INFO - Sync 1 DAGs
[2022-07-06 21:49:14,217] {logging_mixin.py:115} INFO - [2022-07-06 21:49:14,217] {dag.py:2927} INFO - Setting next_dagrun for twitter_dag to 2022-07-07T00:00:00+00:00, run_after=2022-07-08T00:00:00+00:00
[2022-07-06 21:49:14,229] {processor.py:161} INFO - Processing /home/nicholas/Desktop/Code/airflow/dags/twitter_dag.py took 0.180 seconds
[2022-07-06 21:49:45,641] {processor.py:153} INFO - Started process (PID=159779) to work on /home/nicholas/Desktop/Code/airflow/dags/twitter_dag.py
[2022-07-06 21:49:45,642] {processor.py:641} INFO - Processing file /home/nicholas/Desktop/Code/airflow/dags/twitter_dag.py for tasks to queue
[2022-07-06 21:49:45,642] {logging_mixin.py:115} INFO - [2022-07-06 21:49:45,642] {dagbag.py:507} INFO - Filling up the DagBag from /home/nicholas/Desktop/Code/airflow/dags/twitter_dag.py
[2022-07-06 21:49:45,777] {processor.py:651} INFO - DAG(s) dict_keys(['twitter_dag']) retrieved from /home/nicholas/Desktop/Code/airflow/dags/twitter_dag.py
[2022-07-06 21:49:45,790] {logging_mixin.py:115} INFO - [2022-07-06 21:49:45,790] {dag.py:2379} INFO - Sync 1 DAGs
[2022-07-06 21:49:45,804] {logging_mixin.py:115} INFO - [2022-07-06 21:49:45,804] {dag.py:2927} INFO - Setting next_dagrun for twitter_dag to 2022-07-07T00:00:00+00:00, run_after=2022-07-08T00:00:00+00:00
[2022-07-06 21:49:45,816] {processor.py:161} INFO - Processing /home/nicholas/Desktop/Code/airflow/dags/twitter_dag.py took 0.178 seconds
[2022-07-06 21:50:17,297] {processor.py:153} INFO - Started process (PID=159854) to work on /home/nicholas/Desktop/Code/airflow/dags/twitter_dag.py
[2022-07-06 21:50:17,298] {processor.py:641} INFO - Processing file /home/nicholas/Desktop/Code/airflow/dags/twitter_dag.py for tasks to queue
[2022-07-06 21:50:17,298] {logging_mixin.py:115} INFO - [2022-07-06 21:50:17,298] {dagbag.py:507} INFO - Filling up the DagBag from /home/nicholas/Desktop/Code/airflow/dags/twitter_dag.py
[2022-07-06 21:50:17,434] {processor.py:651} INFO - DAG(s) dict_keys(['twitter_dag']) retrieved from /home/nicholas/Desktop/Code/airflow/dags/twitter_dag.py
[2022-07-06 21:50:17,446] {logging_mixin.py:115} INFO - [2022-07-06 21:50:17,446] {dag.py:2379} INFO - Sync 1 DAGs
[2022-07-06 21:50:17,460] {logging_mixin.py:115} INFO - [2022-07-06 21:50:17,460] {dag.py:2927} INFO - Setting next_dagrun for twitter_dag to 2022-07-07T00:00:00+00:00, run_after=2022-07-08T00:00:00+00:00
[2022-07-06 21:50:17,475] {processor.py:161} INFO - Processing /home/nicholas/Desktop/Code/airflow/dags/twitter_dag.py took 0.180 seconds
[2022-07-06 21:50:51,866] {processor.py:153} INFO - Started process (PID=159940) to work on /home/nicholas/Desktop/Code/airflow/dags/twitter_dag.py
[2022-07-06 21:50:51,867] {processor.py:641} INFO - Processing file /home/nicholas/Desktop/Code/airflow/dags/twitter_dag.py for tasks to queue
[2022-07-06 21:50:51,867] {logging_mixin.py:115} INFO - [2022-07-06 21:50:51,867] {dagbag.py:507} INFO - Filling up the DagBag from /home/nicholas/Desktop/Code/airflow/dags/twitter_dag.py
[2022-07-06 21:50:51,999] {processor.py:651} INFO - DAG(s) dict_keys(['twitter_dag']) retrieved from /home/nicholas/Desktop/Code/airflow/dags/twitter_dag.py
[2022-07-06 21:50:52,012] {logging_mixin.py:115} INFO - [2022-07-06 21:50:52,012] {dag.py:2379} INFO - Sync 1 DAGs
[2022-07-06 21:50:52,026] {logging_mixin.py:115} INFO - [2022-07-06 21:50:52,026] {dag.py:2927} INFO - Setting next_dagrun for twitter_dag to 2022-07-07T00:00:00+00:00, run_after=2022-07-08T00:00:00+00:00
[2022-07-06 21:50:52,040] {processor.py:161} INFO - Processing /home/nicholas/Desktop/Code/airflow/dags/twitter_dag.py took 0.176 seconds
[2022-07-06 21:51:26,876] {processor.py:153} INFO - Started process (PID=160025) to work on /home/nicholas/Desktop/Code/airflow/dags/twitter_dag.py
[2022-07-06 21:51:26,876] {processor.py:641} INFO - Processing file /home/nicholas/Desktop/Code/airflow/dags/twitter_dag.py for tasks to queue
[2022-07-06 21:51:26,877] {logging_mixin.py:115} INFO - [2022-07-06 21:51:26,877] {dagbag.py:507} INFO - Filling up the DagBag from /home/nicholas/Desktop/Code/airflow/dags/twitter_dag.py
[2022-07-06 21:51:27,007] {processor.py:651} INFO - DAG(s) dict_keys(['twitter_dag']) retrieved from /home/nicholas/Desktop/Code/airflow/dags/twitter_dag.py
[2022-07-06 21:51:27,020] {logging_mixin.py:115} INFO - [2022-07-06 21:51:27,020] {dag.py:2379} INFO - Sync 1 DAGs
[2022-07-06 21:51:27,034] {logging_mixin.py:115} INFO - [2022-07-06 21:51:27,034] {dag.py:2927} INFO - Setting next_dagrun for twitter_dag to 2022-07-07T00:00:00+00:00, run_after=2022-07-08T00:00:00+00:00
[2022-07-06 21:51:27,046] {processor.py:161} INFO - Processing /home/nicholas/Desktop/Code/airflow/dags/twitter_dag.py took 0.173 seconds
[2022-07-06 21:51:59,950] {processor.py:153} INFO - Started process (PID=160109) to work on /home/nicholas/Desktop/Code/airflow/dags/twitter_dag.py
[2022-07-06 21:51:59,951] {processor.py:641} INFO - Processing file /home/nicholas/Desktop/Code/airflow/dags/twitter_dag.py for tasks to queue
[2022-07-06 21:51:59,951] {logging_mixin.py:115} INFO - [2022-07-06 21:51:59,951] {dagbag.py:507} INFO - Filling up the DagBag from /home/nicholas/Desktop/Code/airflow/dags/twitter_dag.py
[2022-07-06 21:52:00,082] {processor.py:651} INFO - DAG(s) dict_keys(['twitter_dag']) retrieved from /home/nicholas/Desktop/Code/airflow/dags/twitter_dag.py
[2022-07-06 21:52:00,095] {logging_mixin.py:115} INFO - [2022-07-06 21:52:00,095] {dag.py:2379} INFO - Sync 1 DAGs
[2022-07-06 21:52:00,109] {logging_mixin.py:115} INFO - [2022-07-06 21:52:00,108] {dag.py:2927} INFO - Setting next_dagrun for twitter_dag to 2022-07-07T00:00:00+00:00, run_after=2022-07-08T00:00:00+00:00
[2022-07-06 21:52:00,122] {processor.py:161} INFO - Processing /home/nicholas/Desktop/Code/airflow/dags/twitter_dag.py took 0.175 seconds
[2022-07-06 21:52:31,223] {processor.py:153} INFO - Started process (PID=160187) to work on /home/nicholas/Desktop/Code/airflow/dags/twitter_dag.py
[2022-07-06 21:52:31,223] {processor.py:641} INFO - Processing file /home/nicholas/Desktop/Code/airflow/dags/twitter_dag.py for tasks to queue
[2022-07-06 21:52:31,224] {logging_mixin.py:115} INFO - [2022-07-06 21:52:31,224] {dagbag.py:507} INFO - Filling up the DagBag from /home/nicholas/Desktop/Code/airflow/dags/twitter_dag.py
[2022-07-06 21:52:31,361] {processor.py:651} INFO - DAG(s) dict_keys(['twitter_dag']) retrieved from /home/nicholas/Desktop/Code/airflow/dags/twitter_dag.py
[2022-07-06 21:52:31,374] {logging_mixin.py:115} INFO - [2022-07-06 21:52:31,374] {dag.py:2379} INFO - Sync 1 DAGs
[2022-07-06 21:52:31,388] {logging_mixin.py:115} INFO - [2022-07-06 21:52:31,387] {dag.py:2927} INFO - Setting next_dagrun for twitter_dag to 2022-07-07T00:00:00+00:00, run_after=2022-07-08T00:00:00+00:00
[2022-07-06 21:52:31,400] {processor.py:161} INFO - Processing /home/nicholas/Desktop/Code/airflow/dags/twitter_dag.py took 0.180 seconds
[2022-07-06 21:53:04,728] {processor.py:153} INFO - Started process (PID=160272) to work on /home/nicholas/Desktop/Code/airflow/dags/twitter_dag.py
[2022-07-06 21:53:04,729] {processor.py:641} INFO - Processing file /home/nicholas/Desktop/Code/airflow/dags/twitter_dag.py for tasks to queue
[2022-07-06 21:53:04,731] {logging_mixin.py:115} INFO - [2022-07-06 21:53:04,731] {dagbag.py:507} INFO - Filling up the DagBag from /home/nicholas/Desktop/Code/airflow/dags/twitter_dag.py
[2022-07-06 21:53:04,863] {processor.py:651} INFO - DAG(s) dict_keys(['twitter_dag']) retrieved from /home/nicholas/Desktop/Code/airflow/dags/twitter_dag.py
[2022-07-06 21:53:04,877] {logging_mixin.py:115} INFO - [2022-07-06 21:53:04,876] {dag.py:2379} INFO - Sync 1 DAGs
[2022-07-06 21:53:04,891] {logging_mixin.py:115} INFO - [2022-07-06 21:53:04,891] {dag.py:2927} INFO - Setting next_dagrun for twitter_dag to 2022-07-07T00:00:00+00:00, run_after=2022-07-08T00:00:00+00:00
[2022-07-06 21:53:04,907] {processor.py:161} INFO - Processing /home/nicholas/Desktop/Code/airflow/dags/twitter_dag.py took 0.182 seconds
[2022-07-06 21:53:38,527] {processor.py:153} INFO - Started process (PID=160352) to work on /home/nicholas/Desktop/Code/airflow/dags/twitter_dag.py
[2022-07-06 21:53:38,528] {processor.py:641} INFO - Processing file /home/nicholas/Desktop/Code/airflow/dags/twitter_dag.py for tasks to queue
[2022-07-06 21:53:38,528] {logging_mixin.py:115} INFO - [2022-07-06 21:53:38,528] {dagbag.py:507} INFO - Filling up the DagBag from /home/nicholas/Desktop/Code/airflow/dags/twitter_dag.py
[2022-07-06 21:53:38,660] {processor.py:651} INFO - DAG(s) dict_keys(['twitter_dag']) retrieved from /home/nicholas/Desktop/Code/airflow/dags/twitter_dag.py
[2022-07-06 21:53:38,675] {logging_mixin.py:115} INFO - [2022-07-06 21:53:38,675] {dag.py:2379} INFO - Sync 1 DAGs
[2022-07-06 21:53:38,690] {logging_mixin.py:115} INFO - [2022-07-06 21:53:38,690] {dag.py:2927} INFO - Setting next_dagrun for twitter_dag to 2022-07-07T00:00:00+00:00, run_after=2022-07-08T00:00:00+00:00
[2022-07-06 21:53:38,702] {processor.py:161} INFO - Processing /home/nicholas/Desktop/Code/airflow/dags/twitter_dag.py took 0.177 seconds
[2022-07-06 21:54:09,039] {processor.py:153} INFO - Started process (PID=160426) to work on /home/nicholas/Desktop/Code/airflow/dags/twitter_dag.py
[2022-07-06 21:54:09,039] {processor.py:641} INFO - Processing file /home/nicholas/Desktop/Code/airflow/dags/twitter_dag.py for tasks to queue
[2022-07-06 21:54:09,039] {logging_mixin.py:115} INFO - [2022-07-06 21:54:09,039] {dagbag.py:507} INFO - Filling up the DagBag from /home/nicholas/Desktop/Code/airflow/dags/twitter_dag.py
[2022-07-06 21:54:09,175] {processor.py:651} INFO - DAG(s) dict_keys(['twitter_dag']) retrieved from /home/nicholas/Desktop/Code/airflow/dags/twitter_dag.py
[2022-07-06 21:54:09,188] {logging_mixin.py:115} INFO - [2022-07-06 21:54:09,188] {dag.py:2379} INFO - Sync 1 DAGs
[2022-07-06 21:54:09,202] {logging_mixin.py:115} INFO - [2022-07-06 21:54:09,202] {dag.py:2927} INFO - Setting next_dagrun for twitter_dag to 2022-07-07T00:00:00+00:00, run_after=2022-07-08T00:00:00+00:00
[2022-07-06 21:54:09,216] {processor.py:161} INFO - Processing /home/nicholas/Desktop/Code/airflow/dags/twitter_dag.py took 0.180 seconds
[2022-07-06 21:54:40,129] {processor.py:153} INFO - Started process (PID=160543) to work on /home/nicholas/Desktop/Code/airflow/dags/twitter_dag.py
[2022-07-06 21:54:40,130] {processor.py:641} INFO - Processing file /home/nicholas/Desktop/Code/airflow/dags/twitter_dag.py for tasks to queue
[2022-07-06 21:54:40,131] {logging_mixin.py:115} INFO - [2022-07-06 21:54:40,131] {dagbag.py:507} INFO - Filling up the DagBag from /home/nicholas/Desktop/Code/airflow/dags/twitter_dag.py
[2022-07-06 21:54:40,297] {processor.py:651} INFO - DAG(s) dict_keys(['twitter_dag']) retrieved from /home/nicholas/Desktop/Code/airflow/dags/twitter_dag.py
[2022-07-06 21:54:40,313] {logging_mixin.py:115} INFO - [2022-07-06 21:54:40,312] {dag.py:2379} INFO - Sync 1 DAGs
[2022-07-06 21:54:40,328] {logging_mixin.py:115} INFO - [2022-07-06 21:54:40,328] {dag.py:2927} INFO - Setting next_dagrun for twitter_dag to 2022-07-07T00:00:00+00:00, run_after=2022-07-08T00:00:00+00:00
[2022-07-06 21:54:40,342] {processor.py:161} INFO - Processing /home/nicholas/Desktop/Code/airflow/dags/twitter_dag.py took 0.216 seconds
[2022-07-06 21:55:11,386] {processor.py:153} INFO - Started process (PID=160723) to work on /home/nicholas/Desktop/Code/airflow/dags/twitter_dag.py
[2022-07-06 21:55:11,386] {processor.py:641} INFO - Processing file /home/nicholas/Desktop/Code/airflow/dags/twitter_dag.py for tasks to queue
[2022-07-06 21:55:11,387] {logging_mixin.py:115} INFO - [2022-07-06 21:55:11,387] {dagbag.py:507} INFO - Filling up the DagBag from /home/nicholas/Desktop/Code/airflow/dags/twitter_dag.py
[2022-07-06 21:55:11,531] {processor.py:651} INFO - DAG(s) dict_keys(['twitter_dag']) retrieved from /home/nicholas/Desktop/Code/airflow/dags/twitter_dag.py
[2022-07-06 21:55:11,545] {logging_mixin.py:115} INFO - [2022-07-06 21:55:11,545] {dag.py:2379} INFO - Sync 1 DAGs
[2022-07-06 21:55:11,558] {logging_mixin.py:115} INFO - [2022-07-06 21:55:11,558] {dag.py:2927} INFO - Setting next_dagrun for twitter_dag to 2022-07-07T00:00:00+00:00, run_after=2022-07-08T00:00:00+00:00
[2022-07-06 21:55:11,570] {processor.py:161} INFO - Processing /home/nicholas/Desktop/Code/airflow/dags/twitter_dag.py took 0.187 seconds
[2022-07-07 10:01:35,174] {processor.py:153} INFO - Started process (PID=2547) to work on /home/nicholas/Desktop/Code/airflow/dags/twitter_dag.py
[2022-07-07 10:01:35,177] {processor.py:641} INFO - Processing file /home/nicholas/Desktop/Code/airflow/dags/twitter_dag.py for tasks to queue
[2022-07-07 10:01:35,177] {logging_mixin.py:115} INFO - [2022-07-07 10:01:35,177] {dagbag.py:507} INFO - Filling up the DagBag from /home/nicholas/Desktop/Code/airflow/dags/twitter_dag.py
[2022-07-07 10:01:35,502] {processor.py:651} INFO - DAG(s) dict_keys(['twitter_dag']) retrieved from /home/nicholas/Desktop/Code/airflow/dags/twitter_dag.py
[2022-07-07 10:01:35,630] {logging_mixin.py:115} INFO - [2022-07-07 10:01:35,630] {dag.py:2379} INFO - Sync 1 DAGs
[2022-07-07 10:01:35,650] {logging_mixin.py:115} INFO - [2022-07-07 10:01:35,650] {dag.py:2927} INFO - Setting next_dagrun for twitter_dag to 2022-07-07T00:00:00+00:00, run_after=2022-07-08T00:00:00+00:00
[2022-07-07 10:01:35,663] {processor.py:161} INFO - Processing /home/nicholas/Desktop/Code/airflow/dags/twitter_dag.py took 0.493 seconds
