[2022-07-06 18:09:44,919] {taskinstance.py:1159} INFO - Dependencies all met for <TaskInstance: twitter_dag.wait_twitter_data manual__2022-07-06T21:09:36.868873+00:00 [queued]>
[2022-07-06 18:09:44,930] {taskinstance.py:1159} INFO - Dependencies all met for <TaskInstance: twitter_dag.wait_twitter_data manual__2022-07-06T21:09:36.868873+00:00 [queued]>
[2022-07-06 18:09:44,930] {taskinstance.py:1356} INFO - 
--------------------------------------------------------------------------------
[2022-07-06 18:09:44,930] {taskinstance.py:1357} INFO - Starting attempt 1 of 4
[2022-07-06 18:09:44,930] {taskinstance.py:1358} INFO - 
--------------------------------------------------------------------------------
[2022-07-06 18:09:44,958] {taskinstance.py:1377} INFO - Executing <Task(WasbPrefixSensor): wait_twitter_data> on 2022-07-06 21:09:36.868873+00:00
[2022-07-06 18:09:44,960] {standard_task_runner.py:52} INFO - Started process 65891 to run task
[2022-07-06 18:09:44,970] {standard_task_runner.py:79} INFO - Running: ['airflow', 'tasks', 'run', 'twitter_dag', 'wait_twitter_data', 'manual__2022-07-06T21:09:36.868873+00:00', '--job-id', '61', '--raw', '--subdir', 'DAGS_FOLDER/twitter_dag.py', '--cfg-path', '/tmp/tmpl271800p', '--error-file', '/tmp/tmpm7cr592c']
[2022-07-06 18:09:44,971] {standard_task_runner.py:80} INFO - Job 61: Subtask wait_twitter_data
[2022-07-06 18:09:45,041] {task_command.py:370} INFO - Running <TaskInstance: twitter_dag.wait_twitter_data manual__2022-07-06T21:09:36.868873+00:00 [running]> on host nicholas-VirtualBox
[2022-07-06 18:09:45,123] {taskinstance.py:1569} INFO - Exporting the following env vars:
AIRFLOW_CTX_DAG_EMAIL=nicholas.comuni@outlook.com
AIRFLOW_CTX_DAG_OWNER=Nicholas
AIRFLOW_CTX_DAG_ID=twitter_dag
AIRFLOW_CTX_TASK_ID=wait_twitter_data
AIRFLOW_CTX_EXECUTION_DATE=2022-07-06T21:09:36.868873+00:00
AIRFLOW_CTX_TRY_NUMBER=1
AIRFLOW_CTX_DAG_RUN_ID=manual__2022-07-06T21:09:36.868873+00:00
[2022-07-06 18:09:45,124] {wasb.py:95} INFO - Poking for prefix: /hashtags in wasb://landingzone
[2022-07-06 18:09:45,132] {base.py:68} INFO - Using connection ID 'wasbconn' for task execution.
[2022-07-06 18:09:45,138] {_universal.py:476} INFO - Request URL: 'https://serasadatalake.blob.core.windows.net/landingzone?restype=REDACTED&comp=REDACTED&prefix=REDACTED&delimiter=REDACTED'
Request method: 'GET'
Request headers:
    'x-ms-version': 'REDACTED'
    'Accept': 'application/xml'
    'User-Agent': 'azsdk-python-storage-blob/12.8.1 Python/3.10.4 (Linux-5.15.0-39-generic-x86_64-with-glibc2.35)'
    'x-ms-date': 'REDACTED'
    'x-ms-client-request-id': 'f5f5b49a-fd6f-11ec-bec2-bb469e0cbda2'
    'Authorization': 'REDACTED'
No body was attached to the request
[2022-07-06 18:09:45,804] {_universal.py:504} INFO - Response status: 200
Response headers:
    'Transfer-Encoding': 'chunked'
    'Content-Type': 'application/xml'
    'Server': 'Windows-Azure-Blob/1.0 Microsoft-HTTPAPI/2.0'
    'x-ms-request-id': 'a502f2f2-d01e-00a0-787c-91cfa6000000'
    'x-ms-client-request-id': 'f5f5b49a-fd6f-11ec-bec2-bb469e0cbda2'
    'x-ms-version': 'REDACTED'
    'Date': 'Wed, 06 Jul 2022 21:09:46 GMT'
[2022-07-06 18:09:45,806] {base.py:301} INFO - Success criteria met. Exiting.
[2022-07-06 18:09:45,814] {taskinstance.py:1395} INFO - Marking task as SUCCESS. dag_id=twitter_dag, task_id=wait_twitter_data, execution_date=20220706T210936, start_date=20220706T210944, end_date=20220706T210945
[2022-07-06 18:09:45,864] {local_task_job.py:156} INFO - Task exited with return code 0
[2022-07-06 18:09:45,907] {local_task_job.py:273} INFO - 1 downstream tasks scheduled from follow-on schedule check
