[2022-07-06 11:35:16,720] {taskinstance.py:1159} INFO - Dependencies all met for <TaskInstance: twitter_dag.request_twitter_data scheduled__2022-07-05T00:00:00+00:00 [queued]>
[2022-07-06 11:35:16,727] {taskinstance.py:1159} INFO - Dependencies all met for <TaskInstance: twitter_dag.request_twitter_data scheduled__2022-07-05T00:00:00+00:00 [queued]>
[2022-07-06 11:35:16,727] {taskinstance.py:1356} INFO - 
--------------------------------------------------------------------------------
[2022-07-06 11:35:16,727] {taskinstance.py:1357} INFO - Starting attempt 1 of 4
[2022-07-06 11:35:16,727] {taskinstance.py:1358} INFO - 
--------------------------------------------------------------------------------
[2022-07-06 11:35:16,747] {taskinstance.py:1377} INFO - Executing <Task(PythonOperator): request_twitter_data> on 2022-07-05 00:00:00+00:00
[2022-07-06 11:35:16,749] {standard_task_runner.py:52} INFO - Started process 3561 to run task
[2022-07-06 11:35:16,756] {standard_task_runner.py:79} INFO - Running: ['airflow', 'tasks', 'run', 'twitter_dag', 'request_twitter_data', 'scheduled__2022-07-05T00:00:00+00:00', '--job-id', '43', '--raw', '--subdir', 'DAGS_FOLDER/twitter_dag.py', '--cfg-path', '/tmp/tmpi2hehzp_', '--error-file', '/tmp/tmpka0oocco']
[2022-07-06 11:35:16,758] {standard_task_runner.py:80} INFO - Job 43: Subtask request_twitter_data
[2022-07-06 11:35:16,820] {task_command.py:370} INFO - Running <TaskInstance: twitter_dag.request_twitter_data scheduled__2022-07-05T00:00:00+00:00 [running]> on host nicholas-VirtualBox
[2022-07-06 11:35:16,947] {taskinstance.py:1569} INFO - Exporting the following env vars:
AIRFLOW_CTX_DAG_EMAIL=nicholas.comuni@outlook.com
AIRFLOW_CTX_DAG_OWNER=Nicholas
AIRFLOW_CTX_DAG_ID=twitter_dag
AIRFLOW_CTX_TASK_ID=request_twitter_data
AIRFLOW_CTX_EXECUTION_DATE=2022-07-05T00:00:00+00:00
AIRFLOW_CTX_TRY_NUMBER=1
AIRFLOW_CTX_DAG_RUN_ID=scheduled__2022-07-05T00:00:00+00:00
[2022-07-06 11:35:17,694] {logging_mixin.py:115} INFO - /tmp/tmpdotvudih/covid19.json
[2022-07-06 11:35:17,704] {base.py:68} INFO - Using connection ID 'wasbconn' for task execution.
[2022-07-06 11:35:17,796] {_universal.py:473} INFO - Request URL: 'https://serasadatalake.blob.core.windows.net/landingzone/hashtags/covid19/2022/7/covid19_2022-07-06%2011_35_17.694716.json'
Request method: 'PUT'
Request headers:
    'x-ms-blob-type': 'REDACTED'
    'Content-Length': '3170'
    'If-None-Match': '*'
    'x-ms-version': 'REDACTED'
    'Content-Type': 'application/octet-stream'
    'Accept': 'application/xml'
    'User-Agent': 'azsdk-python-storage-blob/12.8.1 Python/3.10.4 (Linux-5.15.0-39-generic-x86_64-with-glibc2.35)'
    'x-ms-date': 'REDACTED'
    'x-ms-client-request-id': 'db2035dc-fd38-11ec-bec2-bb469e0cbda2'
    'Authorization': 'REDACTED'
A body is sent with the request
[2022-07-06 11:35:18,805] {_universal.py:504} INFO - Response status: 201
Response headers:
    'Content-Length': '0'
    'Content-MD5': 'REDACTED'
    'Last-Modified': 'Wed, 06 Jul 2022 14:35:20 GMT'
    'ETag': '"0x8DA5F5CC10E3F17"'
    'Server': 'Windows-Azure-Blob/1.0 Microsoft-HTTPAPI/2.0'
    'x-ms-request-id': 'b32a677e-301e-0011-5145-91d1b3000000'
    'x-ms-client-request-id': 'db2035dc-fd38-11ec-bec2-bb469e0cbda2'
    'x-ms-version': 'REDACTED'
    'x-ms-content-crc64': 'REDACTED'
    'x-ms-request-server-encrypted': 'REDACTED'
    'Date': 'Wed, 06 Jul 2022 14:35:19 GMT'
[2022-07-06 11:35:18,809] {python.py:173} INFO - Done. Returned value was: None
[2022-07-06 11:35:18,819] {taskinstance.py:1395} INFO - Marking task as SUCCESS. dag_id=twitter_dag, task_id=request_twitter_data, execution_date=20220705T000000, start_date=20220706T143516, end_date=20220706T143518
[2022-07-06 11:35:18,870] {local_task_job.py:156} INFO - Task exited with return code 0
[2022-07-06 11:35:18,892] {local_task_job.py:273} INFO - 0 downstream tasks scheduled from follow-on schedule check
