[2022-07-06 21:44:36,023] {processor.py:153} INFO - Started process (PID=158992) to work on /home/nicholas/.local/lib/python3.10/site-packages/airflow/example_dags/example_complex.py
[2022-07-06 21:44:36,024] {processor.py:641} INFO - Processing file /home/nicholas/.local/lib/python3.10/site-packages/airflow/example_dags/example_complex.py for tasks to queue
[2022-07-06 21:44:36,024] {logging_mixin.py:115} INFO - [2022-07-06 21:44:36,024] {dagbag.py:507} INFO - Filling up the DagBag from /home/nicholas/.local/lib/python3.10/site-packages/airflow/example_dags/example_complex.py
[2022-07-06 21:44:36,040] {processor.py:651} INFO - DAG(s) dict_keys(['example_complex']) retrieved from /home/nicholas/.local/lib/python3.10/site-packages/airflow/example_dags/example_complex.py
[2022-07-06 21:44:36,060] {logging_mixin.py:115} INFO - [2022-07-06 21:44:36,060] {dag.py:2379} INFO - Sync 1 DAGs
[2022-07-06 21:44:36,072] {logging_mixin.py:115} INFO - [2022-07-06 21:44:36,072] {dag.py:2927} INFO - Setting next_dagrun for example_complex to None, run_after=None
[2022-07-06 21:44:36,086] {processor.py:161} INFO - Processing /home/nicholas/.local/lib/python3.10/site-packages/airflow/example_dags/example_complex.py took 0.066 seconds
[2022-07-06 21:45:11,109] {processor.py:153} INFO - Started process (PID=159071) to work on /home/nicholas/.local/lib/python3.10/site-packages/airflow/example_dags/example_complex.py
[2022-07-06 21:45:11,109] {processor.py:641} INFO - Processing file /home/nicholas/.local/lib/python3.10/site-packages/airflow/example_dags/example_complex.py for tasks to queue
[2022-07-06 21:45:11,110] {logging_mixin.py:115} INFO - [2022-07-06 21:45:11,110] {dagbag.py:507} INFO - Filling up the DagBag from /home/nicholas/.local/lib/python3.10/site-packages/airflow/example_dags/example_complex.py
[2022-07-06 21:45:11,123] {processor.py:651} INFO - DAG(s) dict_keys(['example_complex']) retrieved from /home/nicholas/.local/lib/python3.10/site-packages/airflow/example_dags/example_complex.py
[2022-07-06 21:45:11,142] {logging_mixin.py:115} INFO - [2022-07-06 21:45:11,142] {dag.py:2379} INFO - Sync 1 DAGs
[2022-07-06 21:45:11,154] {logging_mixin.py:115} INFO - [2022-07-06 21:45:11,154] {dag.py:2927} INFO - Setting next_dagrun for example_complex to None, run_after=None
[2022-07-06 21:45:11,168] {processor.py:161} INFO - Processing /home/nicholas/.local/lib/python3.10/site-packages/airflow/example_dags/example_complex.py took 0.061 seconds
[2022-07-06 21:45:43,828] {processor.py:153} INFO - Started process (PID=159156) to work on /home/nicholas/.local/lib/python3.10/site-packages/airflow/example_dags/example_complex.py
[2022-07-06 21:45:43,828] {processor.py:641} INFO - Processing file /home/nicholas/.local/lib/python3.10/site-packages/airflow/example_dags/example_complex.py for tasks to queue
[2022-07-06 21:45:43,829] {logging_mixin.py:115} INFO - [2022-07-06 21:45:43,829] {dagbag.py:507} INFO - Filling up the DagBag from /home/nicholas/.local/lib/python3.10/site-packages/airflow/example_dags/example_complex.py
[2022-07-06 21:45:43,841] {processor.py:651} INFO - DAG(s) dict_keys(['example_complex']) retrieved from /home/nicholas/.local/lib/python3.10/site-packages/airflow/example_dags/example_complex.py
[2022-07-06 21:45:43,861] {logging_mixin.py:115} INFO - [2022-07-06 21:45:43,861] {dag.py:2379} INFO - Sync 1 DAGs
[2022-07-06 21:45:43,873] {logging_mixin.py:115} INFO - [2022-07-06 21:45:43,873] {dag.py:2927} INFO - Setting next_dagrun for example_complex to None, run_after=None
[2022-07-06 21:45:43,886] {processor.py:161} INFO - Processing /home/nicholas/.local/lib/python3.10/site-packages/airflow/example_dags/example_complex.py took 0.061 seconds
[2022-07-06 21:46:19,958] {processor.py:153} INFO - Started process (PID=159249) to work on /home/nicholas/.local/lib/python3.10/site-packages/airflow/example_dags/example_complex.py
[2022-07-06 21:46:19,959] {processor.py:641} INFO - Processing file /home/nicholas/.local/lib/python3.10/site-packages/airflow/example_dags/example_complex.py for tasks to queue
[2022-07-06 21:46:19,959] {logging_mixin.py:115} INFO - [2022-07-06 21:46:19,959] {dagbag.py:507} INFO - Filling up the DagBag from /home/nicholas/.local/lib/python3.10/site-packages/airflow/example_dags/example_complex.py
[2022-07-06 21:46:19,972] {processor.py:651} INFO - DAG(s) dict_keys(['example_complex']) retrieved from /home/nicholas/.local/lib/python3.10/site-packages/airflow/example_dags/example_complex.py
[2022-07-06 21:46:19,992] {logging_mixin.py:115} INFO - [2022-07-06 21:46:19,992] {dag.py:2379} INFO - Sync 1 DAGs
[2022-07-06 21:46:20,005] {logging_mixin.py:115} INFO - [2022-07-06 21:46:20,005] {dag.py:2927} INFO - Setting next_dagrun for example_complex to None, run_after=None
[2022-07-06 21:46:20,019] {processor.py:161} INFO - Processing /home/nicholas/.local/lib/python3.10/site-packages/airflow/example_dags/example_complex.py took 0.064 seconds
[2022-07-06 21:46:54,480] {processor.py:153} INFO - Started process (PID=159320) to work on /home/nicholas/.local/lib/python3.10/site-packages/airflow/example_dags/example_complex.py
[2022-07-06 21:46:54,480] {processor.py:641} INFO - Processing file /home/nicholas/.local/lib/python3.10/site-packages/airflow/example_dags/example_complex.py for tasks to queue
[2022-07-06 21:46:54,481] {logging_mixin.py:115} INFO - [2022-07-06 21:46:54,481] {dagbag.py:507} INFO - Filling up the DagBag from /home/nicholas/.local/lib/python3.10/site-packages/airflow/example_dags/example_complex.py
[2022-07-06 21:46:54,493] {processor.py:651} INFO - DAG(s) dict_keys(['example_complex']) retrieved from /home/nicholas/.local/lib/python3.10/site-packages/airflow/example_dags/example_complex.py
[2022-07-06 21:46:54,513] {logging_mixin.py:115} INFO - [2022-07-06 21:46:54,513] {dag.py:2379} INFO - Sync 1 DAGs
[2022-07-06 21:46:54,528] {logging_mixin.py:115} INFO - [2022-07-06 21:46:54,528] {dag.py:2927} INFO - Setting next_dagrun for example_complex to None, run_after=None
[2022-07-06 21:46:54,548] {processor.py:161} INFO - Processing /home/nicholas/.local/lib/python3.10/site-packages/airflow/example_dags/example_complex.py took 0.071 seconds
[2022-07-06 21:47:30,161] {processor.py:153} INFO - Started process (PID=159423) to work on /home/nicholas/.local/lib/python3.10/site-packages/airflow/example_dags/example_complex.py
[2022-07-06 21:47:30,162] {processor.py:641} INFO - Processing file /home/nicholas/.local/lib/python3.10/site-packages/airflow/example_dags/example_complex.py for tasks to queue
[2022-07-06 21:47:30,162] {logging_mixin.py:115} INFO - [2022-07-06 21:47:30,162] {dagbag.py:507} INFO - Filling up the DagBag from /home/nicholas/.local/lib/python3.10/site-packages/airflow/example_dags/example_complex.py
[2022-07-06 21:47:30,175] {processor.py:651} INFO - DAG(s) dict_keys(['example_complex']) retrieved from /home/nicholas/.local/lib/python3.10/site-packages/airflow/example_dags/example_complex.py
[2022-07-06 21:47:30,195] {logging_mixin.py:115} INFO - [2022-07-06 21:47:30,195] {dag.py:2379} INFO - Sync 1 DAGs
[2022-07-06 21:47:30,208] {logging_mixin.py:115} INFO - [2022-07-06 21:47:30,208] {dag.py:2927} INFO - Setting next_dagrun for example_complex to None, run_after=None
[2022-07-06 21:47:30,222] {processor.py:161} INFO - Processing /home/nicholas/.local/lib/python3.10/site-packages/airflow/example_dags/example_complex.py took 0.063 seconds
[2022-07-06 21:48:04,183] {processor.py:153} INFO - Started process (PID=159509) to work on /home/nicholas/.local/lib/python3.10/site-packages/airflow/example_dags/example_complex.py
[2022-07-06 21:48:04,184] {processor.py:641} INFO - Processing file /home/nicholas/.local/lib/python3.10/site-packages/airflow/example_dags/example_complex.py for tasks to queue
[2022-07-06 21:48:04,184] {logging_mixin.py:115} INFO - [2022-07-06 21:48:04,184] {dagbag.py:507} INFO - Filling up the DagBag from /home/nicholas/.local/lib/python3.10/site-packages/airflow/example_dags/example_complex.py
[2022-07-06 21:48:04,197] {processor.py:651} INFO - DAG(s) dict_keys(['example_complex']) retrieved from /home/nicholas/.local/lib/python3.10/site-packages/airflow/example_dags/example_complex.py
[2022-07-06 21:48:04,217] {logging_mixin.py:115} INFO - [2022-07-06 21:48:04,217] {dag.py:2379} INFO - Sync 1 DAGs
[2022-07-06 21:48:04,229] {logging_mixin.py:115} INFO - [2022-07-06 21:48:04,229] {dag.py:2927} INFO - Setting next_dagrun for example_complex to None, run_after=None
[2022-07-06 21:48:04,243] {processor.py:161} INFO - Processing /home/nicholas/.local/lib/python3.10/site-packages/airflow/example_dags/example_complex.py took 0.062 seconds
[2022-07-06 21:48:38,291] {processor.py:153} INFO - Started process (PID=159589) to work on /home/nicholas/.local/lib/python3.10/site-packages/airflow/example_dags/example_complex.py
[2022-07-06 21:48:38,292] {processor.py:641} INFO - Processing file /home/nicholas/.local/lib/python3.10/site-packages/airflow/example_dags/example_complex.py for tasks to queue
[2022-07-06 21:48:38,292] {logging_mixin.py:115} INFO - [2022-07-06 21:48:38,292] {dagbag.py:507} INFO - Filling up the DagBag from /home/nicholas/.local/lib/python3.10/site-packages/airflow/example_dags/example_complex.py
[2022-07-06 21:48:38,305] {processor.py:651} INFO - DAG(s) dict_keys(['example_complex']) retrieved from /home/nicholas/.local/lib/python3.10/site-packages/airflow/example_dags/example_complex.py
[2022-07-06 21:48:38,324] {logging_mixin.py:115} INFO - [2022-07-06 21:48:38,324] {dag.py:2379} INFO - Sync 1 DAGs
[2022-07-06 21:48:38,336] {logging_mixin.py:115} INFO - [2022-07-06 21:48:38,336] {dag.py:2927} INFO - Setting next_dagrun for example_complex to None, run_after=None
[2022-07-06 21:48:38,350] {processor.py:161} INFO - Processing /home/nicholas/.local/lib/python3.10/site-packages/airflow/example_dags/example_complex.py took 0.061 seconds
[2022-07-06 21:49:12,244] {processor.py:153} INFO - Started process (PID=159679) to work on /home/nicholas/.local/lib/python3.10/site-packages/airflow/example_dags/example_complex.py
[2022-07-06 21:49:12,247] {processor.py:641} INFO - Processing file /home/nicholas/.local/lib/python3.10/site-packages/airflow/example_dags/example_complex.py for tasks to queue
[2022-07-06 21:49:12,248] {logging_mixin.py:115} INFO - [2022-07-06 21:49:12,247] {dagbag.py:507} INFO - Filling up the DagBag from /home/nicholas/.local/lib/python3.10/site-packages/airflow/example_dags/example_complex.py
[2022-07-06 21:49:12,265] {processor.py:651} INFO - DAG(s) dict_keys(['example_complex']) retrieved from /home/nicholas/.local/lib/python3.10/site-packages/airflow/example_dags/example_complex.py
[2022-07-06 21:49:12,285] {logging_mixin.py:115} INFO - [2022-07-06 21:49:12,284] {dag.py:2379} INFO - Sync 1 DAGs
[2022-07-06 21:49:12,297] {logging_mixin.py:115} INFO - [2022-07-06 21:49:12,297] {dag.py:2927} INFO - Setting next_dagrun for example_complex to None, run_after=None
[2022-07-06 21:49:12,311] {processor.py:161} INFO - Processing /home/nicholas/.local/lib/python3.10/site-packages/airflow/example_dags/example_complex.py took 0.069 seconds
[2022-07-06 21:49:46,317] {processor.py:153} INFO - Started process (PID=159787) to work on /home/nicholas/.local/lib/python3.10/site-packages/airflow/example_dags/example_complex.py
[2022-07-06 21:49:46,318] {processor.py:641} INFO - Processing file /home/nicholas/.local/lib/python3.10/site-packages/airflow/example_dags/example_complex.py for tasks to queue
[2022-07-06 21:49:46,318] {logging_mixin.py:115} INFO - [2022-07-06 21:49:46,318] {dagbag.py:507} INFO - Filling up the DagBag from /home/nicholas/.local/lib/python3.10/site-packages/airflow/example_dags/example_complex.py
[2022-07-06 21:49:46,333] {processor.py:651} INFO - DAG(s) dict_keys(['example_complex']) retrieved from /home/nicholas/.local/lib/python3.10/site-packages/airflow/example_dags/example_complex.py
[2022-07-06 21:49:46,354] {logging_mixin.py:115} INFO - [2022-07-06 21:49:46,354] {dag.py:2379} INFO - Sync 1 DAGs
[2022-07-06 21:49:46,366] {logging_mixin.py:115} INFO - [2022-07-06 21:49:46,366] {dag.py:2927} INFO - Setting next_dagrun for example_complex to None, run_after=None
[2022-07-06 21:49:46,380] {processor.py:161} INFO - Processing /home/nicholas/.local/lib/python3.10/site-packages/airflow/example_dags/example_complex.py took 0.066 seconds
[2022-07-06 21:50:22,006] {processor.py:153} INFO - Started process (PID=159870) to work on /home/nicholas/.local/lib/python3.10/site-packages/airflow/example_dags/example_complex.py
[2022-07-06 21:50:22,006] {processor.py:641} INFO - Processing file /home/nicholas/.local/lib/python3.10/site-packages/airflow/example_dags/example_complex.py for tasks to queue
[2022-07-06 21:50:22,007] {logging_mixin.py:115} INFO - [2022-07-06 21:50:22,006] {dagbag.py:507} INFO - Filling up the DagBag from /home/nicholas/.local/lib/python3.10/site-packages/airflow/example_dags/example_complex.py
[2022-07-06 21:50:22,023] {processor.py:651} INFO - DAG(s) dict_keys(['example_complex']) retrieved from /home/nicholas/.local/lib/python3.10/site-packages/airflow/example_dags/example_complex.py
[2022-07-06 21:50:22,044] {logging_mixin.py:115} INFO - [2022-07-06 21:50:22,044] {dag.py:2379} INFO - Sync 1 DAGs
[2022-07-06 21:50:22,055] {logging_mixin.py:115} INFO - [2022-07-06 21:50:22,055] {dag.py:2927} INFO - Setting next_dagrun for example_complex to None, run_after=None
[2022-07-06 21:50:22,070] {processor.py:161} INFO - Processing /home/nicholas/.local/lib/python3.10/site-packages/airflow/example_dags/example_complex.py took 0.067 seconds
[2022-07-06 21:50:56,704] {processor.py:153} INFO - Started process (PID=159948) to work on /home/nicholas/.local/lib/python3.10/site-packages/airflow/example_dags/example_complex.py
[2022-07-06 21:50:56,705] {processor.py:641} INFO - Processing file /home/nicholas/.local/lib/python3.10/site-packages/airflow/example_dags/example_complex.py for tasks to queue
[2022-07-06 21:50:56,706] {logging_mixin.py:115} INFO - [2022-07-06 21:50:56,706] {dagbag.py:507} INFO - Filling up the DagBag from /home/nicholas/.local/lib/python3.10/site-packages/airflow/example_dags/example_complex.py
[2022-07-06 21:50:56,719] {processor.py:651} INFO - DAG(s) dict_keys(['example_complex']) retrieved from /home/nicholas/.local/lib/python3.10/site-packages/airflow/example_dags/example_complex.py
[2022-07-06 21:50:56,738] {logging_mixin.py:115} INFO - [2022-07-06 21:50:56,738] {dag.py:2379} INFO - Sync 1 DAGs
[2022-07-06 21:50:56,751] {logging_mixin.py:115} INFO - [2022-07-06 21:50:56,751] {dag.py:2927} INFO - Setting next_dagrun for example_complex to None, run_after=None
[2022-07-06 21:50:56,764] {processor.py:161} INFO - Processing /home/nicholas/.local/lib/python3.10/site-packages/airflow/example_dags/example_complex.py took 0.062 seconds
[2022-07-06 21:51:31,763] {processor.py:153} INFO - Started process (PID=160036) to work on /home/nicholas/.local/lib/python3.10/site-packages/airflow/example_dags/example_complex.py
[2022-07-06 21:51:31,764] {processor.py:641} INFO - Processing file /home/nicholas/.local/lib/python3.10/site-packages/airflow/example_dags/example_complex.py for tasks to queue
[2022-07-06 21:51:31,764] {logging_mixin.py:115} INFO - [2022-07-06 21:51:31,764] {dagbag.py:507} INFO - Filling up the DagBag from /home/nicholas/.local/lib/python3.10/site-packages/airflow/example_dags/example_complex.py
[2022-07-06 21:51:31,779] {processor.py:651} INFO - DAG(s) dict_keys(['example_complex']) retrieved from /home/nicholas/.local/lib/python3.10/site-packages/airflow/example_dags/example_complex.py
[2022-07-06 21:51:31,799] {logging_mixin.py:115} INFO - [2022-07-06 21:51:31,799] {dag.py:2379} INFO - Sync 1 DAGs
[2022-07-06 21:51:31,812] {logging_mixin.py:115} INFO - [2022-07-06 21:51:31,812] {dag.py:2927} INFO - Setting next_dagrun for example_complex to None, run_after=None
[2022-07-06 21:51:31,827] {processor.py:161} INFO - Processing /home/nicholas/.local/lib/python3.10/site-packages/airflow/example_dags/example_complex.py took 0.066 seconds
[2022-07-06 21:52:06,989] {processor.py:153} INFO - Started process (PID=160124) to work on /home/nicholas/.local/lib/python3.10/site-packages/airflow/example_dags/example_complex.py
[2022-07-06 21:52:06,990] {processor.py:641} INFO - Processing file /home/nicholas/.local/lib/python3.10/site-packages/airflow/example_dags/example_complex.py for tasks to queue
[2022-07-06 21:52:06,990] {logging_mixin.py:115} INFO - [2022-07-06 21:52:06,990] {dagbag.py:507} INFO - Filling up the DagBag from /home/nicholas/.local/lib/python3.10/site-packages/airflow/example_dags/example_complex.py
[2022-07-06 21:52:07,003] {processor.py:651} INFO - DAG(s) dict_keys(['example_complex']) retrieved from /home/nicholas/.local/lib/python3.10/site-packages/airflow/example_dags/example_complex.py
[2022-07-06 21:52:07,023] {logging_mixin.py:115} INFO - [2022-07-06 21:52:07,023] {dag.py:2379} INFO - Sync 1 DAGs
[2022-07-06 21:52:07,035] {logging_mixin.py:115} INFO - [2022-07-06 21:52:07,035] {dag.py:2927} INFO - Setting next_dagrun for example_complex to None, run_after=None
[2022-07-06 21:52:07,051] {processor.py:161} INFO - Processing /home/nicholas/.local/lib/python3.10/site-packages/airflow/example_dags/example_complex.py took 0.064 seconds
[2022-07-06 21:52:42,899] {processor.py:153} INFO - Started process (PID=160218) to work on /home/nicholas/.local/lib/python3.10/site-packages/airflow/example_dags/example_complex.py
[2022-07-06 21:52:42,899] {processor.py:641} INFO - Processing file /home/nicholas/.local/lib/python3.10/site-packages/airflow/example_dags/example_complex.py for tasks to queue
[2022-07-06 21:52:42,900] {logging_mixin.py:115} INFO - [2022-07-06 21:52:42,900] {dagbag.py:507} INFO - Filling up the DagBag from /home/nicholas/.local/lib/python3.10/site-packages/airflow/example_dags/example_complex.py
[2022-07-06 21:52:42,913] {processor.py:651} INFO - DAG(s) dict_keys(['example_complex']) retrieved from /home/nicholas/.local/lib/python3.10/site-packages/airflow/example_dags/example_complex.py
[2022-07-06 21:52:42,932] {logging_mixin.py:115} INFO - [2022-07-06 21:52:42,932] {dag.py:2379} INFO - Sync 1 DAGs
[2022-07-06 21:52:42,944] {logging_mixin.py:115} INFO - [2022-07-06 21:52:42,943] {dag.py:2927} INFO - Setting next_dagrun for example_complex to None, run_after=None
[2022-07-06 21:52:42,956] {processor.py:161} INFO - Processing /home/nicholas/.local/lib/python3.10/site-packages/airflow/example_dags/example_complex.py took 0.060 seconds
[2022-07-06 21:53:16,717] {processor.py:153} INFO - Started process (PID=160299) to work on /home/nicholas/.local/lib/python3.10/site-packages/airflow/example_dags/example_complex.py
[2022-07-06 21:53:16,717] {processor.py:641} INFO - Processing file /home/nicholas/.local/lib/python3.10/site-packages/airflow/example_dags/example_complex.py for tasks to queue
[2022-07-06 21:53:16,718] {logging_mixin.py:115} INFO - [2022-07-06 21:53:16,718] {dagbag.py:507} INFO - Filling up the DagBag from /home/nicholas/.local/lib/python3.10/site-packages/airflow/example_dags/example_complex.py
[2022-07-06 21:53:16,730] {processor.py:651} INFO - DAG(s) dict_keys(['example_complex']) retrieved from /home/nicholas/.local/lib/python3.10/site-packages/airflow/example_dags/example_complex.py
[2022-07-06 21:53:16,750] {logging_mixin.py:115} INFO - [2022-07-06 21:53:16,750] {dag.py:2379} INFO - Sync 1 DAGs
[2022-07-06 21:53:16,762] {logging_mixin.py:115} INFO - [2022-07-06 21:53:16,762] {dag.py:2927} INFO - Setting next_dagrun for example_complex to None, run_after=None
[2022-07-06 21:53:16,777] {processor.py:161} INFO - Processing /home/nicholas/.local/lib/python3.10/site-packages/airflow/example_dags/example_complex.py took 0.063 seconds
[2022-07-06 21:53:52,845] {processor.py:153} INFO - Started process (PID=160387) to work on /home/nicholas/.local/lib/python3.10/site-packages/airflow/example_dags/example_complex.py
[2022-07-06 21:53:52,846] {processor.py:641} INFO - Processing file /home/nicholas/.local/lib/python3.10/site-packages/airflow/example_dags/example_complex.py for tasks to queue
[2022-07-06 21:53:52,846] {logging_mixin.py:115} INFO - [2022-07-06 21:53:52,846] {dagbag.py:507} INFO - Filling up the DagBag from /home/nicholas/.local/lib/python3.10/site-packages/airflow/example_dags/example_complex.py
[2022-07-06 21:53:52,859] {processor.py:651} INFO - DAG(s) dict_keys(['example_complex']) retrieved from /home/nicholas/.local/lib/python3.10/site-packages/airflow/example_dags/example_complex.py
[2022-07-06 21:53:52,878] {logging_mixin.py:115} INFO - [2022-07-06 21:53:52,878] {dag.py:2379} INFO - Sync 1 DAGs
[2022-07-06 21:53:52,890] {logging_mixin.py:115} INFO - [2022-07-06 21:53:52,890] {dag.py:2927} INFO - Setting next_dagrun for example_complex to None, run_after=None
[2022-07-06 21:53:52,905] {processor.py:161} INFO - Processing /home/nicholas/.local/lib/python3.10/site-packages/airflow/example_dags/example_complex.py took 0.062 seconds
[2022-07-06 21:54:27,305] {processor.py:153} INFO - Started process (PID=160497) to work on /home/nicholas/.local/lib/python3.10/site-packages/airflow/example_dags/example_complex.py
[2022-07-06 21:54:27,306] {processor.py:641} INFO - Processing file /home/nicholas/.local/lib/python3.10/site-packages/airflow/example_dags/example_complex.py for tasks to queue
[2022-07-06 21:54:27,306] {logging_mixin.py:115} INFO - [2022-07-06 21:54:27,306] {dagbag.py:507} INFO - Filling up the DagBag from /home/nicholas/.local/lib/python3.10/site-packages/airflow/example_dags/example_complex.py
[2022-07-06 21:54:27,321] {processor.py:651} INFO - DAG(s) dict_keys(['example_complex']) retrieved from /home/nicholas/.local/lib/python3.10/site-packages/airflow/example_dags/example_complex.py
[2022-07-06 21:54:27,346] {logging_mixin.py:115} INFO - [2022-07-06 21:54:27,346] {dag.py:2379} INFO - Sync 1 DAGs
[2022-07-06 21:54:27,365] {logging_mixin.py:115} INFO - [2022-07-06 21:54:27,365] {dag.py:2927} INFO - Setting next_dagrun for example_complex to None, run_after=None
[2022-07-06 21:54:27,383] {processor.py:161} INFO - Processing /home/nicholas/.local/lib/python3.10/site-packages/airflow/example_dags/example_complex.py took 0.081 seconds
[2022-07-06 21:55:02,887] {processor.py:153} INFO - Started process (PID=160705) to work on /home/nicholas/.local/lib/python3.10/site-packages/airflow/example_dags/example_complex.py
[2022-07-06 21:55:02,888] {processor.py:641} INFO - Processing file /home/nicholas/.local/lib/python3.10/site-packages/airflow/example_dags/example_complex.py for tasks to queue
[2022-07-06 21:55:02,888] {logging_mixin.py:115} INFO - [2022-07-06 21:55:02,888] {dagbag.py:507} INFO - Filling up the DagBag from /home/nicholas/.local/lib/python3.10/site-packages/airflow/example_dags/example_complex.py
[2022-07-06 21:55:02,901] {processor.py:651} INFO - DAG(s) dict_keys(['example_complex']) retrieved from /home/nicholas/.local/lib/python3.10/site-packages/airflow/example_dags/example_complex.py
[2022-07-06 21:55:02,925] {logging_mixin.py:115} INFO - [2022-07-06 21:55:02,925] {dag.py:2379} INFO - Sync 1 DAGs
[2022-07-06 21:55:02,938] {logging_mixin.py:115} INFO - [2022-07-06 21:55:02,938] {dag.py:2927} INFO - Setting next_dagrun for example_complex to None, run_after=None
[2022-07-06 21:55:02,956] {processor.py:161} INFO - Processing /home/nicholas/.local/lib/python3.10/site-packages/airflow/example_dags/example_complex.py took 0.072 seconds
