[2022-07-06 21:44:43,996] {processor.py:153} INFO - Started process (PID=159009) to work on /home/nicholas/.local/lib/python3.10/site-packages/airflow/example_dags/example_latest_only_with_trigger.py
[2022-07-06 21:44:43,997] {processor.py:641} INFO - Processing file /home/nicholas/.local/lib/python3.10/site-packages/airflow/example_dags/example_latest_only_with_trigger.py for tasks to queue
[2022-07-06 21:44:43,997] {logging_mixin.py:115} INFO - [2022-07-06 21:44:43,997] {dagbag.py:507} INFO - Filling up the DagBag from /home/nicholas/.local/lib/python3.10/site-packages/airflow/example_dags/example_latest_only_with_trigger.py
[2022-07-06 21:44:44,004] {processor.py:651} INFO - DAG(s) dict_keys(['latest_only_with_trigger']) retrieved from /home/nicholas/.local/lib/python3.10/site-packages/airflow/example_dags/example_latest_only_with_trigger.py
[2022-07-06 21:44:44,021] {logging_mixin.py:115} INFO - [2022-07-06 21:44:44,021] {dag.py:2379} INFO - Sync 1 DAGs
[2022-07-06 21:44:44,033] {logging_mixin.py:115} INFO - [2022-07-06 21:44:44,033] {dag.py:2927} INFO - Setting next_dagrun for latest_only_with_trigger to 2022-07-06T20:44:44.033294+00:00, run_after=2022-07-07T00:44:44.033294+00:00
[2022-07-06 21:44:44,049] {processor.py:161} INFO - Processing /home/nicholas/.local/lib/python3.10/site-packages/airflow/example_dags/example_latest_only_with_trigger.py took 0.055 seconds
[2022-07-06 21:45:21,947] {processor.py:153} INFO - Started process (PID=159099) to work on /home/nicholas/.local/lib/python3.10/site-packages/airflow/example_dags/example_latest_only_with_trigger.py
[2022-07-06 21:45:21,948] {processor.py:641} INFO - Processing file /home/nicholas/.local/lib/python3.10/site-packages/airflow/example_dags/example_latest_only_with_trigger.py for tasks to queue
[2022-07-06 21:45:21,948] {logging_mixin.py:115} INFO - [2022-07-06 21:45:21,948] {dagbag.py:507} INFO - Filling up the DagBag from /home/nicholas/.local/lib/python3.10/site-packages/airflow/example_dags/example_latest_only_with_trigger.py
[2022-07-06 21:45:21,953] {processor.py:651} INFO - DAG(s) dict_keys(['latest_only_with_trigger']) retrieved from /home/nicholas/.local/lib/python3.10/site-packages/airflow/example_dags/example_latest_only_with_trigger.py
[2022-07-06 21:45:21,967] {logging_mixin.py:115} INFO - [2022-07-06 21:45:21,967] {dag.py:2379} INFO - Sync 1 DAGs
[2022-07-06 21:45:21,980] {logging_mixin.py:115} INFO - [2022-07-06 21:45:21,980] {dag.py:2927} INFO - Setting next_dagrun for latest_only_with_trigger to 2022-07-06T20:45:21.980106+00:00, run_after=2022-07-07T00:45:21.980106+00:00
[2022-07-06 21:45:21,996] {processor.py:161} INFO - Processing /home/nicholas/.local/lib/python3.10/site-packages/airflow/example_dags/example_latest_only_with_trigger.py took 0.052 seconds
[2022-07-06 21:45:58,109] {processor.py:153} INFO - Started process (PID=159197) to work on /home/nicholas/.local/lib/python3.10/site-packages/airflow/example_dags/example_latest_only_with_trigger.py
[2022-07-06 21:45:58,109] {processor.py:641} INFO - Processing file /home/nicholas/.local/lib/python3.10/site-packages/airflow/example_dags/example_latest_only_with_trigger.py for tasks to queue
[2022-07-06 21:45:58,110] {logging_mixin.py:115} INFO - [2022-07-06 21:45:58,110] {dagbag.py:507} INFO - Filling up the DagBag from /home/nicholas/.local/lib/python3.10/site-packages/airflow/example_dags/example_latest_only_with_trigger.py
[2022-07-06 21:45:58,115] {processor.py:651} INFO - DAG(s) dict_keys(['latest_only_with_trigger']) retrieved from /home/nicholas/.local/lib/python3.10/site-packages/airflow/example_dags/example_latest_only_with_trigger.py
[2022-07-06 21:45:58,130] {logging_mixin.py:115} INFO - [2022-07-06 21:45:58,129] {dag.py:2379} INFO - Sync 1 DAGs
[2022-07-06 21:45:58,148] {logging_mixin.py:115} INFO - [2022-07-06 21:45:58,148] {dag.py:2927} INFO - Setting next_dagrun for latest_only_with_trigger to 2022-07-06T20:45:58.147836+00:00, run_after=2022-07-07T00:45:58.147836+00:00
[2022-07-06 21:45:58,162] {processor.py:161} INFO - Processing /home/nicholas/.local/lib/python3.10/site-packages/airflow/example_dags/example_latest_only_with_trigger.py took 0.055 seconds
[2022-07-06 21:46:39,957] {processor.py:153} INFO - Started process (PID=159290) to work on /home/nicholas/.local/lib/python3.10/site-packages/airflow/example_dags/example_latest_only_with_trigger.py
[2022-07-06 21:46:39,958] {processor.py:641} INFO - Processing file /home/nicholas/.local/lib/python3.10/site-packages/airflow/example_dags/example_latest_only_with_trigger.py for tasks to queue
[2022-07-06 21:46:39,958] {logging_mixin.py:115} INFO - [2022-07-06 21:46:39,958] {dagbag.py:507} INFO - Filling up the DagBag from /home/nicholas/.local/lib/python3.10/site-packages/airflow/example_dags/example_latest_only_with_trigger.py
[2022-07-06 21:46:39,963] {processor.py:651} INFO - DAG(s) dict_keys(['latest_only_with_trigger']) retrieved from /home/nicholas/.local/lib/python3.10/site-packages/airflow/example_dags/example_latest_only_with_trigger.py
[2022-07-06 21:46:39,978] {logging_mixin.py:115} INFO - [2022-07-06 21:46:39,978] {dag.py:2379} INFO - Sync 1 DAGs
[2022-07-06 21:46:39,991] {logging_mixin.py:115} INFO - [2022-07-06 21:46:39,991] {dag.py:2927} INFO - Setting next_dagrun for latest_only_with_trigger to 2022-07-06T20:46:39.990809+00:00, run_after=2022-07-07T00:46:39.990809+00:00
[2022-07-06 21:46:40,006] {processor.py:161} INFO - Processing /home/nicholas/.local/lib/python3.10/site-packages/airflow/example_dags/example_latest_only_with_trigger.py took 0.051 seconds
[2022-07-06 21:47:17,830] {processor.py:153} INFO - Started process (PID=159388) to work on /home/nicholas/.local/lib/python3.10/site-packages/airflow/example_dags/example_latest_only_with_trigger.py
[2022-07-06 21:47:17,831] {processor.py:641} INFO - Processing file /home/nicholas/.local/lib/python3.10/site-packages/airflow/example_dags/example_latest_only_with_trigger.py for tasks to queue
[2022-07-06 21:47:17,831] {logging_mixin.py:115} INFO - [2022-07-06 21:47:17,831] {dagbag.py:507} INFO - Filling up the DagBag from /home/nicholas/.local/lib/python3.10/site-packages/airflow/example_dags/example_latest_only_with_trigger.py
[2022-07-06 21:47:17,837] {processor.py:651} INFO - DAG(s) dict_keys(['latest_only_with_trigger']) retrieved from /home/nicholas/.local/lib/python3.10/site-packages/airflow/example_dags/example_latest_only_with_trigger.py
[2022-07-06 21:47:17,851] {logging_mixin.py:115} INFO - [2022-07-06 21:47:17,851] {dag.py:2379} INFO - Sync 1 DAGs
[2022-07-06 21:47:17,863] {logging_mixin.py:115} INFO - [2022-07-06 21:47:17,863] {dag.py:2927} INFO - Setting next_dagrun for latest_only_with_trigger to 2022-07-06T20:47:17.863585+00:00, run_after=2022-07-07T00:47:17.863585+00:00
[2022-07-06 21:47:17,877] {processor.py:161} INFO - Processing /home/nicholas/.local/lib/python3.10/site-packages/airflow/example_dags/example_latest_only_with_trigger.py took 0.050 seconds
[2022-07-06 21:47:53,870] {processor.py:153} INFO - Started process (PID=159478) to work on /home/nicholas/.local/lib/python3.10/site-packages/airflow/example_dags/example_latest_only_with_trigger.py
[2022-07-06 21:47:53,871] {processor.py:641} INFO - Processing file /home/nicholas/.local/lib/python3.10/site-packages/airflow/example_dags/example_latest_only_with_trigger.py for tasks to queue
[2022-07-06 21:47:53,871] {logging_mixin.py:115} INFO - [2022-07-06 21:47:53,871] {dagbag.py:507} INFO - Filling up the DagBag from /home/nicholas/.local/lib/python3.10/site-packages/airflow/example_dags/example_latest_only_with_trigger.py
[2022-07-06 21:47:53,876] {processor.py:651} INFO - DAG(s) dict_keys(['latest_only_with_trigger']) retrieved from /home/nicholas/.local/lib/python3.10/site-packages/airflow/example_dags/example_latest_only_with_trigger.py
[2022-07-06 21:47:53,891] {logging_mixin.py:115} INFO - [2022-07-06 21:47:53,891] {dag.py:2379} INFO - Sync 1 DAGs
[2022-07-06 21:47:53,903] {logging_mixin.py:115} INFO - [2022-07-06 21:47:53,903] {dag.py:2927} INFO - Setting next_dagrun for latest_only_with_trigger to 2022-07-06T20:47:53.903518+00:00, run_after=2022-07-07T00:47:53.903518+00:00
[2022-07-06 21:47:53,917] {processor.py:161} INFO - Processing /home/nicholas/.local/lib/python3.10/site-packages/airflow/example_dags/example_latest_only_with_trigger.py took 0.050 seconds
[2022-07-06 21:48:28,162] {processor.py:153} INFO - Started process (PID=159565) to work on /home/nicholas/.local/lib/python3.10/site-packages/airflow/example_dags/example_latest_only_with_trigger.py
[2022-07-06 21:48:28,163] {processor.py:641} INFO - Processing file /home/nicholas/.local/lib/python3.10/site-packages/airflow/example_dags/example_latest_only_with_trigger.py for tasks to queue
[2022-07-06 21:48:28,163] {logging_mixin.py:115} INFO - [2022-07-06 21:48:28,163] {dagbag.py:507} INFO - Filling up the DagBag from /home/nicholas/.local/lib/python3.10/site-packages/airflow/example_dags/example_latest_only_with_trigger.py
[2022-07-06 21:48:28,169] {processor.py:651} INFO - DAG(s) dict_keys(['latest_only_with_trigger']) retrieved from /home/nicholas/.local/lib/python3.10/site-packages/airflow/example_dags/example_latest_only_with_trigger.py
[2022-07-06 21:48:28,183] {logging_mixin.py:115} INFO - [2022-07-06 21:48:28,183] {dag.py:2379} INFO - Sync 1 DAGs
[2022-07-06 21:48:28,196] {logging_mixin.py:115} INFO - [2022-07-06 21:48:28,196] {dag.py:2927} INFO - Setting next_dagrun for latest_only_with_trigger to 2022-07-06T20:48:28.196027+00:00, run_after=2022-07-07T00:48:28.196027+00:00
[2022-07-06 21:48:28,211] {processor.py:161} INFO - Processing /home/nicholas/.local/lib/python3.10/site-packages/airflow/example_dags/example_latest_only_with_trigger.py took 0.051 seconds
[2022-07-06 21:49:03,420] {processor.py:153} INFO - Started process (PID=159656) to work on /home/nicholas/.local/lib/python3.10/site-packages/airflow/example_dags/example_latest_only_with_trigger.py
[2022-07-06 21:49:03,421] {processor.py:641} INFO - Processing file /home/nicholas/.local/lib/python3.10/site-packages/airflow/example_dags/example_latest_only_with_trigger.py for tasks to queue
[2022-07-06 21:49:03,421] {logging_mixin.py:115} INFO - [2022-07-06 21:49:03,421] {dagbag.py:507} INFO - Filling up the DagBag from /home/nicholas/.local/lib/python3.10/site-packages/airflow/example_dags/example_latest_only_with_trigger.py
[2022-07-06 21:49:03,427] {processor.py:651} INFO - DAG(s) dict_keys(['latest_only_with_trigger']) retrieved from /home/nicholas/.local/lib/python3.10/site-packages/airflow/example_dags/example_latest_only_with_trigger.py
[2022-07-06 21:49:03,441] {logging_mixin.py:115} INFO - [2022-07-06 21:49:03,441] {dag.py:2379} INFO - Sync 1 DAGs
[2022-07-06 21:49:03,454] {logging_mixin.py:115} INFO - [2022-07-06 21:49:03,454] {dag.py:2927} INFO - Setting next_dagrun for latest_only_with_trigger to 2022-07-06T20:49:03.453793+00:00, run_after=2022-07-07T00:49:03.453793+00:00
[2022-07-06 21:49:03,468] {processor.py:161} INFO - Processing /home/nicholas/.local/lib/python3.10/site-packages/airflow/example_dags/example_latest_only_with_trigger.py took 0.050 seconds
[2022-07-06 21:49:35,616] {processor.py:153} INFO - Started process (PID=159764) to work on /home/nicholas/.local/lib/python3.10/site-packages/airflow/example_dags/example_latest_only_with_trigger.py
[2022-07-06 21:49:35,617] {processor.py:641} INFO - Processing file /home/nicholas/.local/lib/python3.10/site-packages/airflow/example_dags/example_latest_only_with_trigger.py for tasks to queue
[2022-07-06 21:49:35,617] {logging_mixin.py:115} INFO - [2022-07-06 21:49:35,617] {dagbag.py:507} INFO - Filling up the DagBag from /home/nicholas/.local/lib/python3.10/site-packages/airflow/example_dags/example_latest_only_with_trigger.py
[2022-07-06 21:49:35,633] {processor.py:651} INFO - DAG(s) dict_keys(['latest_only_with_trigger']) retrieved from /home/nicholas/.local/lib/python3.10/site-packages/airflow/example_dags/example_latest_only_with_trigger.py
[2022-07-06 21:49:35,650] {logging_mixin.py:115} INFO - [2022-07-06 21:49:35,649] {dag.py:2379} INFO - Sync 1 DAGs
[2022-07-06 21:49:35,673] {logging_mixin.py:115} INFO - [2022-07-06 21:49:35,673] {dag.py:2927} INFO - Setting next_dagrun for latest_only_with_trigger to 2022-07-06T20:49:35.672851+00:00, run_after=2022-07-07T00:49:35.672851+00:00
[2022-07-06 21:49:35,690] {processor.py:161} INFO - Processing /home/nicholas/.local/lib/python3.10/site-packages/airflow/example_dags/example_latest_only_with_trigger.py took 0.076 seconds
[2022-07-06 21:50:11,586] {processor.py:153} INFO - Started process (PID=159843) to work on /home/nicholas/.local/lib/python3.10/site-packages/airflow/example_dags/example_latest_only_with_trigger.py
[2022-07-06 21:50:11,587] {processor.py:641} INFO - Processing file /home/nicholas/.local/lib/python3.10/site-packages/airflow/example_dags/example_latest_only_with_trigger.py for tasks to queue
[2022-07-06 21:50:11,587] {logging_mixin.py:115} INFO - [2022-07-06 21:50:11,587] {dagbag.py:507} INFO - Filling up the DagBag from /home/nicholas/.local/lib/python3.10/site-packages/airflow/example_dags/example_latest_only_with_trigger.py
[2022-07-06 21:50:11,595] {processor.py:651} INFO - DAG(s) dict_keys(['latest_only_with_trigger']) retrieved from /home/nicholas/.local/lib/python3.10/site-packages/airflow/example_dags/example_latest_only_with_trigger.py
[2022-07-06 21:50:11,609] {logging_mixin.py:115} INFO - [2022-07-06 21:50:11,609] {dag.py:2379} INFO - Sync 1 DAGs
[2022-07-06 21:50:11,622] {logging_mixin.py:115} INFO - [2022-07-06 21:50:11,622] {dag.py:2927} INFO - Setting next_dagrun for latest_only_with_trigger to 2022-07-06T20:50:11.621963+00:00, run_after=2022-07-07T00:50:11.621963+00:00
[2022-07-06 21:50:11,636] {processor.py:161} INFO - Processing /home/nicholas/.local/lib/python3.10/site-packages/airflow/example_dags/example_latest_only_with_trigger.py took 0.053 seconds
[2022-07-06 21:50:46,270] {processor.py:153} INFO - Started process (PID=159921) to work on /home/nicholas/.local/lib/python3.10/site-packages/airflow/example_dags/example_latest_only_with_trigger.py
[2022-07-06 21:50:46,271] {processor.py:641} INFO - Processing file /home/nicholas/.local/lib/python3.10/site-packages/airflow/example_dags/example_latest_only_with_trigger.py for tasks to queue
[2022-07-06 21:50:46,271] {logging_mixin.py:115} INFO - [2022-07-06 21:50:46,271] {dagbag.py:507} INFO - Filling up the DagBag from /home/nicholas/.local/lib/python3.10/site-packages/airflow/example_dags/example_latest_only_with_trigger.py
[2022-07-06 21:50:46,277] {processor.py:651} INFO - DAG(s) dict_keys(['latest_only_with_trigger']) retrieved from /home/nicholas/.local/lib/python3.10/site-packages/airflow/example_dags/example_latest_only_with_trigger.py
[2022-07-06 21:50:46,291] {logging_mixin.py:115} INFO - [2022-07-06 21:50:46,291] {dag.py:2379} INFO - Sync 1 DAGs
[2022-07-06 21:50:46,303] {logging_mixin.py:115} INFO - [2022-07-06 21:50:46,303] {dag.py:2927} INFO - Setting next_dagrun for latest_only_with_trigger to 2022-07-06T20:50:46.303277+00:00, run_after=2022-07-07T00:50:46.303277+00:00
[2022-07-06 21:50:46,318] {processor.py:161} INFO - Processing /home/nicholas/.local/lib/python3.10/site-packages/airflow/example_dags/example_latest_only_with_trigger.py took 0.050 seconds
[2022-07-06 21:51:20,499] {processor.py:153} INFO - Started process (PID=160008) to work on /home/nicholas/.local/lib/python3.10/site-packages/airflow/example_dags/example_latest_only_with_trigger.py
[2022-07-06 21:51:20,500] {processor.py:641} INFO - Processing file /home/nicholas/.local/lib/python3.10/site-packages/airflow/example_dags/example_latest_only_with_trigger.py for tasks to queue
[2022-07-06 21:51:20,500] {logging_mixin.py:115} INFO - [2022-07-06 21:51:20,500] {dagbag.py:507} INFO - Filling up the DagBag from /home/nicholas/.local/lib/python3.10/site-packages/airflow/example_dags/example_latest_only_with_trigger.py
[2022-07-06 21:51:20,506] {processor.py:651} INFO - DAG(s) dict_keys(['latest_only_with_trigger']) retrieved from /home/nicholas/.local/lib/python3.10/site-packages/airflow/example_dags/example_latest_only_with_trigger.py
[2022-07-06 21:51:20,520] {logging_mixin.py:115} INFO - [2022-07-06 21:51:20,520] {dag.py:2379} INFO - Sync 1 DAGs
[2022-07-06 21:51:20,532] {logging_mixin.py:115} INFO - [2022-07-06 21:51:20,532] {dag.py:2927} INFO - Setting next_dagrun for latest_only_with_trigger to 2022-07-06T20:51:20.532322+00:00, run_after=2022-07-07T00:51:20.532322+00:00
[2022-07-06 21:51:20,551] {processor.py:161} INFO - Processing /home/nicholas/.local/lib/python3.10/site-packages/airflow/example_dags/example_latest_only_with_trigger.py took 0.054 seconds
[2022-07-06 21:51:58,804] {processor.py:153} INFO - Started process (PID=160106) to work on /home/nicholas/.local/lib/python3.10/site-packages/airflow/example_dags/example_latest_only_with_trigger.py
[2022-07-06 21:51:58,806] {processor.py:641} INFO - Processing file /home/nicholas/.local/lib/python3.10/site-packages/airflow/example_dags/example_latest_only_with_trigger.py for tasks to queue
[2022-07-06 21:51:58,806] {logging_mixin.py:115} INFO - [2022-07-06 21:51:58,806] {dagbag.py:507} INFO - Filling up the DagBag from /home/nicholas/.local/lib/python3.10/site-packages/airflow/example_dags/example_latest_only_with_trigger.py
[2022-07-06 21:51:58,813] {processor.py:651} INFO - DAG(s) dict_keys(['latest_only_with_trigger']) retrieved from /home/nicholas/.local/lib/python3.10/site-packages/airflow/example_dags/example_latest_only_with_trigger.py
[2022-07-06 21:51:58,827] {logging_mixin.py:115} INFO - [2022-07-06 21:51:58,827] {dag.py:2379} INFO - Sync 1 DAGs
[2022-07-06 21:51:58,839] {logging_mixin.py:115} INFO - [2022-07-06 21:51:58,839] {dag.py:2927} INFO - Setting next_dagrun for latest_only_with_trigger to 2022-07-06T20:51:58.839436+00:00, run_after=2022-07-07T00:51:58.839436+00:00
[2022-07-06 21:51:58,852] {processor.py:161} INFO - Processing /home/nicholas/.local/lib/python3.10/site-packages/airflow/example_dags/example_latest_only_with_trigger.py took 0.050 seconds
[2022-07-06 21:52:36,142] {processor.py:153} INFO - Started process (PID=160198) to work on /home/nicholas/.local/lib/python3.10/site-packages/airflow/example_dags/example_latest_only_with_trigger.py
[2022-07-06 21:52:36,142] {processor.py:641} INFO - Processing file /home/nicholas/.local/lib/python3.10/site-packages/airflow/example_dags/example_latest_only_with_trigger.py for tasks to queue
[2022-07-06 21:52:36,143] {logging_mixin.py:115} INFO - [2022-07-06 21:52:36,143] {dagbag.py:507} INFO - Filling up the DagBag from /home/nicholas/.local/lib/python3.10/site-packages/airflow/example_dags/example_latest_only_with_trigger.py
[2022-07-06 21:52:36,148] {processor.py:651} INFO - DAG(s) dict_keys(['latest_only_with_trigger']) retrieved from /home/nicholas/.local/lib/python3.10/site-packages/airflow/example_dags/example_latest_only_with_trigger.py
[2022-07-06 21:52:36,162] {logging_mixin.py:115} INFO - [2022-07-06 21:52:36,162] {dag.py:2379} INFO - Sync 1 DAGs
[2022-07-06 21:52:36,174] {logging_mixin.py:115} INFO - [2022-07-06 21:52:36,174] {dag.py:2927} INFO - Setting next_dagrun for latest_only_with_trigger to 2022-07-06T20:52:36.174369+00:00, run_after=2022-07-07T00:52:36.174369+00:00
[2022-07-06 21:52:36,190] {processor.py:161} INFO - Processing /home/nicholas/.local/lib/python3.10/site-packages/airflow/example_dags/example_latest_only_with_trigger.py took 0.051 seconds
[2022-07-06 21:53:12,707] {processor.py:153} INFO - Started process (PID=160287) to work on /home/nicholas/.local/lib/python3.10/site-packages/airflow/example_dags/example_latest_only_with_trigger.py
[2022-07-06 21:53:12,708] {processor.py:641} INFO - Processing file /home/nicholas/.local/lib/python3.10/site-packages/airflow/example_dags/example_latest_only_with_trigger.py for tasks to queue
[2022-07-06 21:53:12,708] {logging_mixin.py:115} INFO - [2022-07-06 21:53:12,708] {dagbag.py:507} INFO - Filling up the DagBag from /home/nicholas/.local/lib/python3.10/site-packages/airflow/example_dags/example_latest_only_with_trigger.py
[2022-07-06 21:53:12,714] {processor.py:651} INFO - DAG(s) dict_keys(['latest_only_with_trigger']) retrieved from /home/nicholas/.local/lib/python3.10/site-packages/airflow/example_dags/example_latest_only_with_trigger.py
[2022-07-06 21:53:12,728] {logging_mixin.py:115} INFO - [2022-07-06 21:53:12,728] {dag.py:2379} INFO - Sync 1 DAGs
[2022-07-06 21:53:12,740] {logging_mixin.py:115} INFO - [2022-07-06 21:53:12,740] {dag.py:2927} INFO - Setting next_dagrun for latest_only_with_trigger to 2022-07-06T20:53:12.740640+00:00, run_after=2022-07-07T00:53:12.740640+00:00
[2022-07-06 21:53:12,756] {processor.py:161} INFO - Processing /home/nicholas/.local/lib/python3.10/site-packages/airflow/example_dags/example_latest_only_with_trigger.py took 0.051 seconds
[2022-07-06 21:53:48,186] {processor.py:153} INFO - Started process (PID=160378) to work on /home/nicholas/.local/lib/python3.10/site-packages/airflow/example_dags/example_latest_only_with_trigger.py
[2022-07-06 21:53:48,187] {processor.py:641} INFO - Processing file /home/nicholas/.local/lib/python3.10/site-packages/airflow/example_dags/example_latest_only_with_trigger.py for tasks to queue
[2022-07-06 21:53:48,187] {logging_mixin.py:115} INFO - [2022-07-06 21:53:48,187] {dagbag.py:507} INFO - Filling up the DagBag from /home/nicholas/.local/lib/python3.10/site-packages/airflow/example_dags/example_latest_only_with_trigger.py
[2022-07-06 21:53:48,193] {processor.py:651} INFO - DAG(s) dict_keys(['latest_only_with_trigger']) retrieved from /home/nicholas/.local/lib/python3.10/site-packages/airflow/example_dags/example_latest_only_with_trigger.py
[2022-07-06 21:53:48,207] {logging_mixin.py:115} INFO - [2022-07-06 21:53:48,207] {dag.py:2379} INFO - Sync 1 DAGs
[2022-07-06 21:53:48,219] {logging_mixin.py:115} INFO - [2022-07-06 21:53:48,219] {dag.py:2927} INFO - Setting next_dagrun for latest_only_with_trigger to 2022-07-06T20:53:48.219476+00:00, run_after=2022-07-07T00:53:48.219476+00:00
[2022-07-06 21:53:48,234] {processor.py:161} INFO - Processing /home/nicholas/.local/lib/python3.10/site-packages/airflow/example_dags/example_latest_only_with_trigger.py took 0.051 seconds
[2022-07-06 21:54:24,535] {processor.py:153} INFO - Started process (PID=160488) to work on /home/nicholas/.local/lib/python3.10/site-packages/airflow/example_dags/example_latest_only_with_trigger.py
[2022-07-06 21:54:24,535] {processor.py:641} INFO - Processing file /home/nicholas/.local/lib/python3.10/site-packages/airflow/example_dags/example_latest_only_with_trigger.py for tasks to queue
[2022-07-06 21:54:24,536] {logging_mixin.py:115} INFO - [2022-07-06 21:54:24,536] {dagbag.py:507} INFO - Filling up the DagBag from /home/nicholas/.local/lib/python3.10/site-packages/airflow/example_dags/example_latest_only_with_trigger.py
[2022-07-06 21:54:24,543] {processor.py:651} INFO - DAG(s) dict_keys(['latest_only_with_trigger']) retrieved from /home/nicholas/.local/lib/python3.10/site-packages/airflow/example_dags/example_latest_only_with_trigger.py
[2022-07-06 21:54:24,560] {logging_mixin.py:115} INFO - [2022-07-06 21:54:24,560] {dag.py:2379} INFO - Sync 1 DAGs
[2022-07-06 21:54:24,573] {logging_mixin.py:115} INFO - [2022-07-06 21:54:24,573] {dag.py:2927} INFO - Setting next_dagrun for latest_only_with_trigger to 2022-07-06T20:54:24.573375+00:00, run_after=2022-07-07T00:54:24.573375+00:00
[2022-07-06 21:54:24,588] {processor.py:161} INFO - Processing /home/nicholas/.local/lib/python3.10/site-packages/airflow/example_dags/example_latest_only_with_trigger.py took 0.055 seconds
[2022-07-06 21:54:59,376] {processor.py:153} INFO - Started process (PID=160691) to work on /home/nicholas/.local/lib/python3.10/site-packages/airflow/example_dags/example_latest_only_with_trigger.py
[2022-07-06 21:54:59,377] {processor.py:641} INFO - Processing file /home/nicholas/.local/lib/python3.10/site-packages/airflow/example_dags/example_latest_only_with_trigger.py for tasks to queue
[2022-07-06 21:54:59,378] {logging_mixin.py:115} INFO - [2022-07-06 21:54:59,378] {dagbag.py:507} INFO - Filling up the DagBag from /home/nicholas/.local/lib/python3.10/site-packages/airflow/example_dags/example_latest_only_with_trigger.py
[2022-07-06 21:54:59,384] {processor.py:651} INFO - DAG(s) dict_keys(['latest_only_with_trigger']) retrieved from /home/nicholas/.local/lib/python3.10/site-packages/airflow/example_dags/example_latest_only_with_trigger.py
[2022-07-06 21:54:59,