[2022-07-06 21:44:17,160] {processor.py:153} INFO - Started process (PID=158925) to work on /home/nicholas/.local/lib/python3.10/site-packages/airflow/example_dags/example_task_group.py
[2022-07-06 21:44:17,160] {processor.py:641} INFO - Processing file /home/nicholas/.local/lib/python3.10/site-packages/airflow/example_dags/example_task_group.py for tasks to queue
[2022-07-06 21:44:17,161] {logging_mixin.py:115} INFO - [2022-07-06 21:44:17,161] {dagbag.py:507} INFO - Filling up the DagBag from /home/nicholas/.local/lib/python3.10/site-packages/airflow/example_dags/example_task_group.py
[2022-07-06 21:44:17,171] {processor.py:651} INFO - DAG(s) dict_keys(['example_task_group']) retrieved from /home/nicholas/.local/lib/python3.10/site-packages/airflow/example_dags/example_task_group.py
[2022-07-06 21:44:17,186] {logging_mixin.py:115} INFO - [2022-07-06 21:44:17,186] {dag.py:2379} INFO - Sync 1 DAGs
[2022-07-06 21:44:17,199] {logging_mixin.py:115} INFO - [2022-07-06 21:44:17,198] {dag.py:2927} INFO - Setting next_dagrun for example_task_group to 2022-07-06T00:44:17.198780+00:00, run_after=2022-07-07T00:44:17.198780+00:00
[2022-07-06 21:44:17,213] {processor.py:161} INFO - Processing /home/nicholas/.local/lib/python3.10/site-packages/airflow/example_dags/example_task_group.py took 0.055 seconds
[2022-07-06 21:44:50,555] {processor.py:153} INFO - Started process (PID=159027) to work on /home/nicholas/.local/lib/python3.10/site-packages/airflow/example_dags/example_task_group.py
[2022-07-06 21:44:50,555] {processor.py:641} INFO - Processing file /home/nicholas/.local/lib/python3.10/site-packages/airflow/example_dags/example_task_group.py for tasks to queue
[2022-07-06 21:44:50,556] {logging_mixin.py:115} INFO - [2022-07-06 21:44:50,556] {dagbag.py:507} INFO - Filling up the DagBag from /home/nicholas/.local/lib/python3.10/site-packages/airflow/example_dags/example_task_group.py
[2022-07-06 21:44:50,562] {processor.py:651} INFO - DAG(s) dict_keys(['example_task_group']) retrieved from /home/nicholas/.local/lib/python3.10/site-packages/airflow/example_dags/example_task_group.py
[2022-07-06 21:44:50,578] {logging_mixin.py:115} INFO - [2022-07-06 21:44:50,578] {dag.py:2379} INFO - Sync 1 DAGs
[2022-07-06 21:44:50,590] {logging_mixin.py:115} INFO - [2022-07-06 21:44:50,590] {dag.py:2927} INFO - Setting next_dagrun for example_task_group to 2022-07-06T00:44:50.590252+00:00, run_after=2022-07-07T00:44:50.590252+00:00
[2022-07-06 21:44:50,605] {processor.py:161} INFO - Processing /home/nicholas/.local/lib/python3.10/site-packages/airflow/example_dags/example_task_group.py took 0.052 seconds
[2022-07-06 21:45:25,531] {processor.py:153} INFO - Started process (PID=159103) to work on /home/nicholas/.local/lib/python3.10/site-packages/airflow/example_dags/example_task_group.py
[2022-07-06 21:45:25,534] {processor.py:641} INFO - Processing file /home/nicholas/.local/lib/python3.10/site-packages/airflow/example_dags/example_task_group.py for tasks to queue
[2022-07-06 21:45:25,534] {logging_mixin.py:115} INFO - [2022-07-06 21:45:25,534] {dagbag.py:507} INFO - Filling up the DagBag from /home/nicholas/.local/lib/python3.10/site-packages/airflow/example_dags/example_task_group.py
[2022-07-06 21:45:25,542] {processor.py:651} INFO - DAG(s) dict_keys(['example_task_group']) retrieved from /home/nicholas/.local/lib/python3.10/site-packages/airflow/example_dags/example_task_group.py
[2022-07-06 21:45:25,561] {logging_mixin.py:115} INFO - [2022-07-06 21:45:25,561] {dag.py:2379} INFO - Sync 1 DAGs
[2022-07-06 21:45:25,573] {logging_mixin.py:115} INFO - [2022-07-06 21:45:25,573] {dag.py:2927} INFO - Setting next_dagrun for example_task_group to 2022-07-06T00:45:25.573408+00:00, run_after=2022-07-07T00:45:25.573408+00:00
[2022-07-06 21:45:25,588] {processor.py:161} INFO - Processing /home/nicholas/.local/lib/python3.10/site-packages/airflow/example_dags/example_task_group.py took 0.061 seconds
[2022-07-06 21:45:59,257] {processor.py:153} INFO - Started process (PID=159199) to work on /home/nicholas/.local/lib/python3.10/site-packages/airflow/example_dags/example_task_group.py
[2022-07-06 21:45:59,257] {processor.py:641} INFO - Processing file /home/nicholas/.local/lib/python3.10/site-packages/airflow/example_dags/example_task_group.py for tasks to queue
[2022-07-06 21:45:59,258] {logging_mixin.py:115} INFO - [2022-07-06 21:45:59,258] {dagbag.py:507} INFO - Filling up the DagBag from /home/nicholas/.local/lib/python3.10/site-packages/airflow/example_dags/example_task_group.py
[2022-07-06 21:45:59,264] {processor.py:651} INFO - DAG(s) dict_keys(['example_task_group']) retrieved from /home/nicholas/.local/lib/python3.10/site-packages/airflow/example_dags/example_task_group.py
[2022-07-06 21:45:59,280] {logging_mixin.py:115} INFO - [2022-07-06 21:45:59,280] {dag.py:2379} INFO - Sync 1 DAGs
[2022-07-06 21:45:59,293] {logging_mixin.py:115} INFO - [2022-07-06 21:45:59,292] {dag.py:2927} INFO - Setting next_dagrun for example_task_group to 2022-07-06T00:45:59.292746+00:00, run_after=2022-07-07T00:45:59.292746+00:00
[2022-07-06 21:45:59,306] {processor.py:161} INFO - Processing /home/nicholas/.local/lib/python3.10/site-packages/airflow/example_dags/example_task_group.py took 0.052 seconds
[2022-07-06 21:46:34,177] {processor.py:153} INFO - Started process (PID=159284) to work on /home/nicholas/.local/lib/python3.10/site-packages/airflow/example_dags/example_task_group.py
[2022-07-06 21:46:34,178] {processor.py:641} INFO - Processing file /home/nicholas/.local/lib/python3.10/site-packages/airflow/example_dags/example_task_group.py for tasks to queue
[2022-07-06 21:46:34,178] {logging_mixin.py:115} INFO - [2022-07-06 21:46:34,178] {dagbag.py:507} INFO - Filling up the DagBag from /home/nicholas/.local/lib/python3.10/site-packages/airflow/example_dags/example_task_group.py
[2022-07-06 21:46:34,186] {processor.py:651} INFO - DAG(s) dict_keys(['example_task_group']) retrieved from /home/nicholas/.local/lib/python3.10/site-packages/airflow/example_dags/example_task_group.py
[2022-07-06 21:46:34,201] {logging_mixin.py:115} INFO - [2022-07-06 21:46:34,201] {dag.py:2379} INFO - Sync 1 DAGs
[2022-07-06 21:46:34,213] {logging_mixin.py:115} INFO - [2022-07-06 21:46:34,213] {dag.py:2927} INFO - Setting next_dagrun for example_task_group to 2022-07-06T00:46:34.213477+00:00, run_after=2022-07-07T00:46:34.213477+00:00
[2022-07-06 21:46:34,227] {processor.py:161} INFO - Processing /home/nicholas/.local/lib/python3.10/site-packages/airflow/example_dags/example_task_group.py took 0.052 seconds
[2022-07-06 21:47:06,341] {processor.py:153} INFO - Started process (PID=159357) to work on /home/nicholas/.local/lib/python3.10/site-packages/airflow/example_dags/example_task_group.py
[2022-07-06 21:47:06,341] {processor.py:641} INFO - Processing file /home/nicholas/.local/lib/python3.10/site-packages/airflow/example_dags/example_task_group.py for tasks to queue
[2022-07-06 21:47:06,342] {logging_mixin.py:115} INFO - [2022-07-06 21:47:06,342] {dagbag.py:507} INFO - Filling up the DagBag from /home/nicholas/.local/lib/python3.10/site-packages/airflow/example_dags/example_task_group.py
[2022-07-06 21:47:06,348] {processor.py:651} INFO - DAG(s) dict_keys(['example_task_group']) retrieved from /home/nicholas/.local/lib/python3.10/site-packages/airflow/example_dags/example_task_group.py
[2022-07-06 21:47:06,363] {logging_mixin.py:115} INFO - [2022-07-06 21:47:06,363] {dag.py:2379} INFO - Sync 1 DAGs
[2022-07-06 21:47:06,375] {logging_mixin.py:115} INFO - [2022-07-06 21:47:06,375] {dag.py:2927} INFO - Setting next_dagrun for example_task_group to 2022-07-06T00:47:06.375359+00:00, run_after=2022-07-07T00:47:06.375359+00:00
[2022-07-06 21:47:06,390] {processor.py:161} INFO - Processing /home/nicholas/.local/lib/python3.10/site-packages/airflow/example_dags/example_task_group.py took 0.051 seconds
[2022-07-06 21:47:42,480] {processor.py:153} INFO - Started process (PID=159452) to work on /home/nicholas/.local/lib/python3.10/site-packages/airflow/example_dags/example_task_group.py
[2022-07-06 21:47:42,481] {processor.py:641} INFO - Processing file /home/nicholas/.local/lib/python3.10/site-packages/airflow/example_dags/example_task_group.py for tasks to queue
[2022-07-06 21:47:42,481] {logging_mixin.py:115} INFO - [2022-07-06 21:47:42,481] {dagbag.py:507} INFO - Filling up the DagBag from /home/nicholas/.local/lib/python3.10/site-packages/airflow/example_dags/example_task_group.py
[2022-07-06 21:47:42,488] {processor.py:651} INFO - DAG(s) dict_keys(['example_task_group']) retrieved from /home/nicholas/.local/lib/python3.10/site-packages/airflow/example_dags/example_task_group.py
[2022-07-06 21:47:42,503] {logging_mixin.py:115} INFO - [2022-07-06 21:47:42,503] {dag.py:2379} INFO - Sync 1 DAGs
[2022-07-06 21:47:42,515] {logging_mixin.py:115} INFO - [2022-07-06 21:47:42,515] {dag.py:2927} INFO - Setting next_dagrun for example_task_group to 2022-07-06T00:47:42.515717+00:00, run_after=2022-07-07T00:47:42.515717+00:00
[2022-07-06 21:47:42,531] {processor.py:161} INFO - Processing /home/nicholas/.local/lib/python3.10/site-packages/airflow/example_dags/example_task_group.py took 0.053 seconds
[2022-07-06 21:48:14,484] {processor.py:153} INFO - Started process (PID=159538) to work on /home/nicholas/.local/lib/python3.10/site-packages/airflow/example_dags/example_task_group.py
[2022-07-06 21:48:14,485] {processor.py:641} INFO - Processing file /home/nicholas/.local/lib/python3.10/site-packages/airflow/example_dags/example_task_group.py for tasks to queue
[2022-07-06 21:48:14,486] {logging_mixin.py:115} INFO - [2022-07-06 21:48:14,485] {dagbag.py:507} INFO - Filling up the DagBag from /home/nicholas/.local/lib/python3.10/site-packages/airflow/example_dags/example_task_group.py
[2022-07-06 21:48:14,492] {processor.py:651} INFO - DAG(s) dict_keys(['example_task_group']) retrieved from /home/nicholas/.local/lib/python3.10/site-packages/airflow/example_dags/example_task_group.py
[2022-07-06 21:48:14,507] {logging_mixin.py:115} INFO - [2022-07-06 21:48:14,507] {dag.py:2379} INFO - Sync 1 DAGs
[2022-07-06 21:48:14,520] {logging_mixin.py:115} INFO - [2022-07-06 21:48:14,519] {dag.py:2927} INFO - Setting next_dagrun for example_task_group to 2022-07-06T00:48:14.519699+00:00, run_after=2022-07-07T00:48:14.519699+00:00
[2022-07-06 21:48:14,535] {processor.py:161} INFO - Processing /home/nicholas/.local/lib/python3.10/site-packages/airflow/example_dags/example_task_group.py took 0.053 seconds
[2022-07-06 21:48:49,536] {processor.py:153} INFO - Started process (PID=159621) to work on /home/nicholas/.local/lib/python3.10/site-packages/airflow/example_dags/example_task_group.py
[2022-07-06 21:48:49,537] {processor.py:641} INFO - Processing file /home/nicholas/.local/lib/python3.10/site-packages/airflow/example_dags/example_task_group.py for tasks to queue
[2022-07-06 21:48:49,537] {logging_mixin.py:115} INFO - [2022-07-06 21:48:49,537] {dagbag.py:507} INFO - Filling up the DagBag from /home/nicholas/.local/lib/python3.10/site-packages/airflow/example_dags/example_task_group.py
[2022-07-06 21:48:49,543] {processor.py:651} INFO - DAG(s) dict_keys(['example_task_group']) retrieved from /home/nicholas/.local/lib/python3.10/site-packages/airflow/example_dags/example_task_group.py
[2022-07-06 21:48:49,558] {logging_mixin.py:115} INFO - [2022-07-06 21:48:49,558] {dag.py:2379} INFO - Sync 1 DAGs
[2022-07-06 21:48:49,570] {logging_mixin.py:115} INFO - [2022-07-06 21:48:49,570] {dag.py:2927} INFO - Setting next_dagrun for example_task_group to 2022-07-06T00:48:49.570465+00:00, run_after=2022-07-07T00:48:49.570465+00:00
[2022-07-06 21:48:49,585] {processor.py:161} INFO - Processing /home/nicholas/.local/lib/python3.10/site-packages/airflow/example_dags/example_task_group.py took 0.052 seconds
[2022-07-06 21:49:24,054] {processor.py:153} INFO - Started process (PID=159728) to work on /home/nicholas/.local/lib/python3.10/site-packages/airflow/example_dags/example_task_group.py
[2022-07-06 21:49:24,055] {processor.py:641} INFO - Processing file /home/nicholas/.local/lib/python3.10/site-packages/airflow/example_dags/example_task_group.py for tasks to queue
[2022-07-06 21:49:24,055] {logging_mixin.py:115} INFO - [2022-07-06 21:49:24,055] {dagbag.py:507} INFO - Filling up the DagBag from /home/nicholas/.local/lib/python3.10/site-packages/airflow/example_dags/example_task_group.py
[2022-07-06 21:49:24,062] {processor.py:651} INFO - DAG(s) dict_keys(['example_task_group']) retrieved from /home/nicholas/.local/lib/python3.10/site-packages/airflow/example_dags/example_task_group.py
[2022-07-06 21:49:24,076] {logging_mixin.py:115} INFO - [2022-07-06 21:49:24,076] {dag.py:2379} INFO - Sync 1 DAGs
[2022-07-06 21:49:24,088] {logging_mixin.py:115} INFO - [2022-07-06 21:49:24,088] {dag.py:2927} INFO - Setting next_dagrun for example_task_group to 2022-07-06T00:49:24.088137+00:00, run_after=2022-07-07T00:49:24.088137+00:00
[2022-07-06 21:49:24,108] {processor.py:161} INFO - Processing /home/nicholas/.local/lib/python3.10/site-packages/airflow/example_dags/example_task_group.py took 0.057 seconds
[2022-07-06 21:49:55,895] {processor.py:153} INFO - Started process (PID=159804) to work on /home/nicholas/.local/lib/python3.10/site-packages/airflow/example_dags/example_task_group.py
[2022-07-06 21:49:55,895] {processor.py:641} INFO - Processing file /home/nicholas/.local/lib/python3.10/site-packages/airflow/example_dags/example_task_group.py for tasks to queue
[2022-07-06 21:49:55,895] {logging_mixin.py:115} INFO - [2022-07-06 21:49:55,895] {dagbag.py:507} INFO - Filling up the DagBag from /home/nicholas/.local/lib/python3.10/site-packages/airflow/example_dags/example_task_group.py
[2022-07-06 21:49:55,902] {processor.py:651} INFO - DAG(s) dict_keys(['example_task_group']) retrieved from /home/nicholas/.local/lib/python3.10/site-packages/airflow/example_dags/example_task_group.py
[2022-07-06 21:49:55,917] {logging_mixin.py:115} INFO - [2022-07-06 21:49:55,917] {dag.py:2379} INFO - Sync 1 DAGs
[2022-07-06 21:49:55,929] {logging_mixin.py:115} INFO - [2022-07-06 21:49:55,929] {dag.py:2927} INFO - Setting next_dagrun for example_task_group to 2022-07-06T00:49:55.929300+00:00, run_after=2022-07-07T00:49:55.929300+00:00
[2022-07-06 21:49:55,943] {processor.py:161} INFO - Processing /home/nicholas/.local/lib/python3.10/site-packages/airflow/example_dags/example_task_group.py took 0.051 seconds
[2022-07-06 21:50:29,950] {processor.py:153} INFO - Started process (PID=159886) to work on /home/nicholas/.local/lib/python3.10/site-packages/airflow/example_dags/example_task_group.py
[2022-07-06 21:50:29,951] {processor.py:641} INFO - Processing file /home/nicholas/.local/lib/python3.10/site-packages/airflow/example_dags/example_task_group.py for tasks to queue
[2022-07-06 21:50:29,951] {logging_mixin.py:115} INFO - [2022-07-06 21:50:29,951] {dagbag.py:507} INFO - Filling up the DagBag from /home/nicholas/.local/lib/python3.10/site-packages/airflow/example_dags/example_task_group.py
[2022-07-06 21:50:29,960] {processor.py:651} INFO - DAG(s) dict_keys(['example_task_group']) retrieved from /home/nicholas/.local/lib/python3.10/site-packages/airflow/example_dags/example_task_group.py
[2022-07-06 21:50:29,976] {logging_mixin.py:115} INFO - [2022-07-06 21:50:29,976] {dag.py:2379} INFO - Sync 1 DAGs
[2022-07-06 21:50:29,988] {logging_mixin.py:115} INFO - [2022-07-06 21:50:29,988] {dag.py:2927} INFO - Setting next_dagrun for example_task_group to 2022-07-06T00:50:29.988275+00:00, run_after=2022-07-07T00:50:29.988275+00:00
[2022-07-06 21:50:30,002] {processor.py:161} INFO - Processing /home/nicholas/.local/lib/python3.10/site-packages/airflow/example_dags/example_task_group.py took 0.054 seconds
[2022-07-06 21:51:03,887] {processor.py:153} INFO - Started process (PID=159971) to work on /home/nicholas/.local/lib/python3.10/site-packages/airflow/example_dags/example_task_group.py
[2022-07-06 21:51:03,887] {processor.py:641} INFO - Processing file /home/nicholas/.local/lib/python3.10/site-packages/airflow/example_dags/example_task_group.py for tasks to queue
[2022-07-06 21:51:03,888] {logging_mixin.py:115} INFO - [2022-07-06 21:51:03,888] {dagbag.py:507} INFO - Filling up the DagBag from /home/nicholas/.local/lib/python3.10/site-packages/airflow/example_dags/example_task_group.py
[2022-07-06 21:51:03,895] {processor.py:651} INFO - DAG(s) dict_keys(['example_task_group']) retrieved from /home/nicholas/.local/lib/python3.10/site-packages/airflow/example_dags/example_task_group.py
[2022-07-06 21:51:03,909] {logging_mixin.py:115} INFO - [2022-07-06 21:51:03,909] {dag.py:2379} INFO - Sync 1 DAGs
[2022-07-06 21:51:03,922] {logging_mixin.py:115} INFO - [2022-07-06 21:51:03,922] {dag.py:2927} INFO - Setting next_dagrun for example_task_group to 2022-07-06T00:51:03.921969+00:00, run_after=2022-07-07T00:51:03.921969+00:00
[2022-07-06 21:51:03,936] {processor.py:161} INFO - Processing /home/nicholas/.local/lib/python3.10/site-packages/airflow/example_dags/example_task_group.py took 0.052 seconds
[2022-07-06 21:51:38,484] {processor.py:153} INFO - Started process (PID=160050) to work on /home/nicholas/.local/lib/python3.10/site-packages/airflow/example_dags/example_task_group.py
[2022-07-06 21:51:38,484] {processor.py:641} INFO - Processing file /home/nicholas/.local/lib/python3.10/site-packages/airflow/example_dags/example_task_group.py for tasks to queue
[2022-07-06 21:51:38,485] {logging_mixin.py:115} INFO - [2022-07-06 21:51:38,485] {dagbag.py:507} INFO - Filling up the DagBag from /home/nicholas/.local/lib/python3.10/site-packages/airflow/example_dags/example_task_group.py
[2022-07-06 21:51:38,492] {processor.py:651} INFO - DAG(s) dict_keys(['example_task_group']) retrieved from /home/nicholas/.local/lib/python3.10/site-packages/airflow/example_dags/example_task_group.py
[2022-07-06 21:51:38,506] {logging_mixin.py:115} INFO - [2022-07-06 21:51:38,506] {dag.py:2379} INFO - Sync 1 DAGs
[2022-07-06 21:51:38,519] {logging_mixin.py:115} INFO - [2022-07-06 21:51:38,519] {dag.py:2927} INFO - Setting next_dagrun for example_task_group to 2022-07-06T00:51:38.519038+00:00, run_after=2022-07-07T00:51:38.519038+00:00
[2022-07-06 21:51:38,533] {processor.py:161} INFO - Processing /home/nicholas/.local/lib/python3.10/site-packages/airflow/example_dags/example_task_group.py took 0.052 seconds
[2022-07-06 21:52:12,146] {processor.py:153} INFO - Started process (PID=160142) to work on /home/nicholas/.local/lib/python3.10/site-packages/airflow/example_dags/example_task_group.py
[2022-07-06 21:52:12,147] {processor.py:641} INFO - Processing file /home/nicholas/.local/lib/python3.10/site-packages/airflow/example_dags/example_task_group.py for tasks to queue
[2022-07-06 21:52:12,148] {logging_mixin.py:115} INFO - [2022-07-06 21:52:12,148] {dagbag.py:507} INFO - Filling up the DagBag from /home/nicholas/.local/lib/python3.10/site-packages/airflow/example_dags/example_task_group.py
[2022-07-06 21:52:12,155] {processor.py:651} INFO - DAG(s) dict_keys(['example_task_group']) retrieved from /home/nicholas/.local/lib/python3.10/site-packages/airflow/example_dags/example_task_group.py
[2022-07-06 21:52:12,170] {logging_mixin.py:115} INFO - [2022-07-06 21:52:12,169] {dag.py:2379} INFO - Sync 1 DAGs
[2022-07-06 21:52:12,182] {logging_mixin.py:115} INFO - [2022-07-06 21:52:12,181] {dag.py:2927} INFO - Setting next_dagrun for example_task_group to 2022-07-06T00:52:12.181784+00:00, run_after=2022-07-07T00:52:12.181784+00:00
[2022-07-06 21:52:12,197] {processor.py:161} INFO - Processing /home/nicholas/.local/lib/python3.10/site-packages/airflow/example_dags/example_task_group.py took 0.053 seconds
[2022-07-06 21:52:46,899] {processor.py:153} INFO - Started process (PID=160227) to work on /home/nicholas/.local/lib/python3.10/site-packages/airflow/example_dags/example_task_group.py
[2022-07-06 21:52:46,900] {processor.py:641} INFO - Processing file /home/nicholas/.local/lib/python3.10/site-packages/airflow/example_dags/example_task_group.py for tasks to queue
[2022-07-06 21:52:46,900] {logging_mixin.py:115} INFO - [2022-07-06 21:52:46,900] {dagbag.py:507} INFO - Filling up the DagBag from /home/nicholas/.local/lib/python3.10/site-packages/airflow/example_dags/example_task_group.py
[2022-07-06 21:52:46,909] {processor.py:651} INFO - DAG(s) dict_keys(['example_task_group']) retrieved from /home/nicholas/.local/lib/python3.10/site-packages/airflow/example_dags/example_task_group.py
[2022-07-06 21:52:46,926] {logging_mixin.py:115} INFO - [2022-07-06 21:52:46,926] {dag.py:2379} INFO - Sync 1 DAGs
[2022-07-06 21:52:46,938] {logging_mixin.py:115} INFO - [2022-07-06 21:52:46,938] {dag.py:2927} INFO - Setting next_dagrun for example_task_group to 2022-07-06T00:52:46.938586+00:00, run_after=2022-07-07T00:52:46.938586+00:00
[2022-07-06 21:52:46,953] {processor.py:161} INFO - Processing /home/nicholas/.local/lib/python3.10/site-packages/airflow/example_dags/example_task_group.py took 0.056 seconds
[2022-07-06 21:53:17,872] {processor.py:153} INFO - Started process (PID=160301) to work on /home/nicholas/.local/lib/python3.10/site-packages/airflow/example_dags/example_task_group.py
[2022-07-06 21:53:17,872] {processor.py:641} INFO - Processing file /home/nicholas/.local/lib/python3.10/site-packages/airflow/example_dags/example_task_group.py for tasks to queue
[2022-07-06 21:53:17,873] {logging_mixin.py:115} INFO - [2022-07-06 21:53:17,873] {dagbag.py:507} INFO - Filling up the DagBag from /home/nicholas/.local/lib/python3.10/site-packages/airflow/example_dags/example_task_group.py
[2022-07-06 21:53:17,882] {processor.py:651} INFO - DAG(s) dict_keys(['example_task_group']) retrieved from /home/nicholas/.local/lib/python3.10/site-packages/airflow/example_dags/example_task_group.py
[2022-07-06 21:53:17,899] {logging_mixin.py:115} INFO - [2022-07-06 21:53:17,899] {dag.py:2379} INFO - Sync 1 DAGs
[2022-07-06 21:53:17,911] {logging_mixin.py:115} INFO - [2022-07-06 21:53:17,911] {dag.py:2927} INFO - Setting next_dagrun for example_task_group to 2022-07-06T00:53:17.911601+00:00, run_after=2022-07-07T00:53:17.911601+00:00
[2022-07-06 21:53:17,926] {processor.py:161} INFO - Processing /home/nicholas/.local/lib/python3.10/site-packages/airflow/example_dags/example_task_group.py took 0.056 seconds
[2022-07-06 21:53:49,404] {processor.py:153} INFO - Started process (PID=160383) to work on /home/nicholas/.local/lib/python3.10/site-packages/airflow/example_dags/example_task_group.py
[2022-07-06 21:53:49,405] {processor.py:641} INFO - Processing file /home/nicholas/.local/lib/python3.10/site-packages/airflow/example_dags/example_task_group.py for tasks to queue
[2022-07-06 21:53:49,405] {logging_mixin.py:115} INFO - [2022-07-06 21:53:49,405] {dagbag.py:507} INFO - Filling up the DagBag from /home/nicholas/.local/lib/python3.10/site-packages/airflow/example_dags/example_task_group.py
[2022-07-06 21:53:49,412] {processor.py:651} INFO - DAG(s) dict_keys(['example_task_group']) retrieved from /home/nicholas/.local/lib/python3.10/site-packages/airflow/example_dags/example_task_group.py
[2022-07-06 21:53:49,427] {logging_mixin.py:115} INFO - [2022-07-06 21:53:49,427] {dag.py:2379} INFO - Sync 1 DAGs
[2022-07-06 21:53:49,439] {logging_mixin.py:115} INFO - [2022-07-06 21:53:49,439] {dag.py:2927} INFO - Setting next_dagrun for example_task_group to 2022-07-06T00:53:49.439575+00:00, run_after=2022-07-07T00:53:49.439575+00:00
[2022-07-06 21:53:49,454] {processor.py:161} INFO - Processing /home/nicholas/.local/lib/python3.10/site-packages/airflow/example_dags/example_task_group.py took 0.053 seconds
[2022-07-06 21:54:22,240] {processor.py:153} INFO - Started process (PID=160486) to work on /home/nicholas/.local/lib/python3.10/site-packages/airflow/example_dags/example_task_group.py
[2022-07-06 21:54:22,240] {processor.py:641} INFO - Processing file /home/nicholas/.local/lib/python3.10/site-packages/airflow/example_dags/example_task_group.py for tasks to queue
[2022-07-06 21:54:22,241] {logging_mixin.py:115} INFO - [2022-07-06 21:54:22,240] {dagbag.py:507} INFO - Filling up the DagBag from /home/nicholas/.local/lib/python3.10/site-packages/airflow/example_dags/example_task_group.py
[2022-07-06 21:54:22,250] {processor.py:651} INFO - DAG(s) dict_keys(['example_task_group']) retrieved from /home/nicholas/.local/lib/python3.10/site-packages/airflow/example_dags/example_task_group.py
[2022-07-06 21:54:22,267] {logging_mixin.py:115} INFO - [2022-07-06 21:54:22,267] {dag.py:2379} INFO - Sync 1 DAGs
[2022-07-06 21:54:22,279] {logging_mixin.py:115} INFO - [2022-07-06 21:54:22,279] {dag.py:2927} INFO - Setting next_dagrun for example_task_group to 2022-07-06T00:54:22.279511+00:00, run_after=2022-07-07T00:54:22.279511+00:00
[2022-07-06 21:54:22,296] {processor.py:161} INFO - Processing /home/nicholas/.local/lib/python3.10/site-packages/airflow/example_dags/example_task_group.py took 0.060 seconds
[2022-07-06 21:54:55,851] {processor.py:153} INFO - Started process (PID=160684) to work on /home/nicholas/.local/lib/python3.10/site-packages/airflow/example_dags/example_task_group.py
[2022-07-06 21:54:55,852] {processor.py:641} INFO - Processing file /home/nicholas/.local/lib/python3.10/site-packages/airflow/example_dags/example_task_group.py for tasks to queue
[2022-07-06 21:54:55,853] {logging_mixin.py:115} INFO - [2022-07-06 21:54:55,853] {dagbag.py:507} INFO - Filling up the DagBag from /home/nicholas/.local/lib/python3.10/site-packages/airflow/example_dags/example_task_group.py
[2022-07-06 21:54:55,860] {processor.py:651} INFO - DAG(s) dict_keys(['example_task_group']) retrieved from /home/nicholas/.local/lib/python3.10/site-packages/airflow/example_dags/example_task_group.py
[2022-07-06 21:54:55,876] {logging_mixin.py:115} INFO - [2022-07-06 21:54:55,876] {dag.py:2379} INFO - Sync 1 DAGs
[2022-07-06 21:54:55,889] {logging_mixin.py:115} INFO - [2022-07-06 21:54:55,888] {dag.py:2927} INFO - Setting next_dagrun for example_task_group to 2022-07-06T00:54:55.888683+00:00, run_after=2022-07-07T00:54:55.888683+00:00
[2022-07-06 21:54:55,906] {processor.py:161} INFO - Processing /home/nicholas/.local/lib/python3.10/site-packages/airflow/example_dags/example_task_group.py took 0.058 seconds
[2022-07-06 21:55:28,136] {processor.py:153} INFO - Started process (PID=160777) to work on /home/nicholas/.local/lib/python3.10/site-packages/airflow/example_dags/example_task_group.py
[2022-07-06 21:55:28,137] {processor.py:641} INFO - Processing file /home/nicholas/.local/lib/python3.10/site-packages/airflow/example_dags/example_task_group.py for tasks to queue
[2022-07-06 21:55:28,137] {logging_mixin.py:115} INFO - [2022-07-06 21:55:28,137] {dagbag.py:507} INFO - Filling up the DagBag from /home/nicholas/.local/lib/python3.10/site-packages/airflow/example_dags/example_task_group.py
[2022-07-06 21:55:28,150] {processor.py:651} INFO - DAG(s) dict_keys(['example_task_group']) retrieved from /home/nicholas/.local/lib/python3.10/site-packages/airflow/example_dags/example_task_group.py
[2022-07-06 21:55:28,173] {logging_mixin.py:115} INFO - [2022-07-06 21:55:28,172] {dag.py:2379} INFO - Sync 1 DAGs
[2022-07-06 21:55:28,192] {logging_mixin.py:115} INFO - [2022-07-06 21:55:28,192] {dag.py:2927} INFO - Setting next_dagrun for example_task_group to 2022-07-06T00:55:28.190851+00:00, run_after=2022-07-07T00:55:28.190851+00:00
[2022-07-06 21:55:28,214] {processor.py:161} INFO - Processing /home/nicholas/.local/lib/python3.10/site-packages/airflow/example_dags/example_task_group.py took 0.080 seconds
