[2022-07-06 21:44:23,366] {processor.py:153} INFO - Started process (PID=158952) to work on /home/nicholas/.local/lib/python3.10/site-packages/airflow/example_dags/example_time_delta_sensor_async.py
[2022-07-06 21:44:23,366] {processor.py:641} INFO - Processing file /home/nicholas/.local/lib/python3.10/site-packages/airflow/example_dags/example_time_delta_sensor_async.py for tasks to queue
[2022-07-06 21:44:23,367] {logging_mixin.py:115} INFO - [2022-07-06 21:44:23,367] {dagbag.py:507} INFO - Filling up the DagBag from /home/nicholas/.local/lib/python3.10/site-packages/airflow/example_dags/example_time_delta_sensor_async.py
[2022-07-06 21:44:23,373] {processor.py:651} INFO - DAG(s) dict_keys(['example_time_delta_sensor_async']) retrieved from /home/nicholas/.local/lib/python3.10/site-packages/airflow/example_dags/example_time_delta_sensor_async.py
[2022-07-06 21:44:23,394] {logging_mixin.py:115} INFO - [2022-07-06 21:44:23,394] {dag.py:2379} INFO - Sync 1 DAGs
[2022-07-06 21:44:23,406] {logging_mixin.py:115} INFO - [2022-07-06 21:44:23,406] {dag.py:2927} INFO - Setting next_dagrun for example_time_delta_sensor_async to None, run_after=None
[2022-07-06 21:44:23,419] {processor.py:161} INFO - Processing /home/nicholas/.local/lib/python3.10/site-packages/airflow/example_dags/example_time_delta_sensor_async.py took 0.057 seconds
[2022-07-06 21:44:56,289] {processor.py:153} INFO - Started process (PID=159042) to work on /home/nicholas/.local/lib/python3.10/site-packages/airflow/example_dags/example_time_delta_sensor_async.py
[2022-07-06 21:44:56,290] {processor.py:641} INFO - Processing file /home/nicholas/.local/lib/python3.10/site-packages/airflow/example_dags/example_time_delta_sensor_async.py for tasks to queue
[2022-07-06 21:44:56,291] {logging_mixin.py:115} INFO - [2022-07-06 21:44:56,290] {dagbag.py:507} INFO - Filling up the DagBag from /home/nicholas/.local/lib/python3.10/site-packages/airflow/example_dags/example_time_delta_sensor_async.py
[2022-07-06 21:44:56,295] {processor.py:651} INFO - DAG(s) dict_keys(['example_time_delta_sensor_async']) retrieved from /home/nicholas/.local/lib/python3.10/site-packages/airflow/example_dags/example_time_delta_sensor_async.py
[2022-07-06 21:44:56,308] {logging_mixin.py:115} INFO - [2022-07-06 21:44:56,308] {dag.py:2379} INFO - Sync 1 DAGs
[2022-07-06 21:44:56,321] {logging_mixin.py:115} INFO - [2022-07-06 21:44:56,320] {dag.py:2927} INFO - Setting next_dagrun for example_time_delta_sensor_async to None, run_after=None
[2022-07-06 21:44:56,335] {processor.py:161} INFO - Processing /home/nicholas/.local/lib/python3.10/site-packages/airflow/example_dags/example_time_delta_sensor_async.py took 0.048 seconds
[2022-07-06 21:45:31,761] {processor.py:153} INFO - Started process (PID=159122) to work on /home/nicholas/.local/lib/python3.10/site-packages/airflow/example_dags/example_time_delta_sensor_async.py
[2022-07-06 21:45:31,762] {processor.py:641} INFO - Processing file /home/nicholas/.local/lib/python3.10/site-packages/airflow/example_dags/example_time_delta_sensor_async.py for tasks to queue
[2022-07-06 21:45:31,763] {logging_mixin.py:115} INFO - [2022-07-06 21:45:31,762] {dagbag.py:507} INFO - Filling up the DagBag from /home/nicholas/.local/lib/python3.10/site-packages/airflow/example_dags/example_time_delta_sensor_async.py
[2022-07-06 21:45:31,767] {processor.py:651} INFO - DAG(s) dict_keys(['example_time_delta_sensor_async']) retrieved from /home/nicholas/.local/lib/python3.10/site-packages/airflow/example_dags/example_time_delta_sensor_async.py
[2022-07-06 21:45:31,781] {logging_mixin.py:115} INFO - [2022-07-06 21:45:31,780] {dag.py:2379} INFO - Sync 1 DAGs
[2022-07-06 21:45:31,793] {logging_mixin.py:115} INFO - [2022-07-06 21:45:31,793] {dag.py:2927} INFO - Setting next_dagrun for example_time_delta_sensor_async to None, run_after=None
[2022-07-06 21:45:31,806] {processor.py:161} INFO - Processing /home/nicholas/.local/lib/python3.10/site-packages/airflow/example_dags/example_time_delta_sensor_async.py took 0.048 seconds
[2022-07-06 21:46:05,614] {processor.py:153} INFO - Started process (PID=159222) to work on /home/nicholas/.local/lib/python3.10/site-packages/airflow/example_dags/example_time_delta_sensor_async.py
[2022-07-06 21:46:05,615] {processor.py:641} INFO - Processing file /home/nicholas/.local/lib/python3.10/site-packages/airflow/example_dags/example_time_delta_sensor_async.py for tasks to queue
[2022-07-06 21:46:05,615] {logging_mixin.py:115} INFO - [2022-07-06 21:46:05,615] {dagbag.py:507} INFO - Filling up the DagBag from /home/nicholas/.local/lib/python3.10/site-packages/airflow/example_dags/example_time_delta_sensor_async.py
[2022-07-06 21:46:05,620] {processor.py:651} INFO - DAG(s) dict_keys(['example_time_delta_sensor_async']) retrieved from /home/nicholas/.local/lib/python3.10/site-packages/airflow/example_dags/example_time_delta_sensor_async.py
[2022-07-06 21:46:05,633] {logging_mixin.py:115} INFO - [2022-07-06 21:46:05,633] {dag.py:2379} INFO - Sync 1 DAGs
[2022-07-06 21:46:05,650] {logging_mixin.py:115} INFO - [2022-07-06 21:46:05,650] {dag.py:2927} INFO - Setting next_dagrun for example_time_delta_sensor_async to None, run_after=None
[2022-07-06 21:46:05,664] {processor.py:161} INFO - Processing /home/nicholas/.local/lib/python3.10/site-packages/airflow/example_dags/example_time_delta_sensor_async.py took 0.052 seconds
[2022-07-06 21:46:41,675] {processor.py:153} INFO - Started process (PID=159293) to work on /home/nicholas/.local/lib/python3.10/site-packages/airflow/example_dags/example_time_delta_sensor_async.py
[2022-07-06 21:46:41,676] {processor.py:641} INFO - Processing file /home/nicholas/.local/lib/python3.10/site-packages/airflow/example_dags/example_time_delta_sensor_async.py for tasks to queue
[2022-07-06 21:46:41,677] {logging_mixin.py:115} INFO - [2022-07-06 21:46:41,677] {dagbag.py:507} INFO - Filling up the DagBag from /home/nicholas/.local/lib/python3.10/site-packages/airflow/example_dags/example_time_delta_sensor_async.py
[2022-07-06 21:46:41,681] {processor.py:651} INFO - DAG(s) dict_keys(['example_time_delta_sensor_async']) retrieved from /home/nicholas/.local/lib/python3.10/site-packages/airflow/example_dags/example_time_delta_sensor_async.py
[2022-07-06 21:46:41,695] {logging_mixin.py:115} INFO - [2022-07-06 21:46:41,695] {dag.py:2379} INFO - Sync 1 DAGs
[2022-07-06 21:46:41,707] {logging_mixin.py:115} INFO - [2022-07-06 21:46:41,707] {dag.py:2927} INFO - Setting next_dagrun for example_time_delta_sensor_async to None, run_after=None
[2022-07-06 21:46:41,722] {processor.py:161} INFO - Processing /home/nicholas/.local/lib/python3.10/site-packages/airflow/example_dags/example_time_delta_sensor_async.py took 0.049 seconds
[2022-07-06 21:47:14,778] {processor.py:153} INFO - Started process (PID=159374) to work on /home/nicholas/.local/lib/python3.10/site-packages/airflow/example_dags/example_time_delta_sensor_async.py
[2022-07-06 21:47:14,779] {processor.py:641} INFO - Processing file /home/nicholas/.local/lib/python3.10/site-packages/airflow/example_dags/example_time_delta_sensor_async.py for tasks to queue
[2022-07-06 21:47:14,779] {logging_mixin.py:115} INFO - [2022-07-06 21:47:14,779] {dagbag.py:507} INFO - Filling up the DagBag from /home/nicholas/.local/lib/python3.10/site-packages/airflow/example_dags/example_time_delta_sensor_async.py
[2022-07-06 21:47:14,786] {processor.py:651} INFO - DAG(s) dict_keys(['example_time_delta_sensor_async']) retrieved from /home/nicholas/.local/lib/python3.10/site-packages/airflow/example_dags/example_time_delta_sensor_async.py
[2022-07-06 21:47:14,807] {logging_mixin.py:115} INFO - [2022-07-06 21:47:14,806] {dag.py:2379} INFO - Sync 1 DAGs
[2022-07-06 21:47:14,819] {logging_mixin.py:115} INFO - [2022-07-06 21:47:14,819] {dag.py:2927} INFO - Setting next_dagrun for example_time_delta_sensor_async to None, run_after=None
[2022-07-06 21:47:14,834] {processor.py:161} INFO - Processing /home/nicholas/.local/lib/python3.10/site-packages/airflow/example_dags/example_time_delta_sensor_async.py took 0.059 seconds
[2022-07-06 21:47:51,019] {processor.py:153} INFO - Started process (PID=159473) to work on /home/nicholas/.local/lib/python3.10/site-packages/airflow/example_dags/example_time_delta_sensor_async.py
[2022-07-06 21:47:51,020] {processor.py:641} INFO - Processing file /home/nicholas/.local/lib/python3.10/site-packages/airflow/example_dags/example_time_delta_sensor_async.py for tasks to queue
[2022-07-06 21:47:51,020] {logging_mixin.py:115} INFO - [2022-07-06 21:47:51,020] {dagbag.py:507} INFO - Filling up the DagBag from /home/nicholas/.local/lib/python3.10/site-packages/airflow/example_dags/example_time_delta_sensor_async.py
[2022-07-06 21:47:51,027] {processor.py:651} INFO - DAG(s) dict_keys(['example_time_delta_sensor_async']) retrieved from /home/nicholas/.local/lib/python3.10/site-packages/airflow/example_dags/example_time_delta_sensor_async.py
[2022-07-06 21:47:51,042] {logging_mixin.py:115} INFO - [2022-07-06 21:47:51,042] {dag.py:2379} INFO - Sync 1 DAGs
[2022-07-06 21:47:51,054] {logging_mixin.py:115} INFO - [2022-07-06 21:47:51,054] {dag.py:2927} INFO - Setting next_dagrun for example_time_delta_sensor_async to None, run_after=None
[2022-07-06 21:47:51,071] {processor.py:161} INFO - Processing /home/nicholas/.local/lib/python3.10/site-packages/airflow/example_dags/example_time_delta_sensor_async.py took 0.054 seconds
[2022-07-06 21:48:23,666] {processor.py:153} INFO - Started process (PID=159557) to work on /home/nicholas/.local/lib/python3.10/site-packages/airflow/example_dags/example_time_delta_sensor_async.py
[2022-07-06 21:48:23,666] {processor.py:641} INFO - Processing file /home/nicholas/.local/lib/python3.10/site-packages/airflow/example_dags/example_time_delta_sensor_async.py for tasks to queue
[2022-07-06 21:48:23,667] {logging_mixin.py:115} INFO - [2022-07-06 21:48:23,666] {dagbag.py:507} INFO - Filling up the DagBag from /home/nicholas/.local/lib/python3.10/site-packages/airflow/example_dags/example_time_delta_sensor_async.py
[2022-07-06 21:48:23,673] {processor.py:651} INFO - DAG(s) dict_keys(['example_time_delta_sensor_async']) retrieved from /home/nicholas/.local/lib/python3.10/site-packages/airflow/example_dags/example_time_delta_sensor_async.py
[2022-07-06 21:48:23,688] {logging_mixin.py:115} INFO - [2022-07-06 21:48:23,688] {dag.py:2379} INFO - Sync 1 DAGs
[2022-07-06 21:48:23,700] {logging_mixin.py:115} INFO - [2022-07-06 21:48:23,700] {dag.py:2927} INFO - Setting next_dagrun for example_time_delta_sensor_async to None, run_after=None
[2022-07-06 21:48:23,715] {processor.py:161} INFO - Processing /home/nicholas/.local/lib/python3.10/site-packages/airflow/example_dags/example_time_delta_sensor_async.py took 0.051 seconds
[2022-07-06 21:48:56,348] {processor.py:153} INFO - Started process (PID=159640) to work on /home/nicholas/.local/lib/python3.10/site-packages/airflow/example_dags/example_time_delta_sensor_async.py
[2022-07-06 21:48:56,349] {processor.py:641} INFO - Processing file /home/nicholas/.local/lib/python3.10/site-packages/airflow/example_dags/example_time_delta_sensor_async.py for tasks to queue
[2022-07-06 21:48:56,349] {logging_mixin.py:115} INFO - [2022-07-06 21:48:56,349] {dagbag.py:507} INFO - Filling up the DagBag from /home/nicholas/.local/lib/python3.10/site-packages/airflow/example_dags/example_time_delta_sensor_async.py
[2022-07-06 21:48:56,354] {processor.py:651} INFO - DAG(s) dict_keys(['example_time_delta_sensor_async']) retrieved from /home/nicholas/.local/lib/python3.10/site-packages/airflow/example_dags/example_time_delta_sensor_async.py
[2022-07-06 21:48:56,368] {logging_mixin.py:115} INFO - [2022-07-06 21:48:56,368] {dag.py:2379} INFO - Sync 1 DAGs
[2022-07-06 21:48:56,380] {logging_mixin.py:115} INFO - [2022-07-06 21:48:56,380] {dag.py:2927} INFO - Setting next_dagrun for example_time_delta_sensor_async to None, run_after=None
[2022-07-06 21:48:56,395] {processor.py:161} INFO - Processing /home/nicholas/.local/lib/python3.10/site-packages/airflow/example_dags/example_time_delta_sensor_async.py took 0.049 seconds
[2022-07-06 21:49:29,120] {processor.py:153} INFO - Started process (PID=159744) to work on /home/nicholas/.local/lib/python3.10/site-packages/airflow/example_dags/example_time_delta_sensor_async.py
[2022-07-06 21:49:29,120] {processor.py:641} INFO - Processing file /home/nicholas/.local/lib/python3.10/site-packages/airflow/example_dags/example_time_delta_sensor_async.py for tasks to queue
[2022-07-06 21:49:29,120] {logging_mixin.py:115} INFO - [2022-07-06 21:49:29,120] {dagbag.py:507} INFO - Filling up the DagBag from /home/nicholas/.local/lib/python3.10/site-packages/airflow/example_dags/example_time_delta_sensor_async.py
[2022-07-06 21:49:29,127] {processor.py:651} INFO - DAG(s) dict_keys(['example_time_delta_sensor_async']) retrieved from /home/nicholas/.local/lib/python3.10/site-packages/airflow/example_dags/example_time_delta_sensor_async.py
[2022-07-06 21:49:29,142] {logging_mixin.py:115} INFO - [2022-07-06 21:49:29,142] {dag.py:2379} INFO - Sync 1 DAGs
[2022-07-06 21:49:29,154] {logging_mixin.py:115} INFO - [2022-07-06 21:49:29,154] {dag.py:2927} INFO - Setting next_dagrun for example_time_delta_sensor_async to None, run_after=None
[2022-07-06 21:49:29,168] {processor.py:161} INFO - Processing /home/nicholas/.local/lib/python3.10/site-packages/airflow/example_dags/example_time_delta_sensor_async.py took 0.051 seconds
[2022-07-06 21:50:02,970] {processor.py:153} INFO - Started process (PID=159822) to work on /home/nicholas/.local/lib/python3.10/site-packages/airflow/example_dags/example_time_delta_sensor_async.py
[2022-07-06 21:50:02,971] {processor.py:641} INFO - Processing file /home/nicholas/.local/lib/python3.10/site-packages/airflow/example_dags/example_time_delta_sensor_async.py for tasks to queue
[2022-07-06 21:50:02,971] {logging_mixin.py:115} INFO - [2022-07-06 21:50:02,971] {dagbag.py:507} INFO - Filling up the DagBag from /home/nicholas/.local/lib/python3.10/site-packages/airflow/example_dags/example_time_delta_sensor_async.py
[2022-07-06 21:50:02,976] {processor.py:651} INFO - DAG(s) dict_keys(['example_time_delta_sensor_async']) retrieved from /home/nicholas/.local/lib/python3.10/site-packages/airflow/example_dags/example_time_delta_sensor_async.py
[2022-07-06 21:50:02,989] {logging_mixin.py:115} INFO - [2022-07-06 21:50:02,989] {dag.py:2379} INFO - Sync 1 DAGs
[2022-07-06 21:50:03,002] {logging_mixin.py:115} INFO - [2022-07-06 21:50:03,002] {dag.py:2927} INFO - Setting next_dagrun for example_time_delta_sensor_async to None, run_after=None
[2022-07-06 21:50:03,016] {processor.py:161} INFO - Processing /home/nicholas/.local/lib/python3.10/site-packages/airflow/example_dags/example_time_delta_sensor_async.py took 0.048 seconds
[2022-07-06 21:50:37,555] {processor.py:153} INFO - Started process (PID=159903) to work on /home/nicholas/.local/lib/python3.10/site-packages/airflow/example_dags/example_time_delta_sensor_async.py
[2022-07-06 21:50:37,556] {processor.py:641} INFO - Processing file /home/nicholas/.local/lib/python3.10/site-packages/airflow/example_dags/example_time_delta_sensor_async.py for tasks to queue
[2022-07-06 21:50:37,557] {logging_mixin.py:115} INFO - [2022-07-06 21:50:37,556] {dagbag.py:507} INFO - Filling up the DagBag from /home/nicholas/.local/lib/python3.10/site-packages/airflow/example_dags/example_time_delta_sensor_async.py
[2022-07-06 21:50:37,561] {processor.py:651} INFO - DAG(s) dict_keys(['example_time_delta_sensor_async']) retrieved from /home/nicholas/.local/lib/python3.10/site-packages/airflow/example_dags/example_time_delta_sensor_async.py
[2022-07-06 21:50:37,575] {logging_mixin.py:115} INFO - [2022-07-06 21:50:37,575] {dag.py:2379} INFO - Sync 1 DAGs
[2022-07-06 21:50:37,587] {logging_mixin.py:115} INFO - [2022-07-06 21:50:37,587] {dag.py:2927} INFO - Setting next_dagrun for example_time_delta_sensor_async to None, run_after=None
[2022-07-06 21:50:37,603] {processor.py:161} INFO - Processing /home/nicholas/.local/lib/python3.10/site-packages/airflow/example_dags/example_time_delta_sensor_async.py took 0.049 seconds
[2022-07-06 21:51:10,214] {processor.py:153} INFO - Started process (PID=159982) to work on /home/nicholas/.local/lib/python3.10/site-packages/airflow/example_dags/example_time_delta_sensor_async.py
[2022-07-06 21:51:10,214] {processor.py:641} INFO - Processing file /home/nicholas/.local/lib/python3.10/site-packages/airflow/example_dags/example_time_delta_sensor_async.py for tasks to queue
[2022-07-06 21:51:10,215] {logging_mixin.py:115} INFO - [2022-07-06 21:51:10,215] {dagbag.py:507} INFO - Filling up the DagBag from /home/nicholas/.local/lib/python3.10/site-packages/airflow/example_dags/example_time_delta_sensor_async.py
[2022-07-06 21:51:10,219] {processor.py:651} INFO - DAG(s) dict_keys(['example_time_delta_sensor_async']) retrieved from /home/nicholas/.local/lib/python3.10/site-packages/airflow/example_dags/example_time_delta_sensor_async.py
[2022-07-06 21:51:10,232] {logging_mixin.py:115} INFO - [2022-07-06 21:51:10,232] {dag.py:2379} INFO - Sync 1 DAGs
[2022-07-06 21:51:10,249] {logging_mixin.py:115} INFO - [2022-07-06 21:51:10,249] {dag.py:2927} INFO - Setting next_dagrun for example_time_delta_sensor_async to None, run_after=None
[2022-07-06 21:51:10,263] {processor.py:161} INFO - Processing /home/nicholas/.local/lib/python3.10/site-packages/airflow/example_dags/example_time_delta_sensor_async.py took 0.052 seconds
[2022-07-06 21:51:45,157] {processor.py:153} INFO - Started process (PID=160069) to work on /home/nicholas/.local/lib/python3.10/site-packages/airflow/example_dags/example_time_delta_sensor_async.py
[2022-07-06 21:51:45,158] {processor.py:641} INFO - Processing file /home/nicholas/.local/lib/python3.10/site-packages/airflow/example_dags/example_time_delta_sensor_async.py for tasks to queue
[2022-07-06 21:51:45,158] {logging_mixin.py:115} INFO - [2022-07-06 21:51:45,158] {dagbag.py:507} INFO - Filling up the DagBag from /home/nicholas/.local/lib/python3.10/site-packages/airflow/example_dags/example_time_delta_sensor_async.py
[2022-07-06 21:51:45,163] {processor.py:651} INFO - DAG(s) dict_keys(['example_time_delta_sensor_async']) retrieved from /home/nicholas/.local/lib/python3.10/site-packages/airflow/example_dags/example_time_delta_sensor_async.py
[2022-07-06 21:51:45,177] {logging_mixin.py:115} INFO - [2022-07-06 21:51:45,176] {dag.py:2379} INFO - Sync 1 DAGs
[2022-07-06 21:51:45,189] {logging_mixin.py:115} INFO - [2022-07-06 21:51:45,188] {dag.py:2927} INFO - Setting next_dagrun for example_time_delta_sensor_async to None, run_after=None
[2022-07-06 21:51:45,203] {processor.py:161} INFO - Processing /home/nicholas/.local/lib/python3.10/site-packages/airflow/example_dags/example_time_delta_sensor_async.py took 0.048 seconds
[2022-07-06 21:52:17,944] {processor.py:153} INFO - Started process (PID=160152) to work on /home/nicholas/.local/lib/python3.10/site-packages/airflow/example_dags/example_time_delta_sensor_async.py
[2022-07-06 21:52:17,945] {processor.py:641} INFO - Processing file /home/nicholas/.local/lib/python3.10/site-packages/airflow/example_dags/example_time_delta_sensor_async.py for tasks to queue
[2022-07-06 21:52:17,945] {logging_mixin.py:115} INFO - [2022-07-06 21:52:17,945] {dagbag.py:507} INFO - Filling up the DagBag from /home/nicholas/.local/lib/python3.10/site-packages/airflow/example_dags/example_time_delta_sensor_async.py
[2022-07-06 21:52:17,950] {processor.py:651} INFO - DAG(s) dict_keys(['example_time_delta_sensor_async']) retrieved from /home/nicholas/.local/lib/python3.10/site-packages/airflow/example_dags/example_time_delta_sensor_async.py
[2022-07-06 21:52:17,963] {logging_mixin.py:115} INFO - [2022-07-06 21:52:17,963] {dag.py:2379} INFO - Sync 1 DAGs
[2022-07-06 21:52:17,975] {logging_mixin.py:115} INFO - [2022-07-06 21:52:17,975] {dag.py:2927} INFO - Setting next_dagrun for example_time_delta_sensor_async to None, run_after=None
[2022-07-06 21:52:17,989] {processor.py:161} INFO - Processing /home/nicholas/.local/lib/python3.10/site-packages/airflow/example_dags/example_time_delta_sensor_async.py took 0.047 seconds
[2022-07-06 21:52:52,066] {processor.py:153} INFO - Started process (PID=160245) to work on /home/nicholas/.local/lib/python3.10/site-packages/airflow/example_dags/example_time_delta_sensor_async.py
[2022-07-06 21:52:52,067] {processor.py:641} INFO - Processing file /home/nicholas/.local/lib/python3.10/site-packages/airflow/example_dags/example_time_delta_sensor_async.py for tasks to queue
[2022-07-06 21:52:52,067] {logging_mixin.py:115} INFO - [2022-07-06 21:52:52,067] {dagbag.py:507} INFO - Filling up the DagBag from /home/nicholas/.local/lib/python3.10/site-packages/airflow/example_dags/example_time_delta_sensor_async.py
[2022-07-06 21:52:52,072] {processor.py:651} INFO - DAG(s) dict_keys(['example_time_delta_sensor_async']) retrieved from /home/nicholas/.local/lib/python3.10/site-packages/airflow/example_dags/example_time_delta_sensor_async.py
[2022-07-06 21:52:52,085] {logging_mixin.py:115} INFO - [2022-07-06 21:52:52,085] {dag.py:2379} INFO - Sync 1 DAGs
[2022-07-06 21:52:52,098] {logging_mixin.py:115} INFO - [2022-07-06 21:52:52,098] {dag.py:2927} INFO - Setting next_dagrun for example_time_delta_sensor_async to None, run_after=None
[2022-07-06 21:52:52,111] {processor.py:161} INFO - Processing /home/nicholas/.local/lib/python3.10/site-packages/airflow/example_dags/example_time_delta_sensor_async.py took 0.048 seconds
[2022-07-06 21:53:27,665] {processor.py:153} INFO - Started process (PID=160324) to work on /home/nicholas/.local/lib/python3.10/site-packages/airflow/example_dags/example_time_delta_sensor_async.py
[2022-07-06 21:53:27,665] {processor.py:641} INFO - Processing file /home/nicholas/.local/lib/python3.10/site-packages/airflow/example_dags/example_time_delta_sensor_async.py for tasks to queue
[2022-07-06 21:53:27,666] {logging_mixin.py:115} INFO - [2022-07-06 21:53:27,666] {dagbag.py:507} INFO - Filling up the DagBag from /home/nicholas/.local/lib/python3.10/site-packages/airflow/example_dags/example_time_delta_sensor_async.py
[2022-07-06 21:53:27,671] {processor.py:651} INFO - DAG(s) dict_keys(['example_time_delta_sensor_async']) retrieved from /home/nicholas/.local/lib/python3.10/site-packages/airflow/example_dags/example_time_delta_sensor_async.py
[2022-07-06 21:53:27,684] {logging_mixin.py:115} INFO - [2022-07-06 21:53:27,684] {dag.py:2379} INFO - Sync 1 DAGs
[2022-07-06 21:53:27,696] {logging_mixin.py:115} INFO - [2022-07-06 21:53:27,696] {dag.py:2927} INFO - Setting next_dagrun for example_time_delta_sensor_async to None, run_after=None
[2022-07-06 21:53:27,711] {processor.py:161} INFO - Processing /home/nicholas/.local/lib/python3.10/site-packages/airflow/example_dags/example_time_delta_sensor_async.py took 0.049 seconds
[2022-07-06 21:54:01,874] {processor.py:153} INFO - Started process (PID=160405) to work on /home/nicholas/.local/lib/python3.10/site-packages/airflow/example_dags/example_time_delta_sensor_async.py
[2022-07-06 21:54:01,874] {processor.py:641} INFO - Processing file /home/nicholas/.local/lib/python3.10/site-packages/airflow/example_dags/example_time_delta_sensor_async.py for tasks to queue
[2022-07-06 21:54:01,874] {logging_mixin.py:115} INFO - [2022-07-06 21:54:01,874] {dagbag.py:507} INFO - Filling up the DagBag from /home/nicholas/.local/lib/python3.10/site-packages/airflow/example_dags/example_time_delta_sensor_async.py
[2022-07-06 21:54:01,879] {processor.py:651} INFO - DAG(s) dict_keys(['example_time_delta_sensor_async']) retrieved from /home/nicholas/.local/lib/python3.10/site-packages/airflow/example_dags/example_time_delta_sensor_async.py
[2022-07-06 21:54:01,893] {logging_mixin.py:115} INFO - [2022-07-06 21:54:01,893] {dag.py:2379} INFO - Sync 1 DAGs
[2022-07-06 21:54:01,906] {logging_mixin.py:115} INFO - [2022-07-06 21:54:01,905] {dag.py:2927} INFO - Setting next_dagrun for example_time_delta_sensor_async to None, run_after=None
[2022-07-06 21:54:01,920] {processor.py:161} INFO - Processing /home/nicholas/.local/lib/python3.10/site-packages/airflow/example_dags/example_time_delta_sensor_async.py took 0.049 seconds
[2022-07-06 21:54:34,873] {processor.py:153} INFO - Started process (PID=160518) to work on /home/nicholas/.local/lib/python3.10/site-packages/airflow/example_dags/example_time_delta_sensor_async.py
[2022-07-06 21:54:34,874] {processor.py:641} INFO - Processing file /home/nicholas/.local/lib/python3.10/site-packages/airflow/example_dags/example_time_delta_sensor_async.py for tasks to queue
[2022-07-06 21:54:34,874] {logging_mixin.py:115} INFO - [2022-07-06 21:54:34,874] {dagbag.py:507} INFO - Filling up the DagBag from /home/nicholas/.local/lib/python3.10/site-packages/airflow/example_dags/example_time_delta_sensor_async.py
[2022-07-06 21:54:34,880] {processor.py:651} INFO - DAG(s) dict_keys(['example_time_delta_sensor_async']) retrieved from /home/nicholas/.local/lib/python3.10/site-packages/airflow/example_dags/example_time_delta_sensor_async.py
[2022-07-06 21:54:34,895] {logging_mixin.py:115} INFO - [2022-07-06 21:54:34,895] {dag.py:2379} INFO - Sync 1 DAGs
[2022-07-06 21:54:34,911] {logging_mixin.py:115} INFO - [2022-07-06 21:54:34,911] {dag.py:2927} INFO - Setting next_dagrun for example_time_delta_sensor_async to None, run_after=None
[2022-07-06 21:54:34,926] {processor.py:161} INFO - Processing /home/nicholas/.local/lib/python3.10/site-packages/airflow/example_dags/example_time_delta_sensor_async.py took 0.056 seconds
[2022-07-06 21:55:08,536] {processor.py:153} INFO - Started process (PID=160717) to work on /home/nicholas/.local/lib/python3.10/site-packages/airflow/example_dags/example_time_delta_sensor_async.py
[2022-07-06 21:55:08,536] {processor.py:641} INFO - Processing file /home/nicholas/.local/lib/python3.10/site-packages/airflow/example_dags/example_time_delta_sensor_async.py for tasks to queue
[2022-07-06 21:55:08,537] {logging_mixin.py:115} INFO - [2022-07-06 21:55:08,537] {dagbag.py:507} INFO - Filling up the DagBag from /home/nicholas/.local/lib/python3.10/site-packages/airflow/example_dags/example_time_delta_sensor_async.py
[2022-07-06 21:55:08,545] {processor.py:651} INFO - DAG(s) dict_keys(['example_time_delta_sensor_async']) retrieved from /home/nicholas/.local/lib/python3.10/site-packages/airflow/example_dags/example_time_delta_sensor_async.py
[2022-07-06 21:55:08,561] {logging_mixin.py:115} INFO - [2022-07-06 21:55:08,561] {dag.py:2379} INFO - Sync 1 DAGs
[2022-07-06 21:55:08,575] {logging_mixin.py:115} INFO - [2022-07-06 21:55:08,575] {dag.py:2927} INFO - Setting next_dagrun for example_time_delta_sensor_async to None, run_after=None
[2022-07-06 21:55:08,589] {processor.py:161} INFO - Processing /home/nicholas/.local/lib/python3.10/site-packages/airflow/example_dags/example_time_delta_sensor_async.py took 0.056 seconds
