[2022-07-06 21:44:42,835] {processor.py:153} INFO - Started process (PID=159007) to work on /home/nicholas/.local/lib/python3.10/site-packages/airflow/example_dags/example_bash_operator.py
[2022-07-06 21:44:42,835] {processor.py:641} INFO - Processing file /home/nicholas/.local/lib/python3.10/site-packages/airflow/example_dags/example_bash_operator.py for tasks to queue
[2022-07-06 21:44:42,835] {logging_mixin.py:115} INFO - [2022-07-06 21:44:42,835] {dagbag.py:507} INFO - Filling up the DagBag from /home/nicholas/.local/lib/python3.10/site-packages/airflow/example_dags/example_bash_operator.py
[2022-07-06 21:44:42,849] {processor.py:651} INFO - DAG(s) dict_keys(['example_bash_operator']) retrieved from /home/nicholas/.local/lib/python3.10/site-packages/airflow/example_dags/example_bash_operator.py
[2022-07-06 21:44:42,866] {logging_mixin.py:115} INFO - [2022-07-06 21:44:42,866] {dag.py:2379} INFO - Sync 1 DAGs
[2022-07-06 21:44:42,880] {logging_mixin.py:115} INFO - [2022-07-06 21:44:42,880] {dag.py:2927} INFO - Setting next_dagrun for example_bash_operator to 2022-07-06T00:00:00+00:00, run_after=2022-07-07T00:00:00+00:00
[2022-07-06 21:44:42,895] {processor.py:161} INFO - Processing /home/nicholas/.local/lib/python3.10/site-packages/airflow/example_dags/example_bash_operator.py took 0.063 seconds
[2022-07-06 21:45:21,508] {processor.py:153} INFO - Started process (PID=159097) to work on /home/nicholas/.local/lib/python3.10/site-packages/airflow/example_dags/example_bash_operator.py
[2022-07-06 21:45:21,509] {processor.py:641} INFO - Processing file /home/nicholas/.local/lib/python3.10/site-packages/airflow/example_dags/example_bash_operator.py for tasks to queue
[2022-07-06 21:45:21,511] {logging_mixin.py:115} INFO - [2022-07-06 21:45:21,509] {dagbag.py:507} INFO - Filling up the DagBag from /home/nicholas/.local/lib/python3.10/site-packages/airflow/example_dags/example_bash_operator.py
[2022-07-06 21:45:21,525] {processor.py:651} INFO - DAG(s) dict_keys(['example_bash_operator']) retrieved from /home/nicholas/.local/lib/python3.10/site-packages/airflow/example_dags/example_bash_operator.py
[2022-07-06 21:45:21,547] {logging_mixin.py:115} INFO - [2022-07-06 21:45:21,547] {dag.py:2379} INFO - Sync 1 DAGs
[2022-07-06 21:45:21,562] {logging_mixin.py:115} INFO - [2022-07-06 21:45:21,562] {dag.py:2927} INFO - Setting next_dagrun for example_bash_operator to 2022-07-06T00:00:00+00:00, run_after=2022-07-07T00:00:00+00:00
[2022-07-06 21:45:21,576] {processor.py:161} INFO - Processing /home/nicholas/.local/lib/python3.10/site-packages/airflow/example_dags/example_bash_operator.py took 0.070 seconds
[2022-07-06 21:45:56,954] {processor.py:153} INFO - Started process (PID=159194) to work on /home/nicholas/.local/lib/python3.10/site-packages/airflow/example_dags/example_bash_operator.py
[2022-07-06 21:45:56,955] {processor.py:641} INFO - Processing file /home/nicholas/.local/lib/python3.10/site-packages/airflow/example_dags/example_bash_operator.py for tasks to queue
[2022-07-06 21:45:56,955] {logging_mixin.py:115} INFO - [2022-07-06 21:45:56,955] {dagbag.py:507} INFO - Filling up the DagBag from /home/nicholas/.local/lib/python3.10/site-packages/airflow/example_dags/example_bash_operator.py
[2022-07-06 21:45:56,966] {processor.py:651} INFO - DAG(s) dict_keys(['example_bash_operator']) retrieved from /home/nicholas/.local/lib/python3.10/site-packages/airflow/example_dags/example_bash_operator.py
[2022-07-06 21:45:56,980] {logging_mixin.py:115} INFO - [2022-07-06 21:45:56,980] {dag.py:2379} INFO - Sync 1 DAGs
[2022-07-06 21:45:56,994] {logging_mixin.py:115} INFO - [2022-07-06 21:45:56,994] {dag.py:2927} INFO - Setting next_dagrun for example_bash_operator to 2022-07-06T00:00:00+00:00, run_after=2022-07-07T00:00:00+00:00
[2022-07-06 21:45:57,009] {processor.py:161} INFO - Processing /home/nicholas/.local/lib/python3.10/site-packages/airflow/example_dags/example_bash_operator.py took 0.057 seconds
[2022-07-06 21:46:33,027] {processor.py:153} INFO - Started process (PID=159283) to work on /home/nicholas/.local/lib/python3.10/site-packages/airflow/example_dags/example_bash_operator.py
[2022-07-06 21:46:33,027] {processor.py:641} INFO - Processing file /home/nicholas/.local/lib/python3.10/site-packages/airflow/example_dags/example_bash_operator.py for tasks to queue
[2022-07-06 21:46:33,028] {logging_mixin.py:115} INFO - [2022-07-06 21:46:33,028] {dagbag.py:507} INFO - Filling up the DagBag from /home/nicholas/.local/lib/python3.10/site-packages/airflow/example_dags/example_bash_operator.py
[2022-07-06 21:46:33,038] {processor.py:651} INFO - DAG(s) dict_keys(['example_bash_operator']) retrieved from /home/nicholas/.local/lib/python3.10/site-packages/airflow/example_dags/example_bash_operator.py
[2022-07-06 21:46:33,053] {logging_mixin.py:115} INFO - [2022-07-06 21:46:33,053] {dag.py:2379} INFO - Sync 1 DAGs
[2022-07-06 21:46:33,067] {logging_mixin.py:115} INFO - [2022-07-06 21:46:33,067] {dag.py:2927} INFO - Setting next_dagrun for example_bash_operator to 2022-07-06T00:00:00+00:00, run_after=2022-07-07T00:00:00+00:00
[2022-07-06 21:46:33,082] {processor.py:161} INFO - Processing /home/nicholas/.local/lib/python3.10/site-packages/airflow/example_dags/example_bash_operator.py took 0.057 seconds
[2022-07-06 21:47:08,654] {processor.py:153} INFO - Started process (PID=159361) to work on /home/nicholas/.local/lib/python3.10/site-packages/airflow/example_dags/example_bash_operator.py
[2022-07-06 21:47:08,655] {processor.py:641} INFO - Processing file /home/nicholas/.local/lib/python3.10/site-packages/airflow/example_dags/example_bash_operator.py for tasks to queue
[2022-07-06 21:47:08,655] {logging_mixin.py:115} INFO - [2022-07-06 21:47:08,655] {dagbag.py:507} INFO - Filling up the DagBag from /home/nicholas/.local/lib/python3.10/site-packages/airflow/example_dags/example_bash_operator.py
[2022-07-06 21:47:08,667] {processor.py:651} INFO - DAG(s) dict_keys(['example_bash_operator']) retrieved from /home/nicholas/.local/lib/python3.10/site-packages/airflow/example_dags/example_bash_operator.py
[2022-07-06 21:47:08,681] {logging_mixin.py:115} INFO - [2022-07-06 21:47:08,681] {dag.py:2379} INFO - Sync 1 DAGs
[2022-07-06 21:47:08,695] {logging_mixin.py:115} INFO - [2022-07-06 21:47:08,695] {dag.py:2927} INFO - Setting next_dagrun for example_bash_operator to 2022-07-06T00:00:00+00:00, run_after=2022-07-07T00:00:00+00:00
[2022-07-06 21:47:08,710] {processor.py:161} INFO - Processing /home/nicholas/.local/lib/python3.10/site-packages/airflow/example_dags/example_bash_operator.py took 0.058 seconds
[2022-07-06 21:47:47,517] {processor.py:153} INFO - Started process (PID=159463) to work on /home/nicholas/.local/lib/python3.10/site-packages/airflow/example_dags/example_bash_operator.py
[2022-07-06 21:47:47,517] {processor.py:641} INFO - Processing file /home/nicholas/.local/lib/python3.10/site-packages/airflow/example_dags/example_bash_operator.py for tasks to queue
[2022-07-06 21:47:47,518] {logging_mixin.py:115} INFO - [2022-07-06 21:47:47,518] {dagbag.py:507} INFO - Filling up the DagBag from /home/nicholas/.local/lib/python3.10/site-packages/airflow/example_dags/example_bash_operator.py
[2022-07-06 21:47:47,532] {processor.py:651} INFO - DAG(s) dict_keys(['example_bash_operator']) retrieved from /home/nicholas/.local/lib/python3.10/site-packages/airflow/example_dags/example_bash_operator.py
[2022-07-06 21:47:47,548] {logging_mixin.py:115} INFO - [2022-07-06 21:47:47,548] {dag.py:2379} INFO - Sync 1 DAGs
[2022-07-06 21:47:47,562] {logging_mixin.py:115} INFO - [2022-07-06 21:47:47,562] {dag.py:2927} INFO - Setting next_dagrun for example_bash_operator to 2022-07-06T00:00:00+00:00, run_after=2022-07-07T00:00:00+00:00
[2022-07-06 21:47:47,576] {processor.py:161} INFO - Processing /home/nicholas/.local/lib/python3.10/site-packages/airflow/example_dags/example_bash_operator.py took 0.062 seconds
[2022-07-06 21:48:20,813] {processor.py:153} INFO - Started process (PID=159554) to work on /home/nicholas/.local/lib/python3.10/site-packages/airflow/example_dags/example_bash_operator.py
[2022-07-06 21:48:20,814] {processor.py:641} INFO - Processing file /home/nicholas/.local/lib/python3.10/site-packages/airflow/example_dags/example_bash_operator.py for tasks to queue
[2022-07-06 21:48:20,814] {logging_mixin.py:115} INFO - [2022-07-06 21:48:20,814] {dagbag.py:507} INFO - Filling up the DagBag from /home/nicholas/.local/lib/python3.10/site-packages/airflow/example_dags/example_bash_operator.py
[2022-07-06 21:48:20,825] {processor.py:651} INFO - DAG(s) dict_keys(['example_bash_operator']) retrieved from /home/nicholas/.local/lib/python3.10/site-packages/airflow/example_dags/example_bash_operator.py
[2022-07-06 21:48:20,839] {logging_mixin.py:115} INFO - [2022-07-06 21:48:20,839] {dag.py:2379} INFO - Sync 1 DAGs
[2022-07-06 21:48:20,853] {logging_mixin.py:115} INFO - [2022-07-06 21:48:20,853] {dag.py:2927} INFO - Setting next_dagrun for example_bash_operator to 2022-07-06T00:00:00+00:00, run_after=2022-07-07T00:00:00+00:00
[2022-07-06 21:48:20,867] {processor.py:161} INFO - Processing /home/nicholas/.local/lib/python3.10/site-packages/airflow/example_dags/example_bash_operator.py took 0.057 seconds
[2022-07-06 21:48:58,675] {processor.py:153} INFO - Started process (PID=159646) to work on /home/nicholas/.local/lib/python3.10/site-packages/airflow/example_dags/example_bash_operator.py
[2022-07-06 21:48:58,676] {processor.py:641} INFO - Processing file /home/nicholas/.local/lib/python3.10/site-packages/airflow/example_dags/example_bash_operator.py for tasks to queue
[2022-07-06 21:48:58,676] {logging_mixin.py:115} INFO - [2022-07-06 21:48:58,676] {dagbag.py:507} INFO - Filling up the DagBag from /home/nicholas/.local/lib/python3.10/site-packages/airflow/example_dags/example_bash_operator.py
[2022-07-06 21:48:58,687] {processor.py:651} INFO - DAG(s) dict_keys(['example_bash_operator']) retrieved from /home/nicholas/.local/lib/python3.10/site-packages/airflow/example_dags/example_bash_operator.py
[2022-07-06 21:48:58,702] {logging_mixin.py:115} INFO - [2022-07-06 21:48:58,702] {dag.py:2379} INFO - Sync 1 DAGs
[2022-07-06 21:48:58,716] {logging_mixin.py:115} INFO - [2022-07-06 21:48:58,715] {dag.py:2927} INFO - Setting next_dagrun for example_bash_operator to 2022-07-06T00:00:00+00:00, run_after=2022-07-07T00:00:00+00:00
[2022-07-06 21:48:58,730] {processor.py:161} INFO - Processing /home/nicholas/.local/lib/python3.10/site-packages/airflow/example_dags/example_bash_operator.py took 0.057 seconds
[2022-07-06 21:49:33,130] {processor.py:153} INFO - Started process (PID=159751) to work on /home/nicholas/.local/lib/python3.10/site-packages/airflow/example_dags/example_bash_operator.py
[2022-07-06 21:49:33,131] {processor.py:641} INFO - Processing file /home/nicholas/.local/lib/python3.10/site-packages/airflow/example_dags/example_bash_operator.py for tasks to queue
[2022-07-06 21:49:33,132] {logging_mixin.py:115} INFO - [2022-07-06 21:49:33,132] {dagbag.py:507} INFO - Filling up the DagBag from /home/nicholas/.local/lib/python3.10/site-packages/airflow/example_dags/example_bash_operator.py
[2022-07-06 21:49:33,142] {processor.py:651} INFO - DAG(s) dict_keys(['example_bash_operator']) retrieved from /home/nicholas/.local/lib/python3.10/site-packages/airflow/example_dags/example_bash_operator.py
[2022-07-06 21:49:33,157] {logging_mixin.py:115} INFO - [2022-07-06 21:49:33,157] {dag.py:2379} INFO - Sync 1 DAGs
[2022-07-06 21:49:33,171] {logging_mixin.py:115} INFO - [2022-07-06 21:49:33,171] {dag.py:2927} INFO - Setting next_dagrun for example_bash_operator to 2022-07-06T00:00:00+00:00, run_after=2022-07-07T00:00:00+00:00
[2022-07-06 21:49:33,186] {processor.py:161} INFO - Processing /home/nicholas/.local/lib/python3.10/site-packages/airflow/example_dags/example_bash_operator.py took 0.059 seconds
[2022-07-06 21:50:10,435] {processor.py:153} INFO - Started process (PID=159841) to work on /home/nicholas/.local/lib/python3.10/site-packages/airflow/example_dags/example_bash_operator.py
[2022-07-06 21:50:10,436] {processor.py:641} INFO - Processing file /home/nicholas/.local/lib/python3.10/site-packages/airflow/example_dags/example_bash_operator.py for tasks to queue
[2022-07-06 21:50:10,436] {logging_mixin.py:115} INFO - [2022-07-06 21:50:10,436] {dagbag.py:507} INFO - Filling up the DagBag from /home/nicholas/.local/lib/python3.10/site-packages/airflow/example_dags/example_bash_operator.py
[2022-07-06 21:50:10,447] {processor.py:651} INFO - DAG(s) dict_keys(['example_bash_operator']) retrieved from /home/nicholas/.local/lib/python3.10/site-packages/airflow/example_dags/example_bash_operator.py
[2022-07-06 21:50:10,460] {logging_mixin.py:115} INFO - [2022-07-06 21:50:10,460] {dag.py:2379} INFO - Sync 1 DAGs
[2022-07-06 21:50:10,474] {logging_mixin.py:115} INFO - [2022-07-06 21:50:10,474] {dag.py:2927} INFO - Setting next_dagrun for example_bash_operator to 2022-07-06T00:00:00+00:00, run_after=2022-07-07T00:00:00+00:00
[2022-07-06 21:50:10,488] {processor.py:161} INFO - Processing /home/nicholas/.local/lib/python3.10/site-packages/airflow/example_dags/example_bash_operator.py took 0.055 seconds
[2022-07-06 21:50:45,094] {processor.py:153} INFO - Started process (PID=159920) to work on /home/nicholas/.local/lib/python3.10/site-packages/airflow/example_dags/example_bash_operator.py
[2022-07-06 21:50:45,095] {processor.py:641} INFO - Processing file /home/nicholas/.local/lib/python3.10/site-packages/airflow/example_dags/example_bash_operator.py for tasks to queue
[2022-07-06 21:50:45,095] {logging_mixin.py:115} INFO - [2022-07-06 21:50:45,095] {dagbag.py:507} INFO - Filling up the DagBag from /home/nicholas/.local/lib/python3.10/site-packages/airflow/example_dags/example_bash_operator.py
[2022-07-06 21:50:45,106] {processor.py:651} INFO - DAG(s) dict_keys(['example_bash_operator']) retrieved from /home/nicholas/.local/lib/python3.10/site-packages/airflow/example_dags/example_bash_operator.py
[2022-07-06 21:50:45,119] {logging_mixin.py:115} INFO - [2022-07-06 21:50:45,119] {dag.py:2379} INFO - Sync 1 DAGs
[2022-07-06 21:50:45,134] {logging_mixin.py:115} INFO - [2022-07-06 21:50:45,133] {dag.py:2927} INFO - Setting next_dagrun for example_bash_operator to 2022-07-06T00:00:00+00:00, run_after=2022-07-07T00:00:00+00:00
[2022-07-06 21:50:45,147] {processor.py:161} INFO - Processing /home/nicholas/.local/lib/python3.10/site-packages/airflow/example_dags/example_bash_operator.py took 0.055 seconds
[2022-07-06 21:51:19,337] {processor.py:153} INFO - Started process (PID=160005) to work on /home/nicholas/.local/lib/python3.10/site-packages/airflow/example_dags/example_bash_operator.py
[2022-07-06 21:51:19,338] {processor.py:641} INFO - Processing file /home/nicholas/.local/lib/python3.10/site-packages/airflow/example_dags/example_bash_operator.py for tasks to queue
[2022-07-06 21:51:19,338] {logging_mixin.py:115} INFO - [2022-07-06 21:51:19,338] {dagbag.py:507} INFO - Filling up the DagBag from /home/nicholas/.local/lib/python3.10/site-packages/airflow/example_dags/example_bash_operator.py
[2022-07-06 21:51:19,349] {processor.py:651} INFO - DAG(s) dict_keys(['example_bash_operator']) retrieved from /home/nicholas/.local/lib/python3.10/site-packages/airflow/example_dags/example_bash_operator.py
[2022-07-06 21:51:19,363] {logging_mixin.py:115} INFO - [2022-07-06 21:51:19,363] {dag.py:2379} INFO - Sync 1 DAGs
[2022-07-06 21:51:19,377] {logging_mixin.py:115} INFO - [2022-07-06 21:51:19,377] {dag.py:2927} INFO - Setting next_dagrun for example_bash_operator to 2022-07-06T00:00:00+00:00, run_after=2022-07-07T00:00:00+00:00
[2022-07-06 21:51:19,391] {processor.py:161} INFO - Processing /home/nicholas/.local/lib/python3.10/site-packages/airflow/example_dags/example_bash_operator.py took 0.057 seconds
[2022-07-06 21:51:53,794] {processor.py:153} INFO - Started process (PID=160088) to work on /home/nicholas/.local/lib/python3.10/site-packages/airflow/example_dags/example_bash_operator.py
[2022-07-06 21:51:53,795] {processor.py:641} INFO - Processing file /home/nicholas/.local/lib/python3.10/site-packages/airflow/example_dags/example_bash_operator.py for tasks to queue
[2022-07-06 21:51:53,795] {logging_mixin.py:115} INFO - [2022-07-06 21:51:53,795] {dagbag.py:507} INFO - Filling up the DagBag from /home/nicholas/.local/lib/python3.10/site-packages/airflow/example_dags/example_bash_operator.py
[2022-07-06 21:51:53,806] {processor.py:651} INFO - DAG(s) dict_keys(['example_bash_operator']) retrieved from /home/nicholas/.local/lib/python3.10/site-packages/airflow/example_dags/example_bash_operator.py
[2022-07-06 21:51:53,820] {logging_mixin.py:115} INFO - [2022-07-06 21:51:53,820] {dag.py:2379} INFO - Sync 1 DAGs
[2022-07-06 21:51:53,834] {logging_mixin.py:115} INFO - [2022-07-06 21:51:53,834] {dag.py:2927} INFO - Setting next_dagrun for example_bash_operator to 2022-07-06T00:00:00+00:00, run_after=2022-07-07T00:00:00+00:00
[2022-07-06 21:51:53,847] {processor.py:161} INFO - Processing /home/nicholas/.local/lib/python3.10/site-packages/airflow/example_dags/example_bash_operator.py took 0.055 seconds
[2022-07-06 21:52:30,392] {processor.py:153} INFO - Started process (PID=160179) to work on /home/nicholas/.local/lib/python3.10/site-packages/airflow/example_dags/example_bash_operator.py
[2022-07-06 21:52:30,393] {processor.py:641} INFO - Processing file /home/nicholas/.local/lib/python3.10/site-packages/airflow/example_dags/example_bash_operator.py for tasks to queue
[2022-07-06 21:52:30,393] {logging_mixin.py:115} INFO - [2022-07-06 21:52:30,393] {dagbag.py:507} INFO - Filling up the DagBag from /home/nicholas/.local/lib/python3.10/site-packages/airflow/example_dags/example_bash_operator.py
[2022-07-06 21:52:30,404] {processor.py:651} INFO - DAG(s) dict_keys(['example_bash_operator']) retrieved from /home/nicholas/.local/lib/python3.10/site-packages/airflow/example_dags/example_bash_operator.py
[2022-07-06 21:52:30,418] {logging_mixin.py:115} INFO - [2022-07-06 21:52:30,418] {dag.py:2379} INFO - Sync 1 DAGs
[2022-07-06 21:52:30,432] {logging_mixin.py:115} INFO - [2022-07-06 21:52:30,432] {dag.py:2927} INFO - Setting next_dagrun for example_bash_operator to 2022-07-06T00:00:00+00:00, run_after=2022-07-07T00:00:00+00:00
[2022-07-06 21:52:30,447] {processor.py:161} INFO - Processing /home/nicholas/.local/lib/python3.10/site-packages/airflow/example_dags/example_bash_operator.py took 0.057 seconds
[2022-07-06 21:53:03,565] {processor.py:153} INFO - Started process (PID=160269) to work on /home/nicholas/.local/lib/python3.10/site-packages/airflow/example_dags/example_bash_operator.py
[2022-07-06 21:53:03,566] {processor.py:641} INFO - Processing file /home/nicholas/.local/lib/python3.10/site-packages/airflow/example_dags/example_bash_operator.py for tasks to queue
[2022-07-06 21:53:03,566] {logging_mixin.py:115} INFO - [2022-07-06 21:53:03,566] {dagbag.py:507} INFO - Filling up the DagBag from /home/nicholas/.local/lib/python3.10/site-packages/airflow/example_dags/example_bash_operator.py
[2022-07-06 21:53:03,576] {processor.py:651} INFO - DAG(s) dict_keys(['example_bash_operator']) retrieved from /home/nicholas/.local/lib/python3.10/site-packages/airflow/example_dags/example_bash_operator.py
[2022-07-06 21:53:03,590] {logging_mixin.py:115} INFO - [2022-07-06 21:53:03,590] {dag.py:2379} INFO - Sync 1 DAGs
[2022-07-06 21:53:03,604] {logging_mixin.py:115} INFO - [2022-07-06 21:53:03,604] {dag.py:2927} INFO - Setting next_dagrun for example_bash_operator to 2022-07-06T00:00:00+00:00, run_after=2022-07-07T00:00:00+00:00
[2022-07-06 21:53:03,619] {processor.py:161} INFO - Processing /home/nicholas/.local/lib/python3.10/site-packages/airflow/example_dags/example_bash_operator.py took 0.056 seconds
[2022-07-06 21:53:42,704] {processor.py:153} INFO - Started process (PID=160363) to work on /home/nicholas/.local/lib/python3.10/site-packages/airflow/example_dags/example_bash_operator.py
[2022-07-06 21:53:42,705] {processor.py:641} INFO - Processing file /home/nicholas/.local/lib/python3.10/site-packages/airflow/example_dags/example_bash_operator.py for tasks to queue
[2022-07-06 21:53:42,706] {logging_mixin.py:115} INFO - [2022-07-06 21:53:42,706] {dagbag.py:507} INFO - Filling up the DagBag from /home/nicholas/.local/lib/python3.10/site-packages/airflow/example_dags/example_bash_operator.py
[2022-07-06 21:53:42,716] {processor.py:651} INFO - DAG(s) dict_keys(['example_bash_operator']) retrieved from /home/nicholas/.local/lib/python3.10/site-packages/airflow/example_dags/example_bash_operator.py
[2022-07-06 21:53:42,731] {logging_mixin.py:115} INFO - [2022-07-06 21:53:42,731] {dag.py:2379} INFO - Sync 1 DAGs
[2022-07-06 21:53:42,745] {logging_mixin.py:115} INFO - [2022-07-06 21:53:42,745] {dag.py:2927} INFO - Setting next_dagrun for example_bash_operator to 2022-07-06T00:00:00+00:00, run_after=2022-07-07T00:00:00+00:00
[2022-07-06 21:53:42,760] {processor.py:161} INFO - Processing /home/nicholas/.local/lib/python3.10/site-packages/airflow/example_dags/example_bash_operator.py took 0.059 seconds
[2022-07-06 21:54:16,976] {processor.py:153} INFO - Started process (PID=160473) to work on /home/nicholas/.local/lib/python3.10/site-packages/airflow/example_dags/example_bash_operator.py
[2022-07-06 21:54:16,976] {processor.py:641} INFO - Processing file /home/nicholas/.local/lib/python3.10/site-packages/airflow/example_dags/example_bash_operator.py for tasks to queue
[2022-07-06 21:54:16,976] {logging_mixin.py:115} INFO - [2022-07-06 21:54:16,976] {dagbag.py:507} INFO - Filling up the DagBag from /home/nicholas/.local/lib/python3.10/site-packages/airflow/example_dags/example_bash_operator.py
[2022-07-06 21:54:16,988] {processor.py:651} INFO - DAG(s) dict_keys(['example_bash_operator']) retrieved from /home/nicholas/.local/lib/python3.10/site-packages/airflow/example_dags/example_bash_operator.py
[2022-07-06 21:54:17,003] {logging_mixin.py:115} INFO - [2022-07-06 21:54:17,003] {dag.py:2379} INFO - Sync 1 DAGs
[2022-07-06 21:54:17,018] {logging_mixin.py:115} INFO - [2022-07-06 21:54:17,018] {dag.py:2927} INFO - Setting next_dagrun for example_bash_operator to 2022-07-06T00:00:00+00:00, run_after=2022-07-07T00:00:00+00:00
[2022-07-06 21:54:17,040] {processor.py:161} INFO - Processing /home/nicholas/.local/lib/python3.10/site-packages/airflow/example_dags/example_bash_operator.py took 0.067 seconds
[2022-07-06 21:54:54,191] {processor.py:153} INFO - Started process (PID=160652) to work on /home/nicholas/.local/lib/python3.10/site-packages/airflow/example_dags/example_bash_operator.py
[2022-07-06 21:54:54,195] {processor.py:641} INFO - Processing file /home/nicholas/.local/lib/python3.10/site-packages/airflow/example_dags/example_bash_operator.py for tasks to queue
[2022-07-06 21:54:54,195] {logging_mixin.py:115} INFO - [2022-07-06 21:54:54,195] {dagbag.py:507} INFO - Filling up the DagBag from /home/nicholas/.local/lib/python3.10/site-packages/airflow/example_dags/example_bash_operator.py
[2022-07-06 21:54:54,212] {processor.py:651} INFO - DAG(s) dict_keys(['example_bash_operator']) retrieved from /home/nicholas/.local/lib/python3.10/site-packages/airflow/example_dags/example_bash_operator.py
[2022-07-06 21:54:54,228] {logging_mixin.py:115} INFO - [2022-07-06 21:54:54,228] {dag.py:2379} INFO - Sync 1 DAGs
[2022-07-06 21:54:54,249] {logging_mixin.py:115} INFO - [2022-07-06 21:54:54,249] {dag.py:2927} INFO - Setting next_dagrun for example_bash_operator to 2022-07-06T00:00:00+00:00, run_after=2022-07-07T00:00:00+00:00
[2022-07-06 21:54:54,276] {processor.py:161} INFO - Processing /home/nicholas/.local/lib/python3.10/site-packages/airflow/example_dags/example_bash_operator.py took 0.088 seconds
