[2022-07-06 21:44:34,837] {processor.py:153} INFO - Started process (PID=158987) to work on /home/nicholas/.local/lib/python3.10/site-packages/airflow/example_dags/example_branch_labels.py
[2022-07-06 21:44:34,837] {processor.py:641} INFO - Processing file /home/nicholas/.local/lib/python3.10/site-packages/airflow/example_dags/example_branch_labels.py for tasks to queue
[2022-07-06 21:44:34,838] {logging_mixin.py:115} INFO - [2022-07-06 21:44:34,837] {dagbag.py:507} INFO - Filling up the DagBag from /home/nicholas/.local/lib/python3.10/site-packages/airflow/example_dags/example_branch_labels.py
[2022-07-06 21:44:34,843] {processor.py:651} INFO - DAG(s) dict_keys(['example_branch_labels']) retrieved from /home/nicholas/.local/lib/python3.10/site-packages/airflow/example_dags/example_branch_labels.py
[2022-07-06 21:44:34,862] {logging_mixin.py:115} INFO - [2022-07-06 21:44:34,862] {dag.py:2379} INFO - Sync 1 DAGs
[2022-07-06 21:44:34,876] {logging_mixin.py:115} INFO - [2022-07-06 21:44:34,876] {dag.py:2927} INFO - Setting next_dagrun for example_branch_labels to 2022-07-06T00:00:00+00:00, run_after=2022-07-07T00:00:00+00:00
[2022-07-06 21:44:34,890] {processor.py:161} INFO - Processing /home/nicholas/.local/lib/python3.10/site-packages/airflow/example_dags/example_branch_labels.py took 0.055 seconds
[2022-07-06 21:45:09,948] {processor.py:153} INFO - Started process (PID=159069) to work on /home/nicholas/.local/lib/python3.10/site-packages/airflow/example_dags/example_branch_labels.py
[2022-07-06 21:45:09,949] {processor.py:641} INFO - Processing file /home/nicholas/.local/lib/python3.10/site-packages/airflow/example_dags/example_branch_labels.py for tasks to queue
[2022-07-06 21:45:09,949] {logging_mixin.py:115} INFO - [2022-07-06 21:45:09,949] {dagbag.py:507} INFO - Filling up the DagBag from /home/nicholas/.local/lib/python3.10/site-packages/airflow/example_dags/example_branch_labels.py
[2022-07-06 21:45:09,956] {processor.py:651} INFO - DAG(s) dict_keys(['example_branch_labels']) retrieved from /home/nicholas/.local/lib/python3.10/site-packages/airflow/example_dags/example_branch_labels.py
[2022-07-06 21:45:09,973] {logging_mixin.py:115} INFO - [2022-07-06 21:45:09,973] {dag.py:2379} INFO - Sync 1 DAGs
[2022-07-06 21:45:09,987] {logging_mixin.py:115} INFO - [2022-07-06 21:45:09,987] {dag.py:2927} INFO - Setting next_dagrun for example_branch_labels to 2022-07-06T00:00:00+00:00, run_after=2022-07-07T00:00:00+00:00
[2022-07-06 21:45:10,000] {processor.py:161} INFO - Processing /home/nicholas/.local/lib/python3.10/site-packages/airflow/example_dags/example_branch_labels.py took 0.054 seconds
[2022-07-06 21:45:43,407] {processor.py:153} INFO - Started process (PID=159154) to work on /home/nicholas/.local/lib/python3.10/site-packages/airflow/example_dags/example_branch_labels.py
[2022-07-06 21:45:43,408] {processor.py:641} INFO - Processing file /home/nicholas/.local/lib/python3.10/site-packages/airflow/example_dags/example_branch_labels.py for tasks to queue
[2022-07-06 21:45:43,409] {logging_mixin.py:115} INFO - [2022-07-06 21:45:43,408] {dagbag.py:507} INFO - Filling up the DagBag from /home/nicholas/.local/lib/python3.10/site-packages/airflow/example_dags/example_branch_labels.py
[2022-07-06 21:45:43,414] {processor.py:651} INFO - DAG(s) dict_keys(['example_branch_labels']) retrieved from /home/nicholas/.local/lib/python3.10/site-packages/airflow/example_dags/example_branch_labels.py
[2022-07-06 21:45:43,428] {logging_mixin.py:115} INFO - [2022-07-06 21:45:43,428] {dag.py:2379} INFO - Sync 1 DAGs
[2022-07-06 21:45:43,443] {logging_mixin.py:115} INFO - [2022-07-06 21:45:43,443] {dag.py:2927} INFO - Setting next_dagrun for example_branch_labels to 2022-07-06T00:00:00+00:00, run_after=2022-07-07T00:00:00+00:00
[2022-07-06 21:45:43,457] {processor.py:161} INFO - Processing /home/nicholas/.local/lib/python3.10/site-packages/airflow/example_dags/example_branch_labels.py took 0.052 seconds
[2022-07-06 21:46:19,401] {processor.py:153} INFO - Started process (PID=159248) to work on /home/nicholas/.local/lib/python3.10/site-packages/airflow/example_dags/example_branch_labels.py
[2022-07-06 21:46:19,402] {processor.py:641} INFO - Processing file /home/nicholas/.local/lib/python3.10/site-packages/airflow/example_dags/example_branch_labels.py for tasks to queue
[2022-07-06 21:46:19,402] {logging_mixin.py:115} INFO - [2022-07-06 21:46:19,402] {dagbag.py:507} INFO - Filling up the DagBag from /home/nicholas/.local/lib/python3.10/site-packages/airflow/example_dags/example_branch_labels.py
[2022-07-06 21:46:19,408] {processor.py:651} INFO - DAG(s) dict_keys(['example_branch_labels']) retrieved from /home/nicholas/.local/lib/python3.10/site-packages/airflow/example_dags/example_branch_labels.py
[2022-07-06 21:46:19,422] {logging_mixin.py:115} INFO - [2022-07-06 21:46:19,422] {dag.py:2379} INFO - Sync 1 DAGs
[2022-07-06 21:46:19,435] {logging_mixin.py:115} INFO - [2022-07-06 21:46:19,435] {dag.py:2927} INFO - Setting next_dagrun for example_branch_labels to 2022-07-06T00:00:00+00:00, run_after=2022-07-07T00:00:00+00:00
[2022-07-06 21:46:19,449] {processor.py:161} INFO - Processing /home/nicholas/.local/lib/python3.10/site-packages/airflow/example_dags/example_branch_labels.py took 0.050 seconds
[2022-07-06 21:46:53,333] {processor.py:153} INFO - Started process (PID=159319) to work on /home/nicholas/.local/lib/python3.10/site-packages/airflow/example_dags/example_branch_labels.py
[2022-07-06 21:46:53,334] {processor.py:641} INFO - Processing file /home/nicholas/.local/lib/python3.10/site-packages/airflow/example_dags/example_branch_labels.py for tasks to queue
[2022-07-06 21:46:53,334] {logging_mixin.py:115} INFO - [2022-07-06 21:46:53,334] {dagbag.py:507} INFO - Filling up the DagBag from /home/nicholas/.local/lib/python3.10/site-packages/airflow/example_dags/example_branch_labels.py
[2022-07-06 21:46:53,341] {processor.py:651} INFO - DAG(s) dict_keys(['example_branch_labels']) retrieved from /home/nicholas/.local/lib/python3.10/site-packages/airflow/example_dags/example_branch_labels.py
[2022-07-06 21:46:53,355] {logging_mixin.py:115} INFO - [2022-07-06 21:46:53,355] {dag.py:2379} INFO - Sync 1 DAGs
[2022-07-06 21:46:53,369] {logging_mixin.py:115} INFO - [2022-07-06 21:46:53,369] {dag.py:2927} INFO - Setting next_dagrun for example_branch_labels to 2022-07-06T00:00:00+00:00, run_after=2022-07-07T00:00:00+00:00
[2022-07-06 21:46:53,382] {processor.py:161} INFO - Processing /home/nicholas/.local/lib/python3.10/site-packages/airflow/example_dags/example_branch_labels.py took 0.052 seconds
[2022-07-06 21:47:28,993] {processor.py:153} INFO - Started process (PID=159421) to work on /home/nicholas/.local/lib/python3.10/site-packages/airflow/example_dags/example_branch_labels.py
[2022-07-06 21:47:28,994] {processor.py:641} INFO - Processing file /home/nicholas/.local/lib/python3.10/site-packages/airflow/example_dags/example_branch_labels.py for tasks to queue
[2022-07-06 21:47:28,994] {logging_mixin.py:115} INFO - [2022-07-06 21:47:28,994] {dagbag.py:507} INFO - Filling up the DagBag from /home/nicholas/.local/lib/python3.10/site-packages/airflow/example_dags/example_branch_labels.py
[2022-07-06 21:47:29,000] {processor.py:651} INFO - DAG(s) dict_keys(['example_branch_labels']) retrieved from /home/nicholas/.local/lib/python3.10/site-packages/airflow/example_dags/example_branch_labels.py
[2022-07-06 21:47:29,014] {logging_mixin.py:115} INFO - [2022-07-06 21:47:29,014] {dag.py:2379} INFO - Sync 1 DAGs
[2022-07-06 21:47:29,028] {logging_mixin.py:115} INFO - [2022-07-06 21:47:29,028] {dag.py:2927} INFO - Setting next_dagrun for example_branch_labels to 2022-07-06T00:00:00+00:00, run_after=2022-07-07T00:00:00+00:00
[2022-07-06 21:47:29,041] {processor.py:161} INFO - Processing /home/nicholas/.local/lib/python3.10/site-packages/airflow/example_dags/example_branch_labels.py took 0.050 seconds
[2022-07-06 21:48:03,035] {processor.py:153} INFO - Started process (PID=159507) to work on /home/nicholas/.local/lib/python3.10/site-packages/airflow/example_dags/example_branch_labels.py
[2022-07-06 21:48:03,035] {processor.py:641} INFO - Processing file /home/nicholas/.local/lib/python3.10/site-packages/airflow/example_dags/example_branch_labels.py for tasks to queue
[2022-07-06 21:48:03,036] {logging_mixin.py:115} INFO - [2022-07-06 21:48:03,036] {dagbag.py:507} INFO - Filling up the DagBag from /home/nicholas/.local/lib/python3.10/site-packages/airflow/example_dags/example_branch_labels.py
[2022-07-06 21:48:03,041] {processor.py:651} INFO - DAG(s) dict_keys(['example_branch_labels']) retrieved from /home/nicholas/.local/lib/python3.10/site-packages/airflow/example_dags/example_branch_labels.py
[2022-07-06 21:48:03,055] {logging_mixin.py:115} INFO - [2022-07-06 21:48:03,055] {dag.py:2379} INFO - Sync 1 DAGs
[2022-07-06 21:48:03,068] {logging_mixin.py:115} INFO - [2022-07-06 21:48:03,068] {dag.py:2927} INFO - Setting next_dagrun for example_branch_labels to 2022-07-06T00:00:00+00:00, run_after=2022-07-07T00:00:00+00:00
[2022-07-06 21:48:03,081] {processor.py:161} INFO - Processing /home/nicholas/.local/lib/python3.10/site-packages/airflow/example_dags/example_branch_labels.py took 0.053 seconds
[2022-07-06 21:48:37,132] {processor.py:153} INFO - Started process (PID=159588) to work on /home/nicholas/.local/lib/python3.10/site-packages/airflow/example_dags/example_branch_labels.py
[2022-07-06 21:48:37,134] {processor.py:641} INFO - Processing file /home/nicholas/.local/lib/python3.10/site-packages/airflow/example_dags/example_branch_labels.py for tasks to queue
[2022-07-06 21:48:37,134] {logging_mixin.py:115} INFO - [2022-07-06 21:48:37,134] {dagbag.py:507} INFO - Filling up the DagBag from /home/nicholas/.local/lib/python3.10/site-packages/airflow/example_dags/example_branch_labels.py
[2022-07-06 21:48:37,139] {processor.py:651} INFO - DAG(s) dict_keys(['example_branch_labels']) retrieved from /home/nicholas/.local/lib/python3.10/site-packages/airflow/example_dags/example_branch_labels.py
[2022-07-06 21:48:37,153] {logging_mixin.py:115} INFO - [2022-07-06 21:48:37,153] {dag.py:2379} INFO - Sync 1 DAGs
[2022-07-06 21:48:37,168] {logging_mixin.py:115} INFO - [2022-07-06 21:48:37,168] {dag.py:2927} INFO - Setting next_dagrun for example_branch_labels to 2022-07-06T00:00:00+00:00, run_after=2022-07-07T00:00:00+00:00
[2022-07-06 21:48:37,182] {processor.py:161} INFO - Processing /home/nicholas/.local/lib/python3.10/site-packages/airflow/example_dags/example_branch_labels.py took 0.052 seconds
[2022-07-06 21:49:11,073] {processor.py:153} INFO - Started process (PID=159672) to work on /home/nicholas/.local/lib/python3.10/site-packages/airflow/example_dags/example_branch_labels.py
[2022-07-06 21:49:11,073] {processor.py:641} INFO - Processing file /home/nicholas/.local/lib/python3.10/site-packages/airflow/example_dags/example_branch_labels.py for tasks to queue
[2022-07-06 21:49:11,074] {logging_mixin.py:115} INFO - [2022-07-06 21:49:11,074] {dagbag.py:507} INFO - Filling up the DagBag from /home/nicholas/.local/lib/python3.10/site-packages/airflow/example_dags/example_branch_labels.py
[2022-07-06 21:49:11,079] {processor.py:651} INFO - DAG(s) dict_keys(['example_branch_labels']) retrieved from /home/nicholas/.local/lib/python3.10/site-packages/airflow/example_dags/example_branch_labels.py
[2022-07-06 21:49:11,092] {logging_mixin.py:115} INFO - [2022-07-06 21:49:11,092] {dag.py:2379} INFO - Sync 1 DAGs
[2022-07-06 21:49:11,106] {logging_mixin.py:115} INFO - [2022-07-06 21:49:11,106] {dag.py:2927} INFO - Setting next_dagrun for example_branch_labels to 2022-07-06T00:00:00+00:00, run_after=2022-07-07T00:00:00+00:00
[2022-07-06 21:49:11,120] {processor.py:161} INFO - Processing /home/nicholas/.local/lib/python3.10/site-packages/airflow/example_dags/example_branch_labels.py took 0.049 seconds
[2022-07-06 21:49:44,457] {processor.py:153} INFO - Started process (PID=159775) to work on /home/nicholas/.local/lib/python3.10/site-packages/airflow/example_dags/example_branch_labels.py
[2022-07-06 21:49:44,457] {processor.py:641} INFO - Processing file /home/nicholas/.local/lib/python3.10/site-packages/airflow/example_dags/example_branch_labels.py for tasks to queue
[2022-07-06 21:49:44,458] {logging_mixin.py:115} INFO - [2022-07-06 21:49:44,457] {dagbag.py:507} INFO - Filling up the DagBag from /home/nicholas/.local/lib/python3.10/site-packages/airflow/example_dags/example_branch_labels.py
[2022-07-06 21:49:44,463] {processor.py:651} INFO - DAG(s) dict_keys(['example_branch_labels']) retrieved from /home/nicholas/.local/lib/python3.10/site-packages/airflow/example_dags/example_branch_labels.py
[2022-07-06 21:49:44,477] {logging_mixin.py:115} INFO - [2022-07-06 21:49:44,477] {dag.py:2379} INFO - Sync 1 DAGs
[2022-07-06 21:49:44,492] {logging_mixin.py:115} INFO - [2022-07-06 21:49:44,492] {dag.py:2927} INFO - Setting next_dagrun for example_branch_labels to 2022-07-06T00:00:00+00:00, run_after=2022-07-07T00:00:00+00:00
[2022-07-06 21:49:44,507] {processor.py:161} INFO - Processing /home/nicholas/.local/lib/python3.10/site-packages/airflow/example_dags/example_branch_labels.py took 0.053 seconds
[2022-07-06 21:50:20,851] {processor.py:153} INFO - Started process (PID=159868) to work on /home/nicholas/.local/lib/python3.10/site-packages/airflow/example_dags/example_branch_labels.py
[2022-07-06 21:50:20,852] {processor.py:641} INFO - Processing file /home/nicholas/.local/lib/python3.10/site-packages/airflow/example_dags/example_branch_labels.py for tasks to queue
[2022-07-06 21:50:20,853] {logging_mixin.py:115} INFO - [2022-07-06 21:50:20,853] {dagbag.py:507} INFO - Filling up the DagBag from /home/nicholas/.local/lib/python3.10/site-packages/airflow/example_dags/example_branch_labels.py
[2022-07-06 21:50:20,858] {processor.py:651} INFO - DAG(s) dict_keys(['example_branch_labels']) retrieved from /home/nicholas/.local/lib/python3.10/site-packages/airflow/example_dags/example_branch_labels.py
[2022-07-06 21:50:20,872] {logging_mixin.py:115} INFO - [2022-07-06 21:50:20,872] {dag.py:2379} INFO - Sync 1 DAGs
[2022-07-06 21:50:20,886] {logging_mixin.py:115} INFO - [2022-07-06 21:50:20,886] {dag.py:2927} INFO - Setting next_dagrun for example_branch_labels to 2022-07-06T00:00:00+00:00, run_after=2022-07-07T00:00:00+00:00
[2022-07-06 21:50:20,899] {processor.py:161} INFO - Processing /home/nicholas/.local/lib/python3.10/site-packages/airflow/example_dags/example_branch_labels.py took 0.051 seconds
[2022-07-06 21:50:54,762] {processor.py:153} INFO - Started process (PID=159944) to work on /home/nicholas/.local/lib/python3.10/site-packages/airflow/example_dags/example_branch_labels.py
[2022-07-06 21:50:54,763] {processor.py:641} INFO - Processing file /home/nicholas/.local/lib/python3.10/site-packages/airflow/example_dags/example_branch_labels.py for tasks to queue
[2022-07-06 21:50:54,763] {logging_mixin.py:115} INFO - [2022-07-06 21:50:54,763] {dagbag.py:507} INFO - Filling up the DagBag from /home/nicholas/.local/lib/python3.10/site-packages/airflow/example_dags/example_branch_labels.py
[2022-07-06 21:50:54,768] {processor.py:651} INFO - DAG(s) dict_keys(['example_branch_labels']) retrieved from /home/nicholas/.local/lib/python3.10/site-packages/airflow/example_dags/example_branch_labels.py
[2022-07-06 21:50:54,783] {logging_mixin.py:115} INFO - [2022-07-06 21:50:54,783] {dag.py:2379} INFO - Sync 1 DAGs
[2022-07-06 21:50:54,796] {logging_mixin.py:115} INFO - [2022-07-06 21:50:54,796] {dag.py:2927} INFO - Setting next_dagrun for example_branch_labels to 2022-07-06T00:00:00+00:00, run_after=2022-07-07T00:00:00+00:00
[2022-07-06 21:50:54,810] {processor.py:161} INFO - Processing /home/nicholas/.local/lib/python3.10/site-packages/airflow/example_dags/example_branch_labels.py took 0.051 seconds
[2022-07-06 21:51:30,556] {processor.py:153} INFO - Started process (PID=160035) to work on /home/nicholas/.local/lib/python3.10/site-packages/airflow/example_dags/example_branch_labels.py
[2022-07-06 21:51:30,557] {processor.py:641} INFO - Processing file /home/nicholas/.local/lib/python3.10/site-packages/airflow/example_dags/example_branch_labels.py for tasks to queue
[2022-07-06 21:51:30,557] {logging_mixin.py:115} INFO - [2022-07-06 21:51:30,557] {dagbag.py:507} INFO - Filling up the DagBag from /home/nicholas/.local/lib/python3.10/site-packages/airflow/example_dags/example_branch_labels.py
[2022-07-06 21:51:30,562] {processor.py:651} INFO - DAG(s) dict_keys(['example_branch_labels']) retrieved from /home/nicholas/.local/lib/python3.10/site-packages/airflow/example_dags/example_branch_labels.py
[2022-07-06 21:51:30,576] {logging_mixin.py:115} INFO - [2022-07-06 21:51:30,576] {dag.py:2379} INFO - Sync 1 DAGs
[2022-07-06 21:51:30,591] {logging_mixin.py:115} INFO - [2022-07-06 21:51:30,590] {dag.py:2927} INFO - Setting next_dagrun for example_branch_labels to 2022-07-06T00:00:00+00:00, run_after=2022-07-07T00:00:00+00:00
[2022-07-06 21:51:30,604] {processor.py:161} INFO - Processing /home/nicholas/.local/lib/python3.10/site-packages/airflow/example_dags/example_branch_labels.py took 0.050 seconds
[2022-07-06 21:52:05,831] {processor.py:153} INFO - Started process (PID=160120) to work on /home/nicholas/.local/lib/python3.10/site-packages/airflow/example_dags/example_branch_labels.py
[2022-07-06 21:52:05,831] {processor.py:641} INFO - Processing file /home/nicholas/.local/lib/python3.10/site-packages/airflow/example_dags/example_branch_labels.py for tasks to queue
[2022-07-06 21:52:05,832] {logging_mixin.py:115} INFO - [2022-07-06 21:52:05,832] {dagbag.py:507} INFO - Filling up the DagBag from /home/nicholas/.local/lib/python3.10/site-packages/airflow/example_dags/example_branch_labels.py
[2022-07-06 21:52:05,837] {processor.py:651} INFO - DAG(s) dict_keys(['example_branch_labels']) retrieved from /home/nicholas/.local/lib/python3.10/site-packages/airflow/example_dags/example_branch_labels.py
[2022-07-06 21:52:05,851] {logging_mixin.py:115} INFO - [2022-07-06 21:52:05,851] {dag.py:2379} INFO - Sync 1 DAGs
[2022-07-06 21:52:05,864] {logging_mixin.py:115} INFO - [2022-07-06 21:52:05,864] {dag.py:2927} INFO - Setting next_dagrun for example_branch_labels to 2022-07-06T00:00:00+00:00, run_after=2022-07-07T00:00:00+00:00
[2022-07-06 21:52:05,878] {processor.py:161} INFO - Processing /home/nicholas/.local/lib/python3.10/site-packages/airflow/example_dags/example_branch_labels.py took 0.050 seconds
[2022-07-06 21:52:40,570] {processor.py:153} INFO - Started process (PID=160209) to work on /home/nicholas/.local/lib/python3.10/site-packages/airflow/example_dags/example_branch_labels.py
[2022-07-06 21:52:40,571] {processor.py:641} INFO - Processing file /home/nicholas/.local/lib/python3.10/site-packages/airflow/example_dags/example_branch_labels.py for tasks to queue
[2022-07-06 21:52:40,571] {logging_mixin.py:115} INFO - [2022-07-06 21:52:40,571] {dagbag.py:507} INFO - Filling up the DagBag from /home/nicholas/.local/lib/python3.10/site-packages/airflow/example_dags/example_branch_labels.py
[2022-07-06 21:52:40,576] {processor.py:651} INFO - DAG(s) dict_keys(['example_branch_labels']) retrieved from /home/nicholas/.local/lib/python3.10/site-packages/airflow/example_dags/example_branch_labels.py
[2022-07-06 21:52:40,591] {logging_mixin.py:115} INFO - [2022-07-06 21:52:40,591] {dag.py:2379} INFO - Sync 1 DAGs
[2022-07-06 21:52:40,605] {logging_mixin.py:115} INFO - [2022-07-06 21:52:40,605] {dag.py:2927} INFO - Setting next_dagrun for example_branch_labels to 2022-07-06T00:00:00+00:00, run_after=2022-07-07T00:00:00+00:00
[2022-07-06 21:52:40,619] {processor.py:161} INFO - Processing /home/nicholas/.local/lib/python3.10/site-packages/airflow/example_dags/example_branch_labels.py took 0.055 seconds
[2022-07-06 21:53:16,187] {processor.py:153} INFO - Started process (PID=160298) to work on /home/nicholas/.local/lib/python3.10/site-packages/airflow/example_dags/example_branch_labels.py
[2022-07-06 21:53:16,188] {processor.py:641} INFO - Processing file /home/nicholas/.local/lib/python3.10/site-packages/airflow/example_dags/example_branch_labels.py for tasks to queue
[2022-07-06 21:53:16,189] {logging_mixin.py:115} INFO - [2022-07-06 21:53:16,189] {dagbag.py:507} INFO - Filling up the DagBag from /home/nicholas/.local/lib/python3.10/site-packages/airflow/example_dags/example_branch_labels.py
[2022-07-06 21:53:16,194] {processor.py:651} INFO - DAG(s) dict_keys(['example_branch_labels']) retrieved from /home/nicholas/.local/lib/python3.10/site-packages/airflow/example_dags/example_branch_labels.py
[2022-07-06 21:53:16,208] {logging_mixin.py:115} INFO - [2022-07-06 21:53:16,207] {dag.py:2379} INFO - Sync 1 DAGs
[2022-07-06 21:53:16,222] {logging_mixin.py:115} INFO - [2022-07-06 21:53:16,222] {dag.py:2927} INFO - Setting next_dagrun for example_branch_labels to 2022-07-06T00:00:00+00:00, run_after=2022-07-07T00:00:00+00:00
[2022-07-06 21:53:16,237] {processor.py:161} INFO - Processing /home/nicholas/.local/lib/python3.10/site-packages/airflow/example_dags/example_branch_labels.py took 0.053 seconds
[2022-07-06 21:53:51,703] {processor.py:153} INFO - Started process (PID=160386) to work on /home/nicholas/.local/lib/python3.10/site-packages/airflow/example_dags/example_branch_labels.py
[2022-07-06 21:53:51,704] {processor.py:641} INFO - Processing file /home/nicholas/.local/lib/python3.10/site-packages/airflow/example_dags/example_branch_labels.py for tasks to queue
[2022-07-06 21:53:51,705] {logging_mixin.py:115} INFO - [2022-07-06 21:53:51,705] {dagbag.py:507} INFO - Filling up the DagBag from /home/nicholas/.local/lib/python3.10/site-packages/airflow/example_dags/example_branch_labels.py
[2022-07-06 21:53:51,712] {processor.py:651} INFO - DAG(s) dict_keys(['example_branch_labels']) retrieved from /home/nicholas/.local/lib/python3.10/site-packages/airflow/example_dags/example_branch_labels.py
[2022-07-06 21:53:51,728] {logging_mixin.py:115} INFO - [2022-07-06 21:53:51,728] {dag.py:2379} INFO - Sync 1 DAGs
[2022-07-06 21:53:51,742] {logging_mixin.py:115} INFO - [2022-07-06 21:53:51,742] {dag.py:2927} INFO - Setting next_dagrun for example_branch_labels to 2022-07-06T00:00:00+00:00, run_after=2022-07-07T00:00:00+00:00
[2022-07-06 21:53:51,754] {processor.py:161} INFO - Processing /home/nicholas/.local/lib/python3.10/site-packages/airflow/example_dags/example_branch_labels.py took 0.054 seconds
[2022-07-06 21:54:26,156] {processor.py:153} INFO - Started process (PID=160495) to work on /home/nicholas/.local/lib/python3.10/site-packages/airflow/example_dags/example_branch_labels.py
[2022-07-06 21:54:26,156] {processor.py:641} INFO - Processing file /home/nicholas/.local/lib/python3.10/site-packages/airflow/example_dags/example_branch_labels.py for tasks to queue
[2022-07-06 21:54:26,157] {logging_mixin.py:115} INFO - [2022-07-06 21:54:26,157] {dagbag.py:507} INFO - Filling up the DagBag from /home/nicholas/.local/lib/python3.10/site-packages/airflow/example_dags/example_branch_labels.py
[2022-07-06 21:54:26,162] {processor.py:651} INFO - DAG(s) dict_keys(['example_branch_labels']) retrieved from /home/nicholas/.local/lib/python3.10/site-packages/airflow/example_dags/example_branch_labels.py
[2022-07-06 21:54:26,177] {logging_mixin.py:115} INFO - [2022-07-06 21:54:26,177] {dag.py:2379} INFO - Sync 1 DAGs
[2022-07-06 21:54:26,191] {logging_mixin.py:115} INFO - [2022-07-06 21:54:26,191] {dag.py:2927} INFO - Setting next_dagrun for example_branch_labels to 2022-07-06T00:00:00+00:00, run_after=2022-07-07T00:00:00+00:00
[2022-07-06 21:54:26,206] {processor.py:161} INFO - Processing /home/nicholas/.local/lib/python3.10/site-packages/airflow/example_dags/example_branch_labels.py took 0.053 seconds
[2022-07-06 21:55:02,185] {processor.py:153} INFO - Started process (PID=160703) to work on /home/nicholas/.local/lib/python3.10/site-packages/airflow/example_dags/example_branch_labels.py
[2022-07-06 21:55:02,186] {processor.py:641} INFO - Processing file /home/nicholas/.local/lib/python3.10/site-packages/airflow/example_dags/example_branch_labels.py for tasks to queue
[2022-07-06 21:55:02,186] {logging_mixin.py:115} INFO - [2022-07-06 21:55:02,186] {dagbag.py:507} INFO - Filling up the DagBag from /home/nicholas/.local/lib/python3.10/site-packages/airflow/example_dags/example_branch_labels.py
[2022-07-06 21:55:02,193] {processor.py:651} INFO - DAG(s) dict_keys(['example_branch_labels']) retrieved from /home/nicholas/.local/lib/python3.10/site-packages/airflow/example_dags/example_branch_labels.py
[2022-07-06 21:55:02,207