[2022-07-06 21:44:31,193] {processor.py:153} INFO - Started process (PID=158972) to work on /home/nicholas/.local/lib/python3.10/site-packages/airflow/example_dags/example_branch_python_dop_operator_3.py
[2022-07-06 21:44:31,193] {processor.py:641} INFO - Processing file /home/nicholas/.local/lib/python3.10/site-packages/airflow/example_dags/example_branch_python_dop_operator_3.py for tasks to queue
[2022-07-06 21:44:31,194] {logging_mixin.py:115} INFO - [2022-07-06 21:44:31,194] {dagbag.py:507} INFO - Filling up the DagBag from /home/nicholas/.local/lib/python3.10/site-packages/airflow/example_dags/example_branch_python_dop_operator_3.py
[2022-07-06 21:44:31,206] {processor.py:651} INFO - DAG(s) dict_keys(['example_branch_dop_operator_v3']) retrieved from /home/nicholas/.local/lib/python3.10/site-packages/airflow/example_dags/example_branch_python_dop_operator_3.py
[2022-07-06 21:44:31,219] {logging_mixin.py:115} INFO - [2022-07-06 21:44:31,219] {dag.py:2379} INFO - Sync 1 DAGs
[2022-07-06 21:44:31,239] {logging_mixin.py:115} INFO - [2022-07-06 21:44:31,239] {dag.py:2927} INFO - Setting next_dagrun for example_branch_dop_operator_v3 to 2022-07-07T00:43:00+00:00, run_after=2022-07-07T00:44:00+00:00
[2022-07-06 21:44:31,253] {processor.py:161} INFO - Processing /home/nicholas/.local/lib/python3.10/site-packages/airflow/example_dags/example_branch_python_dop_operator_3.py took 0.063 seconds
[2022-07-06 21:45:05,964] {processor.py:153} INFO - Started process (PID=159055) to work on /home/nicholas/.local/lib/python3.10/site-packages/airflow/example_dags/example_branch_python_dop_operator_3.py
[2022-07-06 21:45:05,965] {processor.py:641} INFO - Processing file /home/nicholas/.local/lib/python3.10/site-packages/airflow/example_dags/example_branch_python_dop_operator_3.py for tasks to queue
[2022-07-06 21:45:05,965] {logging_mixin.py:115} INFO - [2022-07-06 21:45:05,965] {dagbag.py:507} INFO - Filling up the DagBag from /home/nicholas/.local/lib/python3.10/site-packages/airflow/example_dags/example_branch_python_dop_operator_3.py
[2022-07-06 21:45:05,974] {processor.py:651} INFO - DAG(s) dict_keys(['example_branch_dop_operator_v3']) retrieved from /home/nicholas/.local/lib/python3.10/site-packages/airflow/example_dags/example_branch_python_dop_operator_3.py
[2022-07-06 21:45:05,987] {logging_mixin.py:115} INFO - [2022-07-06 21:45:05,987] {dag.py:2379} INFO - Sync 1 DAGs
[2022-07-06 21:45:06,006] {logging_mixin.py:115} INFO - [2022-07-06 21:45:06,006] {dag.py:2927} INFO - Setting next_dagrun for example_branch_dop_operator_v3 to 2022-07-07T00:44:00+00:00, run_after=2022-07-07T00:45:00+00:00
[2022-07-06 21:45:06,023] {processor.py:161} INFO - Processing /home/nicholas/.local/lib/python3.10/site-packages/airflow/example_dags/example_branch_python_dop_operator_3.py took 0.061 seconds
[2022-07-06 21:45:39,828] {processor.py:153} INFO - Started process (PID=159146) to work on /home/nicholas/.local/lib/python3.10/site-packages/airflow/example_dags/example_branch_python_dop_operator_3.py
[2022-07-06 21:45:39,829] {processor.py:641} INFO - Processing file /home/nicholas/.local/lib/python3.10/site-packages/airflow/example_dags/example_branch_python_dop_operator_3.py for tasks to queue
[2022-07-06 21:45:39,829] {logging_mixin.py:115} INFO - [2022-07-06 21:45:39,829] {dagbag.py:507} INFO - Filling up the DagBag from /home/nicholas/.local/lib/python3.10/site-packages/airflow/example_dags/example_branch_python_dop_operator_3.py
[2022-07-06 21:45:39,838] {processor.py:651} INFO - DAG(s) dict_keys(['example_branch_dop_operator_v3']) retrieved from /home/nicholas/.local/lib/python3.10/site-packages/airflow/example_dags/example_branch_python_dop_operator_3.py
[2022-07-06 21:45:39,851] {logging_mixin.py:115} INFO - [2022-07-06 21:45:39,851] {dag.py:2379} INFO - Sync 1 DAGs
[2022-07-06 21:45:39,870] {logging_mixin.py:115} INFO - [2022-07-06 21:45:39,870] {dag.py:2927} INFO - Setting next_dagrun for example_branch_dop_operator_v3 to 2022-07-07T00:44:00+00:00, run_after=2022-07-07T00:45:00+00:00
[2022-07-06 21:45:39,885] {processor.py:161} INFO - Processing /home/nicholas/.local/lib/python3.10/site-packages/airflow/example_dags/example_branch_python_dop_operator_3.py took 0.059 seconds
[2022-07-06 21:46:14,791] {processor.py:153} INFO - Started process (PID=159241) to work on /home/nicholas/.local/lib/python3.10/site-packages/airflow/example_dags/example_branch_python_dop_operator_3.py
[2022-07-06 21:46:14,792] {processor.py:641} INFO - Processing file /home/nicholas/.local/lib/python3.10/site-packages/airflow/example_dags/example_branch_python_dop_operator_3.py for tasks to queue
[2022-07-06 21:46:14,792] {logging_mixin.py:115} INFO - [2022-07-06 21:46:14,792] {dagbag.py:507} INFO - Filling up the DagBag from /home/nicholas/.local/lib/python3.10/site-packages/airflow/example_dags/example_branch_python_dop_operator_3.py
[2022-07-06 21:46:14,801] {processor.py:651} INFO - DAG(s) dict_keys(['example_branch_dop_operator_v3']) retrieved from /home/nicholas/.local/lib/python3.10/site-packages/airflow/example_dags/example_branch_python_dop_operator_3.py
[2022-07-06 21:46:14,822] {logging_mixin.py:115} INFO - [2022-07-06 21:46:14,822] {dag.py:2379} INFO - Sync 1 DAGs
[2022-07-06 21:46:14,841] {logging_mixin.py:115} INFO - [2022-07-06 21:46:14,841] {dag.py:2927} INFO - Setting next_dagrun for example_branch_dop_operator_v3 to 2022-07-07T00:45:00+00:00, run_after=2022-07-07T00:46:00+00:00
[2022-07-06 21:46:14,858] {processor.py:161} INFO - Processing /home/nicholas/.local/lib/python3.10/site-packages/airflow/example_dags/example_branch_python_dop_operator_3.py took 0.070 seconds
[2022-07-06 21:46:50,286] {processor.py:153} INFO - Started process (PID=159314) to work on /home/nicholas/.local/lib/python3.10/site-packages/airflow/example_dags/example_branch_python_dop_operator_3.py
[2022-07-06 21:46:50,287] {processor.py:641} INFO - Processing file /home/nicholas/.local/lib/python3.10/site-packages/airflow/example_dags/example_branch_python_dop_operator_3.py for tasks to queue
[2022-07-06 21:46:50,287] {logging_mixin.py:115} INFO - [2022-07-06 21:46:50,287] {dagbag.py:507} INFO - Filling up the DagBag from /home/nicholas/.local/lib/python3.10/site-packages/airflow/example_dags/example_branch_python_dop_operator_3.py
[2022-07-06 21:46:50,296] {processor.py:651} INFO - DAG(s) dict_keys(['example_branch_dop_operator_v3']) retrieved from /home/nicholas/.local/lib/python3.10/site-packages/airflow/example_dags/example_branch_python_dop_operator_3.py
[2022-07-06 21:46:50,309] {logging_mixin.py:115} INFO - [2022-07-06 21:46:50,309] {dag.py:2379} INFO - Sync 1 DAGs
[2022-07-06 21:46:50,328] {logging_mixin.py:115} INFO - [2022-07-06 21:46:50,328] {dag.py:2927} INFO - Setting next_dagrun for example_branch_dop_operator_v3 to 2022-07-07T00:45:00+00:00, run_after=2022-07-07T00:46:00+00:00
[2022-07-06 21:46:50,342] {processor.py:161} INFO - Processing /home/nicholas/.local/lib/python3.10/site-packages/airflow/example_dags/example_branch_python_dop_operator_3.py took 0.058 seconds
[2022-07-06 21:47:24,925] {processor.py:153} INFO - Started process (PID=159408) to work on /home/nicholas/.local/lib/python3.10/site-packages/airflow/example_dags/example_branch_python_dop_operator_3.py
[2022-07-06 21:47:24,925] {processor.py:641} INFO - Processing file /home/nicholas/.local/lib/python3.10/site-packages/airflow/example_dags/example_branch_python_dop_operator_3.py for tasks to queue
[2022-07-06 21:47:24,926] {logging_mixin.py:115} INFO - [2022-07-06 21:47:24,926] {dagbag.py:507} INFO - Filling up the DagBag from /home/nicholas/.local/lib/python3.10/site-packages/airflow/example_dags/example_branch_python_dop_operator_3.py
[2022-07-06 21:47:24,935] {processor.py:651} INFO - DAG(s) dict_keys(['example_branch_dop_operator_v3']) retrieved from /home/nicholas/.local/lib/python3.10/site-packages/airflow/example_dags/example_branch_python_dop_operator_3.py
[2022-07-06 21:47:24,949] {logging_mixin.py:115} INFO - [2022-07-06 21:47:24,948] {dag.py:2379} INFO - Sync 1 DAGs
[2022-07-06 21:47:24,968] {logging_mixin.py:115} INFO - [2022-07-06 21:47:24,967] {dag.py:2927} INFO - Setting next_dagrun for example_branch_dop_operator_v3 to 2022-07-07T00:46:00+00:00, run_after=2022-07-07T00:47:00+00:00
[2022-07-06 21:47:24,982] {processor.py:161} INFO - Processing /home/nicholas/.local/lib/python3.10/site-packages/airflow/example_dags/example_branch_python_dop_operator_3.py took 0.061 seconds
[2022-07-06 21:47:59,315] {processor.py:153} INFO - Started process (PID=159496) to work on /home/nicholas/.local/lib/python3.10/site-packages/airflow/example_dags/example_branch_python_dop_operator_3.py
[2022-07-06 21:47:59,316] {processor.py:641} INFO - Processing file /home/nicholas/.local/lib/python3.10/site-packages/airflow/example_dags/example_branch_python_dop_operator_3.py for tasks to queue
[2022-07-06 21:47:59,316] {logging_mixin.py:115} INFO - [2022-07-06 21:47:59,316] {dagbag.py:507} INFO - Filling up the DagBag from /home/nicholas/.local/lib/python3.10/site-packages/airflow/example_dags/example_branch_python_dop_operator_3.py
[2022-07-06 21:47:59,325] {processor.py:651} INFO - DAG(s) dict_keys(['example_branch_dop_operator_v3']) retrieved from /home/nicholas/.local/lib/python3.10/site-packages/airflow/example_dags/example_branch_python_dop_operator_3.py
[2022-07-06 21:47:59,338] {logging_mixin.py:115} INFO - [2022-07-06 21:47:59,338] {dag.py:2379} INFO - Sync 1 DAGs
[2022-07-06 21:47:59,356] {logging_mixin.py:115} INFO - [2022-07-06 21:47:59,356] {dag.py:2927} INFO - Setting next_dagrun for example_branch_dop_operator_v3 to 2022-07-07T00:46:00+00:00, run_after=2022-07-07T00:47:00+00:00
[2022-07-06 21:47:59,370] {processor.py:161} INFO - Processing /home/nicholas/.local/lib/python3.10/site-packages/airflow/example_dags/example_branch_python_dop_operator_3.py took 0.057 seconds
[2022-07-06 21:48:33,469] {processor.py:153} INFO - Started process (PID=159581) to work on /home/nicholas/.local/lib/python3.10/site-packages/airflow/example_dags/example_branch_python_dop_operator_3.py
[2022-07-06 21:48:33,470] {processor.py:641} INFO - Processing file /home/nicholas/.local/lib/python3.10/site-packages/airflow/example_dags/example_branch_python_dop_operator_3.py for tasks to queue
[2022-07-06 21:48:33,470] {logging_mixin.py:115} INFO - [2022-07-06 21:48:33,470] {dagbag.py:507} INFO - Filling up the DagBag from /home/nicholas/.local/lib/python3.10/site-packages/airflow/example_dags/example_branch_python_dop_operator_3.py
[2022-07-06 21:48:33,479] {processor.py:651} INFO - DAG(s) dict_keys(['example_branch_dop_operator_v3']) retrieved from /home/nicholas/.local/lib/python3.10/site-packages/airflow/example_dags/example_branch_python_dop_operator_3.py
[2022-07-06 21:48:33,492] {logging_mixin.py:115} INFO - [2022-07-06 21:48:33,492] {dag.py:2379} INFO - Sync 1 DAGs
[2022-07-06 21:48:33,512] {logging_mixin.py:115} INFO - [2022-07-06 21:48:33,512] {dag.py:2927} INFO - Setting next_dagrun for example_branch_dop_operator_v3 to 2022-07-07T00:47:00+00:00, run_after=2022-07-07T00:48:00+00:00
[2022-07-06 21:48:33,527] {processor.py:161} INFO - Processing /home/nicholas/.local/lib/python3.10/site-packages/airflow/example_dags/example_branch_python_dop_operator_3.py took 0.060 seconds
[2022-07-06 21:49:07,599] {processor.py:153} INFO - Started process (PID=159666) to work on /home/nicholas/.local/lib/python3.10/site-packages/airflow/example_dags/example_branch_python_dop_operator_3.py
[2022-07-06 21:49:07,600] {processor.py:641} INFO - Processing file /home/nicholas/.local/lib/python3.10/site-packages/airflow/example_dags/example_branch_python_dop_operator_3.py for tasks to queue
[2022-07-06 21:49:07,600] {logging_mixin.py:115} INFO - [2022-07-06 21:49:07,600] {dagbag.py:507} INFO - Filling up the DagBag from /home/nicholas/.local/lib/python3.10/site-packages/airflow/example_dags/example_branch_python_dop_operator_3.py
[2022-07-06 21:49:07,609] {processor.py:651} INFO - DAG(s) dict_keys(['example_branch_dop_operator_v3']) retrieved from /home/nicholas/.local/lib/python3.10/site-packages/airflow/example_dags/example_branch_python_dop_operator_3.py
[2022-07-06 21:49:07,623] {logging_mixin.py:115} INFO - [2022-07-06 21:49:07,622] {dag.py:2379} INFO - Sync 1 DAGs
[2022-07-06 21:49:07,641] {logging_mixin.py:115} INFO - [2022-07-06 21:49:07,641] {dag.py:2927} INFO - Setting next_dagrun for example_branch_dop_operator_v3 to 2022-07-07T00:48:00+00:00, run_after=2022-07-07T00:49:00+00:00
[2022-07-06 21:49:07,656] {processor.py:161} INFO - Processing /home/nicholas/.local/lib/python3.10/site-packages/airflow/example_dags/example_branch_python_dop_operator_3.py took 0.059 seconds
[2022-07-06 21:49:40,677] {processor.py:153} INFO - Started process (PID=159770) to work on /home/nicholas/.local/lib/python3.10/site-packages/airflow/example_dags/example_branch_python_dop_operator_3.py
[2022-07-06 21:49:40,678] {processor.py:641} INFO - Processing file /home/nicholas/.local/lib/python3.10/site-packages/airflow/example_dags/example_branch_python_dop_operator_3.py for tasks to queue
[2022-07-06 21:49:40,678] {logging_mixin.py:115} INFO - [2022-07-06 21:49:40,678] {dagbag.py:507} INFO - Filling up the DagBag from /home/nicholas/.local/lib/python3.10/site-packages/airflow/example_dags/example_branch_python_dop_operator_3.py
[2022-07-06 21:49:40,687] {processor.py:651} INFO - DAG(s) dict_keys(['example_branch_dop_operator_v3']) retrieved from /home/nicholas/.local/lib/python3.10/site-packages/airflow/example_dags/example_branch_python_dop_operator_3.py
[2022-07-06 21:49:40,700] {logging_mixin.py:115} INFO - [2022-07-06 21:49:40,700] {dag.py:2379} INFO - Sync 1 DAGs
[2022-07-06 21:49:40,719] {logging_mixin.py:115} INFO - [2022-07-06 21:49:40,719] {dag.py:2927} INFO - Setting next_dagrun for example_branch_dop_operator_v3 to 2022-07-07T00:48:00+00:00, run_after=2022-07-07T00:49:00+00:00
[2022-07-06 21:49:40,733] {processor.py:161} INFO - Processing /home/nicholas/.local/lib/python3.10/site-packages/airflow/example_dags/example_branch_python_dop_operator_3.py took 0.058 seconds
[2022-07-06 21:50:15,979] {processor.py:153} INFO - Started process (PID=159852) to work on /home/nicholas/.local/lib/python3.10/site-packages/airflow/example_dags/example_branch_python_dop_operator_3.py
[2022-07-06 21:50:15,981] {processor.py:641} INFO - Processing file /home/nicholas/.local/lib/python3.10/site-packages/airflow/example_dags/example_branch_python_dop_operator_3.py for tasks to queue
[2022-07-06 21:50:15,981] {logging_mixin.py:115} INFO - [2022-07-06 21:50:15,981] {dagbag.py:507} INFO - Filling up the DagBag from /home/nicholas/.local/lib/python3.10/site-packages/airflow/example_dags/example_branch_python_dop_operator_3.py
[2022-07-06 21:50:15,990] {processor.py:651} INFO - DAG(s) dict_keys(['example_branch_dop_operator_v3']) retrieved from /home/nicholas/.local/lib/python3.10/site-packages/airflow/example_dags/example_branch_python_dop_operator_3.py
[2022-07-06 21:50:16,003] {logging_mixin.py:115} INFO - [2022-07-06 21:50:16,003] {dag.py:2379} INFO - Sync 1 DAGs
[2022-07-06 21:50:16,022] {logging_mixin.py:115} INFO - [2022-07-06 21:50:16,021] {dag.py:2927} INFO - Setting next_dagrun for example_branch_dop_operator_v3 to 2022-07-07T00:49:00+00:00, run_after=2022-07-07T00:50:00+00:00
[2022-07-06 21:50:16,035] {processor.py:161} INFO - Processing /home/nicholas/.local/lib/python3.10/site-packages/airflow/example_dags/example_branch_python_dop_operator_3.py took 0.058 seconds
[2022-07-06 21:50:49,566] {processor.py:153} INFO - Started process (PID=159930) to work on /home/nicholas/.local/lib/python3.10/site-packages/airflow/example_dags/example_branch_python_dop_operator_3.py
[2022-07-06 21:50:49,567] {processor.py:641} INFO - Processing file /home/nicholas/.local/lib/python3.10/site-packages/airflow/example_dags/example_branch_python_dop_operator_3.py for tasks to queue
[2022-07-06 21:50:49,567] {logging_mixin.py:115} INFO - [2022-07-06 21:50:49,567] {dagbag.py:507} INFO - Filling up the DagBag from /home/nicholas/.local/lib/python3.10/site-packages/airflow/example_dags/example_branch_python_dop_operator_3.py
[2022-07-06 21:50:49,578] {processor.py:651} INFO - DAG(s) dict_keys(['example_branch_dop_operator_v3']) retrieved from /home/nicholas/.local/lib/python3.10/site-packages/airflow/example_dags/example_branch_python_dop_operator_3.py
[2022-07-06 21:50:49,591] {logging_mixin.py:115} INFO - [2022-07-06 21:50:49,591] {dag.py:2379} INFO - Sync 1 DAGs
[2022-07-06 21:50:49,610] {logging_mixin.py:115} INFO - [2022-07-06 21:50:49,610] {dag.py:2927} INFO - Setting next_dagrun for example_branch_dop_operator_v3 to 2022-07-07T00:49:00+00:00, run_after=2022-07-07T00:50:00+00:00
[2022-07-06 21:50:49,625] {processor.py:161} INFO - Processing /home/nicholas/.local/lib/python3.10/site-packages/airflow/example_dags/example_branch_python_dop_operator_3.py took 0.062 seconds
[2022-07-06 21:51:24,513] {processor.py:153} INFO - Started process (PID=160018) to work on /home/nicholas/.local/lib/python3.10/site-packages/airflow/example_dags/example_branch_python_dop_operator_3.py
[2022-07-06 21:51:24,514] {processor.py:641} INFO - Processing file /home/nicholas/.local/lib/python3.10/site-packages/airflow/example_dags/example_branch_python_dop_operator_3.py for tasks to queue
[2022-07-06 21:51:24,514] {logging_mixin.py:115} INFO - [2022-07-06 21:51:24,514] {dagbag.py:507} INFO - Filling up the DagBag from /home/nicholas/.local/lib/python3.10/site-packages/airflow/example_dags/example_branch_python_dop_operator_3.py
[2022-07-06 21:51:24,524] {processor.py:651} INFO - DAG(s) dict_keys(['example_branch_dop_operator_v3']) retrieved from /home/nicholas/.local/lib/python3.10/site-packages/airflow/example_dags/example_branch_python_dop_operator_3.py
[2022-07-06 21:51:24,537] {logging_mixin.py:115} INFO - [2022-07-06 21:51:24,537] {dag.py:2379} INFO - Sync 1 DAGs
[2022-07-06 21:51:24,562] {logging_mixin.py:115} INFO - [2022-07-06 21:51:24,562] {dag.py:2927} INFO - Setting next_dagrun for example_branch_dop_operator_v3 to 2022-07-07T00:50:00+00:00, run_after=2022-07-07T00:51:00+00:00
[2022-07-06 21:51:24,577] {processor.py:161} INFO - Processing /home/nicholas/.local/lib/python3.10/site-packages/airflow/example_dags/example_branch_python_dop_operator_3.py took 0.066 seconds
[2022-07-06 21:51:57,631] {processor.py:153} INFO - Started process (PID=160104) to work on /home/nicholas/.local/lib/python3.10/site-packages/airflow/example_dags/example_branch_python_dop_operator_3.py
[2022-07-06 21:51:57,632] {processor.py:641} INFO - Processing file /home/nicholas/.local/lib/python3.10/site-packages/airflow/example_dags/example_branch_python_dop_operator_3.py for tasks to queue
[2022-07-06 21:51:57,632] {logging_mixin.py:115} INFO - [2022-07-06 21:51:57,632] {dagbag.py:507} INFO - Filling up the DagBag from /home/nicholas/.local/lib/python3.10/site-packages/airflow/example_dags/example_branch_python_dop_operator_3.py
[2022-07-06 21:51:57,641] {processor.py:651} INFO - DAG(s) dict_keys(['example_branch_dop_operator_v3']) retrieved from /home/nicholas/.local/lib/python3.10/site-packages/airflow/example_dags/example_branch_python_dop_operator_3.py
[2022-07-06 21:51:57,654] {logging_mixin.py:115} INFO - [2022-07-06 21:51:57,654] {dag.py:2379} INFO - Sync 1 DAGs
[2022-07-06 21:51:57,673] {logging_mixin.py:115} INFO - [2022-07-06 21:51:57,673] {dag.py:2927} INFO - Setting next_dagrun for example_branch_dop_operator_v3 to 2022-07-07T00:50:00+00:00, run_after=2022-07-07T00:51:00+00:00
[2022-07-06 21:51:57,687] {processor.py:161} INFO - Processing /home/nicholas/.local/lib/python3.10/site-packages/airflow/example_dags/example_branch_python_dop_operator_3.py took 0.058 seconds
[2022-07-06 21:52:33,852] {processor.py:153} INFO - Started process (PID=160195) to work on /home/nicholas/.local/lib/python3.10/site-packages/airflow/example_dags/example_branch_python_dop_operator_3.py
[2022-07-06 21:52:33,853] {processor.py:641} INFO - Processing file /home/nicholas/.local/lib/python3.10/site-packages/airflow/example_dags/example_branch_python_dop_operator_3.py for tasks to queue
[2022-07-06 21:52:33,853] {logging_mixin.py:115} INFO - [2022-07-06 21:52:33,853] {dagbag.py:507} INFO - Filling up the DagBag from /home/nicholas/.local/lib/python3.10/site-packages/airflow/example_dags/example_branch_python_dop_operator_3.py
[2022-07-06 21:52:33,864] {processor.py:651} INFO - DAG(s) dict_keys(['example_branch_dop_operator_v3']) retrieved from /home/nicholas/.local/lib/python3.10/site-packages/airflow/example_dags/example_branch_python_dop_operator_3.py
[2022-07-06 21:52:33,877] {logging_mixin.py:115} INFO - [2022-07-06 21:52:33,877] {dag.py:2379} INFO - Sync 1 DAGs
[2022-07-06 21:52:33,896] {logging_mixin.py:115} INFO - [2022-07-06 21:52:33,896] {dag.py:2927} INFO - Setting next_dagrun for example_branch_dop_operator_v3 to 2022-07-07T00:51:00+00:00, run_after=2022-07-07T00:52:00+00:00
[2022-07-06 21:52:33,911] {processor.py:161} INFO - Processing /home/nicholas/.local/lib/python3.10/site-packages/airflow/example_dags/example_branch_python_dop_operator_3.py took 0.061 seconds
[2022-07-06 21:53:07,543] {processor.py:153} INFO - Started process (PID=160279) to work on /home/nicholas/.local/lib/python3.10/site-packages/airflow/example_dags/example_branch_python_dop_operator_3.py
[2022-07-06 21:53:07,543] {processor.py:641} INFO - Processing file /home/nicholas/.local/lib/python3.10/site-packages/airflow/example_dags/example_branch_python_dop_operator_3.py for tasks to queue
[2022-07-06 21:53:07,544] {logging_mixin.py:115} INFO - [2022-07-06 21:53:07,544] {dagbag.py:507} INFO - Filling up the DagBag from /home/nicholas/.local/lib/python3.10/site-packages/airflow/example_dags/example_branch_python_dop_operator_3.py
[2022-07-06 21:53:07,553] {processor.py:651} INFO - DAG(s) dict_keys(['example_branch_dop_operator_v3']) retrieved from /home/nicholas/.local/lib/python3.10/site-packages/airflow/example_dags/example_branch_python_dop_operator_3.py
[2022-07-06 21:53:07,566] {logging_mixin.py:115} INFO - [2022-07-06 21:53:07,566] {dag.py:2379} INFO - Sync 1 DAGs
[2022-07-06 21:53:07,584] {logging_mixin.py:115} INFO - [2022-07-06 21:53:07,584] {dag.py:2927} INFO - Setting next_dagrun for example_branch_dop_operator_v3 to 2022-07-07T00:52:00+00:00, run_after=2022-07-07T00:53:00+00:00
[2022-07-06 21:53:07,600] {processor.py:161} INFO - Processing /home/nicholas/.local/lib/python3.10/site-packages/airflow/example_dags/example_branch_python_dop_operator_3.py took 0.059 seconds
[2022-07-06 21:53:41,550] {processor.py:153} INFO - Started process (PID=160361) to work on /home/nicholas/.local/lib/python3.10/site-packages/airflow/example_dags/example_branch_python_dop_operator_3.py
[2022-07-06 21:53:41,550] {processor.py:641} INFO - Processing file /home/nicholas/.local/lib/python3.10/site-packages/airflow/example_dags/example_branch_python_dop_operator_3.py for tasks to queue
[2022-07-06 21:53:41,550] {logging_mixin.py:115} INFO - [2022-07-06 21:53:41,550] {dagbag.py:507} INFO - Filling up the DagBag from /home/nicholas/.local/lib/python3.10/site-packages/airflow/example_dags/example_branch_python_dop_operator_3.py
[2022-07-06 21:53:41,559] {processor.py:651} INFO - DAG(s) dict_keys(['example_branch_dop_operator_v3']) retrieved from /home/nicholas/.local/lib/python3.10/site-packages/airflow/example_dags/example_branch_python_dop_operator_3.py
[2022-07-06 21:53:41,572] {logging_mixin.py:115} INFO - [2022-07-06 21:53:41,572] {dag.py:2379} INFO - Sync 1 DAGs
[2022-07-06 21:53:41,591] {logging_mixin.py:115} INFO - [2022-07-06 21:53:41,591] {dag.py:2927} INFO - Setting next_dagrun for example_branch_dop_operator_v3 to 2022-07-07T00:52:00+00:00, run_after=2022-07-07T00:53:00+00:00
[2022-07-06 21:53:41,605] {processor.py:161} INFO - Processing /home/nicholas/.local/lib/python3.10/site-packages/airflow/example_dags/example_branch_python_dop_operator_3.py took 0.058 seconds
[2022-07-06 21:54:15,822] {processor.py:153} INFO - Started process (PID=160471) to work on /home/nicholas/.local/lib/python3.10/site-packages/airflow/example_dags/example_branch_python_dop_operator_3.py
[2022-07-06 21:54:15,822] {processor.py:641} INFO - Processing file /home/nicholas/.local/lib/python3.10/site-packages/airflow/example_dags/example_branch_python_dop_operator_3.py for tasks to queue
[2022-07-06 21:54:15,823] {logging_mixin.py:115} INFO - [2022-07-06 21:54:15,823] {dagbag.py:507} INFO - Filling up the DagBag from /home/nicholas/.local/lib/python3.10/site-packages/airflow/example_dags/example_branch_python_dop_operator_3.py
[2022-07-06 21:54:15,831] {processor.py:651} INFO - DAG(s) dict_keys(['example_branch_dop_operator_v3']) retrieved from /home/nicholas/.local/lib/python3.10/site-packages/airflow/example_dags/example_branch_python_dop_operator_3.py
[2022-07-06 21:54:15,845] {logging_mixin.py:115} INFO - [2022-07-06 21:54:15,845] {dag.py:2379} INFO - Sync 1 DAGs
[2022-07-06 21:54:15,864] {logging_mixin.py:115} INFO - [2022-07-06 21:54:15,864] {dag.py:2927} INFO - Setting next_dagrun for example_branch_dop_operator_v3 to 2022-07-07T00:53:00+00:00, run_after=2022-07-07T00:54:00+00:00
[2022-07-06 21:54:15,896] {processor.py:161} INFO - Processing /home/nicholas/.local/lib/python3.10/site-packages/airflow/example_dags/example_branch_python_dop_operator_3.py took 0.076 seconds
[2022-07-06 21:54:50,679] {processor.py:153} INFO - Started process (PID=160578) to work on /home/nicholas/.local/lib/python3.10/site-packages/airflow/example_dags/example_branch_python_dop_operator_3.py
[2022-07-06 21:54:50,680] {processor.py:641} INFO - Processing file /home/nicholas/.local/lib/python3.10/site-packages/airflow/example_dags/example_branch_python_dop_operator_3.py for tasks to queue
[2022-07-06 21:54:50,680] {logging_mixin.py:115} INFO - [2022-07-06 21:54:50,680] {dagbag.py:507} INFO - Filling up the DagBag from /home/nicholas/.local/lib/python3.10/site-packages/airflow/example_dags/example_branch_python_dop_operator_3.py
[2022-07-06 21:54:50,691] {processor.py:651} INFO - DAG(s) dict_keys(['example_branch_dop_operator_v3']) retrieved from /home/nicholas/.local/lib/python3.10/site-packages/airflow/example_dags/example_branch_python_dop_operator_3.py
[2022-07-06 21:54:50,705] {logging_mixin.py:115} INFO - [2022-07-06 21:54:50,705] {dag.py:2379} INFO - Sync 1 DAGs
[2022-07-06 21:54:50,724] {logging_mixin.py:115} INFO - [2022-07-06 21:54:50,724] {dag.py:2927} INFO - Setting next_dagrun for example_branch_dop_operator_v3 to 2022-07-07T00:53:00+00:00, run_after=2022-07-07T00:54:00+00:00
[2022-07-06 21:54:50,739] {processor.py:161} INFO - Processing /home/nicholas/.local/lib/python3.10/site-packages/airflow/example_dags/example_branch_python_dop_operator_3.py took 0.062 seconds
[2022-07-06 21:55:22,981] {processor.py:153} INFO - Started process (PID=160761) to work on /home/nicholas/.local/lib/python3.10/site-packages/airflow/example_dags/example_branch_python_dop_operator_3.py
[2022-07-06 21:55:22,982] {processor.py:641} INFO - Processing file /home/nicholas/.local/lib/python3.10/site-packages/airflow/example_dags/example_branch_python_dop_operator_3.py for tasks to queue
[2022-07-06 21:55:22,982] {logging_mixin.py:115} INFO - [2022-07-06 21:55:22,982] {dagbag.py:507} INFO - Filling up the DagBag from /home/nicholas/.local/lib/python3.10/site-packages/airflow/example_dags/example_branch_python_dop_operator_3.py
[2022-07-06 21:55:22,993] {processor.py:651} INFO - DAG(s) dict_keys(['example_branch_dop_operator_v3']) retrieved from /home/nicholas/.local/lib/python3.10/site-packages/airflow/example_dags/example_branch_python_dop_operator_3.py
[2022-07-06 21:55:23,010] {logging_mixin.py:115} INFO - [2022-07-06 21:55:23,010] {dag.py:2379} INFO - Sync 1 DAGs
[2022-07-06 21:55:23,033] {logging_mixin.py:115} INFO - [2022-07-06 21:55:23,033] {dag.py:2927} INFO - Setting next_dagrun for example_branch_dop_operator_v3 to 2022-07-07T00:54:00+00:00, run_after=2022-07-07T00:55:00+00:00
[2022-07-06 21:55:23,051] {processor.py:161} INFO - Processing /home/nicholas/.local/lib/python3.10/site-packages/airflow/example_dags/example_branch_python_dop_operator_3.py took 0.072 seconds
