[2022-07-06 21:44:19,472] {processor.py:153} INFO - Started process (PID=158943) to work on /home/nicholas/.local/lib/python3.10/site-packages/airflow/example_dags/example_xcomargs.py
[2022-07-06 21:44:19,473] {processor.py:641} INFO - Processing file /home/nicholas/.local/lib/python3.10/site-packages/airflow/example_dags/example_xcomargs.py for tasks to queue
[2022-07-06 21:44:19,473] {logging_mixin.py:115} INFO - [2022-07-06 21:44:19,473] {dagbag.py:507} INFO - Filling up the DagBag from /home/nicholas/.local/lib/python3.10/site-packages/airflow/example_dags/example_xcomargs.py
[2022-07-06 21:44:19,495] {processor.py:651} INFO - DAG(s) dict_keys(['example_xcom_args', 'example_xcom_args_with_operators']) retrieved from /home/nicholas/.local/lib/python3.10/site-packages/airflow/example_dags/example_xcomargs.py
[2022-07-06 21:44:19,538] {logging_mixin.py:115} INFO - [2022-07-06 21:44:19,537] {dag.py:2379} INFO - Sync 2 DAGs
[2022-07-06 21:44:19,548] {logging_mixin.py:115} INFO - [2022-07-06 21:44:19,548] {dag.py:2927} INFO - Setting next_dagrun for example_xcom_args to None, run_after=None
[2022-07-06 21:44:19,549] {logging_mixin.py:115} INFO - [2022-07-06 21:44:19,549] {dag.py:2927} INFO - Setting next_dagrun for example_xcom_args_with_operators to None, run_after=None
[2022-07-06 21:44:19,564] {processor.py:161} INFO - Processing /home/nicholas/.local/lib/python3.10/site-packages/airflow/example_dags/example_xcomargs.py took 0.094 seconds
[2022-07-06 21:44:52,135] {processor.py:153} INFO - Started process (PID=159029) to work on /home/nicholas/.local/lib/python3.10/site-packages/airflow/example_dags/example_xcomargs.py
[2022-07-06 21:44:52,135] {processor.py:641} INFO - Processing file /home/nicholas/.local/lib/python3.10/site-packages/airflow/example_dags/example_xcomargs.py for tasks to queue
[2022-07-06 21:44:52,136] {logging_mixin.py:115} INFO - [2022-07-06 21:44:52,136] {dagbag.py:507} INFO - Filling up the DagBag from /home/nicholas/.local/lib/python3.10/site-packages/airflow/example_dags/example_xcomargs.py
[2022-07-06 21:44:52,153] {processor.py:651} INFO - DAG(s) dict_keys(['example_xcom_args', 'example_xcom_args_with_operators']) retrieved from /home/nicholas/.local/lib/python3.10/site-packages/airflow/example_dags/example_xcomargs.py
[2022-07-06 21:44:52,195] {logging_mixin.py:115} INFO - [2022-07-06 21:44:52,195] {dag.py:2379} INFO - Sync 2 DAGs
[2022-07-06 21:44:52,206] {logging_mixin.py:115} INFO - [2022-07-06 21:44:52,206] {dag.py:2927} INFO - Setting next_dagrun for example_xcom_args to None, run_after=None
[2022-07-06 21:44:52,206] {logging_mixin.py:115} INFO - [2022-07-06 21:44:52,206] {dag.py:2927} INFO - Setting next_dagrun for example_xcom_args_with_operators to None, run_after=None
[2022-07-06 21:44:52,221] {processor.py:161} INFO - Processing /home/nicholas/.local/lib/python3.10/site-packages/airflow/example_dags/example_xcomargs.py took 0.089 seconds
[2022-07-06 21:45:27,784] {processor.py:153} INFO - Started process (PID=159109) to work on /home/nicholas/.local/lib/python3.10/site-packages/airflow/example_dags/example_xcomargs.py
[2022-07-06 21:45:27,785] {processor.py:641} INFO - Processing file /home/nicholas/.local/lib/python3.10/site-packages/airflow/example_dags/example_xcomargs.py for tasks to queue
[2022-07-06 21:45:27,785] {logging_mixin.py:115} INFO - [2022-07-06 21:45:27,785] {dagbag.py:507} INFO - Filling up the DagBag from /home/nicholas/.local/lib/python3.10/site-packages/airflow/example_dags/example_xcomargs.py
[2022-07-06 21:45:27,803] {processor.py:651} INFO - DAG(s) dict_keys(['example_xcom_args', 'example_xcom_args_with_operators']) retrieved from /home/nicholas/.local/lib/python3.10/site-packages/airflow/example_dags/example_xcomargs.py
[2022-07-06 21:45:27,818] {logging_mixin.py:115} INFO - [2022-07-06 21:45:27,818] {dag.py:2379} INFO - Sync 2 DAGs
[2022-07-06 21:45:27,832] {logging_mixin.py:115} INFO - [2022-07-06 21:45:27,832] {dag.py:2927} INFO - Setting next_dagrun for example_xcom_args to None, run_after=None
[2022-07-06 21:45:27,832] {logging_mixin.py:115} INFO - [2022-07-06 21:45:27,832] {dag.py:2927} INFO - Setting next_dagrun for example_xcom_args_with_operators to None, run_after=None
[2022-07-06 21:45:27,847] {processor.py:161} INFO - Processing /home/nicholas/.local/lib/python3.10/site-packages/airflow/example_dags/example_xcomargs.py took 0.066 seconds
[2022-07-06 21:46:01,629] {processor.py:153} INFO - Started process (PID=159209) to work on /home/nicholas/.local/lib/python3.10/site-packages/airflow/example_dags/example_xcomargs.py
[2022-07-06 21:46:01,631] {processor.py:641} INFO - Processing file /home/nicholas/.local/lib/python3.10/site-packages/airflow/example_dags/example_xcomargs.py for tasks to queue
[2022-07-06 21:46:01,632] {logging_mixin.py:115} INFO - [2022-07-06 21:46:01,632] {dagbag.py:507} INFO - Filling up the DagBag from /home/nicholas/.local/lib/python3.10/site-packages/airflow/example_dags/example_xcomargs.py
[2022-07-06 21:46:01,654] {processor.py:651} INFO - DAG(s) dict_keys(['example_xcom_args', 'example_xcom_args_with_operators']) retrieved from /home/nicholas/.local/lib/python3.10/site-packages/airflow/example_dags/example_xcomargs.py
[2022-07-06 21:46:01,670] {logging_mixin.py:115} INFO - [2022-07-06 21:46:01,670] {dag.py:2379} INFO - Sync 2 DAGs
[2022-07-06 21:46:01,684] {logging_mixin.py:115} INFO - [2022-07-06 21:46:01,684] {dag.py:2927} INFO - Setting next_dagrun for example_xcom_args to None, run_after=None
[2022-07-06 21:46:01,685] {logging_mixin.py:115} INFO - [2022-07-06 21:46:01,684] {dag.py:2927} INFO - Setting next_dagrun for example_xcom_args_with_operators to None, run_after=None
[2022-07-06 21:46:01,698] {processor.py:161} INFO - Processing /home/nicholas/.local/lib/python3.10/site-packages/airflow/example_dags/example_xcomargs.py took 0.072 seconds
[2022-07-06 21:46:36,500] {processor.py:153} INFO - Started process (PID=159286) to work on /home/nicholas/.local/lib/python3.10/site-packages/airflow/example_dags/example_xcomargs.py
[2022-07-06 21:46:36,500] {processor.py:641} INFO - Processing file /home/nicholas/.local/lib/python3.10/site-packages/airflow/example_dags/example_xcomargs.py for tasks to queue
[2022-07-06 21:46:36,500] {logging_mixin.py:115} INFO - [2022-07-06 21:46:36,500] {dagbag.py:507} INFO - Filling up the DagBag from /home/nicholas/.local/lib/python3.10/site-packages/airflow/example_dags/example_xcomargs.py
[2022-07-06 21:46:36,518] {processor.py:651} INFO - DAG(s) dict_keys(['example_xcom_args', 'example_xcom_args_with_operators']) retrieved from /home/nicholas/.local/lib/python3.10/site-packages/airflow/example_dags/example_xcomargs.py
[2022-07-06 21:46:36,533] {logging_mixin.py:115} INFO - [2022-07-06 21:46:36,533] {dag.py:2379} INFO - Sync 2 DAGs
[2022-07-06 21:46:36,549] {logging_mixin.py:115} INFO - [2022-07-06 21:46:36,549] {dag.py:2927} INFO - Setting next_dagrun for example_xcom_args to None, run_after=None
[2022-07-06 21:46:36,549] {logging_mixin.py:115} INFO - [2022-07-06 21:46:36,549] {dag.py:2927} INFO - Setting next_dagrun for example_xcom_args_with_operators to None, run_after=None
[2022-07-06 21:46:36,574] {processor.py:161} INFO - Processing /home/nicholas/.local/lib/python3.10/site-packages/airflow/example_dags/example_xcomargs.py took 0.077 seconds
[2022-07-06 21:47:10,957] {processor.py:153} INFO - Started process (PID=159366) to work on /home/nicholas/.local/lib/python3.10/site-packages/airflow/example_dags/example_xcomargs.py
[2022-07-06 21:47:10,958] {processor.py:641} INFO - Processing file /home/nicholas/.local/lib/python3.10/site-packages/airflow/example_dags/example_xcomargs.py for tasks to queue
[2022-07-06 21:47:10,958] {logging_mixin.py:115} INFO - [2022-07-06 21:47:10,958] {dagbag.py:507} INFO - Filling up the DagBag from /home/nicholas/.local/lib/python3.10/site-packages/airflow/example_dags/example_xcomargs.py
[2022-07-06 21:47:10,975] {processor.py:651} INFO - DAG(s) dict_keys(['example_xcom_args', 'example_xcom_args_with_operators']) retrieved from /home/nicholas/.local/lib/python3.10/site-packages/airflow/example_dags/example_xcomargs.py
[2022-07-06 21:47:10,990] {logging_mixin.py:115} INFO - [2022-07-06 21:47:10,990] {dag.py:2379} INFO - Sync 2 DAGs
[2022-07-06 21:47:11,005] {logging_mixin.py:115} INFO - [2022-07-06 21:47:11,005] {dag.py:2927} INFO - Setting next_dagrun for example_xcom_args to None, run_after=None
[2022-07-06 21:47:11,005] {logging_mixin.py:115} INFO - [2022-07-06 21:47:11,005] {dag.py:2927} INFO - Setting next_dagrun for example_xcom_args_with_operators to None, run_after=None
[2022-07-06 21:47:11,020] {processor.py:161} INFO - Processing /home/nicholas/.local/lib/python3.10/site-packages/airflow/example_dags/example_xcomargs.py took 0.066 seconds
[2022-07-06 21:47:44,072] {processor.py:153} INFO - Started process (PID=159455) to work on /home/nicholas/.local/lib/python3.10/site-packages/airflow/example_dags/example_xcomargs.py
[2022-07-06 21:47:44,073] {processor.py:641} INFO - Processing file /home/nicholas/.local/lib/python3.10/site-packages/airflow/example_dags/example_xcomargs.py for tasks to queue
[2022-07-06 21:47:44,073] {logging_mixin.py:115} INFO - [2022-07-06 21:47:44,073] {dagbag.py:507} INFO - Filling up the DagBag from /home/nicholas/.local/lib/python3.10/site-packages/airflow/example_dags/example_xcomargs.py
[2022-07-06 21:47:44,090] {processor.py:651} INFO - DAG(s) dict_keys(['example_xcom_args', 'example_xcom_args_with_operators']) retrieved from /home/nicholas/.local/lib/python3.10/site-packages/airflow/example_dags/example_xcomargs.py
[2022-07-06 21:47:44,105] {logging_mixin.py:115} INFO - [2022-07-06 21:47:44,105] {dag.py:2379} INFO - Sync 2 DAGs
[2022-07-06 21:47:44,119] {logging_mixin.py:115} INFO - [2022-07-06 21:47:44,119] {dag.py:2927} INFO - Setting next_dagrun for example_xcom_args to None, run_after=None
[2022-07-06 21:47:44,119] {logging_mixin.py:115} INFO - [2022-07-06 21:47:44,119] {dag.py:2927} INFO - Setting next_dagrun for example_xcom_args_with_operators to None, run_after=None
[2022-07-06 21:47:44,134] {processor.py:161} INFO - Processing /home/nicholas/.local/lib/python3.10/site-packages/airflow/example_dags/example_xcomargs.py took 0.065 seconds
[2022-07-06 21:48:16,816] {processor.py:153} INFO - Started process (PID=159542) to work on /home/nicholas/.local/lib/python3.10/site-packages/airflow/example_dags/example_xcomargs.py
[2022-07-06 21:48:16,816] {processor.py:641} INFO - Processing file /home/nicholas/.local/lib/python3.10/site-packages/airflow/example_dags/example_xcomargs.py for tasks to queue
[2022-07-06 21:48:16,817] {logging_mixin.py:115} INFO - [2022-07-06 21:48:16,817] {dagbag.py:507} INFO - Filling up the DagBag from /home/nicholas/.local/lib/python3.10/site-packages/airflow/example_dags/example_xcomargs.py
[2022-07-06 21:48:16,836] {processor.py:651} INFO - DAG(s) dict_keys(['example_xcom_args', 'example_xcom_args_with_operators']) retrieved from /home/nicholas/.local/lib/python3.10/site-packages/airflow/example_dags/example_xcomargs.py
[2022-07-06 21:48:16,853] {logging_mixin.py:115} INFO - [2022-07-06 21:48:16,852] {dag.py:2379} INFO - Sync 2 DAGs
[2022-07-06 21:48:16,867] {logging_mixin.py:115} INFO - [2022-07-06 21:48:16,866] {dag.py:2927} INFO - Setting next_dagrun for example_xcom_args to None, run_after=None
[2022-07-06 21:48:16,867] {logging_mixin.py:115} INFO - [2022-07-06 21:48:16,867] {dag.py:2927} INFO - Setting next_dagrun for example_xcom_args_with_operators to None, run_after=None
[2022-07-06 21:48:16,880] {processor.py:161} INFO - Processing /home/nicholas/.local/lib/python3.10/site-packages/airflow/example_dags/example_xcomargs.py took 0.067 seconds
[2022-07-06 21:48:51,931] {processor.py:153} INFO - Started process (PID=159626) to work on /home/nicholas/.local/lib/python3.10/site-packages/airflow/example_dags/example_xcomargs.py
[2022-07-06 21:48:51,932] {processor.py:641} INFO - Processing file /home/nicholas/.local/lib/python3.10/site-packages/airflow/example_dags/example_xcomargs.py for tasks to queue
[2022-07-06 21:48:51,933] {logging_mixin.py:115} INFO - [2022-07-06 21:48:51,933] {dagbag.py:507} INFO - Filling up the DagBag from /home/nicholas/.local/lib/python3.10/site-packages/airflow/example_dags/example_xcomargs.py
[2022-07-06 21:48:51,950] {processor.py:651} INFO - DAG(s) dict_keys(['example_xcom_args', 'example_xcom_args_with_operators']) retrieved from /home/nicholas/.local/lib/python3.10/site-packages/airflow/example_dags/example_xcomargs.py
[2022-07-06 21:48:51,966] {logging_mixin.py:115} INFO - [2022-07-06 21:48:51,966] {dag.py:2379} INFO - Sync 2 DAGs
[2022-07-06 21:48:51,980] {logging_mixin.py:115} INFO - [2022-07-06 21:48:51,980] {dag.py:2927} INFO - Setting next_dagrun for example_xcom_args to None, run_after=None
[2022-07-06 21:48:51,980] {logging_mixin.py:115} INFO - [2022-07-06 21:48:51,980] {dag.py:2927} INFO - Setting next_dagrun for example_xcom_args_with_operators to None, run_after=None
[2022-07-06 21:48:51,995] {processor.py:161} INFO - Processing /home/nicholas/.local/lib/python3.10/site-packages/airflow/example_dags/example_xcomargs.py took 0.066 seconds
[2022-07-06 21:49:25,470] {processor.py:153} INFO - Started process (PID=159740) to work on /home/nicholas/.local/lib/python3.10/site-packages/airflow/example_dags/example_xcomargs.py
[2022-07-06 21:49:25,470] {processor.py:641} INFO - Processing file /home/nicholas/.local/lib/python3.10/site-packages/airflow/example_dags/example_xcomargs.py for tasks to queue
[2022-07-06 21:49:25,471] {logging_mixin.py:115} INFO - [2022-07-06 21:49:25,470] {dagbag.py:507} INFO - Filling up the DagBag from /home/nicholas/.local/lib/python3.10/site-packages/airflow/example_dags/example_xcomargs.py
[2022-07-06 21:49:25,488] {processor.py:651} INFO - DAG(s) dict_keys(['example_xcom_args', 'example_xcom_args_with_operators']) retrieved from /home/nicholas/.local/lib/python3.10/site-packages/airflow/example_dags/example_xcomargs.py
[2022-07-06 21:49:25,530] {logging_mixin.py:115} INFO - [2022-07-06 21:49:25,530] {dag.py:2379} INFO - Sync 2 DAGs
[2022-07-06 21:49:25,541] {logging_mixin.py:115} INFO - [2022-07-06 21:49:25,541] {dag.py:2927} INFO - Setting next_dagrun for example_xcom_args to None, run_after=None
[2022-07-06 21:49:25,541] {logging_mixin.py:115} INFO - [2022-07-06 21:49:25,541] {dag.py:2927} INFO - Setting next_dagrun for example_xcom_args_with_operators to None, run_after=None
[2022-07-06 21:49:25,556] {processor.py:161} INFO - Processing /home/nicholas/.local/lib/python3.10/site-packages/airflow/example_dags/example_xcomargs.py took 0.089 seconds
[2022-07-06 21:49:57,814] {processor.py:153} INFO - Started process (PID=159814) to work on /home/nicholas/.local/lib/python3.10/site-packages/airflow/example_dags/example_xcomargs.py
[2022-07-06 21:49:57,815] {processor.py:641} INFO - Processing file /home/nicholas/.local/lib/python3.10/site-packages/airflow/example_dags/example_xcomargs.py for tasks to queue
[2022-07-06 21:49:57,815] {logging_mixin.py:115} INFO - [2022-07-06 21:49:57,815] {dagbag.py:507} INFO - Filling up the DagBag from /home/nicholas/.local/lib/python3.10/site-packages/airflow/example_dags/example_xcomargs.py
[2022-07-06 21:49:57,833] {processor.py:651} INFO - DAG(s) dict_keys(['example_xcom_args', 'example_xcom_args_with_operators']) retrieved from /home/nicholas/.local/lib/python3.10/site-packages/airflow/example_dags/example_xcomargs.py
[2022-07-06 21:49:57,848] {logging_mixin.py:115} INFO - [2022-07-06 21:49:57,848] {dag.py:2379} INFO - Sync 2 DAGs
[2022-07-06 21:49:57,862] {logging_mixin.py:115} INFO - [2022-07-06 21:49:57,862] {dag.py:2927} INFO - Setting next_dagrun for example_xcom_args to None, run_after=None
[2022-07-06 21:49:57,862] {logging_mixin.py:115} INFO - [2022-07-06 21:49:57,862] {dag.py:2927} INFO - Setting next_dagrun for example_xcom_args_with_operators to None, run_after=None
[2022-07-06 21:49:57,876] {processor.py:161} INFO - Processing /home/nicholas/.local/lib/python3.10/site-packages/airflow/example_dags/example_xcomargs.py took 0.065 seconds
[2022-07-06 21:50:32,267] {processor.py:153} INFO - Started process (PID=159894) to work on /home/nicholas/.local/lib/python3.10/site-packages/airflow/example_dags/example_xcomargs.py
[2022-07-06 21:50:32,267] {processor.py:641} INFO - Processing file /home/nicholas/.local/lib/python3.10/site-packages/airflow/example_dags/example_xcomargs.py for tasks to queue
[2022-07-06 21:50:32,268] {logging_mixin.py:115} INFO - [2022-07-06 21:50:32,268] {dagbag.py:507} INFO - Filling up the DagBag from /home/nicholas/.local/lib/python3.10/site-packages/airflow/example_dags/example_xcomargs.py
[2022-07-06 21:50:32,285] {processor.py:651} INFO - DAG(s) dict_keys(['example_xcom_args', 'example_xcom_args_with_operators']) retrieved from /home/nicholas/.local/lib/python3.10/site-packages/airflow/example_dags/example_xcomargs.py
[2022-07-06 21:50:32,301] {logging_mixin.py:115} INFO - [2022-07-06 21:50:32,301] {dag.py:2379} INFO - Sync 2 DAGs
[2022-07-06 21:50:32,315] {logging_mixin.py:115} INFO - [2022-07-06 21:50:32,315] {dag.py:2927} INFO - Setting next_dagrun for example_xcom_args to None, run_after=None
[2022-07-06 21:50:32,316] {logging_mixin.py:115} INFO - [2022-07-06 21:50:32,316] {dag.py:2927} INFO - Setting next_dagrun for example_xcom_args_with_operators to None, run_after=None
[2022-07-06 21:50:32,329] {processor.py:161} INFO - Processing /home/nicholas/.local/lib/python3.10/site-packages/airflow/example_dags/example_xcomargs.py took 0.065 seconds
[2022-07-06 21:51:06,203] {processor.py:153} INFO - Started process (PID=159975) to work on /home/nicholas/.local/lib/python3.10/site-packages/airflow/example_dags/example_xcomargs.py
[2022-07-06 21:51:06,204] {processor.py:641} INFO - Processing file /home/nicholas/.local/lib/python3.10/site-packages/airflow/example_dags/example_xcomargs.py for tasks to queue
[2022-07-06 21:51:06,204] {logging_mixin.py:115} INFO - [2022-07-06 21:51:06,204] {dagbag.py:507} INFO - Filling up the DagBag from /home/nicholas/.local/lib/python3.10/site-packages/airflow/example_dags/example_xcomargs.py
[2022-07-06 21:51:06,223] {processor.py:651} INFO - DAG(s) dict_keys(['example_xcom_args', 'example_xcom_args_with_operators']) retrieved from /home/nicholas/.local/lib/python3.10/site-packages/airflow/example_dags/example_xcomargs.py
[2022-07-06 21:51:06,239] {logging_mixin.py:115} INFO - [2022-07-06 21:51:06,238] {dag.py:2379} INFO - Sync 2 DAGs
[2022-07-06 21:51:06,252] {logging_mixin.py:115} INFO - [2022-07-06 21:51:06,252] {dag.py:2927} INFO - Setting next_dagrun for example_xcom_args to None, run_after=None
[2022-07-06 21:51:06,253] {logging_mixin.py:115} INFO - [2022-07-06 21:51:06,253] {dag.py:2927} INFO - Setting next_dagrun for example_xcom_args_with_operators to None, run_after=None
[2022-07-06 21:51:06,267] {processor.py:161} INFO - Processing /home/nicholas/.local/lib/python3.10/site-packages/airflow/example_dags/example_xcomargs.py took 0.066 seconds
[2022-07-06 21:51:39,975] {processor.py:153} INFO - Started process (PID=160052) to work on /home/nicholas/.local/lib/python3.10/site-packages/airflow/example_dags/example_xcomargs.py
[2022-07-06 21:51:39,976] {processor.py:641} INFO - Processing file /home/nicholas/.local/lib/python3.10/site-packages/airflow/example_dags/example_xcomargs.py for tasks to queue
[2022-07-06 21:51:39,976] {logging_mixin.py:115} INFO - [2022-07-06 21:51:39,976] {dagbag.py:507} INFO - Filling up the DagBag from /home/nicholas/.local/lib/python3.10/site-packages/airflow/example_dags/example_xcomargs.py
[2022-07-06 21:51:39,994] {processor.py:651} INFO - DAG(s) dict_keys(['example_xcom_args', 'example_xcom_args_with_operators']) retrieved from /home/nicholas/.local/lib/python3.10/site-packages/airflow/example_dags/example_xcomargs.py
[2022-07-06 21:51:40,009] {logging_mixin.py:115} INFO - [2022-07-06 21:51:40,009] {dag.py:2379} INFO - Sync 2 DAGs
[2022-07-06 21:51:40,023] {logging_mixin.py:115} INFO - [2022-07-06 21:51:40,023] {dag.py:2927} INFO - Setting next_dagrun for example_xcom_args to None, run_after=None
[2022-07-06 21:51:40,023] {logging_mixin.py:115} INFO - [2022-07-06 21:51:40,023] {dag.py:2927} INFO - Setting next_dagrun for example_xcom_args_with_operators to None, run_after=None
[2022-07-06 21:51:40,037] {processor.py:161} INFO - Processing /home/nicholas/.local/lib/python3.10/site-packages/airflow/example_dags/example_xcomargs.py took 0.064 seconds
[2022-07-06 21:52:14,465] {processor.py:153} INFO - Started process (PID=160147) to work on /home/nicholas/.local/lib/python3.10/site-packages/airflow/example_dags/example_xcomargs.py
[2022-07-06 21:52:14,466] {processor.py:641} INFO - Processing file /home/nicholas/.local/lib/python3.10/site-packages/airflow/example_dags/example_xcomargs.py for tasks to queue
[2022-07-06 21:52:14,466] {logging_mixin.py:115} INFO - [2022-07-06 21:52:14,466] {dagbag.py:507} INFO - Filling up the DagBag from /home/nicholas/.local/lib/python3.10/site-packages/airflow/example_dags/example_xcomargs.py
[2022-07-06 21:52:14,483] {processor.py:651} INFO - DAG(s) dict_keys(['example_xcom_args', 'example_xcom_args_with_operators']) retrieved from /home/nicholas/.local/lib/python3.10/site-packages/airflow/example_dags/example_xcomargs.py
[2022-07-06 21:52:14,500] {logging_mixin.py:115} INFO - [2022-07-06 21:52:14,500] {dag.py:2379} INFO - Sync 2 DAGs
[2022-07-06 21:52:14,515] {logging_mixin.py:115} INFO - [2022-07-06 21:52:14,515] {dag.py:2927} INFO - Setting next_dagrun for example_xcom_args to None, run_after=None
[2022-07-06 21:52:14,515] {logging_mixin.py:115} INFO - [2022-07-06 21:52:14,515] {dag.py:2927} INFO - Setting next_dagrun for example_xcom_args_with_operators to None, run_after=None
[2022-07-06 21:52:14,531] {processor.py:161} INFO - Processing /home/nicholas/.local/lib/python3.10/site-packages/airflow/example_dags/example_xcomargs.py took 0.068 seconds
[2022-07-06 21:52:48,400] {processor.py:153} INFO - Started process (PID=160230) to work on /home/nicholas/.local/lib/python3.10/site-packages/airflow/example_dags/example_xcomargs.py
[2022-07-06 21:52:48,400] {processor.py:641} INFO - Processing file /home/nicholas/.local/lib/python3.10/site-packages/airflow/example_dags/example_xcomargs.py for tasks to queue
[2022-07-06 21:52:48,401] {logging_mixin.py:115} INFO - [2022-07-06 21:52:48,401] {dagbag.py:507} INFO - Filling up the DagBag from /home/nicholas/.local/lib/python3.10/site-packages/airflow/example_dags/example_xcomargs.py
[2022-07-06 21:52:48,420] {processor.py:651} INFO - DAG(s) dict_keys(['example_xcom_args', 'example_xcom_args_with_operators']) retrieved from /home/nicholas/.local/lib/python3.10/site-packages/airflow/example_dags/example_xcomargs.py
[2022-07-06 21:52:48,435] {logging_mixin.py:115} INFO - [2022-07-06 21:52:48,435] {dag.py:2379} INFO - Sync 2 DAGs
[2022-07-06 21:52:48,450] {logging_mixin.py:115} INFO - [2022-07-06 21:52:48,450] {dag.py:2927} INFO - Setting next_dagrun for example_xcom_args to None, run_after=None
[2022-07-06 21:52:48,450] {logging_mixin.py:115} INFO - [2022-07-06 21:52:48,450] {dag.py:2927} INFO - Setting next_dagrun for example_xcom_args_with_operators to None, run_after=None
[2022-07-06 21:52:48,465] {processor.py:161} INFO - Processing /home/nicholas/.local/lib/python3.10/site-packages/airflow/example_dags/example_xcomargs.py took 0.067 seconds
[2022-07-06 21:53:23,036] {processor.py:153} INFO - Started process (PID=160309) to work on /home/nicholas/.local/lib/python3.10/site-packages/airflow/example_dags/example_xcomargs.py
[2022-07-06 21:53:23,036] {processor.py:641} INFO - Processing file /home/nicholas/.local/lib/python3.10/site-packages/airflow/example_dags/example_xcomargs.py for tasks to queue
[2022-07-06 21:53:23,036] {logging_mixin.py:115} INFO - [2022-07-06 21:53:23,036] {dagbag.py:507} INFO - Filling up the DagBag from /home/nicholas/.local/lib/python3.10/site-packages/airflow/example_dags/example_xcomargs.py
[2022-07-06 21:53:23,055] {processor.py:651} INFO - DAG(s) dict_keys(['example_xcom_args', 'example_xcom_args_with_operators']) retrieved from /home/nicholas/.local/lib/python3.10/site-packages/airflow/example_dags/example_xcomargs.py
[2022-07-06 21:53:23,071] {logging_mixin.py:115} INFO - [2022-07-06 21:53:23,071] {dag.py:2379} INFO - Sync 2 DAGs
[2022-07-06 21:53:23,085] {logging_mixin.py:115} INFO - [2022-07-06 21:53:23,085] {dag.py:2927} INFO - Setting next_dagrun for example_xcom_args to None, run_after=None
[2022-07-06 21:53:23,085] {logging_mixin.py:115} INFO - [2022-07-06 21:53:23,085] {dag.py:2927} INFO - Setting next_dagrun for example_xcom_args_with_operators to None, run_after=None
[2022-07-06 21:53:23,099] {processor.py:161} INFO - Processing /home/nicholas/.local/lib/python3.10/site-packages/airflow/example_dags/example_xcomargs.py took 0.066 seconds
[2022-07-06 21:53:55,166] {processor.py:153} INFO - Started process (PID=160389) to work on /home/nicholas/.local/lib/python3.10/site-packages/airflow/example_dags/example_xcomargs.py
[2022-07-06 21:53:55,166] {processor.py:641} INFO - Processing file /home/nicholas/.local/lib/python3.10/site-packages/airflow/example_dags/example_xcomargs.py for tasks to queue
[2022-07-06 21:53:55,167] {logging_mixin.py:115} INFO - [2022-07-06 21:53:55,167] {dagbag.py:507} INFO - Filling up the DagBag from /home/nicholas/.local/lib/python3.10/site-packages/airflow/example_dags/example_xcomargs.py
[2022-07-06 21:53:55,184] {processor.py:651} INFO - DAG(s) dict_keys(['example_xcom_args', 'example_xcom_args_with_operators']) retrieved from /home/nicholas/.local/lib/python3.10/site-packages/airflow/example_dags/example_xcomargs.py
[2022-07-06 21:53:55,200] {logging_mixin.py:115} INFO - [2022-07-06 21:53:55,200] {dag.py:2379} INFO - Sync 2 DAGs
[2022-07-06 21:53:55,215] {logging_mixin.py:115} INFO - [2022-07-06 21:53:55,215] {dag.py:2927} INFO - Setting next_dagrun for example_xcom_args to None, run_after=None
[2022-07-06 21:53:55,215] {logging_mixin.py:115} INFO - [2022-07-06 21:53:55,215] {dag.py:2927} INFO - Setting next_dagrun for example_xcom_args_with_operators to None, run_after=None
[2022-07-06 21:53:55,230] {processor.py:161} INFO - Processing /home/nicholas/.local/lib/python3.10/site-packages/airflow/example_dags/example_xcomargs.py took 0.066 seconds
[2022-07-06 21:54:28,463] {processor.py:153} INFO - Started process (PID=160500) to work on /home/nicholas/.local/lib/python3.10/site-packages/airflow/example_dags/example_xcomargs.py
[2022-07-06 21:54:28,465] {processor.py:641} INFO - Processing file /home/nicholas/.local/lib/python3.10/site-packages/airflow/example_dags/example_xcomargs.py for tasks to queue
[2022-07-06 21:54:28,465] {logging_mixin.py:115} INFO - [2022-07-06 21:54:28,465] {dagbag.py:507} INFO - Filling up the DagBag from /home/nicholas/.local/lib/python3.10/site-packages/airflow/example_dags/example_xcomargs.py
[2022-07-06 21:54:28,486] {processor.py:651} INFO - DAG(s) dict_keys(['example_xcom_args', 'example_xcom_args_with_operators']) retrieved from /home/nicholas/.local/lib/python3.10/site-packages/airflow/example_dags/example_xcomargs.py
[2022-07-06 21:54:28,530] {logging_mixin.py:115} INFO - [2022-07-06 21:54:28,530] {dag.py:2379} INFO - Sync 2 DAGs
[2022-07-06 21:54:28,541] {logging_mixin.py:115} INFO - [2022-07-06 21:54:28,541] {dag.py:2927} INFO - Setting next_dagrun for example_xcom_args to None, run_after=None
[2022-07-06 21:54:28,542] {logging_mixin.py:115} INFO - [2022-07-06 21:54:28,542] {dag.py:2927} INFO - Setting next_dagrun for example_xcom_args_with_operators to None, run_after=None
[2022-07-06 21:54:28,557] {processor.py:161} INFO - Processing /home/nicholas/.local/lib/python3.10/site-packages/airflow/example_dags/example_xcomargs.py took 0.096 seconds
[2022-07-06 21:55:00,544] {processor.py:153} INFO - Started process (PID=160694) to work on /home/nicholas/.local/lib/python3.10/site-packages/airflow/example_dags/example_xcomargs.py
[2022-07-06 21:55:00,544] {processor.py:641} INFO - Processing file /home/nicholas/.local/lib/python3.10/site-packages/airflow/example_dags/example_xcomargs.py for tasks to queue
[2022-07-06 21:55:00,545] {logging_mixin.py:115} INFO - [2022-07-06 21:55:00,544] {dagbag.py:507} INFO - Filling up the DagBag from /home/nicholas/.local/lib/python3.10/site-packages/airflow/example_dags/example_xcomargs.py
[2022-07-06 21:55:00,565] {processor.py:651} INFO - DAG(s) dict_keys(['example_xcom_args', 'example_xcom_args_with_operators']) retrieved from /home/nicholas/.local/lib/python3.10/site-packages/airflow/example_dags/example_xcomargs.py
[2022-07-06 21:55:00,584] {logging_mixin.py:115} INFO - [2022-07-06 21:55:00,584] {dag.py:2379} INFO - Sync 2 DAGs
[2022-07-06 21:55:00,602] {logging_mixin.py:115} INFO - [2022-07-06 21:55:00,602] {dag.py:2927} INFO - Setting next_dagrun for example_xcom_args to None, run_after=None
[2022-07-06 21:55:00,602] {logging_mixin.py:115} INFO - [2022-07-06 21:55:00,602] {dag.py:2927} INFO - Setting next_dagrun for example_xcom_args_with_operators to None, run_after=None
[2022-07-06 21:55:00,617] {processor.py:161} INFO - Processing /home/nicholas/.local/lib/python3.10/site-packages/airflow/example_dags/example_xcomargs.py took 0.077 seconds
