[2022-07-06 21:44:36,510] {processor.py:153} INFO - Started process (PID=158995) to work on /home/nicholas/.local/lib/python3.10/site-packages/airflow/example_dags/example_branch_day_of_week_operator.py
[2022-07-06 21:44:36,511] {processor.py:641} INFO - Processing file /home/nicholas/.local/lib/python3.10/site-packages/airflow/example_dags/example_branch_day_of_week_operator.py for tasks to queue
[2022-07-06 21:44:36,511] {logging_mixin.py:115} INFO - [2022-07-06 21:44:36,511] {dagbag.py:507} INFO - Filling up the DagBag from /home/nicholas/.local/lib/python3.10/site-packages/airflow/example_dags/example_branch_day_of_week_operator.py
[2022-07-06 21:44:36,521] {processor.py:651} INFO - DAG(s) dict_keys(['example_weekday_branch_operator']) retrieved from /home/nicholas/.local/lib/python3.10/site-packages/airflow/example_dags/example_branch_day_of_week_operator.py
[2022-07-06 21:44:36,536] {logging_mixin.py:115} INFO - [2022-07-06 21:44:36,536] {dag.py:2379} INFO - Sync 1 DAGs
[2022-07-06 21:44:36,550] {logging_mixin.py:115} INFO - [2022-07-06 21:44:36,550] {dag.py:2927} INFO - Setting next_dagrun for example_weekday_branch_operator to 2022-07-06T00:00:00+00:00, run_after=2022-07-07T00:00:00+00:00
[2022-07-06 21:44:36,565] {processor.py:161} INFO - Processing /home/nicholas/.local/lib/python3.10/site-packages/airflow/example_dags/example_branch_day_of_week_operator.py took 0.058 seconds
[2022-07-06 21:45:11,474] {processor.py:153} INFO - Started process (PID=159073) to work on /home/nicholas/.local/lib/python3.10/site-packages/airflow/example_dags/example_branch_day_of_week_operator.py
[2022-07-06 21:45:11,475] {processor.py:641} INFO - Processing file /home/nicholas/.local/lib/python3.10/site-packages/airflow/example_dags/example_branch_day_of_week_operator.py for tasks to queue
[2022-07-06 21:45:11,475] {logging_mixin.py:115} INFO - [2022-07-06 21:45:11,475] {dagbag.py:507} INFO - Filling up the DagBag from /home/nicholas/.local/lib/python3.10/site-packages/airflow/example_dags/example_branch_day_of_week_operator.py
[2022-07-06 21:45:11,482] {processor.py:651} INFO - DAG(s) dict_keys(['example_weekday_branch_operator']) retrieved from /home/nicholas/.local/lib/python3.10/site-packages/airflow/example_dags/example_branch_day_of_week_operator.py
[2022-07-06 21:45:11,495] {logging_mixin.py:115} INFO - [2022-07-06 21:45:11,495] {dag.py:2379} INFO - Sync 1 DAGs
[2022-07-06 21:45:11,509] {logging_mixin.py:115} INFO - [2022-07-06 21:45:11,509] {dag.py:2927} INFO - Setting next_dagrun for example_weekday_branch_operator to 2022-07-06T00:00:00+00:00, run_after=2022-07-07T00:00:00+00:00
[2022-07-06 21:45:11,526] {processor.py:161} INFO - Processing /home/nicholas/.local/lib/python3.10/site-packages/airflow/example_dags/example_branch_day_of_week_operator.py took 0.054 seconds
[2022-07-06 21:45:45,003] {processor.py:153} INFO - Started process (PID=159159) to work on /home/nicholas/.local/lib/python3.10/site-packages/airflow/example_dags/example_branch_day_of_week_operator.py
[2022-07-06 21:45:45,003] {processor.py:641} INFO - Processing file /home/nicholas/.local/lib/python3.10/site-packages/airflow/example_dags/example_branch_day_of_week_operator.py for tasks to queue
[2022-07-06 21:45:45,004] {logging_mixin.py:115} INFO - [2022-07-06 21:45:45,004] {dagbag.py:507} INFO - Filling up the DagBag from /home/nicholas/.local/lib/python3.10/site-packages/airflow/example_dags/example_branch_day_of_week_operator.py
[2022-07-06 21:45:45,011] {processor.py:651} INFO - DAG(s) dict_keys(['example_weekday_branch_operator']) retrieved from /home/nicholas/.local/lib/python3.10/site-packages/airflow/example_dags/example_branch_day_of_week_operator.py
[2022-07-06 21:45:45,024] {logging_mixin.py:115} INFO - [2022-07-06 21:45:45,024] {dag.py:2379} INFO - Sync 1 DAGs
[2022-07-06 21:45:45,038] {logging_mixin.py:115} INFO - [2022-07-06 21:45:45,038] {dag.py:2927} INFO - Setting next_dagrun for example_weekday_branch_operator to 2022-07-06T00:00:00+00:00, run_after=2022-07-07T00:00:00+00:00
[2022-07-06 21:45:45,053] {processor.py:161} INFO - Processing /home/nicholas/.local/lib/python3.10/site-packages/airflow/example_dags/example_branch_day_of_week_operator.py took 0.052 seconds
[2022-07-06 21:46:21,124] {processor.py:153} INFO - Started process (PID=159253) to work on /home/nicholas/.local/lib/python3.10/site-packages/airflow/example_dags/example_branch_day_of_week_operator.py
[2022-07-06 21:46:21,125] {processor.py:641} INFO - Processing file /home/nicholas/.local/lib/python3.10/site-packages/airflow/example_dags/example_branch_day_of_week_operator.py for tasks to queue
[2022-07-06 21:46:21,125] {logging_mixin.py:115} INFO - [2022-07-06 21:46:21,125] {dagbag.py:507} INFO - Filling up the DagBag from /home/nicholas/.local/lib/python3.10/site-packages/airflow/example_dags/example_branch_day_of_week_operator.py
[2022-07-06 21:46:21,132] {processor.py:651} INFO - DAG(s) dict_keys(['example_weekday_branch_operator']) retrieved from /home/nicholas/.local/lib/python3.10/site-packages/airflow/example_dags/example_branch_day_of_week_operator.py
[2022-07-06 21:46:21,145] {logging_mixin.py:115} INFO - [2022-07-06 21:46:21,145] {dag.py:2379} INFO - Sync 1 DAGs
[2022-07-06 21:46:21,159] {logging_mixin.py:115} INFO - [2022-07-06 21:46:21,159] {dag.py:2927} INFO - Setting next_dagrun for example_weekday_branch_operator to 2022-07-06T00:00:00+00:00, run_after=2022-07-07T00:00:00+00:00
[2022-07-06 21:46:21,172] {processor.py:161} INFO - Processing /home/nicholas/.local/lib/python3.10/site-packages/airflow/example_dags/example_branch_day_of_week_operator.py took 0.051 seconds
[2022-07-06 21:46:55,627] {processor.py:153} INFO - Started process (PID=159327) to work on /home/nicholas/.local/lib/python3.10/site-packages/airflow/example_dags/example_branch_day_of_week_operator.py
[2022-07-06 21:46:55,628] {processor.py:641} INFO - Processing file /home/nicholas/.local/lib/python3.10/site-packages/airflow/example_dags/example_branch_day_of_week_operator.py for tasks to queue
[2022-07-06 21:46:55,628] {logging_mixin.py:115} INFO - [2022-07-06 21:46:55,628] {dagbag.py:507} INFO - Filling up the DagBag from /home/nicholas/.local/lib/python3.10/site-packages/airflow/example_dags/example_branch_day_of_week_operator.py
[2022-07-06 21:46:55,635] {processor.py:651} INFO - DAG(s) dict_keys(['example_weekday_branch_operator']) retrieved from /home/nicholas/.local/lib/python3.10/site-packages/airflow/example_dags/example_branch_day_of_week_operator.py
[2022-07-06 21:46:55,649] {logging_mixin.py:115} INFO - [2022-07-06 21:46:55,649] {dag.py:2379} INFO - Sync 1 DAGs
[2022-07-06 21:46:55,663] {logging_mixin.py:115} INFO - [2022-07-06 21:46:55,663] {dag.py:2927} INFO - Setting next_dagrun for example_weekday_branch_operator to 2022-07-06T00:00:00+00:00, run_after=2022-07-07T00:00:00+00:00
[2022-07-06 21:46:55,678] {processor.py:161} INFO - Processing /home/nicholas/.local/lib/python3.10/site-packages/airflow/example_dags/example_branch_day_of_week_operator.py took 0.053 seconds
[2022-07-06 21:47:31,307] {processor.py:153} INFO - Started process (PID=159426) to work on /home/nicholas/.local/lib/python3.10/site-packages/airflow/example_dags/example_branch_day_of_week_operator.py
[2022-07-06 21:47:31,308] {processor.py:641} INFO - Processing file /home/nicholas/.local/lib/python3.10/site-packages/airflow/example_dags/example_branch_day_of_week_operator.py for tasks to queue
[2022-07-06 21:47:31,308] {logging_mixin.py:115} INFO - [2022-07-06 21:47:31,308] {dagbag.py:507} INFO - Filling up the DagBag from /home/nicholas/.local/lib/python3.10/site-packages/airflow/example_dags/example_branch_day_of_week_operator.py
[2022-07-06 21:47:31,315] {processor.py:651} INFO - DAG(s) dict_keys(['example_weekday_branch_operator']) retrieved from /home/nicholas/.local/lib/python3.10/site-packages/airflow/example_dags/example_branch_day_of_week_operator.py
[2022-07-06 21:47:31,328] {logging_mixin.py:115} INFO - [2022-07-06 21:47:31,328] {dag.py:2379} INFO - Sync 1 DAGs
[2022-07-06 21:47:31,342] {logging_mixin.py:115} INFO - [2022-07-06 21:47:31,342] {dag.py:2927} INFO - Setting next_dagrun for example_weekday_branch_operator to 2022-07-06T00:00:00+00:00, run_after=2022-07-07T00:00:00+00:00
[2022-07-06 21:47:31,356] {processor.py:161} INFO - Processing /home/nicholas/.local/lib/python3.10/site-packages/airflow/example_dags/example_branch_day_of_week_operator.py took 0.052 seconds
[2022-07-06 21:48:04,370] {processor.py:153} INFO - Started process (PID=159511) to work on /home/nicholas/.local/lib/python3.10/site-packages/airflow/example_dags/example_branch_day_of_week_operator.py
[2022-07-06 21:48:04,371] {processor.py:641} INFO - Processing file /home/nicholas/.local/lib/python3.10/site-packages/airflow/example_dags/example_branch_day_of_week_operator.py for tasks to queue
[2022-07-06 21:48:04,371] {logging_mixin.py:115} INFO - [2022-07-06 21:48:04,371] {dagbag.py:507} INFO - Filling up the DagBag from /home/nicholas/.local/lib/python3.10/site-packages/airflow/example_dags/example_branch_day_of_week_operator.py
[2022-07-06 21:48:04,378] {processor.py:651} INFO - DAG(s) dict_keys(['example_weekday_branch_operator']) retrieved from /home/nicholas/.local/lib/python3.10/site-packages/airflow/example_dags/example_branch_day_of_week_operator.py
[2022-07-06 21:48:04,391] {logging_mixin.py:115} INFO - [2022-07-06 21:48:04,391] {dag.py:2379} INFO - Sync 1 DAGs
[2022-07-06 21:48:04,405] {logging_mixin.py:115} INFO - [2022-07-06 21:48:04,405] {dag.py:2927} INFO - Setting next_dagrun for example_weekday_branch_operator to 2022-07-06T00:00:00+00:00, run_after=2022-07-07T00:00:00+00:00
[2022-07-06 21:48:04,426] {processor.py:161} INFO - Processing /home/nicholas/.local/lib/python3.10/site-packages/airflow/example_dags/example_branch_day_of_week_operator.py took 0.058 seconds
[2022-07-06 21:48:39,187] {processor.py:153} INFO - Started process (PID=159590) to work on /home/nicholas/.local/lib/python3.10/site-packages/airflow/example_dags/example_branch_day_of_week_operator.py
[2022-07-06 21:48:39,188] {processor.py:641} INFO - Processing file /home/nicholas/.local/lib/python3.10/site-packages/airflow/example_dags/example_branch_day_of_week_operator.py for tasks to queue
[2022-07-06 21:48:39,188] {logging_mixin.py:115} INFO - [2022-07-06 21:48:39,188] {dagbag.py:507} INFO - Filling up the DagBag from /home/nicholas/.local/lib/python3.10/site-packages/airflow/example_dags/example_branch_day_of_week_operator.py
[2022-07-06 21:48:39,195] {processor.py:651} INFO - DAG(s) dict_keys(['example_weekday_branch_operator']) retrieved from /home/nicholas/.local/lib/python3.10/site-packages/airflow/example_dags/example_branch_day_of_week_operator.py
[2022-07-06 21:48:39,209] {logging_mixin.py:115} INFO - [2022-07-06 21:48:39,209] {dag.py:2379} INFO - Sync 1 DAGs
[2022-07-06 21:48:39,223] {logging_mixin.py:115} INFO - [2022-07-06 21:48:39,223] {dag.py:2927} INFO - Setting next_dagrun for example_weekday_branch_operator to 2022-07-06T00:00:00+00:00, run_after=2022-07-07T00:00:00+00:00
[2022-07-06 21:48:39,237] {processor.py:161} INFO - Processing /home/nicholas/.local/lib/python3.10/site-packages/airflow/example_dags/example_branch_day_of_week_operator.py took 0.052 seconds
[2022-07-06 21:49:13,399] {processor.py:153} INFO - Started process (PID=159707) to work on /home/nicholas/.local/lib/python3.10/site-packages/airflow/example_dags/example_branch_day_of_week_operator.py
[2022-07-06 21:49:13,400] {processor.py:641} INFO - Processing file /home/nicholas/.local/lib/python3.10/site-packages/airflow/example_dags/example_branch_day_of_week_operator.py for tasks to queue
[2022-07-06 21:49:13,400] {logging_mixin.py:115} INFO - [2022-07-06 21:49:13,400] {dagbag.py:507} INFO - Filling up the DagBag from /home/nicholas/.local/lib/python3.10/site-packages/airflow/example_dags/example_branch_day_of_week_operator.py
[2022-07-06 21:49:13,407] {processor.py:651} INFO - DAG(s) dict_keys(['example_weekday_branch_operator']) retrieved from /home/nicholas/.local/lib/python3.10/site-packages/airflow/example_dags/example_branch_day_of_week_operator.py
[2022-07-06 21:49:13,420] {logging_mixin.py:115} INFO - [2022-07-06 21:49:13,420] {dag.py:2379} INFO - Sync 1 DAGs
[2022-07-06 21:49:13,434] {logging_mixin.py:115} INFO - [2022-07-06 21:49:13,434] {dag.py:2927} INFO - Setting next_dagrun for example_weekday_branch_operator to 2022-07-06T00:00:00+00:00, run_after=2022-07-07T00:00:00+00:00
[2022-07-06 21:49:13,450] {processor.py:161} INFO - Processing /home/nicholas/.local/lib/python3.10/site-packages/airflow/example_dags/example_branch_day_of_week_operator.py took 0.053 seconds
[2022-07-06 21:49:47,496] {processor.py:153} INFO - Started process (PID=159789) to work on /home/nicholas/.local/lib/python3.10/site-packages/airflow/example_dags/example_branch_day_of_week_operator.py
[2022-07-06 21:49:47,497] {processor.py:641} INFO - Processing file /home/nicholas/.local/lib/python3.10/site-packages/airflow/example_dags/example_branch_day_of_week_operator.py for tasks to queue
[2022-07-06 21:49:47,497] {logging_mixin.py:115} INFO - [2022-07-06 21:49:47,497] {dagbag.py:507} INFO - Filling up the DagBag from /home/nicholas/.local/lib/python3.10/site-packages/airflow/example_dags/example_branch_day_of_week_operator.py
[2022-07-06 21:49:47,504] {processor.py:651} INFO - DAG(s) dict_keys(['example_weekday_branch_operator']) retrieved from /home/nicholas/.local/lib/python3.10/site-packages/airflow/example_dags/example_branch_day_of_week_operator.py
[2022-07-06 21:49:47,521] {logging_mixin.py:115} INFO - [2022-07-06 21:49:47,521] {dag.py:2379} INFO - Sync 1 DAGs
[2022-07-06 21:49:47,537] {logging_mixin.py:115} INFO - [2022-07-06 21:49:47,537] {dag.py:2927} INFO - Setting next_dagrun for example_weekday_branch_operator to 2022-07-06T00:00:00+00:00, run_after=2022-07-07T00:00:00+00:00
[2022-07-06 21:49:47,551] {processor.py:161} INFO - Processing /home/nicholas/.local/lib/python3.10/site-packages/airflow/example_dags/example_branch_day_of_week_operator.py took 0.058 seconds
[2022-07-06 21:50:23,725] {processor.py:153} INFO - Started process (PID=159874) to work on /home/nicholas/.local/lib/python3.10/site-packages/airflow/example_dags/example_branch_day_of_week_operator.py
[2022-07-06 21:50:23,725] {processor.py:641} INFO - Processing file /home/nicholas/.local/lib/python3.10/site-packages/airflow/example_dags/example_branch_day_of_week_operator.py for tasks to queue
[2022-07-06 21:50:23,726] {logging_mixin.py:115} INFO - [2022-07-06 21:50:23,726] {dagbag.py:507} INFO - Filling up the DagBag from /home/nicholas/.local/lib/python3.10/site-packages/airflow/example_dags/example_branch_day_of_week_operator.py
[2022-07-06 21:50:23,732] {processor.py:651} INFO - DAG(s) dict_keys(['example_weekday_branch_operator']) retrieved from /home/nicholas/.local/lib/python3.10/site-packages/airflow/example_dags/example_branch_day_of_week_operator.py
[2022-07-06 21:50:23,746] {logging_mixin.py:115} INFO - [2022-07-06 21:50:23,746] {dag.py:2379} INFO - Sync 1 DAGs
[2022-07-06 21:50:23,760] {logging_mixin.py:115} INFO - [2022-07-06 21:50:23,760] {dag.py:2927} INFO - Setting next_dagrun for example_weekday_branch_operator to 2022-07-06T00:00:00+00:00, run_after=2022-07-07T00:00:00+00:00
[2022-07-06 21:50:23,774] {processor.py:161} INFO - Processing /home/nicholas/.local/lib/python3.10/site-packages/airflow/example_dags/example_branch_day_of_week_operator.py took 0.052 seconds
[2022-07-06 21:50:57,855] {processor.py:153} INFO - Started process (PID=159950) to work on /home/nicholas/.local/lib/python3.10/site-packages/airflow/example_dags/example_branch_day_of_week_operator.py
[2022-07-06 21:50:57,856] {processor.py:641} INFO - Processing file /home/nicholas/.local/lib/python3.10/site-packages/airflow/example_dags/example_branch_day_of_week_operator.py for tasks to queue
[2022-07-06 21:50:57,856] {logging_mixin.py:115} INFO - [2022-07-06 21:50:57,856] {dagbag.py:507} INFO - Filling up the DagBag from /home/nicholas/.local/lib/python3.10/site-packages/airflow/example_dags/example_branch_day_of_week_operator.py
[2022-07-06 21:50:57,863] {processor.py:651} INFO - DAG(s) dict_keys(['example_weekday_branch_operator']) retrieved from /home/nicholas/.local/lib/python3.10/site-packages/airflow/example_dags/example_branch_day_of_week_operator.py
[2022-07-06 21:50:57,876] {logging_mixin.py:115} INFO - [2022-07-06 21:50:57,876] {dag.py:2379} INFO - Sync 1 DAGs
[2022-07-06 21:50:57,895] {logging_mixin.py:115} INFO - [2022-07-06 21:50:57,895] {dag.py:2927} INFO - Setting next_dagrun for example_weekday_branch_operator to 2022-07-06T00:00:00+00:00, run_after=2022-07-07T00:00:00+00:00
[2022-07-06 21:50:57,909] {processor.py:161} INFO - Processing /home/nicholas/.local/lib/python3.10/site-packages/airflow/example_dags/example_branch_day_of_week_operator.py took 0.056 seconds
[2022-07-06 21:51:35,967] {processor.py:153} INFO - Started process (PID=160047) to work on /home/nicholas/.local/lib/python3.10/site-packages/airflow/example_dags/example_branch_day_of_week_operator.py
[2022-07-06 21:51:35,968] {processor.py:641} INFO - Processing file /home/nicholas/.local/lib/python3.10/site-packages/airflow/example_dags/example_branch_day_of_week_operator.py for tasks to queue
[2022-07-06 21:51:35,969] {logging_mixin.py:115} INFO - [2022-07-06 21:51:35,968] {dagbag.py:507} INFO - Filling up the DagBag from /home/nicholas/.local/lib/python3.10/site-packages/airflow/example_dags/example_branch_day_of_week_operator.py
[2022-07-06 21:51:35,975] {processor.py:651} INFO - DAG(s) dict_keys(['example_weekday_branch_operator']) retrieved from /home/nicholas/.local/lib/python3.10/site-packages/airflow/example_dags/example_branch_day_of_week_operator.py
[2022-07-06 21:51:35,988] {logging_mixin.py:115} INFO - [2022-07-06 21:51:35,988] {dag.py:2379} INFO - Sync 1 DAGs
[2022-07-06 21:51:36,002] {logging_mixin.py:115} INFO - [2022-07-06 21:51:36,002] {dag.py:2927} INFO - Setting next_dagrun for example_weekday_branch_operator to 2022-07-06T00:00:00+00:00, run_after=2022-07-07T00:00:00+00:00
[2022-07-06 21:51:36,017] {processor.py:161} INFO - Processing /home/nicholas/.local/lib/python3.10/site-packages/airflow/example_dags/example_branch_day_of_week_operator.py took 0.052 seconds
[2022-07-06 21:52:08,944] {processor.py:153} INFO - Started process (PID=160134) to work on /home/nicholas/.local/lib/python3.10/site-packages/airflow/example_dags/example_branch_day_of_week_operator.py
[2022-07-06 21:52:08,944] {processor.py:641} INFO - Processing file /home/nicholas/.local/lib/python3.10/site-packages/airflow/example_dags/example_branch_day_of_week_operator.py for tasks to queue
[2022-07-06 21:52:08,945] {logging_mixin.py:115} INFO - [2022-07-06 21:52:08,944] {dagbag.py:507} INFO - Filling up the DagBag from /home/nicholas/.local/lib/python3.10/site-packages/airflow/example_dags/example_branch_day_of_week_operator.py
[2022-07-06 21:52:08,951] {processor.py:651} INFO - DAG(s) dict_keys(['example_weekday_branch_operator']) retrieved from /home/nicholas/.local/lib/python3.10/site-packages/airflow/example_dags/example_branch_day_of_week_operator.py
[2022-07-06 21:52:08,965] {logging_mixin.py:115} INFO - [2022-07-06 21:52:08,965] {dag.py:2379} INFO - Sync 1 DAGs
[2022-07-06 21:52:08,981] {logging_mixin.py:115} INFO - [2022-07-06 21:52:08,981] {dag.py:2927} INFO - Setting next_dagrun for example_weekday_branch_operator to 2022-07-06T00:00:00+00:00, run_after=2022-07-07T00:00:00+00:00
[2022-07-06 21:52:08,995] {processor.py:161} INFO - Processing /home/nicholas/.local/lib/python3.10/site-packages/airflow/example_dags/example_branch_day_of_week_operator.py took 0.054 seconds
[2022-07-06 21:52:44,043] {processor.py:153} INFO - Started process (PID=160221) to work on /home/nicholas/.local/lib/python3.10/site-packages/airflow/example_dags/example_branch_day_of_week_operator.py
[2022-07-06 21:52:44,044] {processor.py:641} INFO - Processing file /home/nicholas/.local/lib/python3.10/site-packages/airflow/example_dags/example_branch_day_of_week_operator.py for tasks to queue
[2022-07-06 21:52:44,045] {logging_mixin.py:115} INFO - [2022-07-06 21:52:44,044] {dagbag.py:507} INFO - Filling up the DagBag from /home/nicholas/.local/lib/python3.10/site-packages/airflow/example_dags/example_branch_day_of_week_operator.py
[2022-07-06 21:52:44,051] {processor.py:651} INFO - DAG(s) dict_keys(['example_weekday_branch_operator']) retrieved from /home/nicholas/.local/lib/python3.10/site-packages/airflow/example_dags/example_branch_day_of_week_operator.py
[2022-07-06 21:52:44,065] {logging_mixin.py:115} INFO - [2022-07-06 21:52:44,065] {dag.py:2379} INFO - Sync 1 DAGs
[2022-07-06 21:52:44,079] {logging_mixin.py:115} INFO - [2022-07-06 21:52:44,079] {dag.py:2927} INFO - Setting next_dagrun for example_weekday_branch_operator to 2022-07-06T00:00:00+00:00, run_after=2022-07-07T00:00:00+00:00
[2022-07-06 21:52:44,093] {processor.py:161} INFO - Processing /home/nicholas/.local/lib/python3.10/site-packages/airflow/example_dags/example_branch_day_of_week_operator.py took 0.052 seconds
[2022-07-06 21:53:18,945] {processor.py:153} INFO - Started process (PID=160302) to work on /home/nicholas/.local/lib/python3.10/site-packages/airflow/example_dags/example_branch_day_of_week_operator.py
[2022-07-06 21:53:18,946] {processor.py:641} INFO - Processing file /home/nicholas/.local/lib/python3.10/site-packages/airflow/example_dags/example_branch_day_of_week_operator.py for tasks to queue
[2022-07-06 21:53:18,946] {logging_mixin.py:115} INFO - [2022-07-06 21:53:18,946] {dagbag.py:507} INFO - Filling up the DagBag from /home/nicholas/.local/lib/python3.10/site-packages/airflow/example_dags/example_branch_day_of_week_operator.py
[2022-07-06 21:53:18,953] {processor.py:651} INFO - DAG(s) dict_keys(['example_weekday_branch_operator']) retrieved from /home/nicholas/.local/lib/python3.10/site-packages/airflow/example_dags/example_branch_day_of_week_operator.py
[2022-07-06 21:53:18,966] {logging_mixin.py:115} INFO - [2022-07-06 21:53:18,966] {dag.py:2379} INFO - Sync 1 DAGs
[2022-07-06 21:53:18,985] {logging_mixin.py:115} INFO - [2022-07-06 21:53:18,985] {dag.py:2927} INFO - Setting next_dagrun for example_weekday_branch_operator to 2022-07-06T00:00:00+00:00, run_after=2022-07-07T00:00:00+00:00
[2022-07-06 21:53:19,005] {processor.py:161} INFO - Processing /home/nicholas/.local/lib/python3.10/site-packages/airflow/example_dags/example_branch_day_of_week_operator.py took 0.062 seconds
[2022-07-06 21:53:56,312] {processor.py:153} INFO - Started process (PID=160392) to work on /home/nicholas/.local/lib/python3.10/site-packages/airflow/example_dags/example_branch_day_of_week_operator.py
[2022-07-06 21:53:56,312] {processor.py:641} INFO - Processing file /home/nicholas/.local/lib/python3.10/site-packages/airflow/example_dags/example_branch_day_of_week_operator.py for tasks to queue
[2022-07-06 21:53:56,313] {logging_mixin.py:115} INFO - [2022-07-06 21:53:56,313] {dagbag.py:507} INFO - Filling up the DagBag from /home/nicholas/.local/lib/python3.10/site-packages/airflow/example_dags/example_branch_day_of_week_operator.py
[2022-07-06 21:53:56,319] {processor.py:651} INFO - DAG(s) dict_keys(['example_weekday_branch_operator']) retrieved from /home/nicholas/.local/lib/python3.10/site-packages/airflow/example_dags/example_branch_day_of_week_operator.py
[2022-07-06 21:53:56,333] {logging_mixin.py:115} INFO - [2022-07-06 21:53:56,332] {dag.py:2379} INFO - Sync 1 DAGs
[2022-07-06 21:53:56,346] {logging_mixin.py:115} INFO - [2022-07-06 21:53:56,346] {dag.py:2927} INFO - Setting next_dagrun for example_weekday_branch_operator to 2022-07-06T00:00:00+00:00, run_after=2022-07-07T00:00:00+00:00
[2022-07-06 21:53:56,360] {processor.py:161} INFO - Processing /home/nicholas/.local/lib/python3.10/site-packages/airflow/example_dags/example_branch_day_of_week_operator.py took 0.051 seconds
[2022-07-06 21:54:29,613] {processor.py:153} INFO - Started process (PID=160507) to work on /home/nicholas/.local/lib/python3.10/site-packages/airflow/example_dags/example_branch_day_of_week_operator.py
[2022-07-06 21:54:29,614] {processor.py:641} INFO - Processing file /home/nicholas/.local/lib/python3.10/site-packages/airflow/example_dags/example_branch_day_of_week_operator.py for tasks to queue
[2022-07-06 21:54:29,614] {logging_mixin.py:115} INFO - [2022-07-06 21:54:29,614] {dagbag.py:507} INFO - Filling up the DagBag from /home/nicholas/.local/lib/python3.10/site-packages/airflow/example_dags/example_branch_day_of_week_operator.py
[2022-07-06 21:54:29,621] {processor.py:651} INFO - DAG(s) dict_keys(['example_weekday_branch_operator']) retrieved from /home/nicholas/.local/lib/python3.10/site-packages/airflow/example_dags/example_branch_day_of_week_operator.py
[2022-07-06 21:54:29,635] {logging_mixin.py:115} INFO - [2022-07-06 21:54:29,635] {dag.py:2379} INFO - Sync 1 DAGs
[2022-07-06 21:54:29,649] {logging_mixin.py:115} INFO - [2022-07-06 21:54:29,649] {dag.py:2927} INFO - Setting next_dagrun for example_weekday_branch_operator to 2022-07-06T00:00:00+00:00, run_after=2022-07-07T00:00:00+00:00
[2022-07-06 21:54:29,663] {processor.py:161} INFO - Processing /home/nicholas/.local/lib/python3.10/site-packages/airflow/example_dags/example_branch_day_of_week_operator.py took 0.052 seconds
[2022-07-06 21:55:04,053] {processor.py:153} INFO - Started process (PID=160708) to work on /home/nicholas/.local/lib/python3.10/site-packages/airflow/example_dags/example_branch_day_of_week_operator.py
[2022-07-06 21:55:04,053] {processor.py:641} INFO - Processing file /home/nicholas/.local/lib/python3.10/site-packages/airflow/example_dags/example_branch_day_of_week_operator.py for tasks to queue
[2022-07-06 21:55:04,054] {logging_mixin.py:115} INFO - [2022-07-06 21:55:04,054] {dagbag.py:507} INFO - Filling up the DagBag from /home/nicholas/.local/lib/python3.10/site-packages/airflow/example_dags/example_branch_day_of_week_operator.py
[2022-07-06 21:55:04,063] {processor.py:651} INFO - DAG(s) dict_keys(['example_weekday_branch_operator']) retrieved from /home/nicholas/.local/lib/python3.10/site-packages/airflow/example_dags/example_branch_day_of_week_operator.py
[2022-07-06 21:55:04,080] {logging_mixin.py:115} INFO - [2022-07-06 21:55:04,080] {dag.py:2379} INFO - Sync 1 DAGs
[2022-07-06 21:55:04,095] {logging_mixin.py:115} INFO - [2022-07-06 21:55:04,094] {dag.py:2927} INFO - Setting next_dagrun for example_weekday_branch_operator to 2022-07-06T00:00:00+00:00, run_after=2022-07-07T00:00:00+00:00
[2022-07-06 21:55:04,109] {processor.py:161} INFO - Processing /home/nicholas/.local/lib/python3.10/site-packages/airflow/example_dags/example_branch_day_of_week_operator.py took 0.059 seconds
