[2022-07-06 21:25:41,769] {processor.py:153} INFO - Started process (PID=158202) to work on /home/nicholas/.local/lib/python3.10/site-packages/airflow/example_dags/example_subdag_operator.py
[2022-07-06 21:25:41,770] {processor.py:641} INFO - Processing file /home/nicholas/.local/lib/python3.10/site-packages/airflow/example_dags/example_subdag_operator.py for tasks to queue
[2022-07-06 21:25:41,770] {logging_mixin.py:115} INFO - [2022-07-06 21:25:41,770] {dagbag.py:507} INFO - Filling up the DagBag from /home/nicholas/.local/lib/python3.10/site-packages/airflow/example_dags/example_subdag_operator.py
[2022-07-06 21:25:41,802] {processor.py:651} INFO - DAG(s) dict_keys(['example_subdag_operator.section-1', 'example_subdag_operator.section-2', 'example_subdag_operator']) retrieved from /home/nicholas/.local/lib/python3.10/site-packages/airflow/example_dags/example_subdag_operator.py
[2022-07-06 21:25:41,815] {logging_mixin.py:115} INFO - [2022-07-06 21:25:41,815] {dag.py:2379} INFO - Sync 3 DAGs
[2022-07-06 21:25:41,827] {logging_mixin.py:115} INFO - [2022-07-06 21:25:41,827] {dag.py:2927} INFO - Setting next_dagrun for example_subdag_operator to 2022-01-01T00:00:00+00:00, run_after=2022-01-01T00:00:00+00:00
[2022-07-06 21:25:41,827] {logging_mixin.py:115} INFO - [2022-07-06 21:25:41,827] {dag.py:2927} INFO - Setting next_dagrun for example_subdag_operator.section-1 to None, run_after=None
[2022-07-06 21:25:41,827] {logging_mixin.py:115} INFO - [2022-07-06 21:25:41,827] {dag.py:2927} INFO - Setting next_dagrun for example_subdag_operator.section-2 to None, run_after=None
[2022-07-06 21:25:41,832] {logging_mixin.py:115} INFO - [2022-07-06 21:25:41,832] {dag.py:2379} INFO - Sync 2 DAGs
[2022-07-06 21:25:41,835] {logging_mixin.py:115} INFO - [2022-07-06 21:25:41,835] {dag.py:2927} INFO - Setting next_dagrun for example_subdag_operator.section-1 to None, run_after=None
[2022-07-06 21:25:41,836] {logging_mixin.py:115} INFO - [2022-07-06 21:25:41,836] {dag.py:2927} INFO - Setting next_dagrun for example_subdag_operator.section-2 to None, run_after=None
[2022-07-06 21:25:41,849] {processor.py:161} INFO - Processing /home/nicholas/.local/lib/python3.10/site-packages/airflow/example_dags/example_subdag_operator.py took 0.082 seconds
[2022-07-06 21:44:12,439] {processor.py:153} INFO - Started process (PID=158885) to work on /home/nicholas/.local/lib/python3.10/site-packages/airflow/example_dags/example_subdag_operator.py
[2022-07-06 21:44:12,440] {processor.py:641} INFO - Processing file /home/nicholas/.local/lib/python3.10/site-packages/airflow/example_dags/example_subdag_operator.py for tasks to queue
[2022-07-06 21:44:12,440] {logging_mixin.py:115} INFO - [2022-07-06 21:44:12,440] {dagbag.py:507} INFO - Filling up the DagBag from /home/nicholas/.local/lib/python3.10/site-packages/airflow/example_dags/example_subdag_operator.py
[2022-07-06 21:44:12,459] {processor.py:651} INFO - DAG(s) dict_keys(['example_subdag_operator.section-1', 'example_subdag_operator.section-2', 'example_subdag_operator']) retrieved from /home/nicholas/.local/lib/python3.10/site-packages/airflow/example_dags/example_subdag_operator.py
[2022-07-06 21:44:12,472] {logging_mixin.py:115} INFO - [2022-07-06 21:44:12,472] {dag.py:2379} INFO - Sync 3 DAGs
[2022-07-06 21:44:12,484] {logging_mixin.py:115} INFO - [2022-07-06 21:44:12,483] {dag.py:2927} INFO - Setting next_dagrun for example_subdag_operator to 2022-01-01T00:00:00+00:00, run_after=2022-01-01T00:00:00+00:00
[2022-07-06 21:44:12,484] {logging_mixin.py:115} INFO - [2022-07-06 21:44:12,484] {dag.py:2927} INFO - Setting next_dagrun for example_subdag_operator.section-1 to None, run_after=None
[2022-07-06 21:44:12,484] {logging_mixin.py:115} INFO - [2022-07-06 21:44:12,484] {dag.py:2927} INFO - Setting next_dagrun for example_subdag_operator.section-2 to None, run_after=None
[2022-07-06 21:44:12,489] {logging_mixin.py:115} INFO - [2022-07-06 21:44:12,489] {dag.py:2379} INFO - Sync 2 DAGs
[2022-07-06 21:44:12,492] {logging_mixin.py:115} INFO - [2022-07-06 21:44:12,492] {dag.py:2927} INFO - Setting next_dagrun for example_subdag_operator.section-1 to None, run_after=None
[2022-07-06 21:44:12,492] {logging_mixin.py:115} INFO - [2022-07-06 21:44:12,492] {dag.py:2927} INFO - Setting next_dagrun for example_subdag_operator.section-2 to None, run_after=None
[2022-07-06 21:44:12,504] {processor.py:161} INFO - Processing /home/nicholas/.local/lib/python3.10/site-packages/airflow/example_dags/example_subdag_operator.py took 0.067 seconds
[2022-07-06 21:44:46,398] {processor.py:153} INFO - Started process (PID=159022) to work on /home/nicholas/.local/lib/python3.10/site-packages/airflow/example_dags/example_subdag_operator.py
[2022-07-06 21:44:46,399] {processor.py:641} INFO - Processing file /home/nicholas/.local/lib/python3.10/site-packages/airflow/example_dags/example_subdag_operator.py for tasks to queue
[2022-07-06 21:44:46,399] {logging_mixin.py:115} INFO - [2022-07-06 21:44:46,399] {dagbag.py:507} INFO - Filling up the DagBag from /home/nicholas/.local/lib/python3.10/site-packages/airflow/example_dags/example_subdag_operator.py
[2022-07-06 21:44:46,420] {processor.py:651} INFO - DAG(s) dict_keys(['example_subdag_operator.section-1', 'example_subdag_operator.section-2', 'example_subdag_operator']) retrieved from /home/nicholas/.local/lib/python3.10/site-packages/airflow/example_dags/example_subdag_operator.py
[2022-07-06 21:44:46,437] {logging_mixin.py:115} INFO - [2022-07-06 21:44:46,437] {dag.py:2379} INFO - Sync 3 DAGs
[2022-07-06 21:44:46,449] {logging_mixin.py:115} INFO - [2022-07-06 21:44:46,449] {dag.py:2927} INFO - Setting next_dagrun for example_subdag_operator to 2022-01-01T00:00:00+00:00, run_after=2022-01-01T00:00:00+00:00
[2022-07-06 21:44:46,449] {logging_mixin.py:115} INFO - [2022-07-06 21:44:46,449] {dag.py:2927} INFO - Setting next_dagrun for example_subdag_operator.section-1 to None, run_after=None
[2022-07-06 21:44:46,449] {logging_mixin.py:115} INFO - [2022-07-06 21:44:46,449] {dag.py:2927} INFO - Setting next_dagrun for example_subdag_operator.section-2 to None, run_after=None
[2022-07-06 21:44:46,454] {logging_mixin.py:115} INFO - [2022-07-06 21:44:46,454] {dag.py:2379} INFO - Sync 2 DAGs
[2022-07-06 21:44:46,457] {logging_mixin.py:115} INFO - [2022-07-06 21:44:46,457] {dag.py:2927} INFO - Setting next_dagrun for example_subdag_operator.section-1 to None, run_after=None
[2022-07-06 21:44:46,457] {logging_mixin.py:115} INFO - [2022-07-06 21:44:46,457] {dag.py:2927} INFO - Setting next_dagrun for example_subdag_operator.section-2 to None, run_after=None
[2022-07-06 21:44:46,469] {processor.py:161} INFO - Processing /home/nicholas/.local/lib/python3.10/site-packages/airflow/example_dags/example_subdag_operator.py took 0.074 seconds
[2022-07-06 21:45:19,215] {processor.py:153} INFO - Started process (PID=159095) to work on /home/nicholas/.local/lib/python3.10/site-packages/airflow/example_dags/example_subdag_operator.py
[2022-07-06 21:45:19,215] {processor.py:641} INFO - Processing file /home/nicholas/.local/lib/python3.10/site-packages/airflow/example_dags/example_subdag_operator.py for tasks to queue
[2022-07-06 21:45:19,216] {logging_mixin.py:115} INFO - [2022-07-06 21:45:19,216] {dagbag.py:507} INFO - Filling up the DagBag from /home/nicholas/.local/lib/python3.10/site-packages/airflow/example_dags/example_subdag_operator.py
[2022-07-06 21:45:19,235] {processor.py:651} INFO - DAG(s) dict_keys(['example_subdag_operator.section-1', 'example_subdag_operator.section-2', 'example_subdag_operator']) retrieved from /home/nicholas/.local/lib/python3.10/site-packages/airflow/example_dags/example_subdag_operator.py
[2022-07-06 21:45:19,247] {logging_mixin.py:115} INFO - [2022-07-06 21:45:19,247] {dag.py:2379} INFO - Sync 3 DAGs
[2022-07-06 21:45:19,259] {logging_mixin.py:115} INFO - [2022-07-06 21:45:19,259] {dag.py:2927} INFO - Setting next_dagrun for example_subdag_operator to 2022-01-01T00:00:00+00:00, run_after=2022-01-01T00:00:00+00:00
[2022-07-06 21:45:19,259] {logging_mixin.py:115} INFO - [2022-07-06 21:45:19,259] {dag.py:2927} INFO - Setting next_dagrun for example_subdag_operator.section-1 to None, run_after=None
[2022-07-06 21:45:19,259] {logging_mixin.py:115} INFO - [2022-07-06 21:45:19,259] {dag.py:2927} INFO - Setting next_dagrun for example_subdag_operator.section-2 to None, run_after=None
[2022-07-06 21:45:19,264] {logging_mixin.py:115} INFO - [2022-07-06 21:45:19,263] {dag.py:2379} INFO - Sync 2 DAGs
[2022-07-06 21:45:19,267] {logging_mixin.py:115} INFO - [2022-07-06 21:45:19,267] {dag.py:2927} INFO - Setting next_dagrun for example_subdag_operator.section-1 to None, run_after=None
[2022-07-06 21:45:19,267] {logging_mixin.py:115} INFO - [2022-07-06 21:45:19,267] {dag.py:2927} INFO - Setting next_dagrun for example_subdag_operator.section-2 to None, run_after=None
[2022-07-06 21:45:19,278] {processor.py:161} INFO - Processing /home/nicholas/.local/lib/python3.10/site-packages/airflow/example_dags/example_subdag_operator.py took 0.065 seconds
[2022-07-06 21:45:52,412] {processor.py:153} INFO - Started process (PID=159181) to work on /home/nicholas/.local/lib/python3.10/site-packages/airflow/example_dags/example_subdag_operator.py
[2022-07-06 21:45:52,413] {processor.py:641} INFO - Processing file /home/nicholas/.local/lib/python3.10/site-packages/airflow/example_dags/example_subdag_operator.py for tasks to queue
[2022-07-06 21:45:52,414] {logging_mixin.py:115} INFO - [2022-07-06 21:45:52,413] {dagbag.py:507} INFO - Filling up the DagBag from /home/nicholas/.local/lib/python3.10/site-packages/airflow/example_dags/example_subdag_operator.py
[2022-07-06 21:45:52,433] {processor.py:651} INFO - DAG(s) dict_keys(['example_subdag_operator.section-1', 'example_subdag_operator.section-2', 'example_subdag_operator']) retrieved from /home/nicholas/.local/lib/python3.10/site-packages/airflow/example_dags/example_subdag_operator.py
[2022-07-06 21:45:52,444] {logging_mixin.py:115} INFO - [2022-07-06 21:45:52,444] {dag.py:2379} INFO - Sync 3 DAGs
[2022-07-06 21:45:52,456] {logging_mixin.py:115} INFO - [2022-07-06 21:45:52,456] {dag.py:2927} INFO - Setting next_dagrun for example_subdag_operator to 2022-01-01T00:00:00+00:00, run_after=2022-01-01T00:00:00+00:00
[2022-07-06 21:45:52,456] {logging_mixin.py:115} INFO - [2022-07-06 21:45:52,456] {dag.py:2927} INFO - Setting next_dagrun for example_subdag_operator.section-1 to None, run_after=None
[2022-07-06 21:45:52,456] {logging_mixin.py:115} INFO - [2022-07-06 21:45:52,456] {dag.py:2927} INFO - Setting next_dagrun for example_subdag_operator.section-2 to None, run_after=None
[2022-07-06 21:45:52,460] {logging_mixin.py:115} INFO - [2022-07-06 21:45:52,460] {dag.py:2379} INFO - Sync 2 DAGs
[2022-07-06 21:45:52,463] {logging_mixin.py:115} INFO - [2022-07-06 21:45:52,463] {dag.py:2927} INFO - Setting next_dagrun for example_subdag_operator.section-1 to None, run_after=None
[2022-07-06 21:45:52,463] {logging_mixin.py:115} INFO - [2022-07-06 21:45:52,463] {dag.py:2927} INFO - Setting next_dagrun for example_subdag_operator.section-2 to None, run_after=None
[2022-07-06 21:45:52,476] {processor.py:161} INFO - Processing /home/nicholas/.local/lib/python3.10/site-packages/airflow/example_dags/example_subdag_operator.py took 0.067 seconds
[2022-07-06 21:46:28,443] {processor.py:153} INFO - Started process (PID=159268) to work on /home/nicholas/.local/lib/python3.10/site-packages/airflow/example_dags/example_subdag_operator.py
[2022-07-06 21:46:28,444] {processor.py:641} INFO - Processing file /home/nicholas/.local/lib/python3.10/site-packages/airflow/example_dags/example_subdag_operator.py for tasks to queue
[2022-07-06 21:46:28,444] {logging_mixin.py:115} INFO - [2022-07-06 21:46:28,444] {dagbag.py:507} INFO - Filling up the DagBag from /home/nicholas/.local/lib/python3.10/site-packages/airflow/example_dags/example_subdag_operator.py
[2022-07-06 21:46:28,463] {processor.py:651} INFO - DAG(s) dict_keys(['example_subdag_operator.section-1', 'example_subdag_operator.section-2', 'example_subdag_operator']) retrieved from /home/nicholas/.local/lib/python3.10/site-packages/airflow/example_dags/example_subdag_operator.py
[2022-07-06 21:46:28,475] {logging_mixin.py:115} INFO - [2022-07-06 21:46:28,475] {dag.py:2379} INFO - Sync 3 DAGs
[2022-07-06 21:46:28,487] {logging_mixin.py:115} INFO - [2022-07-06 21:46:28,487] {dag.py:2927} INFO - Setting next_dagrun for example_subdag_operator to 2022-01-01T00:00:00+00:00, run_after=2022-01-01T00:00:00+00:00
[2022-07-06 21:46:28,487] {logging_mixin.py:115} INFO - [2022-07-06 21:46:28,487] {dag.py:2927} INFO - Setting next_dagrun for example_subdag_operator.section-1 to None, run_after=None
[2022-07-06 21:46:28,487] {logging_mixin.py:115} INFO - [2022-07-06 21:46:28,487] {dag.py:2927} INFO - Setting next_dagrun for example_subdag_operator.section-2 to None, run_after=None
[2022-07-06 21:46:28,492] {logging_mixin.py:115} INFO - [2022-07-06 21:46:28,492] {dag.py:2379} INFO - Sync 2 DAGs
[2022-07-06 21:46:28,496] {logging_mixin.py:115} INFO - [2022-07-06 21:46:28,495] {dag.py:2927} INFO - Setting next_dagrun for example_subdag_operator.section-1 to None, run_after=None
[2022-07-06 21:46:28,496] {logging_mixin.py:115} INFO - [2022-07-06 21:46:28,496] {dag.py:2927} INFO - Setting next_dagrun for example_subdag_operator.section-2 to None, run_after=None
[2022-07-06 21:46:28,508] {processor.py:161} INFO - Processing /home/nicholas/.local/lib/python3.10/site-packages/airflow/example_dags/example_subdag_operator.py took 0.067 seconds
[2022-07-06 21:47:01,175] {processor.py:153} INFO - Started process (PID=159341) to work on /home/nicholas/.local/lib/python3.10/site-packages/airflow/example_dags/example_subdag_operator.py
[2022-07-06 21:47:01,176] {processor.py:641} INFO - Processing file /home/nicholas/.local/lib/python3.10/site-packages/airflow/example_dags/example_subdag_operator.py for tasks to queue
[2022-07-06 21:47:01,176] {logging_mixin.py:115} INFO - [2022-07-06 21:47:01,176] {dagbag.py:507} INFO - Filling up the DagBag from /home/nicholas/.local/lib/python3.10/site-packages/airflow/example_dags/example_subdag_operator.py
[2022-07-06 21:47:01,195] {processor.py:651} INFO - DAG(s) dict_keys(['example_subdag_operator.section-1', 'example_subdag_operator.section-2', 'example_subdag_operator']) retrieved from /home/nicholas/.local/lib/python3.10/site-packages/airflow/example_dags/example_subdag_operator.py
[2022-07-06 21:47:01,207] {logging_mixin.py:115} INFO - [2022-07-06 21:47:01,207] {dag.py:2379} INFO - Sync 3 DAGs
[2022-07-06 21:47:01,219] {logging_mixin.py:115} INFO - [2022-07-06 21:47:01,219] {dag.py:2927} INFO - Setting next_dagrun for example_subdag_operator to 2022-01-01T00:00:00+00:00, run_after=2022-01-01T00:00:00+00:00
[2022-07-06 21:47:01,219] {logging_mixin.py:115} INFO - [2022-07-06 21:47:01,219] {dag.py:2927} INFO - Setting next_dagrun for example_subdag_operator.section-1 to None, run_after=None
[2022-07-06 21:47:01,219] {logging_mixin.py:115} INFO - [2022-07-06 21:47:01,219] {dag.py:2927} INFO - Setting next_dagrun for example_subdag_operator.section-2 to None, run_after=None
[2022-07-06 21:47:01,223] {logging_mixin.py:115} INFO - [2022-07-06 21:47:01,223] {dag.py:2379} INFO - Sync 2 DAGs
[2022-07-06 21:47:01,226] {logging_mixin.py:115} INFO - [2022-07-06 21:47:01,226] {dag.py:2927} INFO - Setting next_dagrun for example_subdag_operator.section-1 to None, run_after=None
[2022-07-06 21:47:01,227] {logging_mixin.py:115} INFO - [2022-07-06 21:47:01,227] {dag.py:2927} INFO - Setting next_dagrun for example_subdag_operator.section-2 to None, run_after=None
[2022-07-06 21:47:01,238] {processor.py:161} INFO - Processing /home/nicholas/.local/lib/python3.10/site-packages/airflow/example_dags/example_subdag_operator.py took 0.065 seconds
[2022-07-06 21:47:37,322] {processor.py:153} INFO - Started process (PID=159440) to work on /home/nicholas/.local/lib/python3.10/site-packages/airflow/example_dags/example_subdag_operator.py
[2022-07-06 21:47:37,323] {processor.py:641} INFO - Processing file /home/nicholas/.local/lib/python3.10/site-packages/airflow/example_dags/example_subdag_operator.py for tasks to queue
[2022-07-06 21:47:37,323] {logging_mixin.py:115} INFO - [2022-07-06 21:47:37,323] {dagbag.py:507} INFO - Filling up the DagBag from /home/nicholas/.local/lib/python3.10/site-packages/airflow/example_dags/example_subdag_operator.py
[2022-07-06 21:47:37,342] {processor.py:651} INFO - DAG(s) dict_keys(['example_subdag_operator.section-1', 'example_subdag_operator.section-2', 'example_subdag_operator']) retrieved from /home/nicholas/.local/lib/python3.10/site-packages/airflow/example_dags/example_subdag_operator.py
[2022-07-06 21:47:37,353] {logging_mixin.py:115} INFO - [2022-07-06 21:47:37,353] {dag.py:2379} INFO - Sync 3 DAGs
[2022-07-06 21:47:37,365] {logging_mixin.py:115} INFO - [2022-07-06 21:47:37,365] {dag.py:2927} INFO - Setting next_dagrun for example_subdag_operator to 2022-01-01T00:00:00+00:00, run_after=2022-01-01T00:00:00+00:00
[2022-07-06 21:47:37,365] {logging_mixin.py:115} INFO - [2022-07-06 21:47:37,365] {dag.py:2927} INFO - Setting next_dagrun for example_subdag_operator.section-1 to None, run_after=None
[2022-07-06 21:47:37,365] {logging_mixin.py:115} INFO - [2022-07-06 21:47:37,365] {dag.py:2927} INFO - Setting next_dagrun for example_subdag_operator.section-2 to None, run_after=None
[2022-07-06 21:47:37,369] {logging_mixin.py:115} INFO - [2022-07-06 21:47:37,369] {dag.py:2379} INFO - Sync 2 DAGs
[2022-07-06 21:47:37,372] {logging_mixin.py:115} INFO - [2022-07-06 21:47:37,372] {dag.py:2927} INFO - Setting next_dagrun for example_subdag_operator.section-1 to None, run_after=None
[2022-07-06 21:47:37,372] {logging_mixin.py:115} INFO - [2022-07-06 21:47:37,372] {dag.py:2927} INFO - Setting next_dagrun for example_subdag_operator.section-2 to None, run_after=None
[2022-07-06 21:47:37,383] {processor.py:161} INFO - Processing /home/nicholas/.local/lib/python3.10/site-packages/airflow/example_dags/example_subdag_operator.py took 0.063 seconds
[2022-07-06 21:48:09,447] {processor.py:153} INFO - Started process (PID=159525) to work on /home/nicholas/.local/lib/python3.10/site-packages/airflow/example_dags/example_subdag_operator.py
[2022-07-06 21:48:09,448] {processor.py:641} INFO - Processing file /home/nicholas/.local/lib/python3.10/site-packages/airflow/example_dags/example_subdag_operator.py for tasks to queue
[2022-07-06 21:48:09,448] {logging_mixin.py:115} INFO - [2022-07-06 21:48:09,448] {dagbag.py:507} INFO - Filling up the DagBag from /home/nicholas/.local/lib/python3.10/site-packages/airflow/example_dags/example_subdag_operator.py
[2022-07-06 21:48:09,467] {processor.py:651} INFO - DAG(s) dict_keys(['example_subdag_operator.section-1', 'example_subdag_operator.section-2', 'example_subdag_operator']) retrieved from /home/nicholas/.local/lib/python3.10/site-packages/airflow/example_dags/example_subdag_operator.py
[2022-07-06 21:48:09,479] {logging_mixin.py:115} INFO - [2022-07-06 21:48:09,479] {dag.py:2379} INFO - Sync 3 DAGs
[2022-07-06 21:48:09,491] {logging_mixin.py:115} INFO - [2022-07-06 21:48:09,491] {dag.py:2927} INFO - Setting next_dagrun for example_subdag_operator to 2022-01-01T00:00:00+00:00, run_after=2022-01-01T00:00:00+00:00
[2022-07-06 21:48:09,491] {logging_mixin.py:115} INFO - [2022-07-06 21:48:09,491] {dag.py:2927} INFO - Setting next_dagrun for example_subdag_operator.section-1 to None, run_after=None
[2022-07-06 21:48:09,491] {logging_mixin.py:115} INFO - [2022-07-06 21:48:09,491] {dag.py:2927} INFO - Setting next_dagrun for example_subdag_operator.section-2 to None, run_after=None
[2022-07-06 21:48:09,496] {logging_mixin.py:115} INFO - [2022-07-06 21:48:09,496] {dag.py:2379} INFO - Sync 2 DAGs
[2022-07-06 21:48:09,499] {logging_mixin.py:115} INFO - [2022-07-06 21:48:09,499] {dag.py:2927} INFO - Setting next_dagrun for example_subdag_operator.section-1 to None, run_after=None
[2022-07-06 21:48:09,499] {logging_mixin.py:115} INFO - [2022-07-06 21:48:09,499] {dag.py:2927} INFO - Setting next_dagrun for example_subdag_operator.section-2 to None, run_after=None
[2022-07-06 21:48:09,511] {processor.py:161} INFO - Processing /home/nicholas/.local/lib/python3.10/site-packages/airflow/example_dags/example_subdag_operator.py took 0.066 seconds
[2022-07-06 21:48:44,355] {processor.py:153} INFO - Started process (PID=159607) to work on /home/nicholas/.local/lib/python3.10/site-packages/airflow/example_dags/example_subdag_operator.py
[2022-07-06 21:48:44,355] {processor.py:641} INFO - Processing file /home/nicholas/.local/lib/python3.10/site-packages/airflow/example_dags/example_subdag_operator.py for tasks to queue
[2022-07-06 21:48:44,356] {logging_mixin.py:115} INFO - [2022-07-06 21:48:44,356] {dagbag.py:507} INFO - Filling up the DagBag from /home/nicholas/.local/lib/python3.10/site-packages/airflow/example_dags/example_subdag_operator.py
[2022-07-06 21:48:44,375] {processor.py:651} INFO - DAG(s) dict_keys(['example_subdag_operator.section-1', 'example_subdag_operator.section-2', 'example_subdag_operator']) retrieved from /home/nicholas/.local/lib/python3.10/site-packages/airflow/example_dags/example_subdag_operator.py
[2022-07-06 21:48:44,387] {logging_mixin.py:115} INFO - [2022-07-06 21:48:44,387] {dag.py:2379} INFO - Sync 3 DAGs
[2022-07-06 21:48:44,399] {logging_mixin.py:115} INFO - [2022-07-06 21:48:44,399] {dag.py:2927} INFO - Setting next_dagrun for example_subdag_operator to 2022-01-01T00:00:00+00:00, run_after=2022-01-01T00:00:00+00:00
[2022-07-06 21:48:44,399] {logging_mixin.py:115} INFO - [2022-07-06 21:48:44,399] {dag.py:2927} INFO - Setting next_dagrun for example_subdag_operator.section-1 to None, run_after=None
[2022-07-06 21:48:44,399] {logging_mixin.py:115} INFO - [2022-07-06 21:48:44,399] {dag.py:2927} INFO - Setting next_dagrun for example_subdag_operator.section-2 to None, run_after=None
[2022-07-06 21:48:44,405] {logging_mixin.py:115} INFO - [2022-07-06 21:48:44,405] {dag.py:2379} INFO - Sync 2 DAGs
[2022-07-06 21:48:44,409] {logging_mixin.py:115} INFO - [2022-07-06 21:48:44,409] {dag.py:2927} INFO - Setting next_dagrun for example_subdag_operator.section-1 to None, run_after=None
[2022-07-06 21:48:44,409] {logging_mixin.py:115} INFO - [2022-07-06 21:48:44,409] {dag.py:2927} INFO - Setting next_dagrun for example_subdag_operator.section-2 to None, run_after=None
[2022-07-06 21:48:44,419] {processor.py:161} INFO - Processing /home/nicholas/.local/lib/python3.10/site-packages/airflow/example_dags/example_subdag_operator.py took 0.067 seconds
[2022-07-06 21:49:18,766] {processor.py:153} INFO - Started process (PID=159722) to work on /home/nicholas/.local/lib/python3.10/site-packages/airflow/example_dags/example_subdag_operator.py
[2022-07-06 21:49:18,766] {processor.py:641} INFO - Processing file /home/nicholas/.local/lib/python3.10/site-packages/airflow/example_dags/example_subdag_operator.py for tasks to queue
[2022-07-06 21:49:18,767] {logging_mixin.py:115} INFO - [2022-07-06 21:49:18,767] {dagbag.py:507} INFO - Filling up the DagBag from /home/nicholas/.local/lib/python3.10/site-packages/airflow/example_dags/example_subdag_operator.py
[2022-07-06 21:49:18,788] {processor.py:651} INFO - DAG(s) dict_keys(['example_subdag_operator.section-1', 'example_subdag_operator.section-2', 'example_subdag_operator']) retrieved from /home/nicholas/.local/lib/python3.10/site-packages/airflow/example_dags/example_subdag_operator.py
[2022-07-06 21:49:18,802] {logging_mixin.py:115} INFO - [2022-07-06 21:49:18,802] {dag.py:2379} INFO - Sync 3 DAGs
[2022-07-06 21:49:18,813] {logging_mixin.py:115} INFO - [2022-07-06 21:49:18,813] {dag.py:2927} INFO - Setting next_dagrun for example_subdag_operator to 2022-01-01T00:00:00+00:00, run_after=2022-01-01T00:00:00+00:00
[2022-07-06 21:49:18,814] {logging_mixin.py:115} INFO - [2022-07-06 21:49:18,813] {dag.py:2927} INFO - Setting next_dagrun for example_subdag_operator.section-1 to None, run_after=None
[2022-07-06 21:49:18,814] {logging_mixin.py:115} INFO - [2022-07-06 21:49:18,814] {dag.py:2927} INFO - Setting next_dagrun for example_subdag_operator.section-2 to None, run_after=None
[2022-07-06 21:49:18,818] {logging_mixin.py:115} INFO - [2022-07-06 21:49:18,817] {dag.py:2379} INFO - Sync 2 DAGs
[2022-07-06 21:49:18,821] {logging_mixin.py:115} INFO - [2022-07-06 21:49:18,821] {dag.py:2927} INFO - Setting next_dagrun for example_subdag_operator.section-1 to None, run_after=None
[2022-07-06 21:49:18,821] {logging_mixin.py:115} INFO - [2022-07-06 21:49:18,821] {dag.py:2927} INFO - Setting next_dagrun for example_subdag_operator.section-2 to None, run_after=None
[2022-07-06 21:49:18,832] {processor.py:161} INFO - Processing /home/nicholas/.local/lib/python3.10/site-packages/airflow/example_dags/example_subdag_operator.py took 0.069 seconds
[2022-07-06 21:49:49,786] {processor.py:153} INFO - Started process (PID=159794) to work on /home/nicholas/.local/lib/python3.10/site-packages/airflow/example_dags/example_subdag_operator.py
[2022-07-06 21:49:49,787] {processor.py:641} INFO - Processing file /home/nicholas/.local/lib/python3.10/site-packages/airflow/example_dags/example_subdag_operator.py for tasks to queue
[2022-07-06 21:49:49,787] {logging_mixin.py:115} INFO - [2022-07-06 21:49:49,787] {dagbag.py:507} INFO - Filling up the DagBag from /home/nicholas/.local/lib/python3.10/site-packages/airflow/example_dags/example_subdag_operator.py
[2022-07-06 21:49:49,806] {processor.py:651} INFO - DAG(s) dict_keys(['example_subdag_operator.section-1', 'example_subdag_operator.section-2', 'example_subdag_operator']) retrieved from /home/nicholas/.local/lib/python3.10/site-packages/airflow/example_dags/example_subdag_operator.py
[2022-07-06 21:49:49,817] {logging_mixin.py:115} INFO - [2022-07-06 21:49:49,817] {dag.py:2379} INFO - Sync 3 DAGs
[2022-07-06 21:49:49,829] {logging_mixin.py:115} INFO - [2022-07-06 21:49:49,829] {dag.py:2927} INFO - Setting next_dagrun for example_subdag_operator to 2022-01-01T00:00:00+00:00, run_after=2022-01-01T00:00:00+00:00
[2022-07-06 21:49:49,829] {logging_mixin.py:115} INFO - [2022-07-06 21:49:49,829] {dag.py:2927} INFO - Setting next_dagrun for example_subdag_operator.section-1 to None, run_after=None
[2022-07-06 21:49:49,829] {logging_mixin.py:115} INFO - [2022-07-06 21:49:49,829] {dag.py:2927} INFO - Setting next_dagrun for example_subdag_operator.section-2 to None, run_after=None
[2022-07-06 21:49:49,833] {logging_mixin.py:115} INFO - [2022-07-06 21:49:49,833] {dag.py:2379} INFO - Sync 2 DAGs
[2022-07-06 21:49:49,836] {logging_mixin.py:115} INFO - [2022-07-06 21:49:49,836] {dag.py:2927} INFO - Setting next_dagrun for example_subdag_operator.section-1 to None, run_after=None
[2022-07-06 21:49:49,837] {logging_mixin.py:115} INFO - [2022-07-06 21:49:49,837] {dag.py:2927} INFO - Setting next_dagrun for example_subdag_operator.section-2 to None, run_after=None
[2022-07-06 21:49:49,850] {processor.py:161} INFO - Processing /home/nicholas/.local/lib/python3.10/site-packages/airflow/example_dags/example_subdag_operator.py took 0.066 seconds
[2022-07-06 21:50:22,561] {processor.py:153} INFO - Started process (PID=159872) to work on /home/nicholas/.local/lib/python3.10/site-packages/airflow/example_dags/example_subdag_operator.py
[2022-07-06 21:50:22,562] {processor.py:641} INFO - Processing file /home/nicholas/.local/lib/python3.10/site-packages/airflow/example_dags/example_subdag_operator.py for tasks to queue
[2022-07-06 21:50:22,563] {logging_mixin.py:115} INFO - [2022-07-06 21:50:22,563] {dagbag.py:507} INFO - Filling up the DagBag from /home/nicholas/.local/lib/python3.10/site-packages/airflow/example_dags/example_subdag_operator.py
[2022-07-06 21:50:22,581] {processor.py:651} INFO - DAG(s) dict_keys(['example_subdag_operator.section-1', 'example_subdag_operator.section-2', 'example_subdag_operator']) retrieved from /home/nicholas/.local/lib/python3.10/site-packages/airflow/example_dags/example_subdag_operator.py
[2022-07-06 21:50:22,593] {logging_mixin.py:115} INFO - [2022-07-06 21:50:22,593] {dag.py:2379} INFO - Sync 3 DAGs
[2022-07-06 21:50:22,604] {logging_mixin.py:115} INFO - [2022-07-06 21:50:22,604] {dag.py:2927} INFO - Setting next_dagrun for example_subdag_operator to 2022-01-01T00:00:00+00:00, run_after=2022-01-01T00:00:00+00:00
[2022-07-06 21:50:22,605] {logging_mixin.py:115} INFO - [2022-07-06 21:50:22,605] {dag.py:2927} INFO - Setting next_dagrun for example_subdag_operator.section-1 to None, run_after=None
[2022-07-06 21:50:22,605] {logging_mixin.py:115} INFO - [2022-07-06 21:50:22,605] {dag.py:2927} INFO - Setting next_dagrun for example_subdag_operator.section-2 to None, run_after=None
[2022-07-06 21:50:22,609] {logging_mixin.py:115} INFO - [2022-07-06 21:50:22,609] {dag.py:2379} INFO - Sync 2 DAGs
[2022-07-06 21:50:22,613] {logging_mixin.py:115} INFO - [2022-07-06 21:50:22,613] {dag.py:2927} INFO - Setting next_dagrun for example_subdag_operator.section-1 to None, run_after=None
[2022-07-06 21:50:22,613] {logging_mixin.py:115} INFO - [2022-07-06 21:50:22,613] {dag.py:2927} INFO - Setting next_dagrun for example_subdag_operator.section-2 to None, run_after=None
[2022-07-06 21:50:22,624] {processor.py:161} INFO - Processing /home/nicholas/.local/lib/python3.10/site-packages/airflow/example_dags/example_subdag_operator.py took 0.066 seconds
[2022-07-06 21:50:55,915] {processor.py:153} INFO - Started process (PID=159945) to work on /home/nicholas/.local/lib/python3.10/site-packages/airflow/example_dags/example_subdag_operator.py
[2022-07-06 21:50:55,916] {processor.py:641} INFO - Processing file /home/nicholas/.local/lib/python3.10/site-packages/airflow/example_dags/example_subdag_operator.py for tasks to queue
[2022-07-06 21:50:55,917] {logging_mixin.py:115} INFO - [2022-07-06 21:50:55,917] {dagbag.py:507} INFO - Filling up the DagBag from /home/nicholas/.local/lib/python3.10/site-packages/airflow/example_dags/example_subdag_operator.py
[2022-07-06 21:50:55,936] {processor.py:651} INFO - DAG(s) dict_keys(['example_subdag_operator.section-1', 'example_subdag_operator.section-2', 'example_subdag_operator']) retrieved from /home/nicholas/.local/lib/python3.10/site-packages/airflow/example_dags/example_subdag_operator.py
[2022-07-06 21:50:55,947] {logging_mixin.py:115} INFO - [2022-07-06 21:50:55,947] {dag.py:2379} INFO - Sync 3 DAGs
[2022-07-06 21:50:55,959] {logging_mixin.py:115} INFO - [2022-07-06 21:50:55,959] {dag.py:2927} INFO - Setting next_dagrun for example_subdag_operator to 2022-01-01T00:00:00+00:00, run_after=2022-01-01T00:00:00+00:00
[2022-07-06 21:50:55,959] {logging_mixin.py:115} INFO - [2022-07-06 21:50:55,959] {dag.py:2927} INFO - Setting next_dagrun for example_subdag_operator.section-1 to None, run_after=None
[2022-07-06 21:50:55,959] {logging_mixin.py:115} INFO - [2022-07-06 21:50:55,959] {dag.py:2927} INFO - Setting next_dagrun for example_subdag_operator.section-2 to None, run_after=None
[2022-07-06 21:50:55,963] {logging_mixin.py:115} INFO - [2022-07-06 21:50:55,963] {dag.py:2379} INFO - Sync 2 DAGs
[2022-07-06 21:50:55,966] {logging_mixin.py:115} INFO - [2022-07-06 21:50:55,966] {dag.py:2927} INFO - Setting next_dagrun for example_subdag_operator.section-1 to None, run_after=None
[2022-07-06 21:50:55,966] {logging_mixin.py:115} INFO - [2022-07-06 21:50:55,966] {dag.py:2927} INFO - Setting next_dagrun for example_subdag_operator.section-2 to None, run_after=None
[2022-07-06 21:50:55,977] {processor.py:161} INFO - Processing /home/nicholas/.local/lib/python3.10/site-packages/airflow/example_dags/example_subdag_operator.py took 0.065 seconds
[2022-07-06 21:51:27,191] {processor.py:153} INFO - Started process (PID=160027) to work on /home/nicholas/.local/lib/python3.10/site-packages/airflow/example_dags/example_subdag_operator.py
[2022-07-06 21:51:27,192] {processor.py:641} INFO - Processing file /home/nicholas/.local/lib/python3.10/site-packages/airflow/example_dags/example_subdag_operator.py for tasks to queue
[2022-07-06 21:51:27,192] {logging_mixin.py:115} INFO - [2022-07-06 21:51:27,192] {dagbag.py:507} INFO - Filling up the DagBag from /home/nicholas/.local/lib/python3.10/site-packages/airflow/example_dags/example_subdag_operator.py
[2022-07-06 21:51:27,211] {processor.py:651} INFO - DAG(s) dict_keys(['example_subdag_operator.section-1', 'example_subdag_operator.section-2', 'example_subdag_operator']) retrieved from /home/nicholas/.local/lib/python3.10/site-packages/airflow/example_dags/example_subdag_operator.py
[2022-07-06 21:51:27,222] {logging_mixin.py:115} INFO - [2022-07-06 21:51:27,222] {dag.py:2379} INFO - Sync 3 DAGs
[2022-07-06 21:51:27,234] {logging_mixin.py:115} INFO - [2022-07-06 21:51:27,234] {dag.py:2927} INFO - Setting next_dagrun for example_subdag_operator to 2022-01-01T00:00:00+00:00, run_after=2022-01-01T00:00:00+00:00
[2022-07-06 21:51:27,234] {logging_mixin.py:115} INFO - [2022-07-06 21:51:27,234] {dag.py:2927} INFO - Setting next_dagrun for example_subdag_operator.section-1 to None, run_after=None
[2022-07-06 21:51:27,234] {logging_mixin.py:115} INFO - [2022-07-06 21:51:27,234] {dag.py:2927} INFO - Setting next_dagrun for example_subdag_operator.section-2 to None, run_after=None
[2022-07-06 21:51:27,239] {logging_mixin.py:115} INFO - [2022-07-06 21:51:27,239] {dag.py:2379} INFO - Sync 2 DAGs
[2022-07-06 21:51:27,242] {logging_mixin.py:115} INFO - [2022-07-06 21:51:27,242] {dag.py:2927} INFO - Setting next_dagrun for example_subdag_operator.section-1 to None, run_after=None
[2022-07-06 21:51:27,242] {logging_mixin.py:115} INFO - [2022-07-06 21:51:27,242] {dag.py:2927} INFO - Setting next_dagrun for example_subdag_operator.section-2 to None, run_after=None
[2022-07-06 21:51:27,252] {processor.py:161} INFO - Processing /home/nicholas/.local/lib/python3.10/site-packages/airflow/example_dags/example_subdag_operator.py took 0.063 seconds
[2022-07-06 21:52:00,670] {processor.py:153} INFO - Started process (PID=160112) to work on /home/nicholas/.local/lib/python3.10/site-packages/airflow/example_dags/example_subdag_operator.py
[2022-07-06 21:52:00,671] {processor.py:641} INFO - Processing file /home/nicholas/.local/lib/python3.10/site-packages/airflow/example_dags/example_subdag_operator.py for tasks to queue
[2022-07-06 21:52:00,672] {logging_mixin.py:115} INFO - [2022-07-06 21:52:00,672] {dagbag.py:507} INFO - Filling up the DagBag from /home/nicholas/.local/lib/python3.10/site-packages/airflow/example_dags/example_subdag_operator.py
[2022-07-06 21:52:00,690] {processor.py:651} INFO - DAG(s) dict_keys(['example_subdag_operator.section-1', 'example_subdag_operator.section-2', 'example_subdag_operator']) retrieved from /home/nicholas/.local/lib/python3.10/site-packages/airflow/example_dags/example_subdag_operator.py
[2022-07-06 21:52:00,702] {logging_mixin.py:115} INFO - [2022-07-06 21:52:00,702] {dag.py:2379} INFO - Sync 3 DAGs
[2022-07-06 21:52:00,713] {logging_mixin.py:115} INFO - [2022-07-06 21:52:00,713] {dag.py:2927} INFO - Setting next_dagrun for example_subdag_operator to 2022-01-01T00:00:00+00:00, run_after=2022-01-01T00:00:00+00:00
[2022-07-06 21:52:00,714] {logging_mixin.py:115} INFO - [2022-07-06 21:52:00,713] {dag.py:2927} INFO - Setting next_dagrun for example_subdag_operator.section-1 to None, run_after=None
[2022-07-06 21:52:00,714] {logging_mixin.py:115} INFO - [2022-07-06 21:52:00,714] {dag.py:2927} INFO - Setting next_dagrun for example_subdag_operator.section-2 to None, run_after=None
[2022-07-06 21:52:00,718] {logging_mixin.py:115} INFO - [2022-07-06 21:52:00,718] {dag.py:2379} INFO - Sync 2 DAGs
[2022-07-06 21:52:00,721] {logging_mixin.py:115} INFO - [2022-07-06 21:52:00,721] {dag.py:2927} INFO - Setting next_dagrun for example_subdag_operator.section-1 to None, run_after=None
[2022-07-06 21:52:00,721] {logging_mixin.py:115} INFO - [2022-07-06 21:52:00,721] {dag.py:2927} INFO - Setting next_dagrun for example_subdag_operator.section-2 to None, run_after=None
[2022-07-06 21:52:00,732] {processor.py:161} INFO - Processing /home/nicholas/.local/lib/python3.10/site-packages/airflow/example_dags/example_subdag_operator.py took 0.064 seconds
[2022-07-06 21:52:31,546] {processor.py:153} INFO - Started process (PID=160190) to work on /home/nicholas/.local/lib/python3.10/site-packages/airflow/example_dags/example_subdag_operator.py
[2022-07-06 21:52:31,549] {processor.py:641} INFO - Processing file /home/nicholas/.local/lib/python3.10/site-packages/airflow/example_dags/example_subdag_operator.py for tasks to queue
[2022-07-06 21:52:31,549] {logging_mixin.py:115} INFO - [2022-07-06 21:52:31,549] {dagbag.py:507} INFO - Filling up the DagBag from /home/nicholas/.local/lib/python3.10/site-packages/airflow/example_dags/example_subdag_operator.py
[2022-07-06 21:52:31,571] {processor.py:651} INFO - DAG(s) dict_keys(['example_subdag_operator.section-1', 'example_subdag_operator.section-2', 'example_subdag_operator']) retrieved from /home/nicholas/.local/lib/python3.10/site-packages/airflow/example_dags/example_subdag_operator.py
[2022-07-06 21:52:31,582] {logging_mixin.py:115} INFO - [2022-07-06 21:52:31,582] {dag.py:2379} INFO - Sync 3 DAGs
[2022-07-06 21:52:31,594] {logging_mixin.py:115} INFO - [2022-07-06 21:52:31,594] {dag.py:2927} INFO - Setting next_dagrun for example_subdag_operator to 2022-01-01T00:00:00+00:00, run_after=2022-01-01T00:00:00+00:00
[2022-07-06 21:52:31,594] {logging_mixin.py:115} INFO - [2022-07-06 21:52:31,594] {dag.py:2927} INFO - Setting next_dagrun for example_subdag_operator.section-1 to None, run_after=None
[2022-07-06 21:52:31,595] {logging_mixin.py:115} INFO - [2022-07-06 21:52:31,595] {dag.py:2927} INFO - Setting next_dagrun for example_subdag_operator.section-2 to None, run_after=None
[2022-07-06 21:52:31,600] {logging_mixin.py:115} INFO - [2022-07-06 21:52:31,600] {dag.py:2379} INFO - Sync 2 DAGs
[2022-07-06 21:52:31,603] {logging_mixin.py:115} INFO - [2022-07-06 21:52:31,603] {dag.py:2927} INFO - Setting next_dagrun for example_subdag_operator.section-1 to None, run_after=None
[2022-07-06 21:52:31,603] {logging_mixin.py:115} INFO - [2022-07-06 21:52:31,603] {dag.py:2927} INFO - Setting next_dagrun for example_subdag_operator.section-2 to None, run_after=None
[2022-07-06 21:52:31,615] {processor.py:161} INFO - Processing /home/nicholas/.local/lib/python3.10/site-packages/airflow/example_dags/example_subdag_operator.py took 0.071 seconds
[2022-07-06 21:53:05,976] {processor.py:153} INFO - Started process (PID=160276) to work on /home/nicholas/.local/lib/python3.10/site-packages/airflow/example_dags/example_subdag_operator.py
[2022-07-06 21:53:05,977] {processor.py:641} INFO - Processing file /home/nicholas/.local/lib/python3.10/site-packages/airflow/example_dags/example_subdag_operator.py for tasks to queue
[2022-07-06 21:53:05,977] {logging_mixin.py:115} INFO - [2022-07-06 21:53:05,977] {dagbag.py:507} INFO - Filling up the DagBag from /home/nicholas/.local/lib/python3.10/site-packages/airflow/example_dags/example_subdag_operator.py
[2022-07-06 21:53:05,996] {processor.py:651} INFO - DAG(s) dict_keys(['example_subdag_operator.section-1', 'example_subdag_operator.section-2', 'example_subdag_operator']) retrieved from /home/nicholas/.local/lib/python3.10/site-packages/airflow/example_dags/example_subdag_operator.py
[2022-07-06 21:53:06,008] {logging_mixin.py:115} INFO - [2022-07-06 21:53:06,008] {dag.py:2379} INFO - Sync 3 DAGs
[2022-07-06 21:53:06,020] {logging_mixin.py:115} INFO - [2022-07-06 21:53:06,020] {dag.py:2927} INFO - Setting next_dagrun for example_subdag_operator to 2022-01-01T00:00:00+00:00, run_after=2022-01-01T00:00:00+00:00
[2022-07-06 21:53:06,020] {logging_mixin.py:115} INFO - [2022-07-06 21:53:06,020] {dag.py:2927} INFO - Setting next_dagrun for example_subdag_operator.section-1 to None, run_after=None
[2022-07-06 21:53:06,020] {logging_mixin.py:115} INFO - [2022-07-06 21:53:06,020] {dag.py:2927} INFO - Setting next_dagrun for example_subdag_operator.section-2 to None, run_after=None
[2022-07-06 21:53:06,025] {logging_mixin.py:115} INFO - [2022-07-06 21:53:06,025] {dag.py:2379} INFO - Sync 2 DAGs
[2022-07-06 21:53:06,028] {logging_mixin.py:115} INFO - [2022-07-06 21:53:06,028] {dag.py:2927} INFO - Setting next_dagrun for example_subdag_operator.section-1 to None, run_after=None
[2022-07-06 21:53:06,028] {logging_mixin.py:115} INFO - [2022-07-06 21:53:06,028] {dag.py:2927} INFO - Setting next_dagrun for example_subdag_operator.section-2 to None, run_after=None
[2022-07-06 21:53:06,039] {processor.py:161} INFO - Processing /home/nicholas/.local/lib/python3.10/site-packages/airflow/example_dags/example_subdag_operator.py took 0.066 seconds
[2022-07-06 21:53:39,248] {processor.py:153} INFO - Started process (PID=160358) to work on /home/nicholas/.local/lib/python3.10/site-packages/airflow/example_dags/example_subdag_operator.py
[2022-07-06 21:53:39,248] {processor.py:641} INFO - Processing file /home/nicholas/.local/lib/python3.10/site-packages/airflow/example_dags/example_subdag_operator.py for tasks to queue
[2022-07-06 21:53:39,249] {logging_mixin.py:115} INFO - [2022-07-06 21:53:39,248] {dagbag.py:507} INFO - Filling up the DagBag from /home/nicholas/.local/lib/python3.10/site-packages/airflow/example_dags/example_subdag_operator.py
[2022-07-06 21:53:39,267] {processor.py:651} INFO - DAG(s) dict_keys(['example_subdag_operator.section-1', 'example_subdag_operator.section-2', 'example_subdag_operator']) retrieved from /home/nicholas/.local/lib/python3.10/site-packages/airflow/example_dags/example_subdag_operator.py
[2022-07-06 21:53:39,279] {logging_mixin.py:115} INFO - [2022-07-06 21:53:39,279] {dag.py:2379} INFO - Sync 3 DAGs
[2022-07-06 21:53:39,291] {logging_mixin.py:115} INFO - [2022-07-06 21:53:39,291] {dag.py:2927} INFO - Setting next_dagrun for example_subdag_operator to 2022-01-01T00:00:00+00:00, run_after=2022-01-01T00:00:00+00:00
[2022-07-06 21:53:39,291] {logging_mixin.py:115} INFO - [2022-07-06 21:53:39,291] {dag.py:2927} INFO - Setting next_dagrun for example_subdag_operator.section-1 to None, run_after=None
[2022-07-06 21:53:39,291] {logging_mixin.py:115} INFO - [2022-07-06 21:53:39,291] {dag.py:2927} INFO - Setting next_dagrun for example_subdag_operator.section-2 to None, run_after=None
[2022-07-06 21:53:39,296] {logging_mixin.py:115} INFO - [2022-07-06 21:53:39,296] {dag.py:2379} INFO - Sync 2 DAGs
[2022-07-06 21:53:39,299] {logging_mixin.py:115} INFO - [2022-07-06 21:53:39,299] {dag.py:2927} INFO - Setting next_dagrun for example_subdag_operator.section-1 to None, run_after=None
[2022-07-06 21:53:39,299] {logging_mixin.py:115} INFO - [2022-07-06 21:53:39,299] {dag.py:2927} INFO - Setting next_dagrun for example_subdag_operator.section-2 to None, run_after=None
[2022-07-06 21:53:39,311] {processor.py:161} INFO - Processing /home/nicholas/.local/lib/python3.10/site-packages/airflow/example_dags/example_subdag_operator.py took 0.066 seconds
[2022-07-06 21:54:13,571] {processor.py:153} INFO - Started process (PID=160467) to work on /home/nicholas/.local/lib/python3.10/site-packages/airflow/example_dags/example_subdag_operator.py
[2022-07-06 21:54:13,571] {processor.py:641} INFO - Processing file /home/nicholas/.local/lib/python3.10/site-packages/airflow/example_dags/example_subdag_operator.py for tasks to queue
[2022-07-06 21:54:13,572] {logging_mixin.py:115} INFO - [2022-07-06 21:54:13,572] {dagbag.py:507} INFO - Filling up the DagBag from /home/nicholas/.local/lib/python3.10/site-packages/airflow/example_dags/example_subdag_operator.py
[2022-07-06 21:54:13,590] {processor.py:651} INFO - DAG(s) dict_keys(['example_subdag_operator.section-1', 'example_subdag_operator.section-2', 'example_subdag_operator']) retrieved from /home/nicholas/.local/lib/python3.10/site-packages/airflow/example_dags/example_subdag_operator.py
[2022-07-06 21:54:13,601] {logging_mixin.py:115} INFO - [2022-07-06 21:54:13,601] {dag.py:2379} INFO - Sync 3 DAGs
[2022-07-06 21:54:13,613] {logging_mixin.py:115} INFO - [2022-07-06 21:54:13,612] {dag.py:2927} INFO - Setting next_dagrun for example_subdag_operator to 2022-01-01T00:00:00+00:00, run_after=2022-01-01T00:00:00+00:00
[2022-07-06 21:54:13,613] {logging_mixin.py:115} INFO - [2022-07-06 21:54:13,613] {dag.py:2927} INFO - Setting next_dagrun for example_subdag_operator.section-1 to None, run_after=None
[2022-07-06 21:54:13,613] {logging_mixin.py:115} INFO - [2022-07-06 21:54:13,613] {dag.py:2927} INFO - Setting next_dagrun for example_subdag_operator.section-2 to None, run_after=None
[2022-07-06 21:54:13,619] {logging_mixin.py:115} INFO - [2022-07-06 21:54:13,619] {dag.py:2379} INFO - Sync 2 DAGs
[2022-07-06 21:54:13,622] {logging_mixin.py:115} INFO - [2022-07-06 21:54:13,622] {dag.py:2927} INFO - Setting next_dagrun for example_subdag_operator.section-1 to None, run_after=None
[2022-07-06 21:54:13,622] {logging_mixin.py:115} INFO - [2022-07-06 21:54:13,622] {dag.py:2927} INFO - Setting next_dagrun for example_subdag_operator.section-2 to None, run_after=None
[2022-07-06 21:54:13,634] {processor.py:161} INFO - Processing /home/nicholas/.local/lib/python3.10/site-packages/airflow/example_dags/example_subdag_operator.py took 0.066 seconds
[2022-07-06 21:54:45,050] {processor.py:153} INFO - Started process (PID=160549) to work on /home/nicholas/.local/lib/python3.10/site-packages/airflow/example_dags/example_subdag_operator.py
[2022-07-06 21:54:45,051] {processor.py:641} INFO - Processing file /home/nicholas/.local/lib/python3.10/site-packages/airflow/example_dags/example_subdag_operator.py for tasks to queue
[2022-07-06 21:54:45,051] {logging_mixin.py:115} INFO - [2022-07-06 21:54:45,051] {dagbag.py:507} INFO - Filling up the DagBag from /home/nicholas/.local/lib/python3.10/site-packages/airflow/example_dags/example_subdag_operator.py
[2022-07-06 21:54:45,071] {processor.py:651} INFO - DAG(s) dict_keys(['example_subdag_operator.section-1', 'example_subdag_operator.section-2', 'example_subdag_operator']) retrieved from /home/nicholas/.local/lib/python3.10/site-packages/airflow/example_dags/example_subdag_operator.py
[2022-07-06 21:54:45,083] {logging_mixin.py:115} INFO - [2022-07-06 21:54:45,083] {dag.py:2379} INFO - Sync 3 DAGs
[2022-07-06 21:54:45,095] {logging_mixin.py:115} INFO - [2022-07-06 21:54:45,095] {dag.py:2927} INFO - Setting next_dagrun for example_subdag_operator to 2022-01-01T00:00:00+00:00, run_after=2022-01-01T00:00:00+00:00
[2022-07-06 21:54:45,095] {logging_mixin.py:115} INFO - [2022-07-06 21:54:45,095] {dag.py:2927} INFO - Setting next_dagrun for example_subdag_operator.section-1 to None, run_after=None
[2022-07-06 21:54:45,096] {logging_mixin.py:115} INFO - [2022-07-06 21:54:45,096] {dag.py:2927} INFO - Setting next_dagrun for example_subdag_operator.section-2 to None, run_after=None
[2022-07-06 21:54:45,102] {logging_mixin.py:115} INFO - [2022-07-06 21:54:45,102] {dag.py:2379} INFO - Sync 2 DAGs
[2022-07-06 21:54:45,105] {logging_mixin.py:115} INFO - [2022-07-06 21:54:45,105] {dag.py:2927} INFO - Setting next_dagrun for example_subdag_operator.section-1 to None, run_after=None
[2022-07-06 21:54:45,106] {logging_mixin.py:115} INFO - [2022-07-06 21:54:45,106] {dag.py:2927} INFO - Setting next_dagrun for example_subdag_operator.section-2 to None, run_after=None
[2022-07-06 21:54:45,117] {processor.py:161} INFO - Processing /home/nicholas/.local/lib/python3.10/site-packages/airflow/example_dags/example_subdag_operator.py took 0.070 seconds
                                                                                                                                                                                                                                                                                                                                                                                                                                                                                                                                                                                                                                                                                                                                                                                                                                                                                                                                                                                                                                                                                                                                                                                                                                                                                                                                                                                                                                                                                                                                                                                                                                                                                                                  