[2022-07-06 21:44:32,512] {processor.py:153} INFO - Started process (PID=158977) to work on /home/nicholas/.local/lib/python3.10/site-packages/airflow/example_dags/example_branch_datetime_operator.py
[2022-07-06 21:44:32,513] {processor.py:641} INFO - Processing file /home/nicholas/.local/lib/python3.10/site-packages/airflow/example_dags/example_branch_datetime_operator.py for tasks to queue
[2022-07-06 21:44:32,514] {logging_mixin.py:115} INFO - [2022-07-06 21:44:32,513] {dagbag.py:507} INFO - Filling up the DagBag from /home/nicholas/.local/lib/python3.10/site-packages/airflow/example_dags/example_branch_datetime_operator.py
[2022-07-06 21:44:32,522] {processor.py:651} INFO - DAG(s) dict_keys(['example_branch_datetime_operator_2']) retrieved from /home/nicholas/.local/lib/python3.10/site-packages/airflow/example_dags/example_branch_datetime_operator.py
[2022-07-06 21:44:32,537] {logging_mixin.py:115} INFO - [2022-07-06 21:44:32,537] {dag.py:2379} INFO - Sync 1 DAGs
[2022-07-06 21:44:32,556] {logging_mixin.py:115} INFO - [2022-07-06 21:44:32,556] {dag.py:2927} INFO - Setting next_dagrun for example_branch_datetime_operator_2 to 2022-07-06T00:00:00+00:00, run_after=2022-07-07T00:00:00+00:00
[2022-07-06 21:44:32,571] {processor.py:161} INFO - Processing /home/nicholas/.local/lib/python3.10/site-packages/airflow/example_dags/example_branch_datetime_operator.py took 0.062 seconds
[2022-07-06 21:45:07,623] {processor.py:153} INFO - Started process (PID=159067) to work on /home/nicholas/.local/lib/python3.10/site-packages/airflow/example_dags/example_branch_datetime_operator.py
[2022-07-06 21:45:07,623] {processor.py:641} INFO - Processing file /home/nicholas/.local/lib/python3.10/site-packages/airflow/example_dags/example_branch_datetime_operator.py for tasks to queue
[2022-07-06 21:45:07,624] {logging_mixin.py:115} INFO - [2022-07-06 21:45:07,624] {dagbag.py:507} INFO - Filling up the DagBag from /home/nicholas/.local/lib/python3.10/site-packages/airflow/example_dags/example_branch_datetime_operator.py
[2022-07-06 21:45:07,631] {processor.py:651} INFO - DAG(s) dict_keys(['example_branch_datetime_operator_2']) retrieved from /home/nicholas/.local/lib/python3.10/site-packages/airflow/example_dags/example_branch_datetime_operator.py
[2022-07-06 21:45:07,645] {logging_mixin.py:115} INFO - [2022-07-06 21:45:07,644] {dag.py:2379} INFO - Sync 1 DAGs
[2022-07-06 21:45:07,659] {logging_mixin.py:115} INFO - [2022-07-06 21:45:07,659] {dag.py:2927} INFO - Setting next_dagrun for example_branch_datetime_operator_2 to 2022-07-06T00:00:00+00:00, run_after=2022-07-07T00:00:00+00:00
[2022-07-06 21:45:07,674] {processor.py:161} INFO - Processing /home/nicholas/.local/lib/python3.10/site-packages/airflow/example_dags/example_branch_datetime_operator.py took 0.053 seconds
[2022-07-06 21:45:41,790] {processor.py:153} INFO - Started process (PID=159150) to work on /home/nicholas/.local/lib/python3.10/site-packages/airflow/example_dags/example_branch_datetime_operator.py
[2022-07-06 21:45:41,790] {processor.py:641} INFO - Processing file /home/nicholas/.local/lib/python3.10/site-packages/airflow/example_dags/example_branch_datetime_operator.py for tasks to queue
[2022-07-06 21:45:41,791] {logging_mixin.py:115} INFO - [2022-07-06 21:45:41,790] {dagbag.py:507} INFO - Filling up the DagBag from /home/nicholas/.local/lib/python3.10/site-packages/airflow/example_dags/example_branch_datetime_operator.py
[2022-07-06 21:45:41,797] {processor.py:651} INFO - DAG(s) dict_keys(['example_branch_datetime_operator_2']) retrieved from /home/nicholas/.local/lib/python3.10/site-packages/airflow/example_dags/example_branch_datetime_operator.py
[2022-07-06 21:45:41,815] {logging_mixin.py:115} INFO - [2022-07-06 21:45:41,815] {dag.py:2379} INFO - Sync 1 DAGs
[2022-07-06 21:45:41,830] {logging_mixin.py:115} INFO - [2022-07-06 21:45:41,830] {dag.py:2927} INFO - Setting next_dagrun for example_branch_datetime_operator_2 to 2022-07-06T00:00:00+00:00, run_after=2022-07-07T00:00:00+00:00
[2022-07-06 21:45:41,845] {processor.py:161} INFO - Processing /home/nicholas/.local/lib/python3.10/site-packages/airflow/example_dags/example_branch_datetime_operator.py took 0.057 seconds
[2022-07-06 21:46:17,100] {processor.py:153} INFO - Started process (PID=159243) to work on /home/nicholas/.local/lib/python3.10/site-packages/airflow/example_dags/example_branch_datetime_operator.py
[2022-07-06 21:46:17,100] {processor.py:641} INFO - Processing file /home/nicholas/.local/lib/python3.10/site-packages/airflow/example_dags/example_branch_datetime_operator.py for tasks to queue
[2022-07-06 21:46:17,101] {logging_mixin.py:115} INFO - [2022-07-06 21:46:17,101] {dagbag.py:507} INFO - Filling up the DagBag from /home/nicholas/.local/lib/python3.10/site-packages/airflow/example_dags/example_branch_datetime_operator.py
[2022-07-06 21:46:17,107] {processor.py:651} INFO - DAG(s) dict_keys(['example_branch_datetime_operator_2']) retrieved from /home/nicholas/.local/lib/python3.10/site-packages/airflow/example_dags/example_branch_datetime_operator.py
[2022-07-06 21:46:17,120] {logging_mixin.py:115} INFO - [2022-07-06 21:46:17,120] {dag.py:2379} INFO - Sync 1 DAGs
[2022-07-06 21:46:17,134] {logging_mixin.py:115} INFO - [2022-07-06 21:46:17,134] {dag.py:2927} INFO - Setting next_dagrun for example_branch_datetime_operator_2 to 2022-07-06T00:00:00+00:00, run_after=2022-07-07T00:00:00+00:00
[2022-07-06 21:46:17,148] {processor.py:161} INFO - Processing /home/nicholas/.local/lib/python3.10/site-packages/airflow/example_dags/example_branch_datetime_operator.py took 0.051 seconds
[2022-07-06 21:46:52,009] {processor.py:153} INFO - Started process (PID=159316) to work on /home/nicholas/.local/lib/python3.10/site-packages/airflow/example_dags/example_branch_datetime_operator.py
[2022-07-06 21:46:52,010] {processor.py:641} INFO - Processing file /home/nicholas/.local/lib/python3.10/site-packages/airflow/example_dags/example_branch_datetime_operator.py for tasks to queue
[2022-07-06 21:46:52,011] {logging_mixin.py:115} INFO - [2022-07-06 21:46:52,011] {dagbag.py:507} INFO - Filling up the DagBag from /home/nicholas/.local/lib/python3.10/site-packages/airflow/example_dags/example_branch_datetime_operator.py
[2022-07-06 21:46:52,018] {processor.py:651} INFO - DAG(s) dict_keys(['example_branch_datetime_operator_2']) retrieved from /home/nicholas/.local/lib/python3.10/site-packages/airflow/example_dags/example_branch_datetime_operator.py
[2022-07-06 21:46:52,031] {logging_mixin.py:115} INFO - [2022-07-06 21:46:52,031] {dag.py:2379} INFO - Sync 1 DAGs
[2022-07-06 21:46:52,045] {logging_mixin.py:115} INFO - [2022-07-06 21:46:52,045] {dag.py:2927} INFO - Setting next_dagrun for example_branch_datetime_operator_2 to 2022-07-06T00:00:00+00:00, run_after=2022-07-07T00:00:00+00:00
[2022-07-06 21:46:52,059] {processor.py:161} INFO - Processing /home/nicholas/.local/lib/python3.10/site-packages/airflow/example_dags/example_branch_datetime_operator.py took 0.052 seconds
[2022-07-06 21:47:26,999] {processor.py:153} INFO - Started process (PID=159412) to work on /home/nicholas/.local/lib/python3.10/site-packages/airflow/example_dags/example_branch_datetime_operator.py
[2022-07-06 21:47:26,999] {processor.py:641} INFO - Processing file /home/nicholas/.local/lib/python3.10/site-packages/airflow/example_dags/example_branch_datetime_operator.py for tasks to queue
[2022-07-06 21:47:27,000] {logging_mixin.py:115} INFO - [2022-07-06 21:47:27,000] {dagbag.py:507} INFO - Filling up the DagBag from /home/nicholas/.local/lib/python3.10/site-packages/airflow/example_dags/example_branch_datetime_operator.py
[2022-07-06 21:47:27,009] {processor.py:651} INFO - DAG(s) dict_keys(['example_branch_datetime_operator_2']) retrieved from /home/nicholas/.local/lib/python3.10/site-packages/airflow/example_dags/example_branch_datetime_operator.py
[2022-07-06 21:47:27,025] {logging_mixin.py:115} INFO - [2022-07-06 21:47:27,024] {dag.py:2379} INFO - Sync 1 DAGs
[2022-07-06 21:47:27,039] {logging_mixin.py:115} INFO - [2022-07-06 21:47:27,039] {dag.py:2927} INFO - Setting next_dagrun for example_branch_datetime_operator_2 to 2022-07-06T00:00:00+00:00, run_after=2022-07-07T00:00:00+00:00
[2022-07-06 21:47:27,052] {processor.py:161} INFO - Processing /home/nicholas/.local/lib/python3.10/site-packages/airflow/example_dags/example_branch_datetime_operator.py took 0.056 seconds
[2022-07-06 21:48:01,721] {processor.py:153} INFO - Started process (PID=159502) to work on /home/nicholas/.local/lib/python3.10/site-packages/airflow/example_dags/example_branch_datetime_operator.py
[2022-07-06 21:48:01,722] {processor.py:641} INFO - Processing file /home/nicholas/.local/lib/python3.10/site-packages/airflow/example_dags/example_branch_datetime_operator.py for tasks to queue
[2022-07-06 21:48:01,722] {logging_mixin.py:115} INFO - [2022-07-06 21:48:01,722] {dagbag.py:507} INFO - Filling up the DagBag from /home/nicholas/.local/lib/python3.10/site-packages/airflow/example_dags/example_branch_datetime_operator.py
[2022-07-06 21:48:01,729] {processor.py:651} INFO - DAG(s) dict_keys(['example_branch_datetime_operator_2']) retrieved from /home/nicholas/.local/lib/python3.10/site-packages/airflow/example_dags/example_branch_datetime_operator.py
[2022-07-06 21:48:01,743] {logging_mixin.py:115} INFO - [2022-07-06 21:48:01,743] {dag.py:2379} INFO - Sync 1 DAGs
[2022-07-06 21:48:01,757] {logging_mixin.py:115} INFO - [2022-07-06 21:48:01,757] {dag.py:2927} INFO - Setting next_dagrun for example_branch_datetime_operator_2 to 2022-07-06T00:00:00+00:00, run_after=2022-07-07T00:00:00+00:00
[2022-07-06 21:48:01,773] {processor.py:161} INFO - Processing /home/nicholas/.local/lib/python3.10/site-packages/airflow/example_dags/example_branch_datetime_operator.py took 0.054 seconds
[2022-07-06 21:48:34,818] {processor.py:153} INFO - Started process (PID=159585) to work on /home/nicholas/.local/lib/python3.10/site-packages/airflow/example_dags/example_branch_datetime_operator.py
[2022-07-06 21:48:34,818] {processor.py:641} INFO - Processing file /home/nicholas/.local/lib/python3.10/site-packages/airflow/example_dags/example_branch_datetime_operator.py for tasks to queue
[2022-07-06 21:48:34,819] {logging_mixin.py:115} INFO - [2022-07-06 21:48:34,819] {dagbag.py:507} INFO - Filling up the DagBag from /home/nicholas/.local/lib/python3.10/site-packages/airflow/example_dags/example_branch_datetime_operator.py
[2022-07-06 21:48:34,826] {processor.py:651} INFO - DAG(s) dict_keys(['example_branch_datetime_operator_2']) retrieved from /home/nicholas/.local/lib/python3.10/site-packages/airflow/example_dags/example_branch_datetime_operator.py
[2022-07-06 21:48:34,840] {logging_mixin.py:115} INFO - [2022-07-06 21:48:34,840] {dag.py:2379} INFO - Sync 1 DAGs
[2022-07-06 21:48:34,854] {logging_mixin.py:115} INFO - [2022-07-06 21:48:34,854] {dag.py:2927} INFO - Setting next_dagrun for example_branch_datetime_operator_2 to 2022-07-06T00:00:00+00:00, run_after=2022-07-07T00:00:00+00:00
[2022-07-06 21:48:34,869] {processor.py:161} INFO - Processing /home/nicholas/.local/lib/python3.10/site-packages/airflow/example_dags/example_branch_datetime_operator.py took 0.053 seconds
[2022-07-06 21:49:09,932] {processor.py:153} INFO - Started process (PID=159669) to work on /home/nicholas/.local/lib/python3.10/site-packages/airflow/example_dags/example_branch_datetime_operator.py
[2022-07-06 21:49:09,932] {processor.py:641} INFO - Processing file /home/nicholas/.local/lib/python3.10/site-packages/airflow/example_dags/example_branch_datetime_operator.py for tasks to queue
[2022-07-06 21:49:09,933] {logging_mixin.py:115} INFO - [2022-07-06 21:49:09,933] {dagbag.py:507} INFO - Filling up the DagBag from /home/nicholas/.local/lib/python3.10/site-packages/airflow/example_dags/example_branch_datetime_operator.py
[2022-07-06 21:49:09,940] {processor.py:651} INFO - DAG(s) dict_keys(['example_branch_datetime_operator_2']) retrieved from /home/nicholas/.local/lib/python3.10/site-packages/airflow/example_dags/example_branch_datetime_operator.py
[2022-07-06 21:49:09,953] {logging_mixin.py:115} INFO - [2022-07-06 21:49:09,953] {dag.py:2379} INFO - Sync 1 DAGs
[2022-07-06 21:49:09,967] {logging_mixin.py:115} INFO - [2022-07-06 21:49:09,967] {dag.py:2927} INFO - Setting next_dagrun for example_branch_datetime_operator_2 to 2022-07-06T00:00:00+00:00, run_after=2022-07-07T00:00:00+00:00
[2022-07-06 21:49:09,982] {processor.py:161} INFO - Processing /home/nicholas/.local/lib/python3.10/site-packages/airflow/example_dags/example_branch_datetime_operator.py took 0.052 seconds
[2022-07-06 21:49:42,317] {processor.py:153} INFO - Started process (PID=159772) to work on /home/nicholas/.local/lib/python3.10/site-packages/airflow/example_dags/example_branch_datetime_operator.py
[2022-07-06 21:49:42,318] {processor.py:641} INFO - Processing file /home/nicholas/.local/lib/python3.10/site-packages/airflow/example_dags/example_branch_datetime_operator.py for tasks to queue
[2022-07-06 21:49:42,319] {logging_mixin.py:115} INFO - [2022-07-06 21:49:42,319] {dagbag.py:507} INFO - Filling up the DagBag from /home/nicholas/.local/lib/python3.10/site-packages/airflow/example_dags/example_branch_datetime_operator.py
[2022-07-06 21:49:42,326] {processor.py:651} INFO - DAG(s) dict_keys(['example_branch_datetime_operator_2']) retrieved from /home/nicholas/.local/lib/python3.10/site-packages/airflow/example_dags/example_branch_datetime_operator.py
[2022-07-06 21:49:42,339] {logging_mixin.py:115} INFO - [2022-07-06 21:49:42,339] {dag.py:2379} INFO - Sync 1 DAGs
[2022-07-06 21:49:42,353] {logging_mixin.py:115} INFO - [2022-07-06 21:49:42,353] {dag.py:2927} INFO - Setting next_dagrun for example_branch_datetime_operator_2 to 2022-07-06T00:00:00+00:00, run_after=2022-07-07T00:00:00+00:00
[2022-07-06 21:49:42,368] {processor.py:161} INFO - Processing /home/nicholas/.local/lib/python3.10/site-packages/airflow/example_dags/example_branch_datetime_operator.py took 0.053 seconds
[2022-07-06 21:50:18,558] {processor.py:153} INFO - Started process (PID=159859) to work on /home/nicholas/.local/lib/python3.10/site-packages/airflow/example_dags/example_branch_datetime_operator.py
[2022-07-06 21:50:18,559] {processor.py:641} INFO - Processing file /home/nicholas/.local/lib/python3.10/site-packages/airflow/example_dags/example_branch_datetime_operator.py for tasks to queue
[2022-07-06 21:50:18,559] {logging_mixin.py:115} INFO - [2022-07-06 21:50:18,559] {dagbag.py:507} INFO - Filling up the DagBag from /home/nicholas/.local/lib/python3.10/site-packages/airflow/example_dags/example_branch_datetime_operator.py
[2022-07-06 21:50:18,566] {processor.py:651} INFO - DAG(s) dict_keys(['example_branch_datetime_operator_2']) retrieved from /home/nicholas/.local/lib/python3.10/site-packages/airflow/example_dags/example_branch_datetime_operator.py
[2022-07-06 21:50:18,580] {logging_mixin.py:115} INFO - [2022-07-06 21:50:18,580] {dag.py:2379} INFO - Sync 1 DAGs
[2022-07-06 21:50:18,594] {logging_mixin.py:115} INFO - [2022-07-06 21:50:18,594] {dag.py:2927} INFO - Setting next_dagrun for example_branch_datetime_operator_2 to 2022-07-06T00:00:00+00:00, run_after=2022-07-07T00:00:00+00:00
[2022-07-06 21:50:18,609] {processor.py:161} INFO - Processing /home/nicholas/.local/lib/python3.10/site-packages/airflow/example_dags/example_branch_datetime_operator.py took 0.053 seconds
[2022-07-06 21:50:53,133] {processor.py:153} INFO - Started process (PID=159942) to work on /home/nicholas/.local/lib/python3.10/site-packages/airflow/example_dags/example_branch_datetime_operator.py
[2022-07-06 21:50:53,133] {processor.py:641} INFO - Processing file /home/nicholas/.local/lib/python3.10/site-packages/airflow/example_dags/example_branch_datetime_operator.py for tasks to queue
[2022-07-06 21:50:53,134] {logging_mixin.py:115} INFO - [2022-07-06 21:50:53,134] {dagbag.py:507} INFO - Filling up the DagBag from /home/nicholas/.local/lib/python3.10/site-packages/airflow/example_dags/example_branch_datetime_operator.py
[2022-07-06 21:50:53,140] {processor.py:651} INFO - DAG(s) dict_keys(['example_branch_datetime_operator_2']) retrieved from /home/nicholas/.local/lib/python3.10/site-packages/airflow/example_dags/example_branch_datetime_operator.py
[2022-07-06 21:50:53,153] {logging_mixin.py:115} INFO - [2022-07-06 21:50:53,153] {dag.py:2379} INFO - Sync 1 DAGs
[2022-07-06 21:50:53,167] {logging_mixin.py:115} INFO - [2022-07-06 21:50:53,167] {dag.py:2927} INFO - Setting next_dagrun for example_branch_datetime_operator_2 to 2022-07-06T00:00:00+00:00, run_after=2022-07-07T00:00:00+00:00
[2022-07-06 21:50:53,182] {processor.py:161} INFO - Processing /home/nicholas/.local/lib/python3.10/site-packages/airflow/example_dags/example_branch_datetime_operator.py took 0.051 seconds
[2022-07-06 21:51:28,366] {processor.py:153} INFO - Started process (PID=160029) to work on /home/nicholas/.local/lib/python3.10/site-packages/airflow/example_dags/example_branch_datetime_operator.py
[2022-07-06 21:51:28,367] {processor.py:641} INFO - Processing file /home/nicholas/.local/lib/python3.10/site-packages/airflow/example_dags/example_branch_datetime_operator.py for tasks to queue
[2022-07-06 21:51:28,367] {logging_mixin.py:115} INFO - [2022-07-06 21:51:28,367] {dagbag.py:507} INFO - Filling up the DagBag from /home/nicholas/.local/lib/python3.10/site-packages/airflow/example_dags/example_branch_datetime_operator.py
[2022-07-06 21:51:28,374] {processor.py:651} INFO - DAG(s) dict_keys(['example_branch_datetime_operator_2']) retrieved from /home/nicholas/.local/lib/python3.10/site-packages/airflow/example_dags/example_branch_datetime_operator.py
[2022-07-06 21:51:28,388] {logging_mixin.py:115} INFO - [2022-07-06 21:51:28,388] {dag.py:2379} INFO - Sync 1 DAGs
[2022-07-06 21:51:28,402] {logging_mixin.py:115} INFO - [2022-07-06 21:51:28,402] {dag.py:2927} INFO - Setting next_dagrun for example_branch_datetime_operator_2 to 2022-07-06T00:00:00+00:00, run_after=2022-07-07T00:00:00+00:00
[2022-07-06 21:51:28,415] {processor.py:161} INFO - Processing /home/nicholas/.local/lib/python3.10/site-packages/airflow/example_dags/example_branch_datetime_operator.py took 0.052 seconds
[2022-07-06 21:52:02,052] {processor.py:153} INFO - Started process (PID=160114) to work on /home/nicholas/.local/lib/python3.10/site-packages/airflow/example_dags/example_branch_datetime_operator.py
[2022-07-06 21:52:02,053] {processor.py:641} INFO - Processing file /home/nicholas/.local/lib/python3.10/site-packages/airflow/example_dags/example_branch_datetime_operator.py for tasks to queue
[2022-07-06 21:52:02,053] {logging_mixin.py:115} INFO - [2022-07-06 21:52:02,053] {dagbag.py:507} INFO - Filling up the DagBag from /home/nicholas/.local/lib/python3.10/site-packages/airflow/example_dags/example_branch_datetime_operator.py
[2022-07-06 21:52:02,060] {processor.py:651} INFO - DAG(s) dict_keys(['example_branch_datetime_operator_2']) retrieved from /home/nicholas/.local/lib/python3.10/site-packages/airflow/example_dags/example_branch_datetime_operator.py
[2022-07-06 21:52:02,073] {logging_mixin.py:115} INFO - [2022-07-06 21:52:02,073] {dag.py:2379} INFO - Sync 1 DAGs
[2022-07-06 21:52:02,087] {logging_mixin.py:115} INFO - [2022-07-06 21:52:02,087] {dag.py:2927} INFO - Setting next_dagrun for example_branch_datetime_operator_2 to 2022-07-06T00:00:00+00:00, run_after=2022-07-07T00:00:00+00:00
[2022-07-06 21:52:02,100] {processor.py:161} INFO - Processing /home/nicholas/.local/lib/python3.10/site-packages/airflow/example_dags/example_branch_datetime_operator.py took 0.051 seconds
[2022-07-06 21:52:38,248] {processor.py:153} INFO - Started process (PID=160203) to work on /home/nicholas/.local/lib/python3.10/site-packages/airflow/example_dags/example_branch_datetime_operator.py
[2022-07-06 21:52:38,249] {processor.py:641} INFO - Processing file /home/nicholas/.local/lib/python3.10/site-packages/airflow/example_dags/example_branch_datetime_operator.py for tasks to queue
[2022-07-06 21:52:38,249] {logging_mixin.py:115} INFO - [2022-07-06 21:52:38,249] {dagbag.py:507} INFO - Filling up the DagBag from /home/nicholas/.local/lib/python3.10/site-packages/airflow/example_dags/example_branch_datetime_operator.py
[2022-07-06 21:52:38,256] {processor.py:651} INFO - DAG(s) dict_keys(['example_branch_datetime_operator_2']) retrieved from /home/nicholas/.local/lib/python3.10/site-packages/airflow/example_dags/example_branch_datetime_operator.py
[2022-07-06 21:52:38,270] {logging_mixin.py:115} INFO - [2022-07-06 21:52:38,270] {dag.py:2379} INFO - Sync 1 DAGs
[2022-07-06 21:52:38,283] {logging_mixin.py:115} INFO - [2022-07-06 21:52:38,283] {dag.py:2927} INFO - Setting next_dagrun for example_branch_datetime_operator_2 to 2022-07-06T00:00:00+00:00, run_after=2022-07-07T00:00:00+00:00
[2022-07-06 21:52:38,297] {processor.py:161} INFO - Processing /home/nicholas/.local/lib/python3.10/site-packages/airflow/example_dags/example_branch_datetime_operator.py took 0.051 seconds
[2022-07-06 21:53:12,191] {processor.py:153} INFO - Started process (PID=160285) to work on /home/nicholas/.local/lib/python3.10/site-packages/airflow/example_dags/example_branch_datetime_operator.py
[2022-07-06 21:53:12,192] {processor.py:641} INFO - Processing file /home/nicholas/.local/lib/python3.10/site-packages/airflow/example_dags/example_branch_datetime_operator.py for tasks to queue
[2022-07-06 21:53:12,192] {logging_mixin.py:115} INFO - [2022-07-06 21:53:12,192] {dagbag.py:507} INFO - Filling up the DagBag from /home/nicholas/.local/lib/python3.10/site-packages/airflow/example_dags/example_branch_datetime_operator.py
[2022-07-06 21:53:12,199] {processor.py:651} INFO - DAG(s) dict_keys(['example_branch_datetime_operator_2']) retrieved from /home/nicholas/.local/lib/python3.10/site-packages/airflow/example_dags/example_branch_datetime_operator.py
[2022-07-06 21:53:12,212] {logging_mixin.py:115} INFO - [2022-07-06 21:53:12,212] {dag.py:2379} INFO - Sync 1 DAGs
[2022-07-06 21:53:12,226] {logging_mixin.py:115} INFO - [2022-07-06 21:53:12,226] {dag.py:2927} INFO - Setting next_dagrun for example_branch_datetime_operator_2 to 2022-07-06T00:00:00+00:00, run_after=2022-07-07T00:00:00+00:00
[2022-07-06 21:53:12,260] {processor.py:161} INFO - Processing /home/nicholas/.local/lib/python3.10/site-packages/airflow/example_dags/example_branch_datetime_operator.py took 0.072 seconds
[2022-07-06 21:53:47,026] {processor.py:153} INFO - Started process (PID=160377) to work on /home/nicholas/.local/lib/python3.10/site-packages/airflow/example_dags/example_branch_datetime_operator.py
[2022-07-06 21:53:47,027] {processor.py:641} INFO - Processing file /home/nicholas/.local/lib/python3.10/site-packages/airflow/example_dags/example_branch_datetime_operator.py for tasks to queue
[2022-07-06 21:53:47,027] {logging_mixin.py:115} INFO - [2022-07-06 21:53:47,027] {dagbag.py:507} INFO - Filling up the DagBag from /home/nicholas/.local/lib/python3.10/site-packages/airflow/example_dags/example_branch_datetime_operator.py
[2022-07-06 21:53:47,034] {processor.py:651} INFO - DAG(s) dict_keys(['example_branch_datetime_operator_2']) retrieved from /home/nicholas/.local/lib/python3.10/site-packages/airflow/example_dags/example_branch_datetime_operator.py
[2022-07-06 21:53:47,047] {logging_mixin.py:115} INFO - [2022-07-06 21:53:47,047] {dag.py:2379} INFO - Sync 1 DAGs
[2022-07-06 21:53:47,061] {logging_mixin.py:115} INFO - [2022-07-06 21:53:47,061] {dag.py:2927} INFO - Setting next_dagrun for example_branch_datetime_operator_2 to 2022-07-06T00:00:00+00:00, run_after=2022-07-07T00:00:00+00:00
[2022-07-06 21:53:47,075] {processor.py:161} INFO - Processing /home/nicholas/.local/lib/python3.10/site-packages/airflow/example_dags/example_branch_datetime_operator.py took 0.051 seconds
[2022-07-06 21:54:19,819] {processor.py:153} INFO - Started process (PID=160484) to work on /home/nicholas/.local/lib/python3.10/site-packages/airflow/example_dags/example_branch_datetime_operator.py
[2022-07-06 21:54:19,820] {processor.py:641} INFO - Processing file /home/nicholas/.local/lib/python3.10/site-packages/airflow/example_dags/example_branch_datetime_operator.py for tasks to queue
[2022-07-06 21:54:19,820] {logging_mixin.py:115} INFO - [2022-07-06 21:54:19,820] {dagbag.py:507} INFO - Filling up the DagBag from /home/nicholas/.local/lib/python3.10/site-packages/airflow/example_dags/example_branch_datetime_operator.py
[2022-07-06 21:54:19,827] {processor.py:651} INFO - DAG(s) dict_keys(['example_branch_datetime_operator_2']) retrieved from /home/nicholas/.local/lib/python3.10/site-packages/airflow/example_dags/example_branch_datetime_operator.py
[2022-07-06 21:54:19,840] {logging_mixin.py:115} INFO - [2022-07-06 21:54:19,840] {dag.py:2379} INFO - Sync 1 DAGs
[2022-07-06 21:54:19,854] {logging_mixin.py:115} INFO - [2022-07-06 21:54:19,854] {dag.py:2927} INFO - Setting next_dagrun for example_branch_datetime_operator_2 to 2022-07-06T00:00:00+00:00, run_after=2022-07-07T00:00:00+00:00
[2022-07-06 21:54:19,868] {processor.py:161} INFO - Processing /home/nicholas/.local/lib/python3.10/site-packages/airflow/example_dags/example_branch_datetime_operator.py took 0.051 seconds
[2022-07-06 21:54:53,003] {processor.py:153} INFO - Started process (PID=160608) to work on /home/nicholas/.local/lib/python3.10/site-packages/airflow/example_dags/example_branch_datetime_operator.py
[2022-07-06 21:54:53,003] {processor.py:641} INFO - Processing file /home/nicholas/.local/lib/python3.10/site-packages/airflow/example_dags/example_branch_datetime_operator.py for tasks to queue
[2022-07-06 21:54:53,004] {logging_mixin.py:115} INFO - [2022-07-06 21:54:53,004] {dagbag.py:507} INFO - Filling up the DagBag from /home/nicholas/.local/lib/python3.10/site-packages/airflow/example_dags/example_branch_datetime_operator.py
[2022-07-06 21:54:53,021] {processor.py:651} INFO - DAG(s) dict_keys(['example_branch_datetime_operator_2']) retrieved from /home/nicholas/.local/lib/python3.10/site-packages/airflow/example_dags/example_branch_datetime_operator.py
[2022-07-06 21:54:53,046] {logging_mixin.py:115} INFO - [2022-07-06 21:54:53,046] {dag.py:2379} INFO - Sync 1 DAGs
[2022-07-06 21:54:53,066] {logging_mixin.py:115} INFO - [2022-07-06 21:54:53,066] {dag.py:2927} INFO - Setting next_dagrun for example_branch_datetime_operator_2 to 2022-07-06T00:00:00+00:00, run_after=2022-07-07T00:00:00+00:00
[2022-07-06 21:54:53,084] {processor.py:161} INFO - Processing /home/nicholas/.local/lib/python3.10/site-packages/airflow/example_dags/example_branch_datetime_operator.py took 0.087 seconds
