[2022-07-06 12:15:52,335] {taskinstance.py:1159} INFO - Dependencies all met for <TaskInstance: twitter_dag.request_twitter_data manual__2022-07-06T15:15:49.870902+00:00 [queued]>
[2022-07-06 12:15:52,342] {taskinstance.py:1159} INFO - Dependencies all met for <TaskInstance: twitter_dag.request_twitter_data manual__2022-07-06T15:15:49.870902+00:00 [queued]>
[2022-07-06 12:15:52,343] {taskinstance.py:1356} INFO - 
--------------------------------------------------------------------------------
[2022-07-06 12:15:52,343] {taskinstance.py:1357} INFO - Starting attempt 1 of 4
[2022-07-06 12:15:52,343] {taskinstance.py:1358} INFO - 
--------------------------------------------------------------------------------
[2022-07-06 12:15:52,365] {taskinstance.py:1377} INFO - Executing <Task(PythonOperator): request_twitter_data> on 2022-07-06 15:15:49.870902+00:00
[2022-07-06 12:15:52,367] {standard_task_runner.py:52} INFO - Started process 14860 to run task
[2022-07-06 12:15:52,372] {standard_task_runner.py:79} INFO - Running: ['airflow', 'tasks', 'run', 'twitter_dag', 'request_twitter_data', 'manual__2022-07-06T15:15:49.870902+00:00', '--job-id', '53', '--raw', '--subdir', 'DAGS_FOLDER/twitter_dag.py', '--cfg-path', '/tmp/tmpx50rsii7', '--error-file', '/tmp/tmpa4qp2iv_']
[2022-07-06 12:15:52,373] {standard_task_runner.py:80} INFO - Job 53: Subtask request_twitter_data
[2022-07-06 12:15:52,436] {task_command.py:370} INFO - Running <TaskInstance: twitter_dag.request_twitter_data manual__2022-07-06T15:15:49.870902+00:00 [running]> on host nicholas-VirtualBox
[2022-07-06 12:15:52,528] {taskinstance.py:1569} INFO - Exporting the following env vars:
AIRFLOW_CTX_DAG_EMAIL=nicholas.comuni@outlook.com
AIRFLOW_CTX_DAG_OWNER=Nicholas
AIRFLOW_CTX_DAG_ID=twitter_dag
AIRFLOW_CTX_TASK_ID=request_twitter_data
AIRFLOW_CTX_EXECUTION_DATE=2022-07-06T15:15:49.870902+00:00
AIRFLOW_CTX_TRY_NUMBER=1
AIRFLOW_CTX_DAG_RUN_ID=manual__2022-07-06T15:15:49.870902+00:00
[2022-07-06 12:15:53,173] {logging_mixin.py:115} INFO - /tmp/tmpf9i5zvu0/coronavirus.json
[2022-07-06 12:15:53,182] {base.py:68} INFO - Using connection ID 'wasbconn' for task execution.
[2022-07-06 12:15:53,184] {_universal.py:473} INFO - Request URL: 'https://serasadatalake.blob.core.windows.net/landingzone/hashtags/coronavirus/2022/7/coronavirus_2022-07-06%2012_15_53.174223.json'
Request method: 'PUT'
Request headers:
    'x-ms-blob-type': 'REDACTED'
    'Content-Length': '2880'
    'If-None-Match': '*'
    'x-ms-version': 'REDACTED'
    'Content-Type': 'application/octet-stream'
    'Accept': 'application/xml'
    'User-Agent': 'azsdk-python-storage-blob/12.8.1 Python/3.10.4 (Linux-5.15.0-39-generic-x86_64-with-glibc2.35)'
    'x-ms-date': 'REDACTED'
    'x-ms-client-request-id': '86baf8a0-fd3e-11ec-bec2-bb469e0cbda2'
    'Authorization': 'REDACTED'
A body is sent with the request
[2022-07-06 12:15:54,165] {_universal.py:504} INFO - Response status: 201
Response headers:
    'Content-Length': '0'
    'Content-MD5': 'REDACTED'
    'Last-Modified': 'Wed, 06 Jul 2022 15:15:55 GMT'
    'ETag': '"0x8DA5F626C4A9347"'
    'Server': 'Windows-Azure-Blob/1.0 Microsoft-HTTPAPI/2.0'
    'x-ms-request-id': '8631b535-501e-005a-354b-912de0000000'
    'x-ms-client-request-id': '86baf8a0-fd3e-11ec-bec2-bb469e0cbda2'
    'x-ms-version': 'REDACTED'
    'x-ms-content-crc64': 'REDACTED'
    'x-ms-request-server-encrypted': 'REDACTED'
    'Date': 'Wed, 06 Jul 2022 15:15:55 GMT'
[2022-07-06 12:15:54,168] {python.py:173} INFO - Done. Returned value was: None
[2022-07-06 12:15:54,175] {taskinstance.py:1395} INFO - Marking task as SUCCESS. dag_id=twitter_dag, task_id=request_twitter_data, execution_date=20220706T151549, start_date=20220706T151552, end_date=20220706T151554
[2022-07-06 12:15:54,235] {local_task_job.py:156} INFO - Task exited with return code 0
[2022-07-06 12:15:54,264] {local_task_job.py:273} INFO - 1 downstream tasks scheduled from follow-on schedule check
