[2022-07-06 20:24:25,767] {taskinstance.py:1159} INFO - Dependencies all met for <TaskInstance: twitter_dag.json_to_parquet_task manual__2022-07-06T23:24:13.467661+00:00 [queued]>
[2022-07-06 20:24:25,795] {taskinstance.py:1159} INFO - Dependencies all met for <TaskInstance: twitter_dag.json_to_parquet_task manual__2022-07-06T23:24:13.467661+00:00 [queued]>
[2022-07-06 20:24:25,795] {taskinstance.py:1356} INFO - 
--------------------------------------------------------------------------------
[2022-07-06 20:24:25,795] {taskinstance.py:1357} INFO - Starting attempt 1 of 4
[2022-07-06 20:24:25,795] {taskinstance.py:1358} INFO - 
--------------------------------------------------------------------------------
[2022-07-06 20:24:25,825] {taskinstance.py:1377} INFO - Executing <Task(DatabricksRunNowOperator): json_to_parquet_task> on 2022-07-06 23:24:13.467661+00:00
[2022-07-06 20:24:25,827] {standard_task_runner.py:52} INFO - Started process 130372 to run task
[2022-07-06 20:24:25,836] {standard_task_runner.py:79} INFO - Running: ['airflow', 'tasks', 'run', 'twitter_dag', 'json_to_parquet_task', 'manual__2022-07-06T23:24:13.467661+00:00', '--job-id', '77', '--raw', '--subdir', 'DAGS_FOLDER/twitter_dag.py', '--cfg-path', '/tmp/tmpu_8cw9_q', '--error-file', '/tmp/tmpmywaxrfz']
[2022-07-06 20:24:25,837] {standard_task_runner.py:80} INFO - Job 77: Subtask json_to_parquet_task
[2022-07-06 20:24:25,882] {task_command.py:370} INFO - Running <TaskInstance: twitter_dag.json_to_parquet_task manual__2022-07-06T23:24:13.467661+00:00 [running]> on host nicholas-VirtualBox
[2022-07-06 20:24:25,943] {taskinstance.py:1569} INFO - Exporting the following env vars:
AIRFLOW_CTX_DAG_EMAIL=nicholas.comuni@outlook.com
AIRFLOW_CTX_DAG_OWNER=Nicholas
AIRFLOW_CTX_DAG_ID=twitter_dag
AIRFLOW_CTX_TASK_ID=json_to_parquet_task
AIRFLOW_CTX_EXECUTION_DATE=2022-07-06T23:24:13.467661+00:00
AIRFLOW_CTX_TRY_NUMBER=1
AIRFLOW_CTX_DAG_RUN_ID=manual__2022-07-06T23:24:13.467661+00:00
[2022-07-06 20:24:25,948] {base.py:68} INFO - Using connection ID 'databricks_conn' for task execution.
[2022-07-06 20:24:25,949] {databricks_base.py:406} INFO - Using token auth. For security reasons, please set token in Password field instead of extra
[2022-07-06 20:24:27,223] {databricks.py:49} INFO - Run submitted with run_id: 23422
[2022-07-06 20:24:27,224] {databricks_base.py:406} INFO - Using token auth. For security reasons, please set token in Password field instead of extra
[2022-07-06 20:24:27,952] {databricks_base.py:406} INFO - Using token auth. For security reasons, please set token in Password field instead of extra
[2022-07-06 20:24:28,626] {databricks.py:71} INFO - json_to_parquet_task in run state: {'life_cycle_state': 'RUNNING', 'result_state': '', 'state_message': ''}
[2022-07-06 20:24:28,626] {databricks.py:72} INFO - View run status, Spark UI, and logs at https://adb-770153189229877.17.azuredatabricks.net/?o=770153189229877#job/711735064242409/run/23422
[2022-07-06 20:24:28,626] {databricks.py:73} INFO - Sleeping for 30 seconds.
[2022-07-06 20:24:58,641] {databricks_base.py:406} INFO - Using token auth. For security reasons, please set token in Password field instead of extra
[2022-07-06 20:24:59,336] {databricks.py:71} INFO - json_to_parquet_task in run state: {'life_cycle_state': 'RUNNING', 'result_state': '', 'state_message': ''}
[2022-07-06 20:24:59,337] {databricks.py:72} INFO - View run status, Spark UI, and logs at https://adb-770153189229877.17.azuredatabricks.net/?o=770153189229877#job/711735064242409/run/23422
[2022-07-06 20:24:59,337] {databricks.py:73} INFO - Sleeping for 30 seconds.
[2022-07-06 20:25:29,341] {databricks_base.py:406} INFO - Using token auth. For security reasons, please set token in Password field instead of extra
[2022-07-06 20:25:29,960] {databricks.py:71} INFO - json_to_parquet_task in run state: {'life_cycle_state': 'RUNNING', 'result_state': '', 'state_message': ''}
[2022-07-06 20:25:29,961] {databricks.py:72} INFO - View run status, Spark UI, and logs at https://adb-770153189229877.17.azuredatabricks.net/?o=770153189229877#job/711735064242409/run/23422
[2022-07-06 20:25:29,961] {databricks.py:73} INFO - Sleeping for 30 seconds.
[2022-07-06 20:25:59,989] {databricks_base.py:406} INFO - Using token auth. For security reasons, please set token in Password field instead of extra
[2022-07-06 20:26:00,589] {databricks.py:71} INFO - json_to_parquet_task in run state: {'life_cycle_state': 'RUNNING', 'result_state': '', 'state_message': ''}
[2022-07-06 20:26:00,590] {databricks.py:72} INFO - View run status, Spark UI, and logs at https://adb-770153189229877.17.azuredatabricks.net/?o=770153189229877#job/711735064242409/run/23422
[2022-07-06 20:26:00,590] {databricks.py:73} INFO - Sleeping for 30 seconds.
[2022-07-06 20:26:30,591] {databricks_base.py:406} INFO - Using token auth. For security reasons, please set token in Password field instead of extra
[2022-07-06 20:26:31,228] {databricks.py:71} INFO - json_to_parquet_task in run state: {'life_cycle_state': 'RUNNING', 'result_state': '', 'state_message': ''}
[2022-07-06 20:26:31,228] {databricks.py:72} INFO - View run status, Spark UI, and logs at https://adb-770153189229877.17.azuredatabricks.net/?o=770153189229877#job/711735064242409/run/23422
[2022-07-06 20:26:31,228] {databricks.py:73} INFO - Sleeping for 30 seconds.
[2022-07-06 20:27:01,238] {databricks_base.py:406} INFO - Using token auth. For security reasons, please set token in Password field instead of extra
[2022-07-06 20:27:01,844] {databricks.py:71} INFO - json_to_parquet_task in run state: {'life_cycle_state': 'RUNNING', 'result_state': '', 'state_message': ''}
[2022-07-06 20:27:01,844] {databricks.py:72} INFO - View run status, Spark UI, and logs at https://adb-770153189229877.17.azuredatabricks.net/?o=770153189229877#job/711735064242409/run/23422
[2022-07-06 20:27:01,844] {databricks.py:73} INFO - Sleeping for 30 seconds.
[2022-07-06 20:27:31,866] {databricks_base.py:406} INFO - Using token auth. For security reasons, please set token in Password field instead of extra
[2022-07-06 20:27:32,415] {databricks.py:71} INFO - json_to_parquet_task in run state: {'life_cycle_state': 'RUNNING', 'result_state': '', 'state_message': ''}
[2022-07-06 20:27:32,415] {databricks.py:72} INFO - View run status, Spark UI, and logs at https://adb-770153189229877.17.azuredatabricks.net/?o=770153189229877#job/711735064242409/run/23422
[2022-07-06 20:27:32,415] {databricks.py:73} INFO - Sleeping for 30 seconds.
[2022-07-06 20:28:02,446] {databricks_base.py:406} INFO - Using token auth. For security reasons, please set token in Password field instead of extra
[2022-07-06 20:28:03,116] {databricks_base.py:406} INFO - Using token auth. For security reasons, please set token in Password field instead of extra
[2022-07-06 20:28:03,753] {taskinstance.py:1889} ERROR - Task failed with exception
Traceback (most recent call last):
  File "/home/nicholas/.local/lib/python3.10/site-packages/airflow/providers/databricks/hooks/databricks_base.py", line 498, in _do_api_call
    for attempt in self._get_retry_object():
  File "/home/nicholas/.local/lib/python3.10/site-packages/tenacity/__init__.py", line 382, in __iter__
    do = self.iter(retry_state=retry_state)
  File "/home/nicholas/.local/lib/python3.10/site-packages/tenacity/__init__.py", line 349, in iter
    return fut.result()
  File "/usr/lib/python3.10/concurrent/futures/_base.py", line 439, in result
    return self.__get_result()
  File "/usr/lib/python3.10/concurrent/futures/_base.py", line 391, in __get_result
    raise self._exception
  File "/home/nicholas/.local/lib/python3.10/site-packages/airflow/providers/databricks/hooks/databricks_base.py", line 508, in _do_api_call
    response.raise_for_status()
  File "/home/nicholas/.local/lib/python3.10/site-packages/requests/models.py", line 1021, in raise_for_status
    raise HTTPError(http_error_msg, response=self)
requests.exceptions.HTTPError: 400 Client Error: Bad Request for url: https://adb-770153189229877.17.azuredatabricks.net/api/2.1/jobs/runs/get-output?run_id=23422

During handling of the above exception, another exception occurred:

Traceback (most recent call last):
  File "/home/nicholas/.local/lib/python3.10/site-packages/airflow/providers/databricks/operators/databricks.py", line 655, in execute
    _handle_databricks_operator_execution(self, hook, self.log, context)
  File "/home/nicholas/.local/lib/python3.10/site-packages/airflow/providers/databricks/operators/databricks.py", line 63, in _handle_databricks_operator_execution
    run_output = hook.get_run_output(operator.run_id)
  File "/home/nicholas/.local/lib/python3.10/site-packages/airflow/providers/databricks/hooks/databricks.py", line 309, in get_run_output
    run_output = self._do_api_call(OUTPUT_RUNS_JOB_ENDPOINT, json)
  File "/home/nicholas/.local/lib/python3.10/site-packages/airflow/providers/databricks/hooks/databricks_base.py", line 514, in _do_api_call
    raise AirflowException(
airflow.exceptions.AirflowException: Response: b'{"error_code":"INVALID_PARAMETER_VALUE","message":"Retrieving the output of runs with multiple tasks is not supported. Please retrieve the output of each individual task run instead."}', Status Code: 400
[2022-07-06 20:28:03,756] {taskinstance.py:1395} INFO - Marking task as UP_FOR_RETRY. dag_id=twitter_dag, task_id=json_to_parquet_task, execution_date=20220706T232413, start_date=20220706T232425, end_date=20220706T232803
[2022-07-06 20:28:03,770] {standard_task_runner.py:92} ERROR - Failed to execute job 77 for task json_to_parquet_task (Response: b'{"error_code":"INVALID_PARAMETER_VALUE","message":"Retrieving the output of runs with multiple tasks is not supported. Please retrieve the output of each individual task run instead."}', Status Code: 400; 130372)
[2022-07-06 20:28:03,790] {local_task_job.py:156} INFO - Task exited with return code 1
[2022-07-06 20:28:03,806] {local_task_job.py:273} INFO - 0 downstream tasks scheduled from follow-on schedule check
