[2022-07-06 20:24:22,057] {taskinstance.py:1159} INFO - Dependencies all met for <TaskInstance: twitter_dag.wait_twitter_data manual__2022-07-06T23:24:13.467661+00:00 [queued]>
[2022-07-06 20:24:22,064] {taskinstance.py:1159} INFO - Dependencies all met for <TaskInstance: twitter_dag.wait_twitter_data manual__2022-07-06T23:24:13.467661+00:00 [queued]>
[2022-07-06 20:24:22,064] {taskinstance.py:1356} INFO - 
--------------------------------------------------------------------------------
[2022-07-06 20:24:22,064] {taskinstance.py:1357} INFO - Starting attempt 1 of 4
[2022-07-06 20:24:22,064] {taskinstance.py:1358} INFO - 
--------------------------------------------------------------------------------
[2022-07-06 20:24:22,090] {taskinstance.py:1377} INFO - Executing <Task(WasbPrefixSensor): wait_twitter_data> on 2022-07-06 23:24:13.467661+00:00
[2022-07-06 20:24:22,092] {standard_task_runner.py:52} INFO - Started process 130330 to run task
[2022-07-06 20:24:22,095] {standard_task_runner.py:79} INFO - Running: ['airflow', 'tasks', 'run', 'twitter_dag', 'wait_twitter_data', 'manual__2022-07-06T23:24:13.467661+00:00', '--job-id', '76', '--raw', '--subdir', 'DAGS_FOLDER/twitter_dag.py', '--cfg-path', '/tmp/tmphr2fw3zc', '--error-file', '/tmp/tmpgbn0k14w']
[2022-07-06 20:24:22,096] {standard_task_runner.py:80} INFO - Job 76: Subtask wait_twitter_data
[2022-07-06 20:24:22,142] {task_command.py:370} INFO - Running <TaskInstance: twitter_dag.wait_twitter_data manual__2022-07-06T23:24:13.467661+00:00 [running]> on host nicholas-VirtualBox
[2022-07-06 20:24:22,227] {taskinstance.py:1569} INFO - Exporting the following env vars:
AIRFLOW_CTX_DAG_EMAIL=nicholas.comuni@outlook.com
AIRFLOW_CTX_DAG_OWNER=Nicholas
AIRFLOW_CTX_DAG_ID=twitter_dag
AIRFLOW_CTX_TASK_ID=wait_twitter_data
AIRFLOW_CTX_EXECUTION_DATE=2022-07-06T23:24:13.467661+00:00
AIRFLOW_CTX_TRY_NUMBER=1
AIRFLOW_CTX_DAG_RUN_ID=manual__2022-07-06T23:24:13.467661+00:00
[2022-07-06 20:24:22,228] {wasb.py:95} INFO - Poking for prefix: /hashtags in wasb://landingzone
[2022-07-06 20:24:22,236] {base.py:68} INFO - Using connection ID 'wasbconn' for task execution.
[2022-07-06 20:24:22,241] {_universal.py:476} INFO - Request URL: 'https://serasadatalake.blob.core.windows.net/landingzone?restype=REDACTED&comp=REDACTED&prefix=REDACTED&delimiter=REDACTED'
Request method: 'GET'
Request headers:
    'x-ms-version': 'REDACTED'
    'Accept': 'application/xml'
    'User-Agent': 'azsdk-python-storage-blob/12.8.1 Python/3.10.4 (Linux-5.15.0-39-generic-x86_64-with-glibc2.35)'
    'x-ms-date': 'REDACTED'
    'x-ms-client-request-id': 'c449f420-fd82-11ec-bec2-bb469e0cbda2'
    'Authorization': 'REDACTED'
No body was attached to the request
[2022-07-06 20:24:23,040] {_universal.py:504} INFO - Response status: 200
Response headers:
    'Transfer-Encoding': 'chunked'
    'Content-Type': 'application/xml'
    'Server': 'Windows-Azure-Blob/1.0 Microsoft-HTTPAPI/2.0'
    'x-ms-request-id': '7f460d0f-b01e-0052-118f-9137ef000000'
    'x-ms-client-request-id': 'c449f420-fd82-11ec-bec2-bb469e0cbda2'
    'x-ms-version': 'REDACTED'
    'Date': 'Wed, 06 Jul 2022 23:24:23 GMT'
[2022-07-06 20:24:23,041] {base.py:301} INFO - Success criteria met. Exiting.
[2022-07-06 20:24:23,048] {taskinstance.py:1395} INFO - Marking task as SUCCESS. dag_id=twitter_dag, task_id=wait_twitter_data, execution_date=20220706T232413, start_date=20220706T232422, end_date=20220706T232423
[2022-07-06 20:24:23,081] {local_task_job.py:156} INFO - Task exited with return code 0
[2022-07-06 20:24:23,125] {local_task_job.py:273} INFO - 1 downstream tasks scheduled from follow-on schedule check
