[2022-07-06 21:05:08,067] {taskinstance.py:1159} INFO - Dependencies all met for <TaskInstance: twitter_dag.load_data_to_cosmosDB manual__2022-07-06T23:43:13.120208+00:00 [queued]>
[2022-07-06 21:05:08,079] {taskinstance.py:1159} INFO - Dependencies all met for <TaskInstance: twitter_dag.load_data_to_cosmosDB manual__2022-07-06T23:43:13.120208+00:00 [queued]>
[2022-07-06 21:05:08,079] {taskinstance.py:1356} INFO - 
--------------------------------------------------------------------------------
[2022-07-06 21:05:08,079] {taskinstance.py:1357} INFO - Starting attempt 1 of 4
[2022-07-06 21:05:08,079] {taskinstance.py:1358} INFO - 
--------------------------------------------------------------------------------
[2022-07-06 21:05:08,107] {taskinstance.py:1377} INFO - Executing <Task(DatabricksRunNowOperator): load_data_to_cosmosDB> on 2022-07-06 23:43:13.120208+00:00
[2022-07-06 21:05:08,109] {standard_task_runner.py:52} INFO - Started process 149417 to run task
[2022-07-06 21:05:08,111] {standard_task_runner.py:79} INFO - Running: ['airflow', 'tasks', 'run', 'twitter_dag', 'load_data_to_cosmosDB', 'manual__2022-07-06T23:43:13.120208+00:00', '--job-id', '83', '--raw', '--subdir', 'DAGS_FOLDER/twitter_dag.py', '--cfg-path', '/tmp/tmpv8ob6ogz', '--error-file', '/tmp/tmpqidw5o0a']
[2022-07-06 21:05:08,113] {standard_task_runner.py:80} INFO - Job 83: Subtask load_data_to_cosmosDB
[2022-07-06 21:05:08,157] {task_command.py:370} INFO - Running <TaskInstance: twitter_dag.load_data_to_cosmosDB manual__2022-07-06T23:43:13.120208+00:00 [running]> on host nicholas-VirtualBox
[2022-07-06 21:05:08,230] {taskinstance.py:1569} INFO - Exporting the following env vars:
AIRFLOW_CTX_DAG_EMAIL=nicholas.comuni@outlook.com
AIRFLOW_CTX_DAG_OWNER=Nicholas
AIRFLOW_CTX_DAG_ID=twitter_dag
AIRFLOW_CTX_TASK_ID=load_data_to_cosmosDB
AIRFLOW_CTX_EXECUTION_DATE=2022-07-06T23:43:13.120208+00:00
AIRFLOW_CTX_TRY_NUMBER=1
AIRFLOW_CTX_DAG_RUN_ID=manual__2022-07-06T23:43:13.120208+00:00
[2022-07-06 21:05:08,235] {base.py:68} INFO - Using connection ID 'databricks_conn' for task execution.
[2022-07-06 21:05:08,236] {databricks_base.py:406} INFO - Using token auth. For security reasons, please set token in Password field instead of extra
[2022-07-06 21:05:08,968] {databricks.py:49} INFO - Run submitted with run_id: 27649
[2022-07-06 21:05:08,969] {databricks_base.py:406} INFO - Using token auth. For security reasons, please set token in Password field instead of extra
[2022-07-06 21:05:09,551] {databricks_base.py:406} INFO - Using token auth. For security reasons, please set token in Password field instead of extra
[2022-07-06 21:05:10,175] {databricks.py:71} INFO - load_data_to_cosmosDB in run state: {'life_cycle_state': 'RUNNING', 'result_state': '', 'state_message': ''}
[2022-07-06 21:05:10,175] {databricks.py:72} INFO - View run status, Spark UI, and logs at https://adb-770153189229877.17.azuredatabricks.net/?o=770153189229877#job/854986352167304/run/27649
[2022-07-06 21:05:10,175] {databricks.py:73} INFO - Sleeping for 30 seconds.
[2022-07-06 21:05:40,203] {databricks_base.py:406} INFO - Using token auth. For security reasons, please set token in Password field instead of extra
[2022-07-06 21:05:40,787] {databricks.py:71} INFO - load_data_to_cosmosDB in run state: {'life_cycle_state': 'RUNNING', 'result_state': '', 'state_message': ''}
[2022-07-06 21:05:40,787] {databricks.py:72} INFO - View run status, Spark UI, and logs at https://adb-770153189229877.17.azuredatabricks.net/?o=770153189229877#job/854986352167304/run/27649
[2022-07-06 21:05:40,787] {databricks.py:73} INFO - Sleeping for 30 seconds.
[2022-07-06 21:06:10,855] {databricks_base.py:406} INFO - Using token auth. For security reasons, please set token in Password field instead of extra
[2022-07-06 21:06:11,651] {databricks.py:71} INFO - load_data_to_cosmosDB in run state: {'life_cycle_state': 'RUNNING', 'result_state': '', 'state_message': ''}
[2022-07-06 21:06:11,651] {databricks.py:72} INFO - View run status, Spark UI, and logs at https://adb-770153189229877.17.azuredatabricks.net/?o=770153189229877#job/854986352167304/run/27649
[2022-07-06 21:06:11,652] {databricks.py:73} INFO - Sleeping for 30 seconds.
[2022-07-06 21:06:41,682] {databricks_base.py:406} INFO - Using token auth. For security reasons, please set token in Password field instead of extra
[2022-07-06 21:06:42,298] {databricks.py:71} INFO - load_data_to_cosmosDB in run state: {'life_cycle_state': 'RUNNING', 'result_state': '', 'state_message': ''}
[2022-07-06 21:06:42,298] {databricks.py:72} INFO - View run status, Spark UI, and logs at https://adb-770153189229877.17.azuredatabricks.net/?o=770153189229877#job/854986352167304/run/27649
[2022-07-06 21:06:42,298] {databricks.py:73} INFO - Sleeping for 30 seconds.
[2022-07-06 21:07:12,328] {databricks_base.py:406} INFO - Using token auth. For security reasons, please set token in Password field instead of extra
[2022-07-06 21:07:12,989] {databricks.py:71} INFO - load_data_to_cosmosDB in run state: {'life_cycle_state': 'RUNNING', 'result_state': '', 'state_message': ''}
[2022-07-06 21:07:12,989] {databricks.py:72} INFO - View run status, Spark UI, and logs at https://adb-770153189229877.17.azuredatabricks.net/?o=770153189229877#job/854986352167304/run/27649
[2022-07-06 21:07:12,989] {databricks.py:73} INFO - Sleeping for 30 seconds.
[2022-07-06 21:07:43,018] {databricks_base.py:406} INFO - Using token auth. For security reasons, please set token in Password field instead of extra
[2022-07-06 21:07:43,595] {databricks.py:71} INFO - load_data_to_cosmosDB in run state: {'life_cycle_state': 'RUNNING', 'result_state': '', 'state_message': ''}
[2022-07-06 21:07:43,595] {databricks.py:72} INFO - View run status, Spark UI, and logs at https://adb-770153189229877.17.azuredatabricks.net/?o=770153189229877#job/854986352167304/run/27649
[2022-07-06 21:07:43,596] {databricks.py:73} INFO - Sleeping for 30 seconds.
[2022-07-06 21:08:13,625] {databricks_base.py:406} INFO - Using token auth. For security reasons, please set token in Password field instead of extra
[2022-07-06 21:08:14,194] {databricks.py:71} INFO - load_data_to_cosmosDB in run state: {'life_cycle_state': 'RUNNING', 'result_state': '', 'state_message': ''}
[2022-07-06 21:08:14,194] {databricks.py:72} INFO - View run status, Spark UI, and logs at https://adb-770153189229877.17.azuredatabricks.net/?o=770153189229877#job/854986352167304/run/27649
[2022-07-06 21:08:14,194] {databricks.py:73} INFO - Sleeping for 30 seconds.
[2022-07-06 21:08:44,234] {databricks_base.py:406} INFO - Using token auth. For security reasons, please set token in Password field instead of extra
[2022-07-06 21:08:44,901] {databricks.py:71} INFO - load_data_to_cosmosDB in run state: {'life_cycle_state': 'RUNNING', 'result_state': '', 'state_message': ''}
[2022-07-06 21:08:44,901] {databricks.py:72} INFO - View run status, Spark UI, and logs at https://adb-770153189229877.17.azuredatabricks.net/?o=770153189229877#job/854986352167304/run/27649
[2022-07-06 21:08:44,901] {databricks.py:73} INFO - Sleeping for 30 seconds.
[2022-07-06 21:09:14,907] {databricks_base.py:406} INFO - Using token auth. For security reasons, please set token in Password field instead of extra
[2022-07-06 21:09:15,475] {databricks.py:71} INFO - load_data_to_cosmosDB in run state: {'life_cycle_state': 'RUNNING', 'result_state': '', 'state_message': ''}
[2022-07-06 21:09:15,475] {databricks.py:72} INFO - View run status, Spark UI, and logs at https://adb-770153189229877.17.azuredatabricks.net/?o=770153189229877#job/854986352167304/run/27649
[2022-07-06 21:09:15,475] {databricks.py:73} INFO - Sleeping for 30 seconds.
[2022-07-06 21:09:45,502] {databricks_base.py:406} INFO - Using token auth. For security reasons, please set token in Password field instead of extra
[2022-07-06 21:09:46,275] {databricks.py:71} INFO - load_data_to_cosmosDB in run state: {'life_cycle_state': 'RUNNING', 'result_state': '', 'state_message': ''}
[2022-07-06 21:09:46,275] {databricks.py:72} INFO - View run status, Spark UI, and logs at https://adb-770153189229877.17.azuredatabricks.net/?o=770153189229877#job/854986352167304/run/27649
[2022-07-06 21:09:46,275] {databricks.py:73} INFO - Sleeping for 30 seconds.
[2022-07-06 21:10:16,301] {databricks_base.py:406} INFO - Using token auth. For security reasons, please set token in Password field instead of extra
[2022-07-06 21:10:16,940] {databricks.py:71} INFO - load_data_to_cosmosDB in run state: {'life_cycle_state': 'RUNNING', 'result_state': '', 'state_message': ''}
[2022-07-06 21:10:16,940] {databricks.py:72} INFO - View run status, Spark UI, and logs at https://adb-770153189229877.17.azuredatabricks.net/?o=770153189229877#job/854986352167304/run/27649
[2022-07-06 21:10:16,940] {databricks.py:73} INFO - Sleeping for 30 seconds.
[2022-07-06 21:10:46,970] {databricks_base.py:406} INFO - Using token auth. For security reasons, please set token in Password field instead of extra
[2022-07-06 21:10:47,574] {databricks.py:71} INFO - load_data_to_cosmosDB in run state: {'life_cycle_state': 'RUNNING', 'result_state': '', 'state_message': ''}
[2022-07-06 21:10:47,574] {databricks.py:72} INFO - View run status, Spark UI, and logs at https://adb-770153189229877.17.azuredatabricks.net/?o=770153189229877#job/854986352167304/run/27649
[2022-07-06 21:10:47,574] {databricks.py:73} INFO - Sleeping for 30 seconds.
[2022-07-06 21:11:17,594] {databricks_base.py:406} INFO - Using token auth. For security reasons, please set token in Password field instead of extra
[2022-07-06 21:11:18,201] {databricks.py:71} INFO - load_data_to_cosmosDB in run state: {'life_cycle_state': 'RUNNING', 'result_state': '', 'state_message': ''}
[2022-07-06 21:11:18,202] {databricks.py:72} INFO - View run status, Spark UI, and logs at https://adb-770153189229877.17.azuredatabricks.net/?o=770153189229877#job/854986352167304/run/27649
[2022-07-06 21:11:18,202] {databricks.py:73} INFO - Sleeping for 30 seconds.
[2022-07-06 21:11:48,236] {databricks_base.py:406} INFO - Using token auth. For security reasons, please set token in Password field instead of extra
[2022-07-06 21:11:48,968] {databricks.py:71} INFO - load_data_to_cosmosDB in run state: {'life_cycle_state': 'RUNNING', 'result_state': '', 'state_message': ''}
[2022-07-06 21:11:48,968] {databricks.py:72} INFO - View run status, Spark UI, and logs at https://adb-770153189229877.17.azuredatabricks.net/?o=770153189229877#job/854986352167304/run/27649
[2022-07-06 21:11:48,968] {databricks.py:73} INFO - Sleeping for 30 seconds.
[2022-07-06 21:12:18,998] {databricks_base.py:406} INFO - Using token auth. For security reasons, please set token in Password field instead of extra
[2022-07-06 21:12:19,592] {databricks.py:71} INFO - load_data_to_cosmosDB in run state: {'life_cycle_state': 'RUNNING', 'result_state': '', 'state_message': ''}
[2022-07-06 21:12:19,592] {databricks.py:72} INFO - View run status, Spark UI, and logs at https://adb-770153189229877.17.azuredatabricks.net/?o=770153189229877#job/854986352167304/run/27649
[2022-07-06 21:12:19,592] {databricks.py:73} INFO - Sleeping for 30 seconds.
[2022-07-06 21:12:49,622] {databricks_base.py:406} INFO - Using token auth. For security reasons, please set token in Password field instead of extra
[2022-07-06 21:12:50,382] {databricks.py:71} INFO - load_data_to_cosmosDB in run state: {'life_cycle_state': 'RUNNING', 'result_state': '', 'state_message': ''}
[2022-07-06 21:12:50,382] {databricks.py:72} INFO - View run status, Spark UI, and logs at https://adb-770153189229877.17.azuredatabricks.net/?o=770153189229877#job/854986352167304/run/27649
[2022-07-06 21:12:50,382] {databricks.py:73} INFO - Sleeping for 30 seconds.
[2022-07-06 21:13:20,382] {databricks_base.py:406} INFO - Using token auth. For security reasons, please set token in Password field instead of extra
[2022-07-06 21:13:21,021] {databricks.py:71} INFO - load_data_to_cosmosDB in run state: {'life_cycle_state': 'RUNNING', 'result_state': '', 'state_message': ''}
[2022-07-06 21:13:21,021] {databricks.py:72} INFO - View run status, Spark UI, and logs at https://adb-770153189229877.17.azuredatabricks.net/?o=770153189229877#job/854986352167304/run/27649
[2022-07-06 21:13:21,022] {databricks.py:73} INFO - Sleeping for 30 seconds.
[2022-07-06 21:13:51,046] {databricks_base.py:406} INFO - Using token auth. For security reasons, please set token in Password field instead of extra
[2022-07-06 21:13:51,689] {databricks.py:71} INFO - load_data_to_cosmosDB in run state: {'life_cycle_state': 'RUNNING', 'result_state': '', 'state_message': ''}
[2022-07-06 21:13:51,689] {databricks.py:72} INFO - View run status, Spark UI, and logs at https://adb-770153189229877.17.azuredatabricks.net/?o=770153189229877#job/854986352167304/run/27649
[2022-07-06 21:13:51,689] {databricks.py:73} INFO - Sleeping for 30 seconds.
[2022-07-06 21:14:21,722] {databricks_base.py:406} INFO - Using token auth. For security reasons, please set token in Password field instead of extra
[2022-07-06 21:14:22,289] {databricks.py:71} INFO - load_data_to_cosmosDB in run state: {'life_cycle_state': 'RUNNING', 'result_state': '', 'state_message': ''}
[2022-07-06 21:14:22,289] {databricks.py:72} INFO - View run status, Spark UI, and logs at https://adb-770153189229877.17.azuredatabricks.net/?o=770153189229877#job/854986352167304/run/27649
[2022-07-06 21:14:22,289] {databricks.py:73} INFO - Sleeping for 30 seconds.
[2022-07-06 21:14:52,314] {databricks_base.py:406} INFO - Using token auth. For security reasons, please set token in Password field instead of extra
[2022-07-06 21:14:52,902] {databricks.py:71} INFO - load_data_to_cosmosDB in run state: {'life_cycle_state': 'RUNNING', 'result_state': '', 'state_message': ''}
[2022-07-06 21:14:52,902] {databricks.py:72} INFO - View run status, Spark UI, and logs at https://adb-770153189229877.17.azuredatabricks.net/?o=770153189229877#job/854986352167304/run/27649
[2022-07-06 21:14:52,902] {databricks.py:73} INFO - Sleeping for 30 seconds.
[2022-07-06 21:15:22,917] {databricks_base.py:406} INFO - Using token auth. For security reasons, please set token in Password field instead of extra
[2022-07-06 21:15:23,634] {databricks.py:71} INFO - load_data_to_cosmosDB in run state: {'life_cycle_state': 'RUNNING', 'result_state': '', 'state_message': ''}
[2022-07-06 21:15:23,634] {databricks.py:72} INFO - View run status, Spark UI, and logs at https://adb-770153189229877.17.azuredatabricks.net/?o=770153189229877#job/854986352167304/run/27649
[2022-07-06 21:15:23,634] {databricks.py:73} INFO - Sleeping for 30 seconds.
[2022-07-06 21:15:53,662] {databricks_base.py:406} INFO - Using token auth. For security reasons, please set token in Password field instead of extra
[2022-07-06 21:15:54,416] {databricks.py:71} INFO - load_data_to_cosmosDB in run state: {'life_cycle_state': 'RUNNING', 'result_state': '', 'state_message': ''}
[2022-07-06 21:15:54,417] {databricks.py:72} INFO - View run status, Spark UI, and logs at https://adb-770153189229877.17.azuredatabricks.net/?o=770153189229877#job/854986352167304/run/27649
[2022-07-06 21:15:54,417] {databricks.py:73} INFO - Sleeping for 30 seconds.
[2022-07-06 21:16:24,442] {databricks_base.py:406} INFO - Using token auth. For security reasons, please set token in Password field instead of extra
[2022-07-06 21:16:25,031] {databricks.py:71} INFO - load_data_to_cosmosDB in run state: {'life_cycle_state': 'RUNNING', 'result_state': '', 'state_message': ''}
[2022-07-06 21:16:25,031] {databricks.py:72} INFO - View run status, Spark UI, and logs at https://adb-770153189229877.17.azuredatabricks.net/?o=770153189229877#job/854986352167304/run/27649
[2022-07-06 21:16:25,031] {databricks.py:73} INFO - Sleeping for 30 seconds.
[2022-07-06 21:16:55,052] {databricks_base.py:406} INFO - Using token auth. For security reasons, please set token in Password field instead of extra
[2022-07-06 21:16:55,660] {databricks.py:71} INFO - load_data_to_cosmosDB in run state: {'life_cycle_state': 'RUNNING', 'result_state': '', 'state_message': ''}
[2022-07-06 21:16:55,660] {databricks.py:72} INFO - View run status, Spark UI, and logs at https://adb-770153189229877.17.azuredatabricks.net/?o=770153189229877#job/854986352167304/run/27649
[2022-07-06 21:16:55,660] {databricks.py:73} INFO - Sleeping for 30 seconds.
[2022-07-06 21:17:25,690] {databricks_base.py:406} INFO - Using token auth. For security reasons, please set token in Password field instead of extra
[2022-07-06 21:17:26,248] {databricks.py:71} INFO - load_data_to_cosmosDB in run state: {'life_cycle_state': 'RUNNING', 'result_state': '', 'state_message': ''}
[2022-07-06 21:17:26,248] {databricks.py:72} INFO - View run status, Spark UI, and logs at https://adb-770153189229877.17.azuredatabricks.net/?o=770153189229877#job/854986352167304/run/27649
[2022-07-06 21:17:26,248] {databricks.py:73} INFO - Sleeping for 30 seconds.
[2022-07-06 21:17:56,274] {databricks_base.py:406} INFO - Using token auth. For security reasons, please set token in Password field instead of extra
[2022-07-06 21:17:56,854] {databricks.py:71} INFO - load_data_to_cosmosDB in run state: {'life_cycle_state': 'RUNNING', 'result_state': '', 'state_message': ''}
[2022-07-06 21:17:56,854] {databricks.py:72} INFO - View run status, Spark UI, and logs at https://adb-770153189229877.17.azuredatabricks.net/?o=770153189229877#job/854986352167304/run/27649
[2022-07-06 21:17:56,854] {databricks.py:73} INFO - Sleeping for 30 seconds.
[2022-07-06 21:18:26,926] {databricks_base.py:406} INFO - Using token auth. For security reasons, please set token in Password field instead of extra
[2022-07-06 21:18:27,563] {databricks.py:71} INFO - load_data_to_cosmosDB in run state: {'life_cycle_state': 'RUNNING', 'result_state': '', 'state_message': ''}
[2022-07-06 21:18:27,563] {databricks.py:72} INFO - View run status, Spark UI, and logs at https://adb-770153189229877.17.azuredatabricks.net/?o=770153189229877#job/854986352167304/run/27649
[2022-07-06 21:18:27,563] {databricks.py:73} INFO - Sleeping for 30 seconds.
[2022-07-06 21:18:57,584] {databricks_base.py:406} INFO - Using token auth. For security reasons, please set token in Password field instead of extra
[2022-07-06 21:18:58,551] {databricks.py:71} INFO - load_data_to_cosmosDB in run state: {'life_cycle_state': 'RUNNING', 'result_state': '', 'state_message': ''}
[2022-07-06 21:18:58,552] {databricks.py:72} INFO - View run status, Spark UI, and logs at https://adb-770153189229877.17.azuredatabricks.net/?o=770153189229877#job/854986352167304/run/27649
[2022-07-06 21:18:58,552] {databricks.py:73} INFO - Sleeping for 30 seconds.
[2022-07-06 21:19:28,582] {databricks_base.py:406} INFO - Using token auth. For security reasons, please set token in Password field instead of extra
[2022-07-06 21:19:29,229] {databricks.py:71} INFO - load_data_to_cosmosDB in run state: {'life_cycle_state': 'RUNNING', 'result_state': '', 'state_message': ''}
[2022-07-06 21:19:29,229] {databricks.py:72} INFO - View run status, Spark UI, and logs at https://adb-770153189229877.17.azuredatabricks.net/?o=770153189229877#job/854986352167304/run/27649
[2022-07-06 21:19:29,229] {databricks.py:73} INFO - Sleeping for 30 seconds.
[2022-07-06 21:19:59,255] {databricks_base.py:406} INFO - Using token auth. For security reasons, please set token in Password field instead of extra
[2022-07-06 21:19:59,857] {databricks.py:71} INFO - load_data_to_cosmosDB in run state: {'life_cycle_state': 'RUNNING', 'result_state': '', 'state_message': ''}
[2022-07-06 21:19:59,857] {databricks.py:72} INFO - View run status, Spark UI, and logs at https://adb-770153189229877.17.azuredatabricks.net/?o=770153189229877#job/854986352167304/run/27649
[2022-07-06 21:19:59,857] {databricks.py:73} INFO - Sleeping for 30 seconds.
[2022-07-06 21:20:29,887] {databricks_base.py:406} INFO - Using token auth. For security reasons, please set token in Password field instead of extra
[2022-07-06 21:20:30,468] {databricks.py:71} INFO - load_data_to_cosmosDB in run state: {'life_cycle_state': 'RUNNING', 'result_state': '', 'state_message': ''}
[2022-07-06 21:20:30,468] {databricks.py:72} INFO - View run status, Spark UI, and logs at https://adb-770153189229877.17.azuredatabricks.net/?o=770153189229877#job/854986352167304/run/27649
[2022-07-06 21:20:30,468] {databricks.py:73} INFO - Sleeping for 30 seconds.
[2022-07-06 21:21:00,470] {databricks_base.py:406} INFO - Using token auth. For security reasons, please set token in Password field instead of extra
[2022-07-06 21:21:01,169] {databricks.py:71} INFO - load_data_to_cosmosDB in run state: {'life_cycle_state': 'RUNNING', 'result_state': '', 'state_message': ''}
[2022-07-06 21:21:01,170] {databricks.py:72} INFO - View run status, Spark UI, and logs at https://adb-770153189229877.17.azuredatabricks.net/?o=770153189229877#job/854986352167304/run/27649
[2022-07-06 21:21:01,170] {databricks.py:73} INFO - Sleeping for 30 seconds.
[2022-07-06 21:21:31,203] {databricks_base.py:406} INFO - Using token auth. For security reasons, please set token in Password field instead of extra
[2022-07-06 21:21:31,754] {databricks.py:71} INFO - load_data_to_cosmosDB in run state: {'life_cycle_state': 'RUNNING', 'result_state': '', 'state_message': ''}
[2022-07-06 21:21:31,754] {databricks.py:72} INFO - View run status, Spark UI, and logs at https://adb-770153189229877.17.azuredatabricks.net/?o=770153189229877#job/854986352167304/run/27649
[2022-07-06 21:21:31,754] {databricks.py:73} INFO - Sleeping for 30 seconds.
[2022-07-06 21:22:01,783] {databricks_base.py:406} INFO - Using token auth. For security reasons, please set token in Password field instead of extra
[2022-07-06 21:22:02,526] {databricks.py:71} INFO - load_data_to_cosmosDB in run state: {'life_cycle_state': 'RUNNING', 'result_state': '', 'state_message': ''}
[2022-07-06 21:22:02,526] {databricks.py:72} INFO - View run status, Spark UI, and logs at https://adb-770153189229877.17.azuredatabricks.net/?o=770153189229877#job/854986352167304/run/27649
[2022-07-06 21:22:02,527] {databricks.py:73} INFO - Sleeping for 30 seconds.
[2022-07-06 21:22:32,554] {databricks_base.py:406} INFO - Using token auth. For security reasons, please set token in Password field instead of extra
[2022-07-06 21:22:33,157] {databricks.py:71} INFO - load_data_to_cosmosDB in run state: {'life_cycle_state': 'RUNNING', 'result_state': '', 'state_message': ''}
[2022-07-06 21:22:33,157] {databricks.py:72} INFO - View run status, Spark UI, and logs at https://adb-770153189229877.17.azuredatabricks.net/?o=770153189229877#job/854986352167304/run/27649
[2022-07-06 21:22:33,157] {databricks.py:73} INFO - Sleeping for 30 seconds.
[2022-07-06 21:23:03,185] {databricks_base.py:406} INFO - Using token auth. For security reasons, please set token in Password field instead of extra
[2022-07-06 21:23:03,749] {databricks.py:71} INFO - load_data_to_cosmosDB in run state: {'life_cycle_state': 'RUNNING', 'result_state': '', 'state_message': ''}
[2022-07-06 21:23:03,749] {databricks.py:72} INFO - View run status, Spark UI, and logs at https://adb-770153189229877.17.azuredatabricks.net/?o=770153189229877#job/854986352167304/run/27649
[2022-07-06 21:23:03,749] {databricks.py:73} INFO - Sleeping for 30 seconds.
[2022-07-06 21:23:33,794] {databricks_base.py:406} INFO - Using token auth. For security reasons, please set token in Password field instead of extra
[2022-07-06 21:23:34,455] {databricks.py:71} INFO - load_data_to_cosmosDB in run state: {'life_cycle_state': 'RUNNING', 'result_state': '', 'state_message': ''}
[2022-07-06 21:23:34,455] {databricks.py:72} INFO - View run status, Spark UI, and logs at https://adb-770153189229877.17.azuredatabricks.net/?o=770153189229877#job/854986352167304/run/27649
[2022-07-06 21:23:34,455] {databricks.py:73} INFO - Sleeping for 30 seconds.
[2022-07-06 21:24:04,474] {databricks_base.py:406} INFO - Using token auth. For security reasons, please set token in Password field instead of extra
[2022-07-06 21:24:05,457] {databricks.py:71} INFO - load_data_to_cosmosDB in run state: {'life_cycle_state': 'RUNNING', 'result_state': '', 'state_message': ''}
[2022-07-06 21:24:05,458] {databricks.py:72} INFO - View run status, Spark UI, and logs at https://adb-770153189229877.17.azuredatabricks.net/?o=770153189229877#job/854986352167304/run/27649
[2022-07-06 21:24:05,458] {databricks.py:73} INFO - Sleeping for 30 seconds.
[2022-07-06 21:24:35,487] {databricks_base.py:406} INFO - Using token auth. For security reasons, please set token in Password field instead of extra
[2022-07-06 21:24:36,223] {databricks.py:71} INFO - load_data_to_cosmosDB in run state: {'life_cycle_state': 'RUNNING', 'result_state': '', 'state_message': ''}
[2022-07-06 21:24:36,223] {databricks.py:72} INFO - View run status, Spark UI, and logs at https://adb-770153189229877.17.azuredatabricks.net/?o=770153189229877#job/854986352167304/run/27649
[2022-07-06 21:24:36,223] {databricks.py:73} INFO - Sleeping for 30 seconds.
[2022-07-06 21:25:06,239] {databricks_base.py:406} INFO - Using token auth. For security reasons, please set token in Password field instead of extra
[2022-07-06 21:25:06,863] {databricks.py:71} INFO - load_data_to_cosmosDB in run state: {'life_cycle_state': 'RUNNING', 'result_state': '', 'state_message': ''}
[2022-07-06 21:25:06,863] {databricks.py:72} INFO - View run status, Spark UI, and logs at https://adb-770153189229877.17.azuredatabricks.net/?o=770153189229877#job/854986352167304/run/27649
[2022-07-06 21:25:06,863] {databricks.py:73} INFO - Sleeping for 30 seconds.
[2022-07-06 21:25:36,879] {databricks_base.py:406} INFO - Using token auth. For security reasons, please set token in Password field instead of extra
[2022-07-06 21:25:37,458] {databricks.py:59} INFO - load_data_to_cosmosDB completed successfully.
[2022-07-06 21:25:37,458] {databricks.py:60} INFO - View run status, Spark UI, and logs at https://adb-770153189229877.17.azuredatabricks.net/?o=770153189229877#job/854986352167304/run/27649
[2022-07-06 21:25:37,464] {taskinstance.py:1395} INFO - Marking task as SUCCESS. dag_id=twitter_dag, task_id=load_data_to_cosmosDB, execution_date=20220706T234313, start_date=20220707T000508, end_date=20220707T002537
[2022-07-06 21:25:37,497] {local_task_job.py:156} INFO - Task exited with return code 0
[2022-07-06 21:25:37,509] {local_task_job.py:273} INFO - 0 downstream tasks scheduled from follow-on schedule check
