[2022-07-06 20:43:16,573] {taskinstance.py:1159} INFO - Dependencies all met for <TaskInstance: twitter_dag.request_twitter_data manual__2022-07-06T23:43:13.120208+00:00 [queued]>
[2022-07-06 20:43:16,581] {taskinstance.py:1159} INFO - Dependencies all met for <TaskInstance: twitter_dag.request_twitter_data manual__2022-07-06T23:43:13.120208+00:00 [queued]>
[2022-07-06 20:43:16,581] {taskinstance.py:1356} INFO - 
--------------------------------------------------------------------------------
[2022-07-06 20:43:16,581] {taskinstance.py:1357} INFO - Starting attempt 1 of 4
[2022-07-06 20:43:16,581] {taskinstance.py:1358} INFO - 
--------------------------------------------------------------------------------
[2022-07-06 20:43:16,601] {taskinstance.py:1377} INFO - Executing <Task(PythonOperator): request_twitter_data> on 2022-07-06 23:43:13.120208+00:00
[2022-07-06 20:43:16,603] {standard_task_runner.py:52} INFO - Started process 140162 to run task
[2022-07-06 20:43:16,619] {standard_task_runner.py:79} INFO - Running: ['airflow', 'tasks', 'run', 'twitter_dag', 'request_twitter_data', 'manual__2022-07-06T23:43:13.120208+00:00', '--job-id', '78', '--raw', '--subdir', 'DAGS_FOLDER/twitter_dag.py', '--cfg-path', '/tmp/tmpi2thvki1', '--error-file', '/tmp/tmp6xbzn4tv']
[2022-07-06 20:43:16,620] {standard_task_runner.py:80} INFO - Job 78: Subtask request_twitter_data
[2022-07-06 20:43:16,666] {task_command.py:370} INFO - Running <TaskInstance: twitter_dag.request_twitter_data manual__2022-07-06T23:43:13.120208+00:00 [running]> on host nicholas-VirtualBox
[2022-07-06 20:43:16,732] {taskinstance.py:1569} INFO - Exporting the following env vars:
AIRFLOW_CTX_DAG_EMAIL=nicholas.comuni@outlook.com
AIRFLOW_CTX_DAG_OWNER=Nicholas
AIRFLOW_CTX_DAG_ID=twitter_dag
AIRFLOW_CTX_TASK_ID=request_twitter_data
AIRFLOW_CTX_EXECUTION_DATE=2022-07-06T23:43:13.120208+00:00
AIRFLOW_CTX_TRY_NUMBER=1
AIRFLOW_CTX_DAG_RUN_ID=manual__2022-07-06T23:43:13.120208+00:00
[2022-07-06 20:43:17,453] {logging_mixin.py:115} INFO - /tmp/tmp4iwhojbb/australia.json
[2022-07-06 20:43:17,460] {base.py:68} INFO - Using connection ID 'wasbconn' for task execution.
[2022-07-06 20:43:17,462] {_universal.py:473} INFO - Request URL: 'https://serasadatalake.blob.core.windows.net/landingzone/hashtags/australia/2022/7/australia_2022-07-06%2020_43_17.453285.json'
Request method: 'PUT'
Request headers:
    'x-ms-blob-type': 'REDACTED'
    'Content-Length': '2816'
    'If-None-Match': '*'
    'x-ms-version': 'REDACTED'
    'Content-Type': 'application/octet-stream'
    'Accept': 'application/xml'
    'User-Agent': 'azsdk-python-storage-blob/12.8.1 Python/3.10.4 (Linux-5.15.0-39-generic-x86_64-with-glibc2.35)'
    'x-ms-date': 'REDACTED'
    'x-ms-client-request-id': '68ef2340-fd85-11ec-bec2-bb469e0cbda2'
    'Authorization': 'REDACTED'
A body is sent with the request
[2022-07-06 20:43:18,399] {_universal.py:504} INFO - Response status: 201
Response headers:
    'Content-Length': '0'
    'Content-MD5': 'REDACTED'
    'Last-Modified': 'Wed, 06 Jul 2022 23:43:19 GMT'
    'ETag': '"0x8DA5FA94E3806F0"'
    'Server': 'Windows-Azure-Blob/1.0 Microsoft-HTTPAPI/2.0'
    'x-ms-request-id': '0957397b-201e-001d-3392-9146bb000000'
    'x-ms-client-request-id': '68ef2340-fd85-11ec-bec2-bb469e0cbda2'
    'x-ms-version': 'REDACTED'
    'x-ms-content-crc64': 'REDACTED'
    'x-ms-request-server-encrypted': 'REDACTED'
    'Date': 'Wed, 06 Jul 2022 23:43:18 GMT'
[2022-07-06 20:43:18,402] {python.py:173} INFO - Done. Returned value was: None
[2022-07-06 20:43:18,409] {taskinstance.py:1395} INFO - Marking task as SUCCESS. dag_id=twitter_dag, task_id=request_twitter_data, execution_date=20220706T234313, start_date=20220706T234316, end_date=20220706T234318
[2022-07-06 20:43:18,456] {local_task_job.py:156} INFO - Task exited with return code 0
[2022-07-06 20:43:18,490] {local_task_job.py:273} INFO - 1 downstream tasks scheduled from follow-on schedule check
