[2022-07-06 20:24:17,267] {taskinstance.py:1159} INFO - Dependencies all met for <TaskInstance: twitter_dag.request_twitter_data manual__2022-07-06T23:24:13.467661+00:00 [queued]>
[2022-07-06 20:24:17,280] {taskinstance.py:1159} INFO - Dependencies all met for <TaskInstance: twitter_dag.request_twitter_data manual__2022-07-06T23:24:13.467661+00:00 [queued]>
[2022-07-06 20:24:17,280] {taskinstance.py:1356} INFO - 
--------------------------------------------------------------------------------
[2022-07-06 20:24:17,280] {taskinstance.py:1357} INFO - Starting attempt 1 of 4
[2022-07-06 20:24:17,280] {taskinstance.py:1358} INFO - 
--------------------------------------------------------------------------------
[2022-07-06 20:24:17,317] {taskinstance.py:1377} INFO - Executing <Task(PythonOperator): request_twitter_data> on 2022-07-06 23:24:13.467661+00:00
[2022-07-06 20:24:17,319] {standard_task_runner.py:52} INFO - Started process 130249 to run task
[2022-07-06 20:24:17,322] {standard_task_runner.py:79} INFO - Running: ['airflow', 'tasks', 'run', 'twitter_dag', 'request_twitter_data', 'manual__2022-07-06T23:24:13.467661+00:00', '--job-id', '75', '--raw', '--subdir', 'DAGS_FOLDER/twitter_dag.py', '--cfg-path', '/tmp/tmpxe_nbhlp', '--error-file', '/tmp/tmprpc58m0z']
[2022-07-06 20:24:17,323] {standard_task_runner.py:80} INFO - Job 75: Subtask request_twitter_data
[2022-07-06 20:24:17,408] {task_command.py:370} INFO - Running <TaskInstance: twitter_dag.request_twitter_data manual__2022-07-06T23:24:13.467661+00:00 [running]> on host nicholas-VirtualBox
[2022-07-06 20:24:17,498] {taskinstance.py:1569} INFO - Exporting the following env vars:
AIRFLOW_CTX_DAG_EMAIL=nicholas.comuni@outlook.com
AIRFLOW_CTX_DAG_OWNER=Nicholas
AIRFLOW_CTX_DAG_ID=twitter_dag
AIRFLOW_CTX_TASK_ID=request_twitter_data
AIRFLOW_CTX_EXECUTION_DATE=2022-07-06T23:24:13.467661+00:00
AIRFLOW_CTX_TRY_NUMBER=1
AIRFLOW_CTX_DAG_RUN_ID=manual__2022-07-06T23:24:13.467661+00:00
[2022-07-06 20:24:18,182] {logging_mixin.py:115} INFO - /tmp/tmpeajztajg/australia.json
[2022-07-06 20:24:18,189] {base.py:68} INFO - Using connection ID 'wasbconn' for task execution.
[2022-07-06 20:24:18,193] {_universal.py:473} INFO - Request URL: 'https://serasadatalake.blob.core.windows.net/landingzone/hashtags/australia/2022/7/australia_2022-07-06%2020_24_18.183161.json'
Request method: 'PUT'
Request headers:
    'x-ms-blob-type': 'REDACTED'
    'Content-Length': '2596'
    'If-None-Match': '*'
    'x-ms-version': 'REDACTED'
    'Content-Type': 'application/octet-stream'
    'Accept': 'application/xml'
    'User-Agent': 'azsdk-python-storage-blob/12.8.1 Python/3.10.4 (Linux-5.15.0-39-generic-x86_64-with-glibc2.35)'
    'x-ms-date': 'REDACTED'
    'x-ms-client-request-id': 'c1e055da-fd82-11ec-bec2-bb469e0cbda2'
    'Authorization': 'REDACTED'
A body is sent with the request
[2022-07-06 20:24:19,179] {_universal.py:504} INFO - Response status: 201
Response headers:
    'Content-Length': '0'
    'Content-MD5': 'REDACTED'
    'Last-Modified': 'Wed, 06 Jul 2022 23:24:20 GMT'
    'ETag': '"0x8DA5FA6A7710D73"'
    'Server': 'Windows-Azure-Blob/1.0 Microsoft-HTTPAPI/2.0'
    'x-ms-request-id': '0950e08e-201e-001d-7d8f-9146bb000000'
    'x-ms-client-request-id': 'c1e055da-fd82-11ec-bec2-bb469e0cbda2'
    'x-ms-version': 'REDACTED'
    'x-ms-content-crc64': 'REDACTED'
    'x-ms-request-server-encrypted': 'REDACTED'
    'Date': 'Wed, 06 Jul 2022 23:24:19 GMT'
[2022-07-06 20:24:19,182] {python.py:173} INFO - Done. Returned value was: None
[2022-07-06 20:24:19,190] {taskinstance.py:1395} INFO - Marking task as SUCCESS. dag_id=twitter_dag, task_id=request_twitter_data, execution_date=20220706T232413, start_date=20220706T232417, end_date=20220706T232419
[2022-07-06 20:24:19,245] {local_task_job.py:156} INFO - Task exited with return code 0
[2022-07-06 20:24:19,292] {local_task_job.py:273} INFO - 1 downstream tasks scheduled from follow-on schedule check
