[2022-07-06 21:25:40,409] {taskinstance.py:1159} INFO - Dependencies all met for <TaskInstance: twitter_dag.wait_twitter_data scheduled__2022-07-06T00:00:00+00:00 [queued]>
[2022-07-06 21:25:40,415] {taskinstance.py:1159} INFO - Dependencies all met for <TaskInstance: twitter_dag.wait_twitter_data scheduled__2022-07-06T00:00:00+00:00 [queued]>
[2022-07-06 21:25:40,415] {taskinstance.py:1356} INFO - 
--------------------------------------------------------------------------------
[2022-07-06 21:25:40,415] {taskinstance.py:1357} INFO - Starting attempt 1 of 4
[2022-07-06 21:25:40,415] {taskinstance.py:1358} INFO - 
--------------------------------------------------------------------------------
[2022-07-06 21:25:40,447] {taskinstance.py:1377} INFO - Executing <Task(WasbPrefixSensor): wait_twitter_data> on 2022-07-06 00:00:00+00:00
[2022-07-06 21:25:40,449] {standard_task_runner.py:52} INFO - Started process 158186 to run task
[2022-07-06 21:25:40,452] {standard_task_runner.py:79} INFO - Running: ['airflow', 'tasks', 'run', 'twitter_dag', 'wait_twitter_data', 'scheduled__2022-07-06T00:00:00+00:00', '--job-id', '84', '--raw', '--subdir', 'DAGS_FOLDER/twitter_dag.py', '--cfg-path', '/tmp/tmp3lf7q_np', '--error-file', '/tmp/tmpawn_c5at']
[2022-07-06 21:25:40,453] {standard_task_runner.py:80} INFO - Job 84: Subtask wait_twitter_data
[2022-07-06 21:25:40,490] {task_command.py:370} INFO - Running <TaskInstance: twitter_dag.wait_twitter_data scheduled__2022-07-06T00:00:00+00:00 [running]> on host nicholas-VirtualBox
[2022-07-06 21:25:40,551] {taskinstance.py:1569} INFO - Exporting the following env vars:
AIRFLOW_CTX_DAG_EMAIL=nicholas.comuni@outlook.com
AIRFLOW_CTX_DAG_OWNER=Nicholas
AIRFLOW_CTX_DAG_ID=twitter_dag
AIRFLOW_CTX_TASK_ID=wait_twitter_data
AIRFLOW_CTX_EXECUTION_DATE=2022-07-06T00:00:00+00:00
AIRFLOW_CTX_TRY_NUMBER=1
AIRFLOW_CTX_DAG_RUN_ID=scheduled__2022-07-06T00:00:00+00:00
[2022-07-06 21:25:40,552] {wasb.py:95} INFO - Poking for prefix: /hashtags in wasb://landingzone
[2022-07-06 21:25:40,558] {base.py:68} INFO - Using connection ID 'wasbconn' for task execution.
[2022-07-06 21:25:40,562] {_universal.py:476} INFO - Request URL: 'https://serasadatalake.blob.core.windows.net/landingzone?restype=REDACTED&comp=REDACTED&prefix=REDACTED&delimiter=REDACTED'
Request method: 'GET'
Request headers:
    'x-ms-version': 'REDACTED'
    'Accept': 'application/xml'
    'User-Agent': 'azsdk-python-storage-blob/12.8.1 Python/3.10.4 (Linux-5.15.0-39-generic-x86_64-with-glibc2.35)'
    'x-ms-date': 'REDACTED'
    'x-ms-client-request-id': '54bd314a-fd8b-11ec-bec2-bb469e0cbda2'
    'Authorization': 'REDACTED'
No body was attached to the request
[2022-07-06 21:25:41,389] {_universal.py:504} INFO - Response status: 200
Response headers:
    'Transfer-Encoding': 'chunked'
    'Content-Type': 'application/xml'
    'Server': 'Windows-Azure-Blob/1.0 Microsoft-HTTPAPI/2.0'
    'x-ms-request-id': 'cd6fddc7-301e-00a8-7b98-91d5a9000000'
    'x-ms-client-request-id': '54bd314a-fd8b-11ec-bec2-bb469e0cbda2'
    'x-ms-version': 'REDACTED'
    'Date': 'Thu, 07 Jul 2022 00:25:40 GMT'
[2022-07-06 21:25:41,391] {base.py:301} INFO - Success criteria met. Exiting.
[2022-07-06 21:25:41,397] {taskinstance.py:1395} INFO - Marking task as SUCCESS. dag_id=twitter_dag, task_id=wait_twitter_data, execution_date=20220706T000000, start_date=20220707T002540, end_date=20220707T002541
[2022-07-06 21:25:41,451] {local_task_job.py:156} INFO - Task exited with return code 0
[2022-07-06 21:25:41,487] {local_task_job.py:273} INFO - 1 downstream tasks scheduled from follow-on schedule check
