[2022-07-08 14:17:55,392] {taskinstance.py:1159} INFO - Dependencies all met for <TaskInstance: twitter_dag.json_to_parquet_task scheduled__2022-07-07T00:00:00+00:00 [queued]>
[2022-07-08 14:17:55,402] {taskinstance.py:1159} INFO - Dependencies all met for <TaskInstance: twitter_dag.json_to_parquet_task scheduled__2022-07-07T00:00:00+00:00 [queued]>
[2022-07-08 14:17:55,402] {taskinstance.py:1356} INFO - 
--------------------------------------------------------------------------------
[2022-07-08 14:17:55,402] {taskinstance.py:1357} INFO - Starting attempt 1 of 4
[2022-07-08 14:17:55,402] {taskinstance.py:1358} INFO - 
--------------------------------------------------------------------------------
[2022-07-08 14:17:55,427] {taskinstance.py:1377} INFO - Executing <Task(DatabricksRunNowOperator): json_to_parquet_task> on 2022-07-07 00:00:00+00:00
[2022-07-08 14:17:55,430] {standard_task_runner.py:52} INFO - Started process 6423 to run task
[2022-07-08 14:17:55,434] {standard_task_runner.py:79} INFO - Running: ['airflow', 'tasks', 'run', 'twitter_dag', 'json_to_parquet_task', 'scheduled__2022-07-07T00:00:00+00:00', '--job-id', '93', '--raw', '--subdir', 'DAGS_FOLDER/twitter_dag.py', '--cfg-path', '/tmp/tmps41q97yq', '--error-file', '/tmp/tmpsbec8owj']
[2022-07-08 14:17:55,435] {standard_task_runner.py:80} INFO - Job 93: Subtask json_to_parquet_task
[2022-07-08 14:17:55,504] {task_command.py:370} INFO - Running <TaskInstance: twitter_dag.json_to_parquet_task scheduled__2022-07-07T00:00:00+00:00 [running]> on host nicholas-VirtualBox
[2022-07-08 14:17:55,567] {taskinstance.py:1569} INFO - Exporting the following env vars:
AIRFLOW_CTX_DAG_EMAIL=nicholas.comuni@outlook.com
AIRFLOW_CTX_DAG_OWNER=Nicholas
AIRFLOW_CTX_DAG_ID=twitter_dag
AIRFLOW_CTX_TASK_ID=json_to_parquet_task
AIRFLOW_CTX_EXECUTION_DATE=2022-07-07T00:00:00+00:00
AIRFLOW_CTX_TRY_NUMBER=1
AIRFLOW_CTX_DAG_RUN_ID=scheduled__2022-07-07T00:00:00+00:00
[2022-07-08 14:17:55,575] {base.py:68} INFO - Using connection ID 'databricks_conn' for task execution.
[2022-07-08 14:17:55,576] {databricks_base.py:406} INFO - Using token auth. For security reasons, please set token in Password field instead of extra
[2022-07-08 14:17:56,272] {databricks.py:49} INFO - Run submitted with run_id: 31924
[2022-07-08 14:17:56,273] {databricks_base.py:406} INFO - Using token auth. For security reasons, please set token in Password field instead of extra
[2022-07-08 14:17:56,855] {databricks_base.py:406} INFO - Using token auth. For security reasons, please set token in Password field instead of extra
[2022-07-08 14:17:57,432] {databricks.py:71} INFO - json_to_parquet_task in run state: {'life_cycle_state': 'RUNNING', 'result_state': '', 'state_message': ''}
[2022-07-08 14:17:57,433] {databricks.py:72} INFO - View run status, Spark UI, and logs at https://adb-770153189229877.17.azuredatabricks.net/?o=770153189229877#job/711735064242409/run/31924
[2022-07-08 14:17:57,433] {databricks.py:73} INFO - Sleeping for 30 seconds.
[2022-07-08 14:18:27,462] {databricks_base.py:406} INFO - Using token auth. For security reasons, please set token in Password field instead of extra
[2022-07-08 14:18:28,001] {databricks.py:71} INFO - json_to_parquet_task in run state: {'life_cycle_state': 'RUNNING', 'result_state': '', 'state_message': ''}
[2022-07-08 14:18:28,001] {databricks.py:72} INFO - View run status, Spark UI, and logs at https://adb-770153189229877.17.azuredatabricks.net/?o=770153189229877#job/711735064242409/run/31924
[2022-07-08 14:18:28,001] {databricks.py:73} INFO - Sleeping for 30 seconds.
[2022-07-08 14:18:58,027] {databricks_base.py:406} INFO - Using token auth. For security reasons, please set token in Password field instead of extra
[2022-07-08 14:18:58,579] {databricks.py:71} INFO - json_to_parquet_task in run state: {'life_cycle_state': 'RUNNING', 'result_state': '', 'state_message': ''}
[2022-07-08 14:18:58,579] {databricks.py:72} INFO - View run status, Spark UI, and logs at https://adb-770153189229877.17.azuredatabricks.net/?o=770153189229877#job/711735064242409/run/31924
[2022-07-08 14:18:58,579] {databricks.py:73} INFO - Sleeping for 30 seconds.
[2022-07-08 14:19:28,608] {databricks_base.py:406} INFO - Using token auth. For security reasons, please set token in Password field instead of extra
[2022-07-08 14:19:29,418] {databricks.py:59} INFO - json_to_parquet_task completed successfully.
[2022-07-08 14:19:29,418] {databricks.py:60} INFO - View run status, Spark UI, and logs at https://adb-770153189229877.17.azuredatabricks.net/?o=770153189229877#job/711735064242409/run/31924
[2022-07-08 14:19:29,425] {taskinstance.py:1395} INFO - Marking task as SUCCESS. dag_id=twitter_dag, task_id=json_to_parquet_task, execution_date=20220707T000000, start_date=20220708T171755, end_date=20220708T171929
[2022-07-08 14:19:29,470] {local_task_job.py:156} INFO - Task exited with return code 0
[2022-07-08 14:19:29,507] {local_task_job.py:273} INFO - 1 downstream tasks scheduled from follow-on schedule check
