[2022-07-08 14:13:55,593] {taskinstance.py:1159} INFO - Dependencies all met for <TaskInstance: twitter_dag.request_twitter_data scheduled__2022-07-07T00:00:00+00:00 [queued]>
[2022-07-08 14:13:55,609] {taskinstance.py:1159} INFO - Dependencies all met for <TaskInstance: twitter_dag.request_twitter_data scheduled__2022-07-07T00:00:00+00:00 [queued]>
[2022-07-08 14:13:55,609] {taskinstance.py:1356} INFO - 
--------------------------------------------------------------------------------
[2022-07-08 14:13:55,609] {taskinstance.py:1357} INFO - Starting attempt 1 of 4
[2022-07-08 14:13:55,609] {taskinstance.py:1358} INFO - 
--------------------------------------------------------------------------------
[2022-07-08 14:13:55,628] {taskinstance.py:1377} INFO - Executing <Task(PythonOperator): request_twitter_data> on 2022-07-07 00:00:00+00:00
[2022-07-08 14:13:55,630] {standard_task_runner.py:52} INFO - Started process 2577 to run task
[2022-07-08 14:13:55,646] {standard_task_runner.py:79} INFO - Running: ['airflow', 'tasks', 'run', 'twitter_dag', 'request_twitter_data', 'scheduled__2022-07-07T00:00:00+00:00', '--job-id', '89', '--raw', '--subdir', 'DAGS_FOLDER/twitter_dag.py', '--cfg-path', '/tmp/tmpqs9luol2', '--error-file', '/tmp/tmpzm5nwlat']
[2022-07-08 14:13:55,647] {standard_task_runner.py:80} INFO - Job 89: Subtask request_twitter_data
[2022-07-08 14:13:55,725] {task_command.py:370} INFO - Running <TaskInstance: twitter_dag.request_twitter_data scheduled__2022-07-07T00:00:00+00:00 [running]> on host nicholas-VirtualBox
[2022-07-08 14:13:55,795] {taskinstance.py:1569} INFO - Exporting the following env vars:
AIRFLOW_CTX_DAG_EMAIL=nicholas.comuni@outlook.com
AIRFLOW_CTX_DAG_OWNER=Nicholas
AIRFLOW_CTX_DAG_ID=twitter_dag
AIRFLOW_CTX_TASK_ID=request_twitter_data
AIRFLOW_CTX_EXECUTION_DATE=2022-07-07T00:00:00+00:00
AIRFLOW_CTX_TRY_NUMBER=1
AIRFLOW_CTX_DAG_RUN_ID=scheduled__2022-07-07T00:00:00+00:00
[2022-07-08 14:13:56,467] {logging_mixin.py:115} INFO - /tmp/tmpjvllac3u/australia.json
[2022-07-08 14:13:56,473] {base.py:68} INFO - Using connection ID 'wasbconn' for task execution.
[2022-07-08 14:13:56,607] {_universal.py:473} INFO - Request URL: 'https://serasadatalake.blob.core.windows.net/landingzone/hashtags/australia/2022/7/australia_2022-07-08%2014_13_56.467490.json'
Request method: 'PUT'
Request headers:
    'x-ms-blob-type': 'REDACTED'
    'Content-Length': '2918'
    'If-None-Match': '*'
    'x-ms-version': 'REDACTED'
    'Content-Type': 'application/octet-stream'
    'Accept': 'application/xml'
    'User-Agent': 'azsdk-python-storage-blob/12.8.1 Python/3.10.4 (Linux-5.15.0-39-generic-x86_64-with-glibc2.35)'
    'x-ms-date': 'REDACTED'
    'x-ms-client-request-id': '599b033e-fee1-11ec-b1e8-57c8dad01665'
    'Authorization': 'REDACTED'
A body is sent with the request
[2022-07-08 14:13:57,625] {_universal.py:504} INFO - Response status: 201
Response headers:
    'Content-Length': '0'
    'Content-MD5': 'REDACTED'
    'Last-Modified': 'Fri, 08 Jul 2022 17:13:59 GMT'
    'ETag': '"0x8DA61053F5A8E46"'
    'Server': 'Windows-Azure-Blob/1.0 Microsoft-HTTPAPI/2.0'
    'x-ms-request-id': '1384c1c8-401e-00a2-2aee-92711e000000'
    'x-ms-client-request-id': '599b033e-fee1-11ec-b1e8-57c8dad01665'
    'x-ms-version': 'REDACTED'
    'x-ms-content-crc64': 'REDACTED'
    'x-ms-request-server-encrypted': 'REDACTED'
    'Date': 'Fri, 08 Jul 2022 17:13:59 GMT'
[2022-07-08 14:13:57,629] {python.py:173} INFO - Done. Returned value was: None
[2022-07-08 14:13:57,645] {taskinstance.py:1395} INFO - Marking task as SUCCESS. dag_id=twitter_dag, task_id=request_twitter_data, execution_date=20220707T000000, start_date=20220708T171355, end_date=20220708T171357
[2022-07-08 14:13:57,686] {local_task_job.py:156} INFO - Task exited with return code 0
[2022-07-08 14:13:57,721] {local_task_job.py:273} INFO - 1 downstream tasks scheduled from follow-on schedule check
