[2022-07-06 11:36:47,118] {taskinstance.py:1159} INFO - Dependencies all met for <TaskInstance: twitter_dag.request_twitter_data manual__2022-07-06T14:36:43.982168+00:00 [queued]>
[2022-07-06 11:36:47,136] {taskinstance.py:1159} INFO - Dependencies all met for <TaskInstance: twitter_dag.request_twitter_data manual__2022-07-06T14:36:43.982168+00:00 [queued]>
[2022-07-06 11:36:47,141] {taskinstance.py:1356} INFO - 
--------------------------------------------------------------------------------
[2022-07-06 11:36:47,141] {taskinstance.py:1357} INFO - Starting attempt 1 of 4
[2022-07-06 11:36:47,141] {taskinstance.py:1358} INFO - 
--------------------------------------------------------------------------------
[2022-07-06 11:36:47,175] {taskinstance.py:1377} INFO - Executing <Task(PythonOperator): request_twitter_data> on 2022-07-06 14:36:43.982168+00:00
[2022-07-06 11:36:47,177] {standard_task_runner.py:52} INFO - Started process 4196 to run task
[2022-07-06 11:36:47,183] {standard_task_runner.py:79} INFO - Running: ['airflow', 'tasks', 'run', 'twitter_dag', 'request_twitter_data', 'manual__2022-07-06T14:36:43.982168+00:00', '--job-id', '45', '--raw', '--subdir', 'DAGS_FOLDER/twitter_dag.py', '--cfg-path', '/tmp/tmp3b8t2gf8', '--error-file', '/tmp/tmpcz6j9eng']
[2022-07-06 11:36:47,191] {standard_task_runner.py:80} INFO - Job 45: Subtask request_twitter_data
[2022-07-06 11:36:47,235] {task_command.py:370} INFO - Running <TaskInstance: twitter_dag.request_twitter_data manual__2022-07-06T14:36:43.982168+00:00 [running]> on host nicholas-VirtualBox
[2022-07-06 11:36:47,322] {taskinstance.py:1569} INFO - Exporting the following env vars:
AIRFLOW_CTX_DAG_EMAIL=nicholas.comuni@outlook.com
AIRFLOW_CTX_DAG_OWNER=Nicholas
AIRFLOW_CTX_DAG_ID=twitter_dag
AIRFLOW_CTX_TASK_ID=request_twitter_data
AIRFLOW_CTX_EXECUTION_DATE=2022-07-06T14:36:43.982168+00:00
AIRFLOW_CTX_TRY_NUMBER=1
AIRFLOW_CTX_DAG_RUN_ID=manual__2022-07-06T14:36:43.982168+00:00
[2022-07-06 11:36:48,024] {logging_mixin.py:115} INFO - /tmp/tmpwgiuy8mi/coronavirus.json
[2022-07-06 11:36:48,030] {base.py:68} INFO - Using connection ID 'wasbconn' for task execution.
[2022-07-06 11:36:48,037] {_universal.py:473} INFO - Request URL: 'https://serasadatalake.blob.core.windows.net/landingzone/hashtags/coronavirus/2022/7/coronavirus_2022-07-06%2011_36_48.024758.json'
Request method: 'PUT'
Request headers:
    'x-ms-blob-type': 'REDACTED'
    'Content-Length': '3070'
    'If-None-Match': '*'
    'x-ms-version': 'REDACTED'
    'Content-Type': 'application/octet-stream'
    'Accept': 'application/xml'
    'User-Agent': 'azsdk-python-storage-blob/12.8.1 Python/3.10.4 (Linux-5.15.0-39-generic-x86_64-with-glibc2.35)'
    'x-ms-date': 'REDACTED'
    'x-ms-client-request-id': '10e9ab9e-fd39-11ec-bec2-bb469e0cbda2'
    'Authorization': 'REDACTED'
A body is sent with the request
[2022-07-06 11:36:49,160] {_universal.py:504} INFO - Response status: 201
Response headers:
    'Content-Length': '0'
    'Content-MD5': 'REDACTED'
    'Last-Modified': 'Wed, 06 Jul 2022 14:36:51 GMT'
    'ETag': '"0x8DA5F5CF6E31D60"'
    'Server': 'Windows-Azure-Blob/1.0 Microsoft-HTTPAPI/2.0'
    'x-ms-request-id': '3afc06a3-101e-0006-1545-9178b8000000'
    'x-ms-client-request-id': '10e9ab9e-fd39-11ec-bec2-bb469e0cbda2'
    'x-ms-version': 'REDACTED'
    'x-ms-content-crc64': 'REDACTED'
    'x-ms-request-server-encrypted': 'REDACTED'
    'Date': 'Wed, 06 Jul 2022 14:36:50 GMT'
[2022-07-06 11:36:49,163] {python.py:173} INFO - Done. Returned value was: None
[2022-07-06 11:36:49,178] {taskinstance.py:1395} INFO - Marking task as SUCCESS. dag_id=twitter_dag, task_id=request_twitter_data, execution_date=20220706T143643, start_date=20220706T143647, end_date=20220706T143649
[2022-07-06 11:36:49,219] {local_task_job.py:156} INFO - Task exited with return code 0
[2022-07-06 11:36:49,247] {local_task_job.py:273} INFO - 0 downstream tasks scheduled from follow-on schedule check
